[2023-07-14T19:30:13.653+0000] {processor.py:157} INFO - Started process (PID=31) to work on /opt/airflow/dags/etlfinal_dag.py
[2023-07-14T19:30:13.656+0000] {processor.py:826} INFO - Processing file /opt/airflow/dags/etlfinal_dag.py for tasks to queue
[2023-07-14T19:30:13.659+0000] {logging_mixin.py:150} INFO - [2023-07-14T19:30:13.658+0000] {dagbag.py:541} INFO - Filling up the DagBag from /opt/airflow/dags/etlfinal_dag.py
[2023-07-14T19:30:17.313+0000] {processor.py:836} INFO - DAG(s) dict_keys(['etlfinal_dag']) retrieved from /opt/airflow/dags/etlfinal_dag.py
[2023-07-14T19:30:17.539+0000] {logging_mixin.py:150} INFO - [2023-07-14T19:30:17.539+0000] {manager.py:504} INFO - Created Permission View: can read on DAG:etlfinal_dag
[2023-07-14T19:30:17.568+0000] {logging_mixin.py:150} INFO - [2023-07-14T19:30:17.568+0000] {manager.py:504} INFO - Created Permission View: can edit on DAG:etlfinal_dag
[2023-07-14T19:30:17.588+0000] {logging_mixin.py:150} INFO - [2023-07-14T19:30:17.588+0000] {manager.py:504} INFO - Created Permission View: can delete on DAG:etlfinal_dag
[2023-07-14T19:30:17.623+0000] {logging_mixin.py:150} INFO - [2023-07-14T19:30:17.622+0000] {dag.py:2742} INFO - Sync 1 DAGs
[2023-07-14T19:30:17.649+0000] {logging_mixin.py:150} INFO - [2023-07-14T19:30:17.648+0000] {dag.py:2763} INFO - Creating ORM DAG for etlfinal_dag
[2023-07-14T19:30:17.835+0000] {logging_mixin.py:150} INFO - [2023-07-14T19:30:17.835+0000] {dag.py:3508} INFO - Setting next_dagrun for etlfinal_dag to 2023-07-12T00:00:00+00:00, run_after=2023-07-13T00:00:00+00:00
[2023-07-14T19:30:17.879+0000] {processor.py:179} INFO - Processing /opt/airflow/dags/etlfinal_dag.py took 4.236 seconds
[2023-07-14T19:30:48.634+0000] {processor.py:157} INFO - Started process (PID=106) to work on /opt/airflow/dags/etlfinal_dag.py
[2023-07-14T19:30:48.637+0000] {processor.py:826} INFO - Processing file /opt/airflow/dags/etlfinal_dag.py for tasks to queue
[2023-07-14T19:30:48.641+0000] {logging_mixin.py:150} INFO - [2023-07-14T19:30:48.641+0000] {dagbag.py:541} INFO - Filling up the DagBag from /opt/airflow/dags/etlfinal_dag.py
[2023-07-14T19:30:49.486+0000] {processor.py:836} INFO - DAG(s) dict_keys(['etlfinal_dag']) retrieved from /opt/airflow/dags/etlfinal_dag.py
[2023-07-14T19:30:49.526+0000] {logging_mixin.py:150} INFO - [2023-07-14T19:30:49.526+0000] {dag.py:2742} INFO - Sync 1 DAGs
[2023-07-14T19:30:49.575+0000] {logging_mixin.py:150} INFO - [2023-07-14T19:30:49.575+0000] {dag.py:3508} INFO - Setting next_dagrun for etlfinal_dag to 2023-07-13T00:00:00+00:00, run_after=2023-07-14T00:00:00+00:00
[2023-07-14T19:30:49.607+0000] {processor.py:179} INFO - Processing /opt/airflow/dags/etlfinal_dag.py took 0.979 seconds
[2023-07-14T19:31:20.164+0000] {processor.py:157} INFO - Started process (PID=177) to work on /opt/airflow/dags/etlfinal_dag.py
[2023-07-14T19:31:20.166+0000] {processor.py:826} INFO - Processing file /opt/airflow/dags/etlfinal_dag.py for tasks to queue
[2023-07-14T19:31:20.168+0000] {logging_mixin.py:150} INFO - [2023-07-14T19:31:20.167+0000] {dagbag.py:541} INFO - Filling up the DagBag from /opt/airflow/dags/etlfinal_dag.py
[2023-07-14T19:31:20.827+0000] {processor.py:836} INFO - DAG(s) dict_keys(['etlfinal_dag']) retrieved from /opt/airflow/dags/etlfinal_dag.py
[2023-07-14T19:31:20.854+0000] {logging_mixin.py:150} INFO - [2023-07-14T19:31:20.854+0000] {dag.py:2742} INFO - Sync 1 DAGs
[2023-07-14T19:31:20.982+0000] {logging_mixin.py:150} INFO - [2023-07-14T19:31:20.982+0000] {dag.py:3508} INFO - Setting next_dagrun for etlfinal_dag to 2023-07-14T00:00:00+00:00, run_after=2023-07-15T00:00:00+00:00
[2023-07-14T19:31:21.007+0000] {processor.py:179} INFO - Processing /opt/airflow/dags/etlfinal_dag.py took 0.848 seconds
[2023-07-14T19:31:51.620+0000] {processor.py:157} INFO - Started process (PID=248) to work on /opt/airflow/dags/etlfinal_dag.py
[2023-07-14T19:31:51.622+0000] {processor.py:826} INFO - Processing file /opt/airflow/dags/etlfinal_dag.py for tasks to queue
[2023-07-14T19:31:51.624+0000] {logging_mixin.py:150} INFO - [2023-07-14T19:31:51.623+0000] {dagbag.py:541} INFO - Filling up the DagBag from /opt/airflow/dags/etlfinal_dag.py
[2023-07-14T19:31:52.281+0000] {processor.py:836} INFO - DAG(s) dict_keys(['etlfinal_dag']) retrieved from /opt/airflow/dags/etlfinal_dag.py
[2023-07-14T19:31:52.318+0000] {logging_mixin.py:150} INFO - [2023-07-14T19:31:52.318+0000] {dag.py:2742} INFO - Sync 1 DAGs
[2023-07-14T19:31:52.360+0000] {logging_mixin.py:150} INFO - [2023-07-14T19:31:52.360+0000] {dag.py:3508} INFO - Setting next_dagrun for etlfinal_dag to 2023-07-14T00:00:00+00:00, run_after=2023-07-15T00:00:00+00:00
[2023-07-14T19:31:52.401+0000] {processor.py:179} INFO - Processing /opt/airflow/dags/etlfinal_dag.py took 0.785 seconds
[2023-07-14T19:32:23.274+0000] {processor.py:157} INFO - Started process (PID=326) to work on /opt/airflow/dags/etlfinal_dag.py
[2023-07-14T19:32:23.276+0000] {processor.py:826} INFO - Processing file /opt/airflow/dags/etlfinal_dag.py for tasks to queue
[2023-07-14T19:32:23.280+0000] {logging_mixin.py:150} INFO - [2023-07-14T19:32:23.279+0000] {dagbag.py:541} INFO - Filling up the DagBag from /opt/airflow/dags/etlfinal_dag.py
[2023-07-14T19:32:24.121+0000] {processor.py:836} INFO - DAG(s) dict_keys(['etlfinal_dag']) retrieved from /opt/airflow/dags/etlfinal_dag.py
[2023-07-14T19:32:24.192+0000] {logging_mixin.py:150} INFO - [2023-07-14T19:32:24.191+0000] {dag.py:2742} INFO - Sync 1 DAGs
[2023-07-14T19:32:24.248+0000] {logging_mixin.py:150} INFO - [2023-07-14T19:32:24.248+0000] {dag.py:3508} INFO - Setting next_dagrun for etlfinal_dag to 2023-07-14T00:00:00+00:00, run_after=2023-07-15T00:00:00+00:00
[2023-07-14T19:32:24.288+0000] {processor.py:179} INFO - Processing /opt/airflow/dags/etlfinal_dag.py took 1.022 seconds
[2023-07-14T19:32:54.788+0000] {processor.py:157} INFO - Started process (PID=398) to work on /opt/airflow/dags/etlfinal_dag.py
[2023-07-14T19:32:54.791+0000] {processor.py:826} INFO - Processing file /opt/airflow/dags/etlfinal_dag.py for tasks to queue
[2023-07-14T19:32:54.793+0000] {logging_mixin.py:150} INFO - [2023-07-14T19:32:54.792+0000] {dagbag.py:541} INFO - Filling up the DagBag from /opt/airflow/dags/etlfinal_dag.py
[2023-07-14T19:32:55.487+0000] {processor.py:836} INFO - DAG(s) dict_keys(['etlfinal_dag']) retrieved from /opt/airflow/dags/etlfinal_dag.py
[2023-07-14T19:32:55.516+0000] {logging_mixin.py:150} INFO - [2023-07-14T19:32:55.515+0000] {dag.py:2742} INFO - Sync 1 DAGs
[2023-07-14T19:32:55.748+0000] {logging_mixin.py:150} INFO - [2023-07-14T19:32:55.748+0000] {dag.py:3508} INFO - Setting next_dagrun for etlfinal_dag to 2023-07-14T00:00:00+00:00, run_after=2023-07-15T00:00:00+00:00
[2023-07-14T19:32:55.781+0000] {processor.py:179} INFO - Processing /opt/airflow/dags/etlfinal_dag.py took 0.998 seconds
[2023-07-14T19:33:26.105+0000] {processor.py:157} INFO - Started process (PID=469) to work on /opt/airflow/dags/etlfinal_dag.py
[2023-07-14T19:33:26.107+0000] {processor.py:826} INFO - Processing file /opt/airflow/dags/etlfinal_dag.py for tasks to queue
[2023-07-14T19:33:26.110+0000] {logging_mixin.py:150} INFO - [2023-07-14T19:33:26.109+0000] {dagbag.py:541} INFO - Filling up the DagBag from /opt/airflow/dags/etlfinal_dag.py
[2023-07-14T19:33:26.797+0000] {processor.py:836} INFO - DAG(s) dict_keys(['etlfinal_dag']) retrieved from /opt/airflow/dags/etlfinal_dag.py
[2023-07-14T19:33:26.844+0000] {logging_mixin.py:150} INFO - [2023-07-14T19:33:26.842+0000] {dag.py:2742} INFO - Sync 1 DAGs
[2023-07-14T19:33:26.994+0000] {logging_mixin.py:150} INFO - [2023-07-14T19:33:26.994+0000] {dag.py:3508} INFO - Setting next_dagrun for etlfinal_dag to 2023-07-14T00:00:00+00:00, run_after=2023-07-15T00:00:00+00:00
[2023-07-14T19:33:27.027+0000] {processor.py:179} INFO - Processing /opt/airflow/dags/etlfinal_dag.py took 0.930 seconds
[2023-07-14T19:33:57.152+0000] {processor.py:157} INFO - Started process (PID=541) to work on /opt/airflow/dags/etlfinal_dag.py
[2023-07-14T19:33:57.153+0000] {processor.py:826} INFO - Processing file /opt/airflow/dags/etlfinal_dag.py for tasks to queue
[2023-07-14T19:33:57.155+0000] {logging_mixin.py:150} INFO - [2023-07-14T19:33:57.154+0000] {dagbag.py:541} INFO - Filling up the DagBag from /opt/airflow/dags/etlfinal_dag.py
[2023-07-14T19:33:57.955+0000] {processor.py:836} INFO - DAG(s) dict_keys(['etlfinal_dag']) retrieved from /opt/airflow/dags/etlfinal_dag.py
[2023-07-14T19:33:57.983+0000] {logging_mixin.py:150} INFO - [2023-07-14T19:33:57.982+0000] {dag.py:2742} INFO - Sync 1 DAGs
[2023-07-14T19:33:58.022+0000] {logging_mixin.py:150} INFO - [2023-07-14T19:33:58.022+0000] {dag.py:3508} INFO - Setting next_dagrun for etlfinal_dag to 2023-07-14T00:00:00+00:00, run_after=2023-07-15T00:00:00+00:00
[2023-07-14T19:33:58.053+0000] {processor.py:179} INFO - Processing /opt/airflow/dags/etlfinal_dag.py took 0.904 seconds
[2023-07-14T19:34:28.413+0000] {processor.py:157} INFO - Started process (PID=610) to work on /opt/airflow/dags/etlfinal_dag.py
[2023-07-14T19:34:28.415+0000] {processor.py:826} INFO - Processing file /opt/airflow/dags/etlfinal_dag.py for tasks to queue
[2023-07-14T19:34:28.417+0000] {logging_mixin.py:150} INFO - [2023-07-14T19:34:28.416+0000] {dagbag.py:541} INFO - Filling up the DagBag from /opt/airflow/dags/etlfinal_dag.py
[2023-07-14T19:34:29.149+0000] {processor.py:836} INFO - DAG(s) dict_keys(['etlfinal_dag']) retrieved from /opt/airflow/dags/etlfinal_dag.py
[2023-07-14T19:34:29.297+0000] {logging_mixin.py:150} INFO - [2023-07-14T19:34:29.296+0000] {dag.py:2742} INFO - Sync 1 DAGs
[2023-07-14T19:34:29.335+0000] {logging_mixin.py:150} INFO - [2023-07-14T19:34:29.335+0000] {dag.py:3508} INFO - Setting next_dagrun for etlfinal_dag to 2023-07-14T00:00:00+00:00, run_after=2023-07-15T00:00:00+00:00
[2023-07-14T19:34:29.367+0000] {processor.py:179} INFO - Processing /opt/airflow/dags/etlfinal_dag.py took 0.960 seconds
[2023-07-14T19:34:59.463+0000] {processor.py:157} INFO - Started process (PID=681) to work on /opt/airflow/dags/etlfinal_dag.py
[2023-07-14T19:34:59.465+0000] {processor.py:826} INFO - Processing file /opt/airflow/dags/etlfinal_dag.py for tasks to queue
[2023-07-14T19:34:59.468+0000] {logging_mixin.py:150} INFO - [2023-07-14T19:34:59.467+0000] {dagbag.py:541} INFO - Filling up the DagBag from /opt/airflow/dags/etlfinal_dag.py
[2023-07-14T19:35:00.170+0000] {processor.py:836} INFO - DAG(s) dict_keys(['etlfinal_dag']) retrieved from /opt/airflow/dags/etlfinal_dag.py
[2023-07-14T19:35:00.201+0000] {logging_mixin.py:150} INFO - [2023-07-14T19:35:00.200+0000] {dag.py:2742} INFO - Sync 1 DAGs
[2023-07-14T19:35:00.350+0000] {logging_mixin.py:150} INFO - [2023-07-14T19:35:00.350+0000] {dag.py:3508} INFO - Setting next_dagrun for etlfinal_dag to 2023-07-14T00:00:00+00:00, run_after=2023-07-15T00:00:00+00:00
[2023-07-14T19:35:00.377+0000] {processor.py:179} INFO - Processing /opt/airflow/dags/etlfinal_dag.py took 0.919 seconds
[2023-07-14T19:35:30.510+0000] {processor.py:157} INFO - Started process (PID=753) to work on /opt/airflow/dags/etlfinal_dag.py
[2023-07-14T19:35:30.511+0000] {processor.py:826} INFO - Processing file /opt/airflow/dags/etlfinal_dag.py for tasks to queue
[2023-07-14T19:35:30.513+0000] {logging_mixin.py:150} INFO - [2023-07-14T19:35:30.513+0000] {dagbag.py:541} INFO - Filling up the DagBag from /opt/airflow/dags/etlfinal_dag.py
[2023-07-14T19:35:31.314+0000] {processor.py:836} INFO - DAG(s) dict_keys(['etlfinal_dag']) retrieved from /opt/airflow/dags/etlfinal_dag.py
[2023-07-14T19:35:31.345+0000] {logging_mixin.py:150} INFO - [2023-07-14T19:35:31.345+0000] {dag.py:2742} INFO - Sync 1 DAGs
[2023-07-14T19:35:31.380+0000] {logging_mixin.py:150} INFO - [2023-07-14T19:35:31.380+0000] {dag.py:3508} INFO - Setting next_dagrun for etlfinal_dag to 2023-07-14T00:00:00+00:00, run_after=2023-07-15T00:00:00+00:00
[2023-07-14T19:35:31.406+0000] {processor.py:179} INFO - Processing /opt/airflow/dags/etlfinal_dag.py took 0.901 seconds
[2023-07-14T19:36:01.782+0000] {processor.py:157} INFO - Started process (PID=823) to work on /opt/airflow/dags/etlfinal_dag.py
[2023-07-14T19:36:01.783+0000] {processor.py:826} INFO - Processing file /opt/airflow/dags/etlfinal_dag.py for tasks to queue
[2023-07-14T19:36:01.786+0000] {logging_mixin.py:150} INFO - [2023-07-14T19:36:01.785+0000] {dagbag.py:541} INFO - Filling up the DagBag from /opt/airflow/dags/etlfinal_dag.py
[2023-07-14T19:36:02.662+0000] {processor.py:836} INFO - DAG(s) dict_keys(['etlfinal_dag']) retrieved from /opt/airflow/dags/etlfinal_dag.py
[2023-07-14T19:36:02.696+0000] {logging_mixin.py:150} INFO - [2023-07-14T19:36:02.695+0000] {dag.py:2742} INFO - Sync 1 DAGs
[2023-07-14T19:36:02.738+0000] {logging_mixin.py:150} INFO - [2023-07-14T19:36:02.737+0000] {dag.py:3508} INFO - Setting next_dagrun for etlfinal_dag to 2023-07-14T00:00:00+00:00, run_after=2023-07-15T00:00:00+00:00
[2023-07-14T19:36:02.772+0000] {processor.py:179} INFO - Processing /opt/airflow/dags/etlfinal_dag.py took 0.996 seconds
[2023-07-14T19:36:33.045+0000] {processor.py:157} INFO - Started process (PID=895) to work on /opt/airflow/dags/etlfinal_dag.py
[2023-07-14T19:36:33.047+0000] {processor.py:826} INFO - Processing file /opt/airflow/dags/etlfinal_dag.py for tasks to queue
[2023-07-14T19:36:33.049+0000] {logging_mixin.py:150} INFO - [2023-07-14T19:36:33.048+0000] {dagbag.py:541} INFO - Filling up the DagBag from /opt/airflow/dags/etlfinal_dag.py
[2023-07-14T19:36:33.830+0000] {processor.py:836} INFO - DAG(s) dict_keys(['etlfinal_dag']) retrieved from /opt/airflow/dags/etlfinal_dag.py
[2023-07-14T19:36:33.859+0000] {logging_mixin.py:150} INFO - [2023-07-14T19:36:33.858+0000] {dag.py:2742} INFO - Sync 1 DAGs
[2023-07-14T19:36:33.893+0000] {logging_mixin.py:150} INFO - [2023-07-14T19:36:33.893+0000] {dag.py:3508} INFO - Setting next_dagrun for etlfinal_dag to 2023-07-14T00:00:00+00:00, run_after=2023-07-15T00:00:00+00:00
[2023-07-14T19:36:33.922+0000] {processor.py:179} INFO - Processing /opt/airflow/dags/etlfinal_dag.py took 0.882 seconds
[2023-07-14T19:37:04.131+0000] {processor.py:157} INFO - Started process (PID=969) to work on /opt/airflow/dags/etlfinal_dag.py
[2023-07-14T19:37:04.133+0000] {processor.py:826} INFO - Processing file /opt/airflow/dags/etlfinal_dag.py for tasks to queue
[2023-07-14T19:37:04.134+0000] {logging_mixin.py:150} INFO - [2023-07-14T19:37:04.134+0000] {dagbag.py:541} INFO - Filling up the DagBag from /opt/airflow/dags/etlfinal_dag.py
[2023-07-14T19:37:04.939+0000] {processor.py:836} INFO - DAG(s) dict_keys(['etlfinal_dag']) retrieved from /opt/airflow/dags/etlfinal_dag.py
[2023-07-14T19:37:04.968+0000] {logging_mixin.py:150} INFO - [2023-07-14T19:37:04.967+0000] {dag.py:2742} INFO - Sync 1 DAGs
[2023-07-14T19:37:04.998+0000] {logging_mixin.py:150} INFO - [2023-07-14T19:37:04.998+0000] {dag.py:3508} INFO - Setting next_dagrun for etlfinal_dag to 2023-07-14T00:00:00+00:00, run_after=2023-07-15T00:00:00+00:00
[2023-07-14T19:37:05.028+0000] {processor.py:179} INFO - Processing /opt/airflow/dags/etlfinal_dag.py took 0.901 seconds
[2023-07-14T19:37:35.162+0000] {processor.py:157} INFO - Started process (PID=1042) to work on /opt/airflow/dags/etlfinal_dag.py
[2023-07-14T19:37:35.163+0000] {processor.py:826} INFO - Processing file /opt/airflow/dags/etlfinal_dag.py for tasks to queue
[2023-07-14T19:37:35.164+0000] {logging_mixin.py:150} INFO - [2023-07-14T19:37:35.164+0000] {dagbag.py:541} INFO - Filling up the DagBag from /opt/airflow/dags/etlfinal_dag.py
[2023-07-14T19:37:36.068+0000] {processor.py:836} INFO - DAG(s) dict_keys(['etlfinal_dag']) retrieved from /opt/airflow/dags/etlfinal_dag.py
[2023-07-14T19:37:36.092+0000] {logging_mixin.py:150} INFO - [2023-07-14T19:37:36.091+0000] {dag.py:2742} INFO - Sync 1 DAGs
[2023-07-14T19:37:36.119+0000] {logging_mixin.py:150} INFO - [2023-07-14T19:37:36.118+0000] {dag.py:3508} INFO - Setting next_dagrun for etlfinal_dag to 2023-07-14T00:00:00+00:00, run_after=2023-07-15T00:00:00+00:00
[2023-07-14T19:37:36.148+0000] {processor.py:179} INFO - Processing /opt/airflow/dags/etlfinal_dag.py took 0.990 seconds
[2023-07-14T19:38:06.231+0000] {processor.py:157} INFO - Started process (PID=1115) to work on /opt/airflow/dags/etlfinal_dag.py
[2023-07-14T19:38:06.233+0000] {processor.py:826} INFO - Processing file /opt/airflow/dags/etlfinal_dag.py for tasks to queue
[2023-07-14T19:38:06.235+0000] {logging_mixin.py:150} INFO - [2023-07-14T19:38:06.235+0000] {dagbag.py:541} INFO - Filling up the DagBag from /opt/airflow/dags/etlfinal_dag.py
[2023-07-14T19:38:06.948+0000] {processor.py:836} INFO - DAG(s) dict_keys(['etlfinal_dag']) retrieved from /opt/airflow/dags/etlfinal_dag.py
[2023-07-14T19:38:06.978+0000] {logging_mixin.py:150} INFO - [2023-07-14T19:38:06.977+0000] {dag.py:2742} INFO - Sync 1 DAGs
[2023-07-14T19:38:07.011+0000] {logging_mixin.py:150} INFO - [2023-07-14T19:38:07.011+0000] {dag.py:3508} INFO - Setting next_dagrun for etlfinal_dag to 2023-07-14T00:00:00+00:00, run_after=2023-07-15T00:00:00+00:00
[2023-07-14T19:38:07.042+0000] {processor.py:179} INFO - Processing /opt/airflow/dags/etlfinal_dag.py took 0.814 seconds
[2023-07-14T19:38:38.004+0000] {processor.py:157} INFO - Started process (PID=1186) to work on /opt/airflow/dags/etlfinal_dag.py
[2023-07-14T19:38:38.005+0000] {processor.py:826} INFO - Processing file /opt/airflow/dags/etlfinal_dag.py for tasks to queue
[2023-07-14T19:38:38.006+0000] {logging_mixin.py:150} INFO - [2023-07-14T19:38:38.006+0000] {dagbag.py:541} INFO - Filling up the DagBag from /opt/airflow/dags/etlfinal_dag.py
[2023-07-14T19:38:38.647+0000] {processor.py:836} INFO - DAG(s) dict_keys(['etlfinal_dag']) retrieved from /opt/airflow/dags/etlfinal_dag.py
[2023-07-14T19:38:38.667+0000] {logging_mixin.py:150} INFO - [2023-07-14T19:38:38.667+0000] {dag.py:2742} INFO - Sync 1 DAGs
[2023-07-14T19:38:38.695+0000] {logging_mixin.py:150} INFO - [2023-07-14T19:38:38.695+0000] {dag.py:3508} INFO - Setting next_dagrun for etlfinal_dag to 2023-07-14T00:00:00+00:00, run_after=2023-07-15T00:00:00+00:00
[2023-07-14T19:38:38.719+0000] {processor.py:179} INFO - Processing /opt/airflow/dags/etlfinal_dag.py took 0.720 seconds
[2023-07-14T19:39:09.358+0000] {processor.py:157} INFO - Started process (PID=1256) to work on /opt/airflow/dags/etlfinal_dag.py
[2023-07-14T19:39:09.360+0000] {processor.py:826} INFO - Processing file /opt/airflow/dags/etlfinal_dag.py for tasks to queue
[2023-07-14T19:39:09.362+0000] {logging_mixin.py:150} INFO - [2023-07-14T19:39:09.362+0000] {dagbag.py:541} INFO - Filling up the DagBag from /opt/airflow/dags/etlfinal_dag.py
[2023-07-14T19:39:10.208+0000] {processor.py:836} INFO - DAG(s) dict_keys(['etlfinal_dag']) retrieved from /opt/airflow/dags/etlfinal_dag.py
[2023-07-14T19:39:10.233+0000] {logging_mixin.py:150} INFO - [2023-07-14T19:39:10.233+0000] {dag.py:2742} INFO - Sync 1 DAGs
[2023-07-14T19:39:10.273+0000] {logging_mixin.py:150} INFO - [2023-07-14T19:39:10.272+0000] {dag.py:3508} INFO - Setting next_dagrun for etlfinal_dag to 2023-07-14T00:00:00+00:00, run_after=2023-07-15T00:00:00+00:00
[2023-07-14T19:39:10.304+0000] {processor.py:179} INFO - Processing /opt/airflow/dags/etlfinal_dag.py took 0.951 seconds
