[2023-07-14T19:30:26.059+0000] {processor.py:157} INFO - Started process (PID=70) to work on /home/airflow/.local/lib/python3.7/site-packages/airflow/example_dags/example_branch_labels.py
[2023-07-14T19:30:26.062+0000] {processor.py:826} INFO - Processing file /home/airflow/.local/lib/python3.7/site-packages/airflow/example_dags/example_branch_labels.py for tasks to queue
[2023-07-14T19:30:26.067+0000] {logging_mixin.py:150} INFO - [2023-07-14T19:30:26.066+0000] {dagbag.py:541} INFO - Filling up the DagBag from /home/airflow/.local/lib/python3.7/site-packages/airflow/example_dags/example_branch_labels.py
[2023-07-14T19:30:26.132+0000] {processor.py:836} INFO - DAG(s) dict_keys(['example_branch_labels']) retrieved from /home/airflow/.local/lib/python3.7/site-packages/airflow/example_dags/example_branch_labels.py
[2023-07-14T19:30:26.457+0000] {logging_mixin.py:150} INFO - [2023-07-14T19:30:26.457+0000] {manager.py:504} INFO - Created Permission View: can read on DAG:example_branch_labels
[2023-07-14T19:30:26.484+0000] {logging_mixin.py:150} INFO - [2023-07-14T19:30:26.484+0000] {manager.py:504} INFO - Created Permission View: can edit on DAG:example_branch_labels
[2023-07-14T19:30:26.501+0000] {logging_mixin.py:150} INFO - [2023-07-14T19:30:26.501+0000] {manager.py:504} INFO - Created Permission View: can delete on DAG:example_branch_labels
[2023-07-14T19:30:26.534+0000] {logging_mixin.py:150} INFO - [2023-07-14T19:30:26.534+0000] {dag.py:2742} INFO - Sync 1 DAGs
[2023-07-14T19:30:26.562+0000] {logging_mixin.py:150} INFO - [2023-07-14T19:30:26.562+0000] {dag.py:2763} INFO - Creating ORM DAG for example_branch_labels
[2023-07-14T19:30:26.590+0000] {logging_mixin.py:150} INFO - [2023-07-14T19:30:26.589+0000] {dag.py:3508} INFO - Setting next_dagrun for example_branch_labels to 2023-07-13T00:00:00+00:00, run_after=2023-07-14T00:00:00+00:00
[2023-07-14T19:30:26.636+0000] {processor.py:179} INFO - Processing /home/airflow/.local/lib/python3.7/site-packages/airflow/example_dags/example_branch_labels.py took 0.591 seconds
[2023-07-14T19:30:57.204+0000] {processor.py:157} INFO - Started process (PID=140) to work on /home/airflow/.local/lib/python3.7/site-packages/airflow/example_dags/example_branch_labels.py
[2023-07-14T19:30:57.206+0000] {processor.py:826} INFO - Processing file /home/airflow/.local/lib/python3.7/site-packages/airflow/example_dags/example_branch_labels.py for tasks to queue
[2023-07-14T19:30:57.208+0000] {logging_mixin.py:150} INFO - [2023-07-14T19:30:57.208+0000] {dagbag.py:541} INFO - Filling up the DagBag from /home/airflow/.local/lib/python3.7/site-packages/airflow/example_dags/example_branch_labels.py
[2023-07-14T19:30:57.221+0000] {processor.py:836} INFO - DAG(s) dict_keys(['example_branch_labels']) retrieved from /home/airflow/.local/lib/python3.7/site-packages/airflow/example_dags/example_branch_labels.py
[2023-07-14T19:30:57.265+0000] {logging_mixin.py:150} INFO - [2023-07-14T19:30:57.265+0000] {dag.py:2742} INFO - Sync 1 DAGs
[2023-07-14T19:30:57.307+0000] {logging_mixin.py:150} INFO - [2023-07-14T19:30:57.307+0000] {dag.py:3508} INFO - Setting next_dagrun for example_branch_labels to 2023-07-13T00:00:00+00:00, run_after=2023-07-14T00:00:00+00:00
[2023-07-14T19:30:57.341+0000] {processor.py:179} INFO - Processing /home/airflow/.local/lib/python3.7/site-packages/airflow/example_dags/example_branch_labels.py took 0.144 seconds
[2023-07-14T19:31:27.953+0000] {processor.py:157} INFO - Started process (PID=210) to work on /home/airflow/.local/lib/python3.7/site-packages/airflow/example_dags/example_branch_labels.py
[2023-07-14T19:31:27.955+0000] {processor.py:826} INFO - Processing file /home/airflow/.local/lib/python3.7/site-packages/airflow/example_dags/example_branch_labels.py for tasks to queue
[2023-07-14T19:31:27.957+0000] {logging_mixin.py:150} INFO - [2023-07-14T19:31:27.957+0000] {dagbag.py:541} INFO - Filling up the DagBag from /home/airflow/.local/lib/python3.7/site-packages/airflow/example_dags/example_branch_labels.py
[2023-07-14T19:31:27.967+0000] {processor.py:836} INFO - DAG(s) dict_keys(['example_branch_labels']) retrieved from /home/airflow/.local/lib/python3.7/site-packages/airflow/example_dags/example_branch_labels.py
[2023-07-14T19:31:28.009+0000] {logging_mixin.py:150} INFO - [2023-07-14T19:31:28.008+0000] {dag.py:2742} INFO - Sync 1 DAGs
[2023-07-14T19:31:28.051+0000] {logging_mixin.py:150} INFO - [2023-07-14T19:31:28.050+0000] {dag.py:3508} INFO - Setting next_dagrun for example_branch_labels to 2023-07-13T00:00:00+00:00, run_after=2023-07-14T00:00:00+00:00
[2023-07-14T19:31:28.086+0000] {processor.py:179} INFO - Processing /home/airflow/.local/lib/python3.7/site-packages/airflow/example_dags/example_branch_labels.py took 0.138 seconds
[2023-07-14T19:31:58.728+0000] {processor.py:157} INFO - Started process (PID=280) to work on /home/airflow/.local/lib/python3.7/site-packages/airflow/example_dags/example_branch_labels.py
[2023-07-14T19:31:58.730+0000] {processor.py:826} INFO - Processing file /home/airflow/.local/lib/python3.7/site-packages/airflow/example_dags/example_branch_labels.py for tasks to queue
[2023-07-14T19:31:58.732+0000] {logging_mixin.py:150} INFO - [2023-07-14T19:31:58.731+0000] {dagbag.py:541} INFO - Filling up the DagBag from /home/airflow/.local/lib/python3.7/site-packages/airflow/example_dags/example_branch_labels.py
[2023-07-14T19:31:58.743+0000] {processor.py:836} INFO - DAG(s) dict_keys(['example_branch_labels']) retrieved from /home/airflow/.local/lib/python3.7/site-packages/airflow/example_dags/example_branch_labels.py
[2023-07-14T19:31:58.776+0000] {logging_mixin.py:150} INFO - [2023-07-14T19:31:58.775+0000] {dag.py:2742} INFO - Sync 1 DAGs
[2023-07-14T19:31:58.804+0000] {logging_mixin.py:150} INFO - [2023-07-14T19:31:58.804+0000] {dag.py:3508} INFO - Setting next_dagrun for example_branch_labels to 2023-07-13T00:00:00+00:00, run_after=2023-07-14T00:00:00+00:00
[2023-07-14T19:31:58.832+0000] {processor.py:179} INFO - Processing /home/airflow/.local/lib/python3.7/site-packages/airflow/example_dags/example_branch_labels.py took 0.108 seconds
[2023-07-14T19:32:29.051+0000] {processor.py:157} INFO - Started process (PID=350) to work on /home/airflow/.local/lib/python3.7/site-packages/airflow/example_dags/example_branch_labels.py
[2023-07-14T19:32:29.055+0000] {processor.py:826} INFO - Processing file /home/airflow/.local/lib/python3.7/site-packages/airflow/example_dags/example_branch_labels.py for tasks to queue
[2023-07-14T19:32:29.057+0000] {logging_mixin.py:150} INFO - [2023-07-14T19:32:29.056+0000] {dagbag.py:541} INFO - Filling up the DagBag from /home/airflow/.local/lib/python3.7/site-packages/airflow/example_dags/example_branch_labels.py
[2023-07-14T19:32:29.074+0000] {processor.py:836} INFO - DAG(s) dict_keys(['example_branch_labels']) retrieved from /home/airflow/.local/lib/python3.7/site-packages/airflow/example_dags/example_branch_labels.py
[2023-07-14T19:32:29.121+0000] {logging_mixin.py:150} INFO - [2023-07-14T19:32:29.121+0000] {dag.py:2742} INFO - Sync 1 DAGs
[2023-07-14T19:32:29.170+0000] {logging_mixin.py:150} INFO - [2023-07-14T19:32:29.169+0000] {dag.py:3508} INFO - Setting next_dagrun for example_branch_labels to 2023-07-13T00:00:00+00:00, run_after=2023-07-14T00:00:00+00:00
[2023-07-14T19:32:29.215+0000] {processor.py:179} INFO - Processing /home/airflow/.local/lib/python3.7/site-packages/airflow/example_dags/example_branch_labels.py took 0.172 seconds
[2023-07-14T19:32:59.987+0000] {processor.py:157} INFO - Started process (PID=420) to work on /home/airflow/.local/lib/python3.7/site-packages/airflow/example_dags/example_branch_labels.py
[2023-07-14T19:32:59.989+0000] {processor.py:826} INFO - Processing file /home/airflow/.local/lib/python3.7/site-packages/airflow/example_dags/example_branch_labels.py for tasks to queue
[2023-07-14T19:32:59.990+0000] {logging_mixin.py:150} INFO - [2023-07-14T19:32:59.990+0000] {dagbag.py:541} INFO - Filling up the DagBag from /home/airflow/.local/lib/python3.7/site-packages/airflow/example_dags/example_branch_labels.py
[2023-07-14T19:33:00.000+0000] {processor.py:836} INFO - DAG(s) dict_keys(['example_branch_labels']) retrieved from /home/airflow/.local/lib/python3.7/site-packages/airflow/example_dags/example_branch_labels.py
[2023-07-14T19:33:00.038+0000] {logging_mixin.py:150} INFO - [2023-07-14T19:33:00.037+0000] {dag.py:2742} INFO - Sync 1 DAGs
[2023-07-14T19:33:00.074+0000] {logging_mixin.py:150} INFO - [2023-07-14T19:33:00.074+0000] {dag.py:3508} INFO - Setting next_dagrun for example_branch_labels to 2023-07-13T00:00:00+00:00, run_after=2023-07-14T00:00:00+00:00
[2023-07-14T19:33:00.103+0000] {processor.py:179} INFO - Processing /home/airflow/.local/lib/python3.7/site-packages/airflow/example_dags/example_branch_labels.py took 0.120 seconds
[2023-07-14T19:33:30.288+0000] {processor.py:157} INFO - Started process (PID=490) to work on /home/airflow/.local/lib/python3.7/site-packages/airflow/example_dags/example_branch_labels.py
[2023-07-14T19:33:30.290+0000] {processor.py:826} INFO - Processing file /home/airflow/.local/lib/python3.7/site-packages/airflow/example_dags/example_branch_labels.py for tasks to queue
[2023-07-14T19:33:30.291+0000] {logging_mixin.py:150} INFO - [2023-07-14T19:33:30.291+0000] {dagbag.py:541} INFO - Filling up the DagBag from /home/airflow/.local/lib/python3.7/site-packages/airflow/example_dags/example_branch_labels.py
[2023-07-14T19:33:30.300+0000] {processor.py:836} INFO - DAG(s) dict_keys(['example_branch_labels']) retrieved from /home/airflow/.local/lib/python3.7/site-packages/airflow/example_dags/example_branch_labels.py
[2023-07-14T19:33:30.332+0000] {logging_mixin.py:150} INFO - [2023-07-14T19:33:30.331+0000] {dag.py:2742} INFO - Sync 1 DAGs
[2023-07-14T19:33:30.364+0000] {logging_mixin.py:150} INFO - [2023-07-14T19:33:30.364+0000] {dag.py:3508} INFO - Setting next_dagrun for example_branch_labels to 2023-07-13T00:00:00+00:00, run_after=2023-07-14T00:00:00+00:00
[2023-07-14T19:33:30.391+0000] {processor.py:179} INFO - Processing /home/airflow/.local/lib/python3.7/site-packages/airflow/example_dags/example_branch_labels.py took 0.106 seconds
[2023-07-14T19:34:00.874+0000] {processor.py:157} INFO - Started process (PID=560) to work on /home/airflow/.local/lib/python3.7/site-packages/airflow/example_dags/example_branch_labels.py
[2023-07-14T19:34:00.876+0000] {processor.py:826} INFO - Processing file /home/airflow/.local/lib/python3.7/site-packages/airflow/example_dags/example_branch_labels.py for tasks to queue
[2023-07-14T19:34:00.878+0000] {logging_mixin.py:150} INFO - [2023-07-14T19:34:00.877+0000] {dagbag.py:541} INFO - Filling up the DagBag from /home/airflow/.local/lib/python3.7/site-packages/airflow/example_dags/example_branch_labels.py
[2023-07-14T19:34:00.886+0000] {processor.py:836} INFO - DAG(s) dict_keys(['example_branch_labels']) retrieved from /home/airflow/.local/lib/python3.7/site-packages/airflow/example_dags/example_branch_labels.py
[2023-07-14T19:34:00.919+0000] {logging_mixin.py:150} INFO - [2023-07-14T19:34:00.918+0000] {dag.py:2742} INFO - Sync 1 DAGs
[2023-07-14T19:34:00.952+0000] {logging_mixin.py:150} INFO - [2023-07-14T19:34:00.952+0000] {dag.py:3508} INFO - Setting next_dagrun for example_branch_labels to 2023-07-13T00:00:00+00:00, run_after=2023-07-14T00:00:00+00:00
[2023-07-14T19:34:00.982+0000] {processor.py:179} INFO - Processing /home/airflow/.local/lib/python3.7/site-packages/airflow/example_dags/example_branch_labels.py took 0.113 seconds
[2023-07-14T19:34:31.154+0000] {processor.py:157} INFO - Started process (PID=630) to work on /home/airflow/.local/lib/python3.7/site-packages/airflow/example_dags/example_branch_labels.py
[2023-07-14T19:34:31.155+0000] {processor.py:826} INFO - Processing file /home/airflow/.local/lib/python3.7/site-packages/airflow/example_dags/example_branch_labels.py for tasks to queue
[2023-07-14T19:34:31.157+0000] {logging_mixin.py:150} INFO - [2023-07-14T19:34:31.156+0000] {dagbag.py:541} INFO - Filling up the DagBag from /home/airflow/.local/lib/python3.7/site-packages/airflow/example_dags/example_branch_labels.py
[2023-07-14T19:34:31.166+0000] {processor.py:836} INFO - DAG(s) dict_keys(['example_branch_labels']) retrieved from /home/airflow/.local/lib/python3.7/site-packages/airflow/example_dags/example_branch_labels.py
[2023-07-14T19:34:31.201+0000] {logging_mixin.py:150} INFO - [2023-07-14T19:34:31.200+0000] {dag.py:2742} INFO - Sync 1 DAGs
[2023-07-14T19:34:31.237+0000] {logging_mixin.py:150} INFO - [2023-07-14T19:34:31.237+0000] {dag.py:3508} INFO - Setting next_dagrun for example_branch_labels to 2023-07-13T00:00:00+00:00, run_after=2023-07-14T00:00:00+00:00
[2023-07-14T19:34:31.269+0000] {processor.py:179} INFO - Processing /home/airflow/.local/lib/python3.7/site-packages/airflow/example_dags/example_branch_labels.py took 0.119 seconds
[2023-07-14T19:35:02.054+0000] {processor.py:157} INFO - Started process (PID=700) to work on /home/airflow/.local/lib/python3.7/site-packages/airflow/example_dags/example_branch_labels.py
[2023-07-14T19:35:02.056+0000] {processor.py:826} INFO - Processing file /home/airflow/.local/lib/python3.7/site-packages/airflow/example_dags/example_branch_labels.py for tasks to queue
[2023-07-14T19:35:02.058+0000] {logging_mixin.py:150} INFO - [2023-07-14T19:35:02.057+0000] {dagbag.py:541} INFO - Filling up the DagBag from /home/airflow/.local/lib/python3.7/site-packages/airflow/example_dags/example_branch_labels.py
[2023-07-14T19:35:02.072+0000] {processor.py:836} INFO - DAG(s) dict_keys(['example_branch_labels']) retrieved from /home/airflow/.local/lib/python3.7/site-packages/airflow/example_dags/example_branch_labels.py
[2023-07-14T19:35:02.114+0000] {logging_mixin.py:150} INFO - [2023-07-14T19:35:02.113+0000] {dag.py:2742} INFO - Sync 1 DAGs
[2023-07-14T19:35:02.151+0000] {logging_mixin.py:150} INFO - [2023-07-14T19:35:02.151+0000] {dag.py:3508} INFO - Setting next_dagrun for example_branch_labels to 2023-07-13T00:00:00+00:00, run_after=2023-07-14T00:00:00+00:00
[2023-07-14T19:35:02.180+0000] {processor.py:179} INFO - Processing /home/airflow/.local/lib/python3.7/site-packages/airflow/example_dags/example_branch_labels.py took 0.131 seconds
[2023-07-14T19:35:32.856+0000] {processor.py:157} INFO - Started process (PID=770) to work on /home/airflow/.local/lib/python3.7/site-packages/airflow/example_dags/example_branch_labels.py
[2023-07-14T19:35:32.858+0000] {processor.py:826} INFO - Processing file /home/airflow/.local/lib/python3.7/site-packages/airflow/example_dags/example_branch_labels.py for tasks to queue
[2023-07-14T19:35:32.860+0000] {logging_mixin.py:150} INFO - [2023-07-14T19:35:32.859+0000] {dagbag.py:541} INFO - Filling up the DagBag from /home/airflow/.local/lib/python3.7/site-packages/airflow/example_dags/example_branch_labels.py
[2023-07-14T19:35:32.870+0000] {processor.py:836} INFO - DAG(s) dict_keys(['example_branch_labels']) retrieved from /home/airflow/.local/lib/python3.7/site-packages/airflow/example_dags/example_branch_labels.py
[2023-07-14T19:35:32.904+0000] {logging_mixin.py:150} INFO - [2023-07-14T19:35:32.904+0000] {dag.py:2742} INFO - Sync 1 DAGs
[2023-07-14T19:35:32.945+0000] {logging_mixin.py:150} INFO - [2023-07-14T19:35:32.944+0000] {dag.py:3508} INFO - Setting next_dagrun for example_branch_labels to 2023-07-13T00:00:00+00:00, run_after=2023-07-14T00:00:00+00:00
[2023-07-14T19:35:32.972+0000] {processor.py:179} INFO - Processing /home/airflow/.local/lib/python3.7/site-packages/airflow/example_dags/example_branch_labels.py took 0.120 seconds
[2023-07-14T19:36:03.404+0000] {processor.py:157} INFO - Started process (PID=840) to work on /home/airflow/.local/lib/python3.7/site-packages/airflow/example_dags/example_branch_labels.py
[2023-07-14T19:36:03.405+0000] {processor.py:826} INFO - Processing file /home/airflow/.local/lib/python3.7/site-packages/airflow/example_dags/example_branch_labels.py for tasks to queue
[2023-07-14T19:36:03.407+0000] {logging_mixin.py:150} INFO - [2023-07-14T19:36:03.407+0000] {dagbag.py:541} INFO - Filling up the DagBag from /home/airflow/.local/lib/python3.7/site-packages/airflow/example_dags/example_branch_labels.py
[2023-07-14T19:36:03.418+0000] {processor.py:836} INFO - DAG(s) dict_keys(['example_branch_labels']) retrieved from /home/airflow/.local/lib/python3.7/site-packages/airflow/example_dags/example_branch_labels.py
[2023-07-14T19:36:03.453+0000] {logging_mixin.py:150} INFO - [2023-07-14T19:36:03.453+0000] {dag.py:2742} INFO - Sync 1 DAGs
[2023-07-14T19:36:03.486+0000] {logging_mixin.py:150} INFO - [2023-07-14T19:36:03.485+0000] {dag.py:3508} INFO - Setting next_dagrun for example_branch_labels to 2023-07-13T00:00:00+00:00, run_after=2023-07-14T00:00:00+00:00
[2023-07-14T19:36:03.513+0000] {processor.py:179} INFO - Processing /home/airflow/.local/lib/python3.7/site-packages/airflow/example_dags/example_branch_labels.py took 0.114 seconds
[2023-07-14T19:36:34.132+0000] {processor.py:157} INFO - Started process (PID=911) to work on /home/airflow/.local/lib/python3.7/site-packages/airflow/example_dags/example_branch_labels.py
[2023-07-14T19:36:34.134+0000] {processor.py:826} INFO - Processing file /home/airflow/.local/lib/python3.7/site-packages/airflow/example_dags/example_branch_labels.py for tasks to queue
[2023-07-14T19:36:34.136+0000] {logging_mixin.py:150} INFO - [2023-07-14T19:36:34.136+0000] {dagbag.py:541} INFO - Filling up the DagBag from /home/airflow/.local/lib/python3.7/site-packages/airflow/example_dags/example_branch_labels.py
[2023-07-14T19:36:34.146+0000] {processor.py:836} INFO - DAG(s) dict_keys(['example_branch_labels']) retrieved from /home/airflow/.local/lib/python3.7/site-packages/airflow/example_dags/example_branch_labels.py
[2023-07-14T19:36:34.176+0000] {logging_mixin.py:150} INFO - [2023-07-14T19:36:34.176+0000] {dag.py:2742} INFO - Sync 1 DAGs
[2023-07-14T19:36:34.206+0000] {logging_mixin.py:150} INFO - [2023-07-14T19:36:34.206+0000] {dag.py:3508} INFO - Setting next_dagrun for example_branch_labels to 2023-07-13T00:00:00+00:00, run_after=2023-07-14T00:00:00+00:00
[2023-07-14T19:36:34.234+0000] {processor.py:179} INFO - Processing /home/airflow/.local/lib/python3.7/site-packages/airflow/example_dags/example_branch_labels.py took 0.106 seconds
[2023-07-14T19:37:04.974+0000] {processor.py:157} INFO - Started process (PID=981) to work on /home/airflow/.local/lib/python3.7/site-packages/airflow/example_dags/example_branch_labels.py
[2023-07-14T19:37:04.976+0000] {processor.py:826} INFO - Processing file /home/airflow/.local/lib/python3.7/site-packages/airflow/example_dags/example_branch_labels.py for tasks to queue
[2023-07-14T19:37:04.977+0000] {logging_mixin.py:150} INFO - [2023-07-14T19:37:04.977+0000] {dagbag.py:541} INFO - Filling up the DagBag from /home/airflow/.local/lib/python3.7/site-packages/airflow/example_dags/example_branch_labels.py
[2023-07-14T19:37:04.987+0000] {processor.py:836} INFO - DAG(s) dict_keys(['example_branch_labels']) retrieved from /home/airflow/.local/lib/python3.7/site-packages/airflow/example_dags/example_branch_labels.py
[2023-07-14T19:37:05.020+0000] {logging_mixin.py:150} INFO - [2023-07-14T19:37:05.020+0000] {dag.py:2742} INFO - Sync 1 DAGs
[2023-07-14T19:37:05.061+0000] {logging_mixin.py:150} INFO - [2023-07-14T19:37:05.060+0000] {dag.py:3508} INFO - Setting next_dagrun for example_branch_labels to 2023-07-13T00:00:00+00:00, run_after=2023-07-14T00:00:00+00:00
[2023-07-14T19:37:05.088+0000] {processor.py:179} INFO - Processing /home/airflow/.local/lib/python3.7/site-packages/airflow/example_dags/example_branch_labels.py took 0.118 seconds
[2023-07-14T19:37:35.277+0000] {processor.py:157} INFO - Started process (PID=1043) to work on /home/airflow/.local/lib/python3.7/site-packages/airflow/example_dags/example_branch_labels.py
[2023-07-14T19:37:35.292+0000] {processor.py:826} INFO - Processing file /home/airflow/.local/lib/python3.7/site-packages/airflow/example_dags/example_branch_labels.py for tasks to queue
[2023-07-14T19:37:35.299+0000] {logging_mixin.py:150} INFO - [2023-07-14T19:37:35.298+0000] {dagbag.py:541} INFO - Filling up the DagBag from /home/airflow/.local/lib/python3.7/site-packages/airflow/example_dags/example_branch_labels.py
[2023-07-14T19:37:35.317+0000] {processor.py:836} INFO - DAG(s) dict_keys(['example_branch_labels']) retrieved from /home/airflow/.local/lib/python3.7/site-packages/airflow/example_dags/example_branch_labels.py
[2023-07-14T19:37:35.425+0000] {logging_mixin.py:150} INFO - [2023-07-14T19:37:35.424+0000] {dag.py:2742} INFO - Sync 1 DAGs
[2023-07-14T19:37:35.521+0000] {logging_mixin.py:150} INFO - [2023-07-14T19:37:35.520+0000] {dag.py:3508} INFO - Setting next_dagrun for example_branch_labels to 2023-07-13T00:00:00+00:00, run_after=2023-07-14T00:00:00+00:00
[2023-07-14T19:37:35.555+0000] {processor.py:179} INFO - Processing /home/airflow/.local/lib/python3.7/site-packages/airflow/example_dags/example_branch_labels.py took 0.284 seconds
[2023-07-14T19:38:05.799+0000] {processor.py:157} INFO - Started process (PID=1112) to work on /home/airflow/.local/lib/python3.7/site-packages/airflow/example_dags/example_branch_labels.py
[2023-07-14T19:38:05.801+0000] {processor.py:826} INFO - Processing file /home/airflow/.local/lib/python3.7/site-packages/airflow/example_dags/example_branch_labels.py for tasks to queue
[2023-07-14T19:38:05.802+0000] {logging_mixin.py:150} INFO - [2023-07-14T19:38:05.802+0000] {dagbag.py:541} INFO - Filling up the DagBag from /home/airflow/.local/lib/python3.7/site-packages/airflow/example_dags/example_branch_labels.py
[2023-07-14T19:38:05.813+0000] {processor.py:836} INFO - DAG(s) dict_keys(['example_branch_labels']) retrieved from /home/airflow/.local/lib/python3.7/site-packages/airflow/example_dags/example_branch_labels.py
[2023-07-14T19:38:05.845+0000] {logging_mixin.py:150} INFO - [2023-07-14T19:38:05.845+0000] {dag.py:2742} INFO - Sync 1 DAGs
[2023-07-14T19:38:05.878+0000] {logging_mixin.py:150} INFO - [2023-07-14T19:38:05.877+0000] {dag.py:3508} INFO - Setting next_dagrun for example_branch_labels to 2023-07-13T00:00:00+00:00, run_after=2023-07-14T00:00:00+00:00
[2023-07-14T19:38:05.904+0000] {processor.py:179} INFO - Processing /home/airflow/.local/lib/python3.7/site-packages/airflow/example_dags/example_branch_labels.py took 0.109 seconds
[2023-07-14T19:38:36.752+0000] {processor.py:157} INFO - Started process (PID=1183) to work on /home/airflow/.local/lib/python3.7/site-packages/airflow/example_dags/example_branch_labels.py
[2023-07-14T19:38:36.753+0000] {processor.py:826} INFO - Processing file /home/airflow/.local/lib/python3.7/site-packages/airflow/example_dags/example_branch_labels.py for tasks to queue
[2023-07-14T19:38:36.755+0000] {logging_mixin.py:150} INFO - [2023-07-14T19:38:36.755+0000] {dagbag.py:541} INFO - Filling up the DagBag from /home/airflow/.local/lib/python3.7/site-packages/airflow/example_dags/example_branch_labels.py
[2023-07-14T19:38:36.765+0000] {processor.py:836} INFO - DAG(s) dict_keys(['example_branch_labels']) retrieved from /home/airflow/.local/lib/python3.7/site-packages/airflow/example_dags/example_branch_labels.py
[2023-07-14T19:38:36.800+0000] {logging_mixin.py:150} INFO - [2023-07-14T19:38:36.800+0000] {dag.py:2742} INFO - Sync 1 DAGs
[2023-07-14T19:38:36.838+0000] {logging_mixin.py:150} INFO - [2023-07-14T19:38:36.838+0000] {dag.py:3508} INFO - Setting next_dagrun for example_branch_labels to 2023-07-13T00:00:00+00:00, run_after=2023-07-14T00:00:00+00:00
[2023-07-14T19:38:36.865+0000] {processor.py:179} INFO - Processing /home/airflow/.local/lib/python3.7/site-packages/airflow/example_dags/example_branch_labels.py took 0.118 seconds
[2023-07-14T19:39:07.048+0000] {processor.py:157} INFO - Started process (PID=1253) to work on /home/airflow/.local/lib/python3.7/site-packages/airflow/example_dags/example_branch_labels.py
[2023-07-14T19:39:07.050+0000] {processor.py:826} INFO - Processing file /home/airflow/.local/lib/python3.7/site-packages/airflow/example_dags/example_branch_labels.py for tasks to queue
[2023-07-14T19:39:07.051+0000] {logging_mixin.py:150} INFO - [2023-07-14T19:39:07.051+0000] {dagbag.py:541} INFO - Filling up the DagBag from /home/airflow/.local/lib/python3.7/site-packages/airflow/example_dags/example_branch_labels.py
[2023-07-14T19:39:07.062+0000] {processor.py:836} INFO - DAG(s) dict_keys(['example_branch_labels']) retrieved from /home/airflow/.local/lib/python3.7/site-packages/airflow/example_dags/example_branch_labels.py
[2023-07-14T19:39:07.099+0000] {logging_mixin.py:150} INFO - [2023-07-14T19:39:07.099+0000] {dag.py:2742} INFO - Sync 1 DAGs
[2023-07-14T19:39:07.142+0000] {logging_mixin.py:150} INFO - [2023-07-14T19:39:07.141+0000] {dag.py:3508} INFO - Setting next_dagrun for example_branch_labels to 2023-07-13T00:00:00+00:00, run_after=2023-07-14T00:00:00+00:00
[2023-07-14T19:39:07.173+0000] {processor.py:179} INFO - Processing /home/airflow/.local/lib/python3.7/site-packages/airflow/example_dags/example_branch_labels.py took 0.130 seconds
