[2023-07-14T19:30:18.523+0000] {processor.py:157} INFO - Started process (PID=47) to work on /home/airflow/.local/lib/python3.7/site-packages/airflow/example_dags/example_nested_branch_dag.py
[2023-07-14T19:30:18.525+0000] {processor.py:826} INFO - Processing file /home/airflow/.local/lib/python3.7/site-packages/airflow/example_dags/example_nested_branch_dag.py for tasks to queue
[2023-07-14T19:30:18.528+0000] {logging_mixin.py:150} INFO - [2023-07-14T19:30:18.527+0000] {dagbag.py:541} INFO - Filling up the DagBag from /home/airflow/.local/lib/python3.7/site-packages/airflow/example_dags/example_nested_branch_dag.py
[2023-07-14T19:30:18.556+0000] {processor.py:836} INFO - DAG(s) dict_keys(['example_nested_branch_dag']) retrieved from /home/airflow/.local/lib/python3.7/site-packages/airflow/example_dags/example_nested_branch_dag.py
[2023-07-14T19:30:18.823+0000] {logging_mixin.py:150} INFO - [2023-07-14T19:30:18.823+0000] {manager.py:504} INFO - Created Permission View: can read on DAG:example_nested_branch_dag
[2023-07-14T19:30:18.854+0000] {logging_mixin.py:150} INFO - [2023-07-14T19:30:18.854+0000] {manager.py:504} INFO - Created Permission View: can edit on DAG:example_nested_branch_dag
[2023-07-14T19:30:18.871+0000] {logging_mixin.py:150} INFO - [2023-07-14T19:30:18.871+0000] {manager.py:504} INFO - Created Permission View: can delete on DAG:example_nested_branch_dag
[2023-07-14T19:30:18.906+0000] {logging_mixin.py:150} INFO - [2023-07-14T19:30:18.906+0000] {dag.py:2742} INFO - Sync 1 DAGs
[2023-07-14T19:30:18.939+0000] {logging_mixin.py:150} INFO - [2023-07-14T19:30:18.938+0000] {dag.py:2763} INFO - Creating ORM DAG for example_nested_branch_dag
[2023-07-14T19:30:18.969+0000] {logging_mixin.py:150} INFO - [2023-07-14T19:30:18.968+0000] {dag.py:3508} INFO - Setting next_dagrun for example_nested_branch_dag to 2023-07-13T00:00:00+00:00, run_after=2023-07-14T00:00:00+00:00
[2023-07-14T19:30:19.022+0000] {processor.py:179} INFO - Processing /home/airflow/.local/lib/python3.7/site-packages/airflow/example_dags/example_nested_branch_dag.py took 0.507 seconds
[2023-07-14T19:30:49.663+0000] {processor.py:157} INFO - Started process (PID=116) to work on /home/airflow/.local/lib/python3.7/site-packages/airflow/example_dags/example_nested_branch_dag.py
[2023-07-14T19:30:49.665+0000] {processor.py:826} INFO - Processing file /home/airflow/.local/lib/python3.7/site-packages/airflow/example_dags/example_nested_branch_dag.py for tasks to queue
[2023-07-14T19:30:49.666+0000] {logging_mixin.py:150} INFO - [2023-07-14T19:30:49.666+0000] {dagbag.py:541} INFO - Filling up the DagBag from /home/airflow/.local/lib/python3.7/site-packages/airflow/example_dags/example_nested_branch_dag.py
[2023-07-14T19:30:49.684+0000] {processor.py:836} INFO - DAG(s) dict_keys(['example_nested_branch_dag']) retrieved from /home/airflow/.local/lib/python3.7/site-packages/airflow/example_dags/example_nested_branch_dag.py
[2023-07-14T19:30:49.732+0000] {logging_mixin.py:150} INFO - [2023-07-14T19:30:49.732+0000] {dag.py:2742} INFO - Sync 1 DAGs
[2023-07-14T19:30:49.779+0000] {logging_mixin.py:150} INFO - [2023-07-14T19:30:49.779+0000] {dag.py:3508} INFO - Setting next_dagrun for example_nested_branch_dag to 2023-07-13T00:00:00+00:00, run_after=2023-07-14T00:00:00+00:00
[2023-07-14T19:30:49.819+0000] {processor.py:179} INFO - Processing /home/airflow/.local/lib/python3.7/site-packages/airflow/example_dags/example_nested_branch_dag.py took 0.160 seconds
[2023-07-14T19:31:20.175+0000] {processor.py:157} INFO - Started process (PID=178) to work on /home/airflow/.local/lib/python3.7/site-packages/airflow/example_dags/example_nested_branch_dag.py
[2023-07-14T19:31:20.176+0000] {processor.py:826} INFO - Processing file /home/airflow/.local/lib/python3.7/site-packages/airflow/example_dags/example_nested_branch_dag.py for tasks to queue
[2023-07-14T19:31:20.179+0000] {logging_mixin.py:150} INFO - [2023-07-14T19:31:20.178+0000] {dagbag.py:541} INFO - Filling up the DagBag from /home/airflow/.local/lib/python3.7/site-packages/airflow/example_dags/example_nested_branch_dag.py
[2023-07-14T19:31:20.196+0000] {processor.py:836} INFO - DAG(s) dict_keys(['example_nested_branch_dag']) retrieved from /home/airflow/.local/lib/python3.7/site-packages/airflow/example_dags/example_nested_branch_dag.py
[2023-07-14T19:31:20.244+0000] {logging_mixin.py:150} INFO - [2023-07-14T19:31:20.244+0000] {dag.py:2742} INFO - Sync 1 DAGs
[2023-07-14T19:31:20.308+0000] {logging_mixin.py:150} INFO - [2023-07-14T19:31:20.307+0000] {dag.py:3508} INFO - Setting next_dagrun for example_nested_branch_dag to 2023-07-13T00:00:00+00:00, run_after=2023-07-14T00:00:00+00:00
[2023-07-14T19:31:20.375+0000] {processor.py:179} INFO - Processing /home/airflow/.local/lib/python3.7/site-packages/airflow/example_dags/example_nested_branch_dag.py took 0.205 seconds
[2023-07-14T19:31:50.491+0000] {processor.py:157} INFO - Started process (PID=247) to work on /home/airflow/.local/lib/python3.7/site-packages/airflow/example_dags/example_nested_branch_dag.py
[2023-07-14T19:31:50.493+0000] {processor.py:826} INFO - Processing file /home/airflow/.local/lib/python3.7/site-packages/airflow/example_dags/example_nested_branch_dag.py for tasks to queue
[2023-07-14T19:31:50.494+0000] {logging_mixin.py:150} INFO - [2023-07-14T19:31:50.494+0000] {dagbag.py:541} INFO - Filling up the DagBag from /home/airflow/.local/lib/python3.7/site-packages/airflow/example_dags/example_nested_branch_dag.py
[2023-07-14T19:31:50.505+0000] {processor.py:836} INFO - DAG(s) dict_keys(['example_nested_branch_dag']) retrieved from /home/airflow/.local/lib/python3.7/site-packages/airflow/example_dags/example_nested_branch_dag.py
[2023-07-14T19:31:50.533+0000] {logging_mixin.py:150} INFO - [2023-07-14T19:31:50.533+0000] {dag.py:2742} INFO - Sync 1 DAGs
[2023-07-14T19:31:50.560+0000] {logging_mixin.py:150} INFO - [2023-07-14T19:31:50.560+0000] {dag.py:3508} INFO - Setting next_dagrun for example_nested_branch_dag to 2023-07-13T00:00:00+00:00, run_after=2023-07-14T00:00:00+00:00
[2023-07-14T19:31:50.585+0000] {processor.py:179} INFO - Processing /home/airflow/.local/lib/python3.7/site-packages/airflow/example_dags/example_nested_branch_dag.py took 0.097 seconds
[2023-07-14T19:32:21.056+0000] {processor.py:157} INFO - Started process (PID=317) to work on /home/airflow/.local/lib/python3.7/site-packages/airflow/example_dags/example_nested_branch_dag.py
[2023-07-14T19:32:21.058+0000] {processor.py:826} INFO - Processing file /home/airflow/.local/lib/python3.7/site-packages/airflow/example_dags/example_nested_branch_dag.py for tasks to queue
[2023-07-14T19:32:21.060+0000] {logging_mixin.py:150} INFO - [2023-07-14T19:32:21.060+0000] {dagbag.py:541} INFO - Filling up the DagBag from /home/airflow/.local/lib/python3.7/site-packages/airflow/example_dags/example_nested_branch_dag.py
[2023-07-14T19:32:21.073+0000] {processor.py:836} INFO - DAG(s) dict_keys(['example_nested_branch_dag']) retrieved from /home/airflow/.local/lib/python3.7/site-packages/airflow/example_dags/example_nested_branch_dag.py
[2023-07-14T19:32:21.113+0000] {logging_mixin.py:150} INFO - [2023-07-14T19:32:21.113+0000] {dag.py:2742} INFO - Sync 1 DAGs
[2023-07-14T19:32:21.148+0000] {logging_mixin.py:150} INFO - [2023-07-14T19:32:21.148+0000] {dag.py:3508} INFO - Setting next_dagrun for example_nested_branch_dag to 2023-07-13T00:00:00+00:00, run_after=2023-07-14T00:00:00+00:00
[2023-07-14T19:32:21.179+0000] {processor.py:179} INFO - Processing /home/airflow/.local/lib/python3.7/site-packages/airflow/example_dags/example_nested_branch_dag.py took 0.128 seconds
[2023-07-14T19:32:51.467+0000] {processor.py:157} INFO - Started process (PID=387) to work on /home/airflow/.local/lib/python3.7/site-packages/airflow/example_dags/example_nested_branch_dag.py
[2023-07-14T19:32:51.468+0000] {processor.py:826} INFO - Processing file /home/airflow/.local/lib/python3.7/site-packages/airflow/example_dags/example_nested_branch_dag.py for tasks to queue
[2023-07-14T19:32:51.470+0000] {logging_mixin.py:150} INFO - [2023-07-14T19:32:51.469+0000] {dagbag.py:541} INFO - Filling up the DagBag from /home/airflow/.local/lib/python3.7/site-packages/airflow/example_dags/example_nested_branch_dag.py
[2023-07-14T19:32:51.481+0000] {processor.py:836} INFO - DAG(s) dict_keys(['example_nested_branch_dag']) retrieved from /home/airflow/.local/lib/python3.7/site-packages/airflow/example_dags/example_nested_branch_dag.py
[2023-07-14T19:32:51.513+0000] {logging_mixin.py:150} INFO - [2023-07-14T19:32:51.513+0000] {dag.py:2742} INFO - Sync 1 DAGs
[2023-07-14T19:32:51.548+0000] {logging_mixin.py:150} INFO - [2023-07-14T19:32:51.547+0000] {dag.py:3508} INFO - Setting next_dagrun for example_nested_branch_dag to 2023-07-13T00:00:00+00:00, run_after=2023-07-14T00:00:00+00:00
[2023-07-14T19:32:51.578+0000] {processor.py:179} INFO - Processing /home/airflow/.local/lib/python3.7/site-packages/airflow/example_dags/example_nested_branch_dag.py took 0.115 seconds
[2023-07-14T19:33:21.717+0000] {processor.py:157} INFO - Started process (PID=457) to work on /home/airflow/.local/lib/python3.7/site-packages/airflow/example_dags/example_nested_branch_dag.py
[2023-07-14T19:33:21.719+0000] {processor.py:826} INFO - Processing file /home/airflow/.local/lib/python3.7/site-packages/airflow/example_dags/example_nested_branch_dag.py for tasks to queue
[2023-07-14T19:33:21.721+0000] {logging_mixin.py:150} INFO - [2023-07-14T19:33:21.720+0000] {dagbag.py:541} INFO - Filling up the DagBag from /home/airflow/.local/lib/python3.7/site-packages/airflow/example_dags/example_nested_branch_dag.py
[2023-07-14T19:33:21.733+0000] {processor.py:836} INFO - DAG(s) dict_keys(['example_nested_branch_dag']) retrieved from /home/airflow/.local/lib/python3.7/site-packages/airflow/example_dags/example_nested_branch_dag.py
[2023-07-14T19:33:21.765+0000] {logging_mixin.py:150} INFO - [2023-07-14T19:33:21.765+0000] {dag.py:2742} INFO - Sync 1 DAGs
[2023-07-14T19:33:21.795+0000] {logging_mixin.py:150} INFO - [2023-07-14T19:33:21.794+0000] {dag.py:3508} INFO - Setting next_dagrun for example_nested_branch_dag to 2023-07-13T00:00:00+00:00, run_after=2023-07-14T00:00:00+00:00
[2023-07-14T19:33:21.829+0000] {processor.py:179} INFO - Processing /home/airflow/.local/lib/python3.7/site-packages/airflow/example_dags/example_nested_branch_dag.py took 0.116 seconds
[2023-07-14T19:33:52.604+0000] {processor.py:157} INFO - Started process (PID=527) to work on /home/airflow/.local/lib/python3.7/site-packages/airflow/example_dags/example_nested_branch_dag.py
[2023-07-14T19:33:52.607+0000] {processor.py:826} INFO - Processing file /home/airflow/.local/lib/python3.7/site-packages/airflow/example_dags/example_nested_branch_dag.py for tasks to queue
[2023-07-14T19:33:52.611+0000] {logging_mixin.py:150} INFO - [2023-07-14T19:33:52.610+0000] {dagbag.py:541} INFO - Filling up the DagBag from /home/airflow/.local/lib/python3.7/site-packages/airflow/example_dags/example_nested_branch_dag.py
[2023-07-14T19:33:52.629+0000] {processor.py:836} INFO - DAG(s) dict_keys(['example_nested_branch_dag']) retrieved from /home/airflow/.local/lib/python3.7/site-packages/airflow/example_dags/example_nested_branch_dag.py
[2023-07-14T19:33:52.674+0000] {logging_mixin.py:150} INFO - [2023-07-14T19:33:52.674+0000] {dag.py:2742} INFO - Sync 1 DAGs
[2023-07-14T19:33:52.735+0000] {logging_mixin.py:150} INFO - [2023-07-14T19:33:52.735+0000] {dag.py:3508} INFO - Setting next_dagrun for example_nested_branch_dag to 2023-07-13T00:00:00+00:00, run_after=2023-07-14T00:00:00+00:00
[2023-07-14T19:33:52.771+0000] {processor.py:179} INFO - Processing /home/airflow/.local/lib/python3.7/site-packages/airflow/example_dags/example_nested_branch_dag.py took 0.174 seconds
[2023-07-14T19:34:23.157+0000] {processor.py:157} INFO - Started process (PID=597) to work on /home/airflow/.local/lib/python3.7/site-packages/airflow/example_dags/example_nested_branch_dag.py
[2023-07-14T19:34:23.159+0000] {processor.py:826} INFO - Processing file /home/airflow/.local/lib/python3.7/site-packages/airflow/example_dags/example_nested_branch_dag.py for tasks to queue
[2023-07-14T19:34:23.162+0000] {logging_mixin.py:150} INFO - [2023-07-14T19:34:23.161+0000] {dagbag.py:541} INFO - Filling up the DagBag from /home/airflow/.local/lib/python3.7/site-packages/airflow/example_dags/example_nested_branch_dag.py
[2023-07-14T19:34:23.177+0000] {processor.py:836} INFO - DAG(s) dict_keys(['example_nested_branch_dag']) retrieved from /home/airflow/.local/lib/python3.7/site-packages/airflow/example_dags/example_nested_branch_dag.py
[2023-07-14T19:34:23.217+0000] {logging_mixin.py:150} INFO - [2023-07-14T19:34:23.216+0000] {dag.py:2742} INFO - Sync 1 DAGs
[2023-07-14T19:34:23.248+0000] {logging_mixin.py:150} INFO - [2023-07-14T19:34:23.247+0000] {dag.py:3508} INFO - Setting next_dagrun for example_nested_branch_dag to 2023-07-13T00:00:00+00:00, run_after=2023-07-14T00:00:00+00:00
[2023-07-14T19:34:23.272+0000] {processor.py:179} INFO - Processing /home/airflow/.local/lib/python3.7/site-packages/airflow/example_dags/example_nested_branch_dag.py took 0.119 seconds
[2023-07-14T19:34:53.446+0000] {processor.py:157} INFO - Started process (PID=667) to work on /home/airflow/.local/lib/python3.7/site-packages/airflow/example_dags/example_nested_branch_dag.py
[2023-07-14T19:34:53.448+0000] {processor.py:826} INFO - Processing file /home/airflow/.local/lib/python3.7/site-packages/airflow/example_dags/example_nested_branch_dag.py for tasks to queue
[2023-07-14T19:34:53.449+0000] {logging_mixin.py:150} INFO - [2023-07-14T19:34:53.449+0000] {dagbag.py:541} INFO - Filling up the DagBag from /home/airflow/.local/lib/python3.7/site-packages/airflow/example_dags/example_nested_branch_dag.py
[2023-07-14T19:34:53.461+0000] {processor.py:836} INFO - DAG(s) dict_keys(['example_nested_branch_dag']) retrieved from /home/airflow/.local/lib/python3.7/site-packages/airflow/example_dags/example_nested_branch_dag.py
[2023-07-14T19:34:53.492+0000] {logging_mixin.py:150} INFO - [2023-07-14T19:34:53.492+0000] {dag.py:2742} INFO - Sync 1 DAGs
[2023-07-14T19:34:53.524+0000] {logging_mixin.py:150} INFO - [2023-07-14T19:34:53.524+0000] {dag.py:3508} INFO - Setting next_dagrun for example_nested_branch_dag to 2023-07-13T00:00:00+00:00, run_after=2023-07-14T00:00:00+00:00
[2023-07-14T19:34:53.551+0000] {processor.py:179} INFO - Processing /home/airflow/.local/lib/python3.7/site-packages/airflow/example_dags/example_nested_branch_dag.py took 0.109 seconds
[2023-07-14T19:35:23.718+0000] {processor.py:157} INFO - Started process (PID=737) to work on /home/airflow/.local/lib/python3.7/site-packages/airflow/example_dags/example_nested_branch_dag.py
[2023-07-14T19:35:23.719+0000] {processor.py:826} INFO - Processing file /home/airflow/.local/lib/python3.7/site-packages/airflow/example_dags/example_nested_branch_dag.py for tasks to queue
[2023-07-14T19:35:23.721+0000] {logging_mixin.py:150} INFO - [2023-07-14T19:35:23.720+0000] {dagbag.py:541} INFO - Filling up the DagBag from /home/airflow/.local/lib/python3.7/site-packages/airflow/example_dags/example_nested_branch_dag.py
[2023-07-14T19:35:23.735+0000] {processor.py:836} INFO - DAG(s) dict_keys(['example_nested_branch_dag']) retrieved from /home/airflow/.local/lib/python3.7/site-packages/airflow/example_dags/example_nested_branch_dag.py
[2023-07-14T19:35:23.765+0000] {logging_mixin.py:150} INFO - [2023-07-14T19:35:23.765+0000] {dag.py:2742} INFO - Sync 1 DAGs
[2023-07-14T19:35:23.793+0000] {logging_mixin.py:150} INFO - [2023-07-14T19:35:23.793+0000] {dag.py:3508} INFO - Setting next_dagrun for example_nested_branch_dag to 2023-07-13T00:00:00+00:00, run_after=2023-07-14T00:00:00+00:00
[2023-07-14T19:35:23.821+0000] {processor.py:179} INFO - Processing /home/airflow/.local/lib/python3.7/site-packages/airflow/example_dags/example_nested_branch_dag.py took 0.107 seconds
[2023-07-14T19:35:54.009+0000] {processor.py:157} INFO - Started process (PID=807) to work on /home/airflow/.local/lib/python3.7/site-packages/airflow/example_dags/example_nested_branch_dag.py
[2023-07-14T19:35:54.011+0000] {processor.py:826} INFO - Processing file /home/airflow/.local/lib/python3.7/site-packages/airflow/example_dags/example_nested_branch_dag.py for tasks to queue
[2023-07-14T19:35:54.012+0000] {logging_mixin.py:150} INFO - [2023-07-14T19:35:54.012+0000] {dagbag.py:541} INFO - Filling up the DagBag from /home/airflow/.local/lib/python3.7/site-packages/airflow/example_dags/example_nested_branch_dag.py
[2023-07-14T19:35:54.025+0000] {processor.py:836} INFO - DAG(s) dict_keys(['example_nested_branch_dag']) retrieved from /home/airflow/.local/lib/python3.7/site-packages/airflow/example_dags/example_nested_branch_dag.py
[2023-07-14T19:35:54.071+0000] {logging_mixin.py:150} INFO - [2023-07-14T19:35:54.070+0000] {dag.py:2742} INFO - Sync 1 DAGs
[2023-07-14T19:35:54.106+0000] {logging_mixin.py:150} INFO - [2023-07-14T19:35:54.106+0000] {dag.py:3508} INFO - Setting next_dagrun for example_nested_branch_dag to 2023-07-13T00:00:00+00:00, run_after=2023-07-14T00:00:00+00:00
[2023-07-14T19:35:54.129+0000] {processor.py:179} INFO - Processing /home/airflow/.local/lib/python3.7/site-packages/airflow/example_dags/example_nested_branch_dag.py took 0.123 seconds
[2023-07-14T19:36:24.247+0000] {processor.py:157} INFO - Started process (PID=877) to work on /home/airflow/.local/lib/python3.7/site-packages/airflow/example_dags/example_nested_branch_dag.py
[2023-07-14T19:36:24.248+0000] {processor.py:826} INFO - Processing file /home/airflow/.local/lib/python3.7/site-packages/airflow/example_dags/example_nested_branch_dag.py for tasks to queue
[2023-07-14T19:36:24.250+0000] {logging_mixin.py:150} INFO - [2023-07-14T19:36:24.250+0000] {dagbag.py:541} INFO - Filling up the DagBag from /home/airflow/.local/lib/python3.7/site-packages/airflow/example_dags/example_nested_branch_dag.py
[2023-07-14T19:36:24.262+0000] {processor.py:836} INFO - DAG(s) dict_keys(['example_nested_branch_dag']) retrieved from /home/airflow/.local/lib/python3.7/site-packages/airflow/example_dags/example_nested_branch_dag.py
[2023-07-14T19:36:24.316+0000] {logging_mixin.py:150} INFO - [2023-07-14T19:36:24.315+0000] {dag.py:2742} INFO - Sync 1 DAGs
[2023-07-14T19:36:24.368+0000] {logging_mixin.py:150} INFO - [2023-07-14T19:36:24.368+0000] {dag.py:3508} INFO - Setting next_dagrun for example_nested_branch_dag to 2023-07-13T00:00:00+00:00, run_after=2023-07-14T00:00:00+00:00
[2023-07-14T19:36:24.399+0000] {processor.py:179} INFO - Processing /home/airflow/.local/lib/python3.7/site-packages/airflow/example_dags/example_nested_branch_dag.py took 0.156 seconds
[2023-07-14T19:36:54.911+0000] {processor.py:157} INFO - Started process (PID=955) to work on /home/airflow/.local/lib/python3.7/site-packages/airflow/example_dags/example_nested_branch_dag.py
[2023-07-14T19:36:54.913+0000] {processor.py:826} INFO - Processing file /home/airflow/.local/lib/python3.7/site-packages/airflow/example_dags/example_nested_branch_dag.py for tasks to queue
[2023-07-14T19:36:54.915+0000] {logging_mixin.py:150} INFO - [2023-07-14T19:36:54.914+0000] {dagbag.py:541} INFO - Filling up the DagBag from /home/airflow/.local/lib/python3.7/site-packages/airflow/example_dags/example_nested_branch_dag.py
[2023-07-14T19:36:54.925+0000] {processor.py:836} INFO - DAG(s) dict_keys(['example_nested_branch_dag']) retrieved from /home/airflow/.local/lib/python3.7/site-packages/airflow/example_dags/example_nested_branch_dag.py
[2023-07-14T19:36:54.956+0000] {logging_mixin.py:150} INFO - [2023-07-14T19:36:54.956+0000] {dag.py:2742} INFO - Sync 1 DAGs
[2023-07-14T19:36:54.986+0000] {logging_mixin.py:150} INFO - [2023-07-14T19:36:54.986+0000] {dag.py:3508} INFO - Setting next_dagrun for example_nested_branch_dag to 2023-07-13T00:00:00+00:00, run_after=2023-07-14T00:00:00+00:00
[2023-07-14T19:36:55.015+0000] {processor.py:179} INFO - Processing /home/airflow/.local/lib/python3.7/site-packages/airflow/example_dags/example_nested_branch_dag.py took 0.107 seconds
[2023-07-14T19:37:25.716+0000] {processor.py:157} INFO - Started process (PID=1025) to work on /home/airflow/.local/lib/python3.7/site-packages/airflow/example_dags/example_nested_branch_dag.py
[2023-07-14T19:37:25.717+0000] {processor.py:826} INFO - Processing file /home/airflow/.local/lib/python3.7/site-packages/airflow/example_dags/example_nested_branch_dag.py for tasks to queue
[2023-07-14T19:37:25.719+0000] {logging_mixin.py:150} INFO - [2023-07-14T19:37:25.719+0000] {dagbag.py:541} INFO - Filling up the DagBag from /home/airflow/.local/lib/python3.7/site-packages/airflow/example_dags/example_nested_branch_dag.py
[2023-07-14T19:37:25.729+0000] {processor.py:836} INFO - DAG(s) dict_keys(['example_nested_branch_dag']) retrieved from /home/airflow/.local/lib/python3.7/site-packages/airflow/example_dags/example_nested_branch_dag.py
[2023-07-14T19:37:25.756+0000] {logging_mixin.py:150} INFO - [2023-07-14T19:37:25.756+0000] {dag.py:2742} INFO - Sync 1 DAGs
[2023-07-14T19:37:25.784+0000] {logging_mixin.py:150} INFO - [2023-07-14T19:37:25.784+0000] {dag.py:3508} INFO - Setting next_dagrun for example_nested_branch_dag to 2023-07-13T00:00:00+00:00, run_after=2023-07-14T00:00:00+00:00
[2023-07-14T19:37:25.809+0000] {processor.py:179} INFO - Processing /home/airflow/.local/lib/python3.7/site-packages/airflow/example_dags/example_nested_branch_dag.py took 0.096 seconds
[2023-07-14T19:37:56.608+0000] {processor.py:157} INFO - Started process (PID=1095) to work on /home/airflow/.local/lib/python3.7/site-packages/airflow/example_dags/example_nested_branch_dag.py
[2023-07-14T19:37:56.610+0000] {processor.py:826} INFO - Processing file /home/airflow/.local/lib/python3.7/site-packages/airflow/example_dags/example_nested_branch_dag.py for tasks to queue
[2023-07-14T19:37:56.612+0000] {logging_mixin.py:150} INFO - [2023-07-14T19:37:56.611+0000] {dagbag.py:541} INFO - Filling up the DagBag from /home/airflow/.local/lib/python3.7/site-packages/airflow/example_dags/example_nested_branch_dag.py
[2023-07-14T19:37:56.624+0000] {processor.py:836} INFO - DAG(s) dict_keys(['example_nested_branch_dag']) retrieved from /home/airflow/.local/lib/python3.7/site-packages/airflow/example_dags/example_nested_branch_dag.py
[2023-07-14T19:37:56.662+0000] {logging_mixin.py:150} INFO - [2023-07-14T19:37:56.662+0000] {dag.py:2742} INFO - Sync 1 DAGs
[2023-07-14T19:37:56.703+0000] {logging_mixin.py:150} INFO - [2023-07-14T19:37:56.703+0000] {dag.py:3508} INFO - Setting next_dagrun for example_nested_branch_dag to 2023-07-13T00:00:00+00:00, run_after=2023-07-14T00:00:00+00:00
[2023-07-14T19:37:56.739+0000] {processor.py:179} INFO - Processing /home/airflow/.local/lib/python3.7/site-packages/airflow/example_dags/example_nested_branch_dag.py took 0.134 seconds
[2023-07-14T19:38:26.858+0000] {processor.py:157} INFO - Started process (PID=1166) to work on /home/airflow/.local/lib/python3.7/site-packages/airflow/example_dags/example_nested_branch_dag.py
[2023-07-14T19:38:26.860+0000] {processor.py:826} INFO - Processing file /home/airflow/.local/lib/python3.7/site-packages/airflow/example_dags/example_nested_branch_dag.py for tasks to queue
[2023-07-14T19:38:26.861+0000] {logging_mixin.py:150} INFO - [2023-07-14T19:38:26.861+0000] {dagbag.py:541} INFO - Filling up the DagBag from /home/airflow/.local/lib/python3.7/site-packages/airflow/example_dags/example_nested_branch_dag.py
[2023-07-14T19:38:26.872+0000] {processor.py:836} INFO - DAG(s) dict_keys(['example_nested_branch_dag']) retrieved from /home/airflow/.local/lib/python3.7/site-packages/airflow/example_dags/example_nested_branch_dag.py
[2023-07-14T19:38:26.904+0000] {logging_mixin.py:150} INFO - [2023-07-14T19:38:26.904+0000] {dag.py:2742} INFO - Sync 1 DAGs
[2023-07-14T19:38:26.961+0000] {logging_mixin.py:150} INFO - [2023-07-14T19:38:26.961+0000] {dag.py:3508} INFO - Setting next_dagrun for example_nested_branch_dag to 2023-07-13T00:00:00+00:00, run_after=2023-07-14T00:00:00+00:00
[2023-07-14T19:38:26.998+0000] {processor.py:179} INFO - Processing /home/airflow/.local/lib/python3.7/site-packages/airflow/example_dags/example_nested_branch_dag.py took 0.144 seconds
[2023-07-14T19:38:57.343+0000] {processor.py:157} INFO - Started process (PID=1236) to work on /home/airflow/.local/lib/python3.7/site-packages/airflow/example_dags/example_nested_branch_dag.py
[2023-07-14T19:38:57.345+0000] {processor.py:826} INFO - Processing file /home/airflow/.local/lib/python3.7/site-packages/airflow/example_dags/example_nested_branch_dag.py for tasks to queue
[2023-07-14T19:38:57.347+0000] {logging_mixin.py:150} INFO - [2023-07-14T19:38:57.346+0000] {dagbag.py:541} INFO - Filling up the DagBag from /home/airflow/.local/lib/python3.7/site-packages/airflow/example_dags/example_nested_branch_dag.py
[2023-07-14T19:38:57.361+0000] {processor.py:836} INFO - DAG(s) dict_keys(['example_nested_branch_dag']) retrieved from /home/airflow/.local/lib/python3.7/site-packages/airflow/example_dags/example_nested_branch_dag.py
[2023-07-14T19:38:57.392+0000] {logging_mixin.py:150} INFO - [2023-07-14T19:38:57.392+0000] {dag.py:2742} INFO - Sync 1 DAGs
[2023-07-14T19:38:57.424+0000] {logging_mixin.py:150} INFO - [2023-07-14T19:38:57.424+0000] {dag.py:3508} INFO - Setting next_dagrun for example_nested_branch_dag to 2023-07-13T00:00:00+00:00, run_after=2023-07-14T00:00:00+00:00
[2023-07-14T19:38:57.452+0000] {processor.py:179} INFO - Processing /home/airflow/.local/lib/python3.7/site-packages/airflow/example_dags/example_nested_branch_dag.py took 0.113 seconds
