[2023-07-14T19:30:31.458+0000] {processor.py:157} INFO - Started process (PID=85) to work on /home/airflow/.local/lib/python3.7/site-packages/airflow/example_dags/example_xcom.py
[2023-07-14T19:30:31.461+0000] {processor.py:826} INFO - Processing file /home/airflow/.local/lib/python3.7/site-packages/airflow/example_dags/example_xcom.py for tasks to queue
[2023-07-14T19:30:31.463+0000] {logging_mixin.py:150} INFO - [2023-07-14T19:30:31.462+0000] {dagbag.py:541} INFO - Filling up the DagBag from /home/airflow/.local/lib/python3.7/site-packages/airflow/example_dags/example_xcom.py
[2023-07-14T19:30:31.482+0000] {processor.py:836} INFO - DAG(s) dict_keys(['example_xcom']) retrieved from /home/airflow/.local/lib/python3.7/site-packages/airflow/example_dags/example_xcom.py
[2023-07-14T19:30:31.680+0000] {logging_mixin.py:150} INFO - [2023-07-14T19:30:31.679+0000] {manager.py:504} INFO - Created Permission View: can read on DAG:example_xcom
[2023-07-14T19:30:31.701+0000] {logging_mixin.py:150} INFO - [2023-07-14T19:30:31.701+0000] {manager.py:504} INFO - Created Permission View: can edit on DAG:example_xcom
[2023-07-14T19:30:31.714+0000] {logging_mixin.py:150} INFO - [2023-07-14T19:30:31.714+0000] {manager.py:504} INFO - Created Permission View: can delete on DAG:example_xcom
[2023-07-14T19:30:31.740+0000] {logging_mixin.py:150} INFO - [2023-07-14T19:30:31.740+0000] {dag.py:2742} INFO - Sync 1 DAGs
[2023-07-14T19:30:31.759+0000] {logging_mixin.py:150} INFO - [2023-07-14T19:30:31.759+0000] {dag.py:2763} INFO - Creating ORM DAG for example_xcom
[2023-07-14T19:30:31.777+0000] {logging_mixin.py:150} INFO - [2023-07-14T19:30:31.777+0000] {dag.py:3508} INFO - Setting next_dagrun for example_xcom to 2021-01-01T00:00:00+00:00, run_after=2021-01-01T00:00:00+00:00
[2023-07-14T19:30:31.817+0000] {processor.py:179} INFO - Processing /home/airflow/.local/lib/python3.7/site-packages/airflow/example_dags/example_xcom.py took 0.364 seconds
[2023-07-14T19:31:02.082+0000] {processor.py:157} INFO - Started process (PID=156) to work on /home/airflow/.local/lib/python3.7/site-packages/airflow/example_dags/example_xcom.py
[2023-07-14T19:31:02.084+0000] {processor.py:826} INFO - Processing file /home/airflow/.local/lib/python3.7/site-packages/airflow/example_dags/example_xcom.py for tasks to queue
[2023-07-14T19:31:02.086+0000] {logging_mixin.py:150} INFO - [2023-07-14T19:31:02.086+0000] {dagbag.py:541} INFO - Filling up the DagBag from /home/airflow/.local/lib/python3.7/site-packages/airflow/example_dags/example_xcom.py
[2023-07-14T19:31:02.097+0000] {processor.py:836} INFO - DAG(s) dict_keys(['example_xcom']) retrieved from /home/airflow/.local/lib/python3.7/site-packages/airflow/example_dags/example_xcom.py
[2023-07-14T19:31:02.138+0000] {logging_mixin.py:150} INFO - [2023-07-14T19:31:02.138+0000] {dag.py:2742} INFO - Sync 1 DAGs
[2023-07-14T19:31:02.180+0000] {logging_mixin.py:150} INFO - [2023-07-14T19:31:02.180+0000] {dag.py:3508} INFO - Setting next_dagrun for example_xcom to 2021-01-01T00:00:00+00:00, run_after=2021-01-01T00:00:00+00:00
[2023-07-14T19:31:02.208+0000] {processor.py:179} INFO - Processing /home/airflow/.local/lib/python3.7/site-packages/airflow/example_dags/example_xcom.py took 0.136 seconds
[2023-07-14T19:31:32.623+0000] {processor.py:157} INFO - Started process (PID=225) to work on /home/airflow/.local/lib/python3.7/site-packages/airflow/example_dags/example_xcom.py
[2023-07-14T19:31:32.624+0000] {processor.py:826} INFO - Processing file /home/airflow/.local/lib/python3.7/site-packages/airflow/example_dags/example_xcom.py for tasks to queue
[2023-07-14T19:31:32.626+0000] {logging_mixin.py:150} INFO - [2023-07-14T19:31:32.626+0000] {dagbag.py:541} INFO - Filling up the DagBag from /home/airflow/.local/lib/python3.7/site-packages/airflow/example_dags/example_xcom.py
[2023-07-14T19:31:32.636+0000] {processor.py:836} INFO - DAG(s) dict_keys(['example_xcom']) retrieved from /home/airflow/.local/lib/python3.7/site-packages/airflow/example_dags/example_xcom.py
[2023-07-14T19:31:32.664+0000] {logging_mixin.py:150} INFO - [2023-07-14T19:31:32.664+0000] {dag.py:2742} INFO - Sync 1 DAGs
[2023-07-14T19:31:32.692+0000] {logging_mixin.py:150} INFO - [2023-07-14T19:31:32.692+0000] {dag.py:3508} INFO - Setting next_dagrun for example_xcom to 2021-01-01T00:00:00+00:00, run_after=2021-01-01T00:00:00+00:00
[2023-07-14T19:31:32.722+0000] {processor.py:179} INFO - Processing /home/airflow/.local/lib/python3.7/site-packages/airflow/example_dags/example_xcom.py took 0.104 seconds
[2023-07-14T19:32:03.178+0000] {processor.py:157} INFO - Started process (PID=295) to work on /home/airflow/.local/lib/python3.7/site-packages/airflow/example_dags/example_xcom.py
[2023-07-14T19:32:03.179+0000] {processor.py:826} INFO - Processing file /home/airflow/.local/lib/python3.7/site-packages/airflow/example_dags/example_xcom.py for tasks to queue
[2023-07-14T19:32:03.181+0000] {logging_mixin.py:150} INFO - [2023-07-14T19:32:03.180+0000] {dagbag.py:541} INFO - Filling up the DagBag from /home/airflow/.local/lib/python3.7/site-packages/airflow/example_dags/example_xcom.py
[2023-07-14T19:32:03.196+0000] {processor.py:836} INFO - DAG(s) dict_keys(['example_xcom']) retrieved from /home/airflow/.local/lib/python3.7/site-packages/airflow/example_dags/example_xcom.py
[2023-07-14T19:32:03.235+0000] {logging_mixin.py:150} INFO - [2023-07-14T19:32:03.235+0000] {dag.py:2742} INFO - Sync 1 DAGs
[2023-07-14T19:32:03.292+0000] {logging_mixin.py:150} INFO - [2023-07-14T19:32:03.291+0000] {dag.py:3508} INFO - Setting next_dagrun for example_xcom to 2021-01-01T00:00:00+00:00, run_after=2021-01-01T00:00:00+00:00
[2023-07-14T19:32:03.342+0000] {processor.py:179} INFO - Processing /home/airflow/.local/lib/python3.7/site-packages/airflow/example_dags/example_xcom.py took 0.169 seconds
[2023-07-14T19:32:33.545+0000] {processor.py:157} INFO - Started process (PID=365) to work on /home/airflow/.local/lib/python3.7/site-packages/airflow/example_dags/example_xcom.py
[2023-07-14T19:32:33.547+0000] {processor.py:826} INFO - Processing file /home/airflow/.local/lib/python3.7/site-packages/airflow/example_dags/example_xcom.py for tasks to queue
[2023-07-14T19:32:33.549+0000] {logging_mixin.py:150} INFO - [2023-07-14T19:32:33.549+0000] {dagbag.py:541} INFO - Filling up the DagBag from /home/airflow/.local/lib/python3.7/site-packages/airflow/example_dags/example_xcom.py
[2023-07-14T19:32:33.563+0000] {processor.py:836} INFO - DAG(s) dict_keys(['example_xcom']) retrieved from /home/airflow/.local/lib/python3.7/site-packages/airflow/example_dags/example_xcom.py
[2023-07-14T19:32:33.603+0000] {logging_mixin.py:150} INFO - [2023-07-14T19:32:33.602+0000] {dag.py:2742} INFO - Sync 1 DAGs
[2023-07-14T19:32:33.644+0000] {logging_mixin.py:150} INFO - [2023-07-14T19:32:33.643+0000] {dag.py:3508} INFO - Setting next_dagrun for example_xcom to 2021-01-01T00:00:00+00:00, run_after=2021-01-01T00:00:00+00:00
[2023-07-14T19:32:33.681+0000] {processor.py:179} INFO - Processing /home/airflow/.local/lib/python3.7/site-packages/airflow/example_dags/example_xcom.py took 0.141 seconds
[2023-07-14T19:33:04.213+0000] {processor.py:157} INFO - Started process (PID=435) to work on /home/airflow/.local/lib/python3.7/site-packages/airflow/example_dags/example_xcom.py
[2023-07-14T19:33:04.214+0000] {processor.py:826} INFO - Processing file /home/airflow/.local/lib/python3.7/site-packages/airflow/example_dags/example_xcom.py for tasks to queue
[2023-07-14T19:33:04.217+0000] {logging_mixin.py:150} INFO - [2023-07-14T19:33:04.216+0000] {dagbag.py:541} INFO - Filling up the DagBag from /home/airflow/.local/lib/python3.7/site-packages/airflow/example_dags/example_xcom.py
[2023-07-14T19:33:04.228+0000] {processor.py:836} INFO - DAG(s) dict_keys(['example_xcom']) retrieved from /home/airflow/.local/lib/python3.7/site-packages/airflow/example_dags/example_xcom.py
[2023-07-14T19:33:04.264+0000] {logging_mixin.py:150} INFO - [2023-07-14T19:33:04.263+0000] {dag.py:2742} INFO - Sync 1 DAGs
[2023-07-14T19:33:04.299+0000] {logging_mixin.py:150} INFO - [2023-07-14T19:33:04.298+0000] {dag.py:3508} INFO - Setting next_dagrun for example_xcom to 2021-01-01T00:00:00+00:00, run_after=2021-01-01T00:00:00+00:00
[2023-07-14T19:33:04.331+0000] {processor.py:179} INFO - Processing /home/airflow/.local/lib/python3.7/site-packages/airflow/example_dags/example_xcom.py took 0.122 seconds
[2023-07-14T19:33:34.605+0000] {processor.py:157} INFO - Started process (PID=505) to work on /home/airflow/.local/lib/python3.7/site-packages/airflow/example_dags/example_xcom.py
[2023-07-14T19:33:34.607+0000] {processor.py:826} INFO - Processing file /home/airflow/.local/lib/python3.7/site-packages/airflow/example_dags/example_xcom.py for tasks to queue
[2023-07-14T19:33:34.608+0000] {logging_mixin.py:150} INFO - [2023-07-14T19:33:34.608+0000] {dagbag.py:541} INFO - Filling up the DagBag from /home/airflow/.local/lib/python3.7/site-packages/airflow/example_dags/example_xcom.py
[2023-07-14T19:33:34.621+0000] {processor.py:836} INFO - DAG(s) dict_keys(['example_xcom']) retrieved from /home/airflow/.local/lib/python3.7/site-packages/airflow/example_dags/example_xcom.py
[2023-07-14T19:33:34.658+0000] {logging_mixin.py:150} INFO - [2023-07-14T19:33:34.658+0000] {dag.py:2742} INFO - Sync 1 DAGs
[2023-07-14T19:33:34.691+0000] {logging_mixin.py:150} INFO - [2023-07-14T19:33:34.691+0000] {dag.py:3508} INFO - Setting next_dagrun for example_xcom to 2021-01-01T00:00:00+00:00, run_after=2021-01-01T00:00:00+00:00
[2023-07-14T19:33:34.722+0000] {processor.py:179} INFO - Processing /home/airflow/.local/lib/python3.7/site-packages/airflow/example_dags/example_xcom.py took 0.122 seconds
[2023-07-14T19:34:05.118+0000] {processor.py:157} INFO - Started process (PID=575) to work on /home/airflow/.local/lib/python3.7/site-packages/airflow/example_dags/example_xcom.py
[2023-07-14T19:34:05.121+0000] {processor.py:826} INFO - Processing file /home/airflow/.local/lib/python3.7/site-packages/airflow/example_dags/example_xcom.py for tasks to queue
[2023-07-14T19:34:05.123+0000] {logging_mixin.py:150} INFO - [2023-07-14T19:34:05.122+0000] {dagbag.py:541} INFO - Filling up the DagBag from /home/airflow/.local/lib/python3.7/site-packages/airflow/example_dags/example_xcom.py
[2023-07-14T19:34:05.137+0000] {processor.py:836} INFO - DAG(s) dict_keys(['example_xcom']) retrieved from /home/airflow/.local/lib/python3.7/site-packages/airflow/example_dags/example_xcom.py
[2023-07-14T19:34:05.177+0000] {logging_mixin.py:150} INFO - [2023-07-14T19:34:05.177+0000] {dag.py:2742} INFO - Sync 1 DAGs
[2023-07-14T19:34:05.216+0000] {logging_mixin.py:150} INFO - [2023-07-14T19:34:05.215+0000] {dag.py:3508} INFO - Setting next_dagrun for example_xcom to 2021-01-01T00:00:00+00:00, run_after=2021-01-01T00:00:00+00:00
[2023-07-14T19:34:05.251+0000] {processor.py:179} INFO - Processing /home/airflow/.local/lib/python3.7/site-packages/airflow/example_dags/example_xcom.py took 0.137 seconds
[2023-07-14T19:34:35.499+0000] {processor.py:157} INFO - Started process (PID=645) to work on /home/airflow/.local/lib/python3.7/site-packages/airflow/example_dags/example_xcom.py
[2023-07-14T19:34:35.501+0000] {processor.py:826} INFO - Processing file /home/airflow/.local/lib/python3.7/site-packages/airflow/example_dags/example_xcom.py for tasks to queue
[2023-07-14T19:34:35.503+0000] {logging_mixin.py:150} INFO - [2023-07-14T19:34:35.503+0000] {dagbag.py:541} INFO - Filling up the DagBag from /home/airflow/.local/lib/python3.7/site-packages/airflow/example_dags/example_xcom.py
[2023-07-14T19:34:35.513+0000] {processor.py:836} INFO - DAG(s) dict_keys(['example_xcom']) retrieved from /home/airflow/.local/lib/python3.7/site-packages/airflow/example_dags/example_xcom.py
[2023-07-14T19:34:35.549+0000] {logging_mixin.py:150} INFO - [2023-07-14T19:34:35.548+0000] {dag.py:2742} INFO - Sync 1 DAGs
[2023-07-14T19:34:35.586+0000] {logging_mixin.py:150} INFO - [2023-07-14T19:34:35.586+0000] {dag.py:3508} INFO - Setting next_dagrun for example_xcom to 2021-01-01T00:00:00+00:00, run_after=2021-01-01T00:00:00+00:00
[2023-07-14T19:34:35.614+0000] {processor.py:179} INFO - Processing /home/airflow/.local/lib/python3.7/site-packages/airflow/example_dags/example_xcom.py took 0.120 seconds
[2023-07-14T19:35:06.323+0000] {processor.py:157} INFO - Started process (PID=715) to work on /home/airflow/.local/lib/python3.7/site-packages/airflow/example_dags/example_xcom.py
[2023-07-14T19:35:06.326+0000] {processor.py:826} INFO - Processing file /home/airflow/.local/lib/python3.7/site-packages/airflow/example_dags/example_xcom.py for tasks to queue
[2023-07-14T19:35:06.328+0000] {logging_mixin.py:150} INFO - [2023-07-14T19:35:06.327+0000] {dagbag.py:541} INFO - Filling up the DagBag from /home/airflow/.local/lib/python3.7/site-packages/airflow/example_dags/example_xcom.py
[2023-07-14T19:35:06.348+0000] {processor.py:836} INFO - DAG(s) dict_keys(['example_xcom']) retrieved from /home/airflow/.local/lib/python3.7/site-packages/airflow/example_dags/example_xcom.py
[2023-07-14T19:35:06.419+0000] {logging_mixin.py:150} INFO - [2023-07-14T19:35:06.417+0000] {dag.py:2742} INFO - Sync 1 DAGs
[2023-07-14T19:35:06.518+0000] {logging_mixin.py:150} INFO - [2023-07-14T19:35:06.518+0000] {dag.py:3508} INFO - Setting next_dagrun for example_xcom to 2021-01-01T00:00:00+00:00, run_after=2021-01-01T00:00:00+00:00
[2023-07-14T19:35:06.560+0000] {processor.py:179} INFO - Processing /home/airflow/.local/lib/python3.7/site-packages/airflow/example_dags/example_xcom.py took 0.243 seconds
[2023-07-14T19:35:37.129+0000] {processor.py:157} INFO - Started process (PID=785) to work on /home/airflow/.local/lib/python3.7/site-packages/airflow/example_dags/example_xcom.py
[2023-07-14T19:35:37.131+0000] {processor.py:826} INFO - Processing file /home/airflow/.local/lib/python3.7/site-packages/airflow/example_dags/example_xcom.py for tasks to queue
[2023-07-14T19:35:37.133+0000] {logging_mixin.py:150} INFO - [2023-07-14T19:35:37.133+0000] {dagbag.py:541} INFO - Filling up the DagBag from /home/airflow/.local/lib/python3.7/site-packages/airflow/example_dags/example_xcom.py
[2023-07-14T19:35:37.143+0000] {processor.py:836} INFO - DAG(s) dict_keys(['example_xcom']) retrieved from /home/airflow/.local/lib/python3.7/site-packages/airflow/example_dags/example_xcom.py
[2023-07-14T19:35:37.177+0000] {logging_mixin.py:150} INFO - [2023-07-14T19:35:37.176+0000] {dag.py:2742} INFO - Sync 1 DAGs
[2023-07-14T19:35:37.209+0000] {logging_mixin.py:150} INFO - [2023-07-14T19:35:37.208+0000] {dag.py:3508} INFO - Setting next_dagrun for example_xcom to 2021-01-01T00:00:00+00:00, run_after=2021-01-01T00:00:00+00:00
[2023-07-14T19:35:37.269+0000] {processor.py:179} INFO - Processing /home/airflow/.local/lib/python3.7/site-packages/airflow/example_dags/example_xcom.py took 0.145 seconds
[2023-07-14T19:36:07.594+0000] {processor.py:157} INFO - Started process (PID=855) to work on /home/airflow/.local/lib/python3.7/site-packages/airflow/example_dags/example_xcom.py
[2023-07-14T19:36:07.596+0000] {processor.py:826} INFO - Processing file /home/airflow/.local/lib/python3.7/site-packages/airflow/example_dags/example_xcom.py for tasks to queue
[2023-07-14T19:36:07.598+0000] {logging_mixin.py:150} INFO - [2023-07-14T19:36:07.597+0000] {dagbag.py:541} INFO - Filling up the DagBag from /home/airflow/.local/lib/python3.7/site-packages/airflow/example_dags/example_xcom.py
[2023-07-14T19:36:07.614+0000] {processor.py:836} INFO - DAG(s) dict_keys(['example_xcom']) retrieved from /home/airflow/.local/lib/python3.7/site-packages/airflow/example_dags/example_xcom.py
[2023-07-14T19:36:07.662+0000] {logging_mixin.py:150} INFO - [2023-07-14T19:36:07.662+0000] {dag.py:2742} INFO - Sync 1 DAGs
[2023-07-14T19:36:07.700+0000] {logging_mixin.py:150} INFO - [2023-07-14T19:36:07.699+0000] {dag.py:3508} INFO - Setting next_dagrun for example_xcom to 2021-01-01T00:00:00+00:00, run_after=2021-01-01T00:00:00+00:00
[2023-07-14T19:36:07.729+0000] {processor.py:179} INFO - Processing /home/airflow/.local/lib/python3.7/site-packages/airflow/example_dags/example_xcom.py took 0.139 seconds
[2023-07-14T19:36:38.360+0000] {processor.py:157} INFO - Started process (PID=926) to work on /home/airflow/.local/lib/python3.7/site-packages/airflow/example_dags/example_xcom.py
[2023-07-14T19:36:38.362+0000] {processor.py:826} INFO - Processing file /home/airflow/.local/lib/python3.7/site-packages/airflow/example_dags/example_xcom.py for tasks to queue
[2023-07-14T19:36:38.363+0000] {logging_mixin.py:150} INFO - [2023-07-14T19:36:38.363+0000] {dagbag.py:541} INFO - Filling up the DagBag from /home/airflow/.local/lib/python3.7/site-packages/airflow/example_dags/example_xcom.py
[2023-07-14T19:36:38.373+0000] {processor.py:836} INFO - DAG(s) dict_keys(['example_xcom']) retrieved from /home/airflow/.local/lib/python3.7/site-packages/airflow/example_dags/example_xcom.py
[2023-07-14T19:36:38.409+0000] {logging_mixin.py:150} INFO - [2023-07-14T19:36:38.409+0000] {dag.py:2742} INFO - Sync 1 DAGs
[2023-07-14T19:36:38.442+0000] {logging_mixin.py:150} INFO - [2023-07-14T19:36:38.442+0000] {dag.py:3508} INFO - Setting next_dagrun for example_xcom to 2021-01-01T00:00:00+00:00, run_after=2021-01-01T00:00:00+00:00
[2023-07-14T19:36:38.474+0000] {processor.py:179} INFO - Processing /home/airflow/.local/lib/python3.7/site-packages/airflow/example_dags/example_xcom.py took 0.119 seconds
[2023-07-14T19:37:09.119+0000] {processor.py:157} INFO - Started process (PID=996) to work on /home/airflow/.local/lib/python3.7/site-packages/airflow/example_dags/example_xcom.py
[2023-07-14T19:37:09.121+0000] {processor.py:826} INFO - Processing file /home/airflow/.local/lib/python3.7/site-packages/airflow/example_dags/example_xcom.py for tasks to queue
[2023-07-14T19:37:09.123+0000] {logging_mixin.py:150} INFO - [2023-07-14T19:37:09.123+0000] {dagbag.py:541} INFO - Filling up the DagBag from /home/airflow/.local/lib/python3.7/site-packages/airflow/example_dags/example_xcom.py
[2023-07-14T19:37:09.137+0000] {processor.py:836} INFO - DAG(s) dict_keys(['example_xcom']) retrieved from /home/airflow/.local/lib/python3.7/site-packages/airflow/example_dags/example_xcom.py
[2023-07-14T19:37:09.175+0000] {logging_mixin.py:150} INFO - [2023-07-14T19:37:09.175+0000] {dag.py:2742} INFO - Sync 1 DAGs
[2023-07-14T19:37:09.214+0000] {logging_mixin.py:150} INFO - [2023-07-14T19:37:09.213+0000] {dag.py:3508} INFO - Setting next_dagrun for example_xcom to 2021-01-01T00:00:00+00:00, run_after=2021-01-01T00:00:00+00:00
[2023-07-14T19:37:09.246+0000] {processor.py:179} INFO - Processing /home/airflow/.local/lib/python3.7/site-packages/airflow/example_dags/example_xcom.py took 0.132 seconds
[2023-07-14T19:37:39.941+0000] {processor.py:157} INFO - Started process (PID=1066) to work on /home/airflow/.local/lib/python3.7/site-packages/airflow/example_dags/example_xcom.py
[2023-07-14T19:37:39.943+0000] {processor.py:826} INFO - Processing file /home/airflow/.local/lib/python3.7/site-packages/airflow/example_dags/example_xcom.py for tasks to queue
[2023-07-14T19:37:39.945+0000] {logging_mixin.py:150} INFO - [2023-07-14T19:37:39.945+0000] {dagbag.py:541} INFO - Filling up the DagBag from /home/airflow/.local/lib/python3.7/site-packages/airflow/example_dags/example_xcom.py
[2023-07-14T19:37:39.956+0000] {processor.py:836} INFO - DAG(s) dict_keys(['example_xcom']) retrieved from /home/airflow/.local/lib/python3.7/site-packages/airflow/example_dags/example_xcom.py
[2023-07-14T19:37:39.993+0000] {logging_mixin.py:150} INFO - [2023-07-14T19:37:39.993+0000] {dag.py:2742} INFO - Sync 1 DAGs
[2023-07-14T19:37:40.024+0000] {logging_mixin.py:150} INFO - [2023-07-14T19:37:40.024+0000] {dag.py:3508} INFO - Setting next_dagrun for example_xcom to 2021-01-01T00:00:00+00:00, run_after=2021-01-01T00:00:00+00:00
[2023-07-14T19:37:40.053+0000] {processor.py:179} INFO - Processing /home/airflow/.local/lib/python3.7/site-packages/airflow/example_dags/example_xcom.py took 0.116 seconds
[2023-07-14T19:38:10.921+0000] {processor.py:157} INFO - Started process (PID=1136) to work on /home/airflow/.local/lib/python3.7/site-packages/airflow/example_dags/example_xcom.py
[2023-07-14T19:38:10.923+0000] {processor.py:826} INFO - Processing file /home/airflow/.local/lib/python3.7/site-packages/airflow/example_dags/example_xcom.py for tasks to queue
[2023-07-14T19:38:10.925+0000] {logging_mixin.py:150} INFO - [2023-07-14T19:38:10.925+0000] {dagbag.py:541} INFO - Filling up the DagBag from /home/airflow/.local/lib/python3.7/site-packages/airflow/example_dags/example_xcom.py
[2023-07-14T19:38:10.937+0000] {processor.py:836} INFO - DAG(s) dict_keys(['example_xcom']) retrieved from /home/airflow/.local/lib/python3.7/site-packages/airflow/example_dags/example_xcom.py
[2023-07-14T19:38:10.975+0000] {logging_mixin.py:150} INFO - [2023-07-14T19:38:10.975+0000] {dag.py:2742} INFO - Sync 1 DAGs
[2023-07-14T19:38:11.021+0000] {logging_mixin.py:150} INFO - [2023-07-14T19:38:11.021+0000] {dag.py:3508} INFO - Setting next_dagrun for example_xcom to 2021-01-01T00:00:00+00:00, run_after=2021-01-01T00:00:00+00:00
[2023-07-14T19:38:11.052+0000] {processor.py:179} INFO - Processing /home/airflow/.local/lib/python3.7/site-packages/airflow/example_dags/example_xcom.py took 0.135 seconds
[2023-07-14T19:38:41.725+0000] {processor.py:157} INFO - Started process (PID=1207) to work on /home/airflow/.local/lib/python3.7/site-packages/airflow/example_dags/example_xcom.py
[2023-07-14T19:38:41.726+0000] {processor.py:826} INFO - Processing file /home/airflow/.local/lib/python3.7/site-packages/airflow/example_dags/example_xcom.py for tasks to queue
[2023-07-14T19:38:41.728+0000] {logging_mixin.py:150} INFO - [2023-07-14T19:38:41.727+0000] {dagbag.py:541} INFO - Filling up the DagBag from /home/airflow/.local/lib/python3.7/site-packages/airflow/example_dags/example_xcom.py
[2023-07-14T19:38:41.738+0000] {processor.py:836} INFO - DAG(s) dict_keys(['example_xcom']) retrieved from /home/airflow/.local/lib/python3.7/site-packages/airflow/example_dags/example_xcom.py
[2023-07-14T19:38:41.771+0000] {logging_mixin.py:150} INFO - [2023-07-14T19:38:41.771+0000] {dag.py:2742} INFO - Sync 1 DAGs
[2023-07-14T19:38:41.809+0000] {logging_mixin.py:150} INFO - [2023-07-14T19:38:41.809+0000] {dag.py:3508} INFO - Setting next_dagrun for example_xcom to 2021-01-01T00:00:00+00:00, run_after=2021-01-01T00:00:00+00:00
[2023-07-14T19:38:41.842+0000] {processor.py:179} INFO - Processing /home/airflow/.local/lib/python3.7/site-packages/airflow/example_dags/example_xcom.py took 0.122 seconds
[2023-07-14T19:39:11.973+0000] {processor.py:157} INFO - Started process (PID=1277) to work on /home/airflow/.local/lib/python3.7/site-packages/airflow/example_dags/example_xcom.py
[2023-07-14T19:39:11.975+0000] {processor.py:826} INFO - Processing file /home/airflow/.local/lib/python3.7/site-packages/airflow/example_dags/example_xcom.py for tasks to queue
[2023-07-14T19:39:11.977+0000] {logging_mixin.py:150} INFO - [2023-07-14T19:39:11.976+0000] {dagbag.py:541} INFO - Filling up the DagBag from /home/airflow/.local/lib/python3.7/site-packages/airflow/example_dags/example_xcom.py
[2023-07-14T19:39:11.986+0000] {processor.py:836} INFO - DAG(s) dict_keys(['example_xcom']) retrieved from /home/airflow/.local/lib/python3.7/site-packages/airflow/example_dags/example_xcom.py
[2023-07-14T19:39:12.022+0000] {logging_mixin.py:150} INFO - [2023-07-14T19:39:12.022+0000] {dag.py:2742} INFO - Sync 1 DAGs
[2023-07-14T19:39:12.055+0000] {logging_mixin.py:150} INFO - [2023-07-14T19:39:12.055+0000] {dag.py:3508} INFO - Setting next_dagrun for example_xcom to 2021-01-01T00:00:00+00:00, run_after=2021-01-01T00:00:00+00:00
[2023-07-14T19:39:12.089+0000] {processor.py:179} INFO - Processing /home/airflow/.local/lib/python3.7/site-packages/airflow/example_dags/example_xcom.py took 0.119 seconds
