[2023-07-14T19:30:21.598+0000] {processor.py:157} INFO - Started process (PID=53) to work on /home/airflow/.local/lib/python3.7/site-packages/airflow/example_dags/example_short_circuit_decorator.py
[2023-07-14T19:30:21.601+0000] {processor.py:826} INFO - Processing file /home/airflow/.local/lib/python3.7/site-packages/airflow/example_dags/example_short_circuit_decorator.py for tasks to queue
[2023-07-14T19:30:21.604+0000] {logging_mixin.py:150} INFO - [2023-07-14T19:30:21.603+0000] {dagbag.py:541} INFO - Filling up the DagBag from /home/airflow/.local/lib/python3.7/site-packages/airflow/example_dags/example_short_circuit_decorator.py
[2023-07-14T19:30:21.638+0000] {processor.py:836} INFO - DAG(s) dict_keys(['example_short_circuit_decorator']) retrieved from /home/airflow/.local/lib/python3.7/site-packages/airflow/example_dags/example_short_circuit_decorator.py
[2023-07-14T19:30:21.913+0000] {logging_mixin.py:150} INFO - [2023-07-14T19:30:21.913+0000] {manager.py:504} INFO - Created Permission View: can read on DAG:example_short_circuit_decorator
[2023-07-14T19:30:21.942+0000] {logging_mixin.py:150} INFO - [2023-07-14T19:30:21.942+0000] {manager.py:504} INFO - Created Permission View: can edit on DAG:example_short_circuit_decorator
[2023-07-14T19:30:21.961+0000] {logging_mixin.py:150} INFO - [2023-07-14T19:30:21.961+0000] {manager.py:504} INFO - Created Permission View: can delete on DAG:example_short_circuit_decorator
[2023-07-14T19:30:21.993+0000] {logging_mixin.py:150} INFO - [2023-07-14T19:30:21.993+0000] {dag.py:2742} INFO - Sync 1 DAGs
[2023-07-14T19:30:22.023+0000] {logging_mixin.py:150} INFO - [2023-07-14T19:30:22.022+0000] {dag.py:2763} INFO - Creating ORM DAG for example_short_circuit_decorator
[2023-07-14T19:30:22.049+0000] {logging_mixin.py:150} INFO - [2023-07-14T19:30:22.048+0000] {dag.py:3508} INFO - Setting next_dagrun for example_short_circuit_decorator to 2023-07-13T19:30:22.048335+00:00, run_after=2023-07-14T19:30:22.048335+00:00
[2023-07-14T19:30:22.095+0000] {processor.py:179} INFO - Processing /home/airflow/.local/lib/python3.7/site-packages/airflow/example_dags/example_short_circuit_decorator.py took 0.505 seconds
[2023-07-14T19:30:52.619+0000] {processor.py:157} INFO - Started process (PID=123) to work on /home/airflow/.local/lib/python3.7/site-packages/airflow/example_dags/example_short_circuit_decorator.py
[2023-07-14T19:30:52.626+0000] {processor.py:826} INFO - Processing file /home/airflow/.local/lib/python3.7/site-packages/airflow/example_dags/example_short_circuit_decorator.py for tasks to queue
[2023-07-14T19:30:52.636+0000] {logging_mixin.py:150} INFO - [2023-07-14T19:30:52.628+0000] {dagbag.py:541} INFO - Filling up the DagBag from /home/airflow/.local/lib/python3.7/site-packages/airflow/example_dags/example_short_circuit_decorator.py
[2023-07-14T19:30:52.747+0000] {processor.py:836} INFO - DAG(s) dict_keys(['example_short_circuit_decorator']) retrieved from /home/airflow/.local/lib/python3.7/site-packages/airflow/example_dags/example_short_circuit_decorator.py
[2023-07-14T19:30:52.879+0000] {logging_mixin.py:150} INFO - [2023-07-14T19:30:52.879+0000] {dag.py:2742} INFO - Sync 1 DAGs
[2023-07-14T19:30:52.946+0000] {logging_mixin.py:150} INFO - [2023-07-14T19:30:52.946+0000] {dag.py:3508} INFO - Setting next_dagrun for example_short_circuit_decorator to 2023-07-13T19:30:52.944785+00:00, run_after=2023-07-14T19:30:52.944785+00:00
[2023-07-14T19:30:52.997+0000] {processor.py:179} INFO - Processing /home/airflow/.local/lib/python3.7/site-packages/airflow/example_dags/example_short_circuit_decorator.py took 0.387 seconds
[2023-07-14T19:31:23.099+0000] {processor.py:157} INFO - Started process (PID=199) to work on /home/airflow/.local/lib/python3.7/site-packages/airflow/example_dags/example_short_circuit_decorator.py
[2023-07-14T19:31:23.100+0000] {processor.py:826} INFO - Processing file /home/airflow/.local/lib/python3.7/site-packages/airflow/example_dags/example_short_circuit_decorator.py for tasks to queue
[2023-07-14T19:31:23.102+0000] {logging_mixin.py:150} INFO - [2023-07-14T19:31:23.101+0000] {dagbag.py:541} INFO - Filling up the DagBag from /home/airflow/.local/lib/python3.7/site-packages/airflow/example_dags/example_short_circuit_decorator.py
[2023-07-14T19:31:23.112+0000] {processor.py:836} INFO - DAG(s) dict_keys(['example_short_circuit_decorator']) retrieved from /home/airflow/.local/lib/python3.7/site-packages/airflow/example_dags/example_short_circuit_decorator.py
[2023-07-14T19:31:23.142+0000] {logging_mixin.py:150} INFO - [2023-07-14T19:31:23.142+0000] {dag.py:2742} INFO - Sync 1 DAGs
[2023-07-14T19:31:23.168+0000] {logging_mixin.py:150} INFO - [2023-07-14T19:31:23.168+0000] {dag.py:3508} INFO - Setting next_dagrun for example_short_circuit_decorator to 2023-07-13T19:31:23.168035+00:00, run_after=2023-07-14T19:31:23.168035+00:00
[2023-07-14T19:31:23.214+0000] {processor.py:179} INFO - Processing /home/airflow/.local/lib/python3.7/site-packages/airflow/example_dags/example_short_circuit_decorator.py took 0.118 seconds
[2023-07-14T19:31:53.635+0000] {processor.py:157} INFO - Started process (PID=269) to work on /home/airflow/.local/lib/python3.7/site-packages/airflow/example_dags/example_short_circuit_decorator.py
[2023-07-14T19:31:53.637+0000] {processor.py:826} INFO - Processing file /home/airflow/.local/lib/python3.7/site-packages/airflow/example_dags/example_short_circuit_decorator.py for tasks to queue
[2023-07-14T19:31:53.639+0000] {logging_mixin.py:150} INFO - [2023-07-14T19:31:53.638+0000] {dagbag.py:541} INFO - Filling up the DagBag from /home/airflow/.local/lib/python3.7/site-packages/airflow/example_dags/example_short_circuit_decorator.py
[2023-07-14T19:31:53.650+0000] {processor.py:836} INFO - DAG(s) dict_keys(['example_short_circuit_decorator']) retrieved from /home/airflow/.local/lib/python3.7/site-packages/airflow/example_dags/example_short_circuit_decorator.py
[2023-07-14T19:31:53.681+0000] {logging_mixin.py:150} INFO - [2023-07-14T19:31:53.681+0000] {dag.py:2742} INFO - Sync 1 DAGs
[2023-07-14T19:31:53.710+0000] {logging_mixin.py:150} INFO - [2023-07-14T19:31:53.710+0000] {dag.py:3508} INFO - Setting next_dagrun for example_short_circuit_decorator to 2023-07-13T19:31:53.709751+00:00, run_after=2023-07-14T19:31:53.709751+00:00
[2023-07-14T19:31:53.742+0000] {processor.py:179} INFO - Processing /home/airflow/.local/lib/python3.7/site-packages/airflow/example_dags/example_short_circuit_decorator.py took 0.111 seconds
[2023-07-14T19:32:24.526+0000] {processor.py:157} INFO - Started process (PID=339) to work on /home/airflow/.local/lib/python3.7/site-packages/airflow/example_dags/example_short_circuit_decorator.py
[2023-07-14T19:32:24.527+0000] {processor.py:826} INFO - Processing file /home/airflow/.local/lib/python3.7/site-packages/airflow/example_dags/example_short_circuit_decorator.py for tasks to queue
[2023-07-14T19:32:24.529+0000] {logging_mixin.py:150} INFO - [2023-07-14T19:32:24.529+0000] {dagbag.py:541} INFO - Filling up the DagBag from /home/airflow/.local/lib/python3.7/site-packages/airflow/example_dags/example_short_circuit_decorator.py
[2023-07-14T19:32:24.541+0000] {processor.py:836} INFO - DAG(s) dict_keys(['example_short_circuit_decorator']) retrieved from /home/airflow/.local/lib/python3.7/site-packages/airflow/example_dags/example_short_circuit_decorator.py
[2023-07-14T19:32:24.573+0000] {logging_mixin.py:150} INFO - [2023-07-14T19:32:24.573+0000] {dag.py:2742} INFO - Sync 1 DAGs
[2023-07-14T19:32:24.604+0000] {logging_mixin.py:150} INFO - [2023-07-14T19:32:24.604+0000] {dag.py:3508} INFO - Setting next_dagrun for example_short_circuit_decorator to 2023-07-13T19:32:24.603963+00:00, run_after=2023-07-14T19:32:24.603963+00:00
[2023-07-14T19:32:24.644+0000] {processor.py:179} INFO - Processing /home/airflow/.local/lib/python3.7/site-packages/airflow/example_dags/example_short_circuit_decorator.py took 0.122 seconds
[2023-07-14T19:32:55.064+0000] {processor.py:157} INFO - Started process (PID=407) to work on /home/airflow/.local/lib/python3.7/site-packages/airflow/example_dags/example_short_circuit_decorator.py
[2023-07-14T19:32:55.069+0000] {processor.py:826} INFO - Processing file /home/airflow/.local/lib/python3.7/site-packages/airflow/example_dags/example_short_circuit_decorator.py for tasks to queue
[2023-07-14T19:32:55.071+0000] {logging_mixin.py:150} INFO - [2023-07-14T19:32:55.071+0000] {dagbag.py:541} INFO - Filling up the DagBag from /home/airflow/.local/lib/python3.7/site-packages/airflow/example_dags/example_short_circuit_decorator.py
[2023-07-14T19:32:55.115+0000] {processor.py:836} INFO - DAG(s) dict_keys(['example_short_circuit_decorator']) retrieved from /home/airflow/.local/lib/python3.7/site-packages/airflow/example_dags/example_short_circuit_decorator.py
[2023-07-14T19:32:55.154+0000] {logging_mixin.py:150} INFO - [2023-07-14T19:32:55.154+0000] {dag.py:2742} INFO - Sync 1 DAGs
[2023-07-14T19:32:55.187+0000] {logging_mixin.py:150} INFO - [2023-07-14T19:32:55.187+0000] {dag.py:3508} INFO - Setting next_dagrun for example_short_circuit_decorator to 2023-07-13T19:32:55.187085+00:00, run_after=2023-07-14T19:32:55.187085+00:00
[2023-07-14T19:32:55.229+0000] {processor.py:179} INFO - Processing /home/airflow/.local/lib/python3.7/site-packages/airflow/example_dags/example_short_circuit_decorator.py took 0.171 seconds
[2023-07-14T19:33:26.634+0000] {processor.py:157} INFO - Started process (PID=479) to work on /home/airflow/.local/lib/python3.7/site-packages/airflow/example_dags/example_short_circuit_decorator.py
[2023-07-14T19:33:26.636+0000] {processor.py:826} INFO - Processing file /home/airflow/.local/lib/python3.7/site-packages/airflow/example_dags/example_short_circuit_decorator.py for tasks to queue
[2023-07-14T19:33:26.638+0000] {logging_mixin.py:150} INFO - [2023-07-14T19:33:26.638+0000] {dagbag.py:541} INFO - Filling up the DagBag from /home/airflow/.local/lib/python3.7/site-packages/airflow/example_dags/example_short_circuit_decorator.py
[2023-07-14T19:33:26.650+0000] {processor.py:836} INFO - DAG(s) dict_keys(['example_short_circuit_decorator']) retrieved from /home/airflow/.local/lib/python3.7/site-packages/airflow/example_dags/example_short_circuit_decorator.py
[2023-07-14T19:33:26.682+0000] {logging_mixin.py:150} INFO - [2023-07-14T19:33:26.682+0000] {dag.py:2742} INFO - Sync 1 DAGs
[2023-07-14T19:33:26.716+0000] {logging_mixin.py:150} INFO - [2023-07-14T19:33:26.715+0000] {dag.py:3508} INFO - Setting next_dagrun for example_short_circuit_decorator to 2023-07-13T19:33:26.715568+00:00, run_after=2023-07-14T19:33:26.715568+00:00
[2023-07-14T19:33:26.751+0000] {processor.py:179} INFO - Processing /home/airflow/.local/lib/python3.7/site-packages/airflow/example_dags/example_short_circuit_decorator.py took 0.120 seconds
[2023-07-14T19:33:56.991+0000] {processor.py:157} INFO - Started process (PID=540) to work on /home/airflow/.local/lib/python3.7/site-packages/airflow/example_dags/example_short_circuit_decorator.py
[2023-07-14T19:33:56.993+0000] {processor.py:826} INFO - Processing file /home/airflow/.local/lib/python3.7/site-packages/airflow/example_dags/example_short_circuit_decorator.py for tasks to queue
[2023-07-14T19:33:56.994+0000] {logging_mixin.py:150} INFO - [2023-07-14T19:33:56.994+0000] {dagbag.py:541} INFO - Filling up the DagBag from /home/airflow/.local/lib/python3.7/site-packages/airflow/example_dags/example_short_circuit_decorator.py
[2023-07-14T19:33:57.006+0000] {processor.py:836} INFO - DAG(s) dict_keys(['example_short_circuit_decorator']) retrieved from /home/airflow/.local/lib/python3.7/site-packages/airflow/example_dags/example_short_circuit_decorator.py
[2023-07-14T19:33:57.039+0000] {logging_mixin.py:150} INFO - [2023-07-14T19:33:57.039+0000] {dag.py:2742} INFO - Sync 1 DAGs
[2023-07-14T19:33:57.071+0000] {logging_mixin.py:150} INFO - [2023-07-14T19:33:57.071+0000] {dag.py:3508} INFO - Setting next_dagrun for example_short_circuit_decorator to 2023-07-13T19:33:57.070834+00:00, run_after=2023-07-14T19:33:57.070834+00:00
[2023-07-14T19:33:57.101+0000] {processor.py:179} INFO - Processing /home/airflow/.local/lib/python3.7/site-packages/airflow/example_dags/example_short_circuit_decorator.py took 0.114 seconds
[2023-07-14T19:34:27.393+0000] {processor.py:157} INFO - Started process (PID=609) to work on /home/airflow/.local/lib/python3.7/site-packages/airflow/example_dags/example_short_circuit_decorator.py
[2023-07-14T19:34:27.395+0000] {processor.py:826} INFO - Processing file /home/airflow/.local/lib/python3.7/site-packages/airflow/example_dags/example_short_circuit_decorator.py for tasks to queue
[2023-07-14T19:34:27.397+0000] {logging_mixin.py:150} INFO - [2023-07-14T19:34:27.396+0000] {dagbag.py:541} INFO - Filling up the DagBag from /home/airflow/.local/lib/python3.7/site-packages/airflow/example_dags/example_short_circuit_decorator.py
[2023-07-14T19:34:27.407+0000] {processor.py:836} INFO - DAG(s) dict_keys(['example_short_circuit_decorator']) retrieved from /home/airflow/.local/lib/python3.7/site-packages/airflow/example_dags/example_short_circuit_decorator.py
[2023-07-14T19:34:27.439+0000] {logging_mixin.py:150} INFO - [2023-07-14T19:34:27.438+0000] {dag.py:2742} INFO - Sync 1 DAGs
[2023-07-14T19:34:27.464+0000] {logging_mixin.py:150} INFO - [2023-07-14T19:34:27.464+0000] {dag.py:3508} INFO - Setting next_dagrun for example_short_circuit_decorator to 2023-07-13T19:34:27.464273+00:00, run_after=2023-07-14T19:34:27.464273+00:00
[2023-07-14T19:34:27.490+0000] {processor.py:179} INFO - Processing /home/airflow/.local/lib/python3.7/site-packages/airflow/example_dags/example_short_circuit_decorator.py took 0.100 seconds
[2023-07-14T19:34:57.846+0000] {processor.py:157} INFO - Started process (PID=679) to work on /home/airflow/.local/lib/python3.7/site-packages/airflow/example_dags/example_short_circuit_decorator.py
[2023-07-14T19:34:57.847+0000] {processor.py:826} INFO - Processing file /home/airflow/.local/lib/python3.7/site-packages/airflow/example_dags/example_short_circuit_decorator.py for tasks to queue
[2023-07-14T19:34:57.849+0000] {logging_mixin.py:150} INFO - [2023-07-14T19:34:57.848+0000] {dagbag.py:541} INFO - Filling up the DagBag from /home/airflow/.local/lib/python3.7/site-packages/airflow/example_dags/example_short_circuit_decorator.py
[2023-07-14T19:34:57.860+0000] {processor.py:836} INFO - DAG(s) dict_keys(['example_short_circuit_decorator']) retrieved from /home/airflow/.local/lib/python3.7/site-packages/airflow/example_dags/example_short_circuit_decorator.py
[2023-07-14T19:34:57.898+0000] {logging_mixin.py:150} INFO - [2023-07-14T19:34:57.898+0000] {dag.py:2742} INFO - Sync 1 DAGs
[2023-07-14T19:34:57.932+0000] {logging_mixin.py:150} INFO - [2023-07-14T19:34:57.931+0000] {dag.py:3508} INFO - Setting next_dagrun for example_short_circuit_decorator to 2023-07-13T19:34:57.931713+00:00, run_after=2023-07-14T19:34:57.931713+00:00
[2023-07-14T19:34:57.966+0000] {processor.py:179} INFO - Processing /home/airflow/.local/lib/python3.7/site-packages/airflow/example_dags/example_short_circuit_decorator.py took 0.123 seconds
[2023-07-14T19:35:28.142+0000] {processor.py:157} INFO - Started process (PID=749) to work on /home/airflow/.local/lib/python3.7/site-packages/airflow/example_dags/example_short_circuit_decorator.py
[2023-07-14T19:35:28.144+0000] {processor.py:826} INFO - Processing file /home/airflow/.local/lib/python3.7/site-packages/airflow/example_dags/example_short_circuit_decorator.py for tasks to queue
[2023-07-14T19:35:28.146+0000] {logging_mixin.py:150} INFO - [2023-07-14T19:35:28.145+0000] {dagbag.py:541} INFO - Filling up the DagBag from /home/airflow/.local/lib/python3.7/site-packages/airflow/example_dags/example_short_circuit_decorator.py
[2023-07-14T19:35:28.159+0000] {processor.py:836} INFO - DAG(s) dict_keys(['example_short_circuit_decorator']) retrieved from /home/airflow/.local/lib/python3.7/site-packages/airflow/example_dags/example_short_circuit_decorator.py
[2023-07-14T19:35:28.197+0000] {logging_mixin.py:150} INFO - [2023-07-14T19:35:28.197+0000] {dag.py:2742} INFO - Sync 1 DAGs
[2023-07-14T19:35:28.223+0000] {logging_mixin.py:150} INFO - [2023-07-14T19:35:28.223+0000] {dag.py:3508} INFO - Setting next_dagrun for example_short_circuit_decorator to 2023-07-13T19:35:28.222919+00:00, run_after=2023-07-14T19:35:28.222919+00:00
[2023-07-14T19:35:28.248+0000] {processor.py:179} INFO - Processing /home/airflow/.local/lib/python3.7/site-packages/airflow/example_dags/example_short_circuit_decorator.py took 0.109 seconds
[2023-07-14T19:35:58.390+0000] {processor.py:157} INFO - Started process (PID=819) to work on /home/airflow/.local/lib/python3.7/site-packages/airflow/example_dags/example_short_circuit_decorator.py
[2023-07-14T19:35:58.392+0000] {processor.py:826} INFO - Processing file /home/airflow/.local/lib/python3.7/site-packages/airflow/example_dags/example_short_circuit_decorator.py for tasks to queue
[2023-07-14T19:35:58.394+0000] {logging_mixin.py:150} INFO - [2023-07-14T19:35:58.394+0000] {dagbag.py:541} INFO - Filling up the DagBag from /home/airflow/.local/lib/python3.7/site-packages/airflow/example_dags/example_short_circuit_decorator.py
[2023-07-14T19:35:58.408+0000] {processor.py:836} INFO - DAG(s) dict_keys(['example_short_circuit_decorator']) retrieved from /home/airflow/.local/lib/python3.7/site-packages/airflow/example_dags/example_short_circuit_decorator.py
[2023-07-14T19:35:58.445+0000] {logging_mixin.py:150} INFO - [2023-07-14T19:35:58.445+0000] {dag.py:2742} INFO - Sync 1 DAGs
[2023-07-14T19:35:58.485+0000] {logging_mixin.py:150} INFO - [2023-07-14T19:35:58.485+0000] {dag.py:3508} INFO - Setting next_dagrun for example_short_circuit_decorator to 2023-07-13T19:35:58.485099+00:00, run_after=2023-07-14T19:35:58.485099+00:00
[2023-07-14T19:35:58.517+0000] {processor.py:179} INFO - Processing /home/airflow/.local/lib/python3.7/site-packages/airflow/example_dags/example_short_circuit_decorator.py took 0.131 seconds
[2023-07-14T19:36:28.697+0000] {processor.py:157} INFO - Started process (PID=890) to work on /home/airflow/.local/lib/python3.7/site-packages/airflow/example_dags/example_short_circuit_decorator.py
[2023-07-14T19:36:28.699+0000] {processor.py:826} INFO - Processing file /home/airflow/.local/lib/python3.7/site-packages/airflow/example_dags/example_short_circuit_decorator.py for tasks to queue
[2023-07-14T19:36:28.701+0000] {logging_mixin.py:150} INFO - [2023-07-14T19:36:28.701+0000] {dagbag.py:541} INFO - Filling up the DagBag from /home/airflow/.local/lib/python3.7/site-packages/airflow/example_dags/example_short_circuit_decorator.py
[2023-07-14T19:36:28.715+0000] {processor.py:836} INFO - DAG(s) dict_keys(['example_short_circuit_decorator']) retrieved from /home/airflow/.local/lib/python3.7/site-packages/airflow/example_dags/example_short_circuit_decorator.py
[2023-07-14T19:36:28.757+0000] {logging_mixin.py:150} INFO - [2023-07-14T19:36:28.756+0000] {dag.py:2742} INFO - Sync 1 DAGs
[2023-07-14T19:36:28.796+0000] {logging_mixin.py:150} INFO - [2023-07-14T19:36:28.795+0000] {dag.py:3508} INFO - Setting next_dagrun for example_short_circuit_decorator to 2023-07-13T19:36:28.795418+00:00, run_after=2023-07-14T19:36:28.795418+00:00
[2023-07-14T19:36:28.840+0000] {processor.py:179} INFO - Processing /home/airflow/.local/lib/python3.7/site-packages/airflow/example_dags/example_short_circuit_decorator.py took 0.147 seconds
[2023-07-14T19:36:59.243+0000] {processor.py:157} INFO - Started process (PID=960) to work on /home/airflow/.local/lib/python3.7/site-packages/airflow/example_dags/example_short_circuit_decorator.py
[2023-07-14T19:36:59.244+0000] {processor.py:826} INFO - Processing file /home/airflow/.local/lib/python3.7/site-packages/airflow/example_dags/example_short_circuit_decorator.py for tasks to queue
[2023-07-14T19:36:59.246+0000] {logging_mixin.py:150} INFO - [2023-07-14T19:36:59.245+0000] {dagbag.py:541} INFO - Filling up the DagBag from /home/airflow/.local/lib/python3.7/site-packages/airflow/example_dags/example_short_circuit_decorator.py
[2023-07-14T19:36:59.256+0000] {processor.py:836} INFO - DAG(s) dict_keys(['example_short_circuit_decorator']) retrieved from /home/airflow/.local/lib/python3.7/site-packages/airflow/example_dags/example_short_circuit_decorator.py
[2023-07-14T19:36:59.283+0000] {logging_mixin.py:150} INFO - [2023-07-14T19:36:59.283+0000] {dag.py:2742} INFO - Sync 1 DAGs
[2023-07-14T19:36:59.313+0000] {logging_mixin.py:150} INFO - [2023-07-14T19:36:59.313+0000] {dag.py:3508} INFO - Setting next_dagrun for example_short_circuit_decorator to 2023-07-13T19:36:59.313409+00:00, run_after=2023-07-14T19:36:59.313409+00:00
[2023-07-14T19:36:59.337+0000] {processor.py:179} INFO - Processing /home/airflow/.local/lib/python3.7/site-packages/airflow/example_dags/example_short_circuit_decorator.py took 0.097 seconds
[2023-07-14T19:37:30.075+0000] {processor.py:157} INFO - Started process (PID=1030) to work on /home/airflow/.local/lib/python3.7/site-packages/airflow/example_dags/example_short_circuit_decorator.py
[2023-07-14T19:37:30.077+0000] {processor.py:826} INFO - Processing file /home/airflow/.local/lib/python3.7/site-packages/airflow/example_dags/example_short_circuit_decorator.py for tasks to queue
[2023-07-14T19:37:30.080+0000] {logging_mixin.py:150} INFO - [2023-07-14T19:37:30.079+0000] {dagbag.py:541} INFO - Filling up the DagBag from /home/airflow/.local/lib/python3.7/site-packages/airflow/example_dags/example_short_circuit_decorator.py
[2023-07-14T19:37:30.092+0000] {processor.py:836} INFO - DAG(s) dict_keys(['example_short_circuit_decorator']) retrieved from /home/airflow/.local/lib/python3.7/site-packages/airflow/example_dags/example_short_circuit_decorator.py
[2023-07-14T19:37:30.182+0000] {logging_mixin.py:150} INFO - [2023-07-14T19:37:30.181+0000] {dag.py:2742} INFO - Sync 1 DAGs
[2023-07-14T19:37:30.217+0000] {logging_mixin.py:150} INFO - [2023-07-14T19:37:30.216+0000] {dag.py:3508} INFO - Setting next_dagrun for example_short_circuit_decorator to 2023-07-13T19:37:30.216467+00:00, run_after=2023-07-14T19:37:30.216467+00:00
[2023-07-14T19:37:30.248+0000] {processor.py:179} INFO - Processing /home/airflow/.local/lib/python3.7/site-packages/airflow/example_dags/example_short_circuit_decorator.py took 0.176 seconds
[2023-07-14T19:38:01.049+0000] {processor.py:157} INFO - Started process (PID=1100) to work on /home/airflow/.local/lib/python3.7/site-packages/airflow/example_dags/example_short_circuit_decorator.py
[2023-07-14T19:38:01.051+0000] {processor.py:826} INFO - Processing file /home/airflow/.local/lib/python3.7/site-packages/airflow/example_dags/example_short_circuit_decorator.py for tasks to queue
[2023-07-14T19:38:01.052+0000] {logging_mixin.py:150} INFO - [2023-07-14T19:38:01.052+0000] {dagbag.py:541} INFO - Filling up the DagBag from /home/airflow/.local/lib/python3.7/site-packages/airflow/example_dags/example_short_circuit_decorator.py
[2023-07-14T19:38:01.067+0000] {processor.py:836} INFO - DAG(s) dict_keys(['example_short_circuit_decorator']) retrieved from /home/airflow/.local/lib/python3.7/site-packages/airflow/example_dags/example_short_circuit_decorator.py
[2023-07-14T19:38:01.104+0000] {logging_mixin.py:150} INFO - [2023-07-14T19:38:01.104+0000] {dag.py:2742} INFO - Sync 1 DAGs
[2023-07-14T19:38:01.140+0000] {logging_mixin.py:150} INFO - [2023-07-14T19:38:01.140+0000] {dag.py:3508} INFO - Setting next_dagrun for example_short_circuit_decorator to 2023-07-13T19:38:01.140222+00:00, run_after=2023-07-14T19:38:01.140222+00:00
[2023-07-14T19:38:01.173+0000] {processor.py:179} INFO - Processing /home/airflow/.local/lib/python3.7/site-packages/airflow/example_dags/example_short_circuit_decorator.py took 0.129 seconds
[2023-07-14T19:38:31.246+0000] {processor.py:157} INFO - Started process (PID=1171) to work on /home/airflow/.local/lib/python3.7/site-packages/airflow/example_dags/example_short_circuit_decorator.py
[2023-07-14T19:38:31.248+0000] {processor.py:826} INFO - Processing file /home/airflow/.local/lib/python3.7/site-packages/airflow/example_dags/example_short_circuit_decorator.py for tasks to queue
[2023-07-14T19:38:31.249+0000] {logging_mixin.py:150} INFO - [2023-07-14T19:38:31.249+0000] {dagbag.py:541} INFO - Filling up the DagBag from /home/airflow/.local/lib/python3.7/site-packages/airflow/example_dags/example_short_circuit_decorator.py
[2023-07-14T19:38:31.260+0000] {processor.py:836} INFO - DAG(s) dict_keys(['example_short_circuit_decorator']) retrieved from /home/airflow/.local/lib/python3.7/site-packages/airflow/example_dags/example_short_circuit_decorator.py
[2023-07-14T19:38:31.299+0000] {logging_mixin.py:150} INFO - [2023-07-14T19:38:31.299+0000] {dag.py:2742} INFO - Sync 1 DAGs
[2023-07-14T19:38:31.342+0000] {logging_mixin.py:150} INFO - [2023-07-14T19:38:31.342+0000] {dag.py:3508} INFO - Setting next_dagrun for example_short_circuit_decorator to 2023-07-13T19:38:31.342411+00:00, run_after=2023-07-14T19:38:31.342411+00:00
[2023-07-14T19:38:31.373+0000] {processor.py:179} INFO - Processing /home/airflow/.local/lib/python3.7/site-packages/airflow/example_dags/example_short_circuit_decorator.py took 0.131 seconds
[2023-07-14T19:39:01.815+0000] {processor.py:157} INFO - Started process (PID=1241) to work on /home/airflow/.local/lib/python3.7/site-packages/airflow/example_dags/example_short_circuit_decorator.py
[2023-07-14T19:39:01.816+0000] {processor.py:826} INFO - Processing file /home/airflow/.local/lib/python3.7/site-packages/airflow/example_dags/example_short_circuit_decorator.py for tasks to queue
[2023-07-14T19:39:01.818+0000] {logging_mixin.py:150} INFO - [2023-07-14T19:39:01.817+0000] {dagbag.py:541} INFO - Filling up the DagBag from /home/airflow/.local/lib/python3.7/site-packages/airflow/example_dags/example_short_circuit_decorator.py
[2023-07-14T19:39:01.828+0000] {processor.py:836} INFO - DAG(s) dict_keys(['example_short_circuit_decorator']) retrieved from /home/airflow/.local/lib/python3.7/site-packages/airflow/example_dags/example_short_circuit_decorator.py
[2023-07-14T19:39:01.859+0000] {logging_mixin.py:150} INFO - [2023-07-14T19:39:01.859+0000] {dag.py:2742} INFO - Sync 1 DAGs
[2023-07-14T19:39:01.888+0000] {logging_mixin.py:150} INFO - [2023-07-14T19:39:01.888+0000] {dag.py:3508} INFO - Setting next_dagrun for example_short_circuit_decorator to 2023-07-13T19:39:01.888032+00:00, run_after=2023-07-14T19:39:01.888032+00:00
[2023-07-14T19:39:01.916+0000] {processor.py:179} INFO - Processing /home/airflow/.local/lib/python3.7/site-packages/airflow/example_dags/example_short_circuit_decorator.py took 0.104 seconds
