[2023-07-14T19:30:25.888+0000] {processor.py:157} INFO - Started process (PID=69) to work on /home/airflow/.local/lib/python3.7/site-packages/airflow/example_dags/example_bash_operator.py
[2023-07-14T19:30:25.891+0000] {processor.py:826} INFO - Processing file /home/airflow/.local/lib/python3.7/site-packages/airflow/example_dags/example_bash_operator.py for tasks to queue
[2023-07-14T19:30:25.894+0000] {logging_mixin.py:150} INFO - [2023-07-14T19:30:25.894+0000] {dagbag.py:541} INFO - Filling up the DagBag from /home/airflow/.local/lib/python3.7/site-packages/airflow/example_dags/example_bash_operator.py
[2023-07-14T19:30:25.969+0000] {processor.py:836} INFO - DAG(s) dict_keys(['example_bash_operator']) retrieved from /home/airflow/.local/lib/python3.7/site-packages/airflow/example_dags/example_bash_operator.py
[2023-07-14T19:30:26.427+0000] {logging_mixin.py:150} INFO - [2023-07-14T19:30:26.427+0000] {manager.py:504} INFO - Created Permission View: can read on DAG:example_bash_operator
[2023-07-14T19:30:26.453+0000] {logging_mixin.py:150} INFO - [2023-07-14T19:30:26.453+0000] {manager.py:504} INFO - Created Permission View: can edit on DAG:example_bash_operator
[2023-07-14T19:30:26.472+0000] {logging_mixin.py:150} INFO - [2023-07-14T19:30:26.472+0000] {manager.py:504} INFO - Created Permission View: can delete on DAG:example_bash_operator
[2023-07-14T19:30:26.509+0000] {logging_mixin.py:150} INFO - [2023-07-14T19:30:26.509+0000] {dag.py:2742} INFO - Sync 1 DAGs
[2023-07-14T19:30:26.537+0000] {logging_mixin.py:150} INFO - [2023-07-14T19:30:26.537+0000] {dag.py:2763} INFO - Creating ORM DAG for example_bash_operator
[2023-07-14T19:30:26.564+0000] {logging_mixin.py:150} INFO - [2023-07-14T19:30:26.563+0000] {dag.py:3508} INFO - Setting next_dagrun for example_bash_operator to 2023-07-13T00:00:00+00:00, run_after=2023-07-14T00:00:00+00:00
[2023-07-14T19:30:26.609+0000] {processor.py:179} INFO - Processing /home/airflow/.local/lib/python3.7/site-packages/airflow/example_dags/example_bash_operator.py took 0.729 seconds
[2023-07-14T19:30:57.203+0000] {processor.py:157} INFO - Started process (PID=139) to work on /home/airflow/.local/lib/python3.7/site-packages/airflow/example_dags/example_bash_operator.py
[2023-07-14T19:30:57.205+0000] {processor.py:826} INFO - Processing file /home/airflow/.local/lib/python3.7/site-packages/airflow/example_dags/example_bash_operator.py for tasks to queue
[2023-07-14T19:30:57.207+0000] {logging_mixin.py:150} INFO - [2023-07-14T19:30:57.207+0000] {dagbag.py:541} INFO - Filling up the DagBag from /home/airflow/.local/lib/python3.7/site-packages/airflow/example_dags/example_bash_operator.py
[2023-07-14T19:30:57.233+0000] {processor.py:836} INFO - DAG(s) dict_keys(['example_bash_operator']) retrieved from /home/airflow/.local/lib/python3.7/site-packages/airflow/example_dags/example_bash_operator.py
[2023-07-14T19:30:57.296+0000] {logging_mixin.py:150} INFO - [2023-07-14T19:30:57.296+0000] {dag.py:2742} INFO - Sync 1 DAGs
[2023-07-14T19:30:57.337+0000] {logging_mixin.py:150} INFO - [2023-07-14T19:30:57.337+0000] {dag.py:3508} INFO - Setting next_dagrun for example_bash_operator to 2023-07-13T00:00:00+00:00, run_after=2023-07-14T00:00:00+00:00
[2023-07-14T19:30:57.373+0000] {processor.py:179} INFO - Processing /home/airflow/.local/lib/python3.7/site-packages/airflow/example_dags/example_bash_operator.py took 0.177 seconds
[2023-07-14T19:31:27.953+0000] {processor.py:157} INFO - Started process (PID=209) to work on /home/airflow/.local/lib/python3.7/site-packages/airflow/example_dags/example_bash_operator.py
[2023-07-14T19:31:27.955+0000] {processor.py:826} INFO - Processing file /home/airflow/.local/lib/python3.7/site-packages/airflow/example_dags/example_bash_operator.py for tasks to queue
[2023-07-14T19:31:27.957+0000] {logging_mixin.py:150} INFO - [2023-07-14T19:31:27.957+0000] {dagbag.py:541} INFO - Filling up the DagBag from /home/airflow/.local/lib/python3.7/site-packages/airflow/example_dags/example_bash_operator.py
[2023-07-14T19:31:27.975+0000] {processor.py:836} INFO - DAG(s) dict_keys(['example_bash_operator']) retrieved from /home/airflow/.local/lib/python3.7/site-packages/airflow/example_dags/example_bash_operator.py
[2023-07-14T19:31:28.033+0000] {logging_mixin.py:150} INFO - [2023-07-14T19:31:28.032+0000] {dag.py:2742} INFO - Sync 1 DAGs
[2023-07-14T19:31:28.079+0000] {logging_mixin.py:150} INFO - [2023-07-14T19:31:28.078+0000] {dag.py:3508} INFO - Setting next_dagrun for example_bash_operator to 2023-07-13T00:00:00+00:00, run_after=2023-07-14T00:00:00+00:00
[2023-07-14T19:31:28.105+0000] {processor.py:179} INFO - Processing /home/airflow/.local/lib/python3.7/site-packages/airflow/example_dags/example_bash_operator.py took 0.156 seconds
[2023-07-14T19:31:58.728+0000] {processor.py:157} INFO - Started process (PID=279) to work on /home/airflow/.local/lib/python3.7/site-packages/airflow/example_dags/example_bash_operator.py
[2023-07-14T19:31:58.730+0000] {processor.py:826} INFO - Processing file /home/airflow/.local/lib/python3.7/site-packages/airflow/example_dags/example_bash_operator.py for tasks to queue
[2023-07-14T19:31:58.732+0000] {logging_mixin.py:150} INFO - [2023-07-14T19:31:58.731+0000] {dagbag.py:541} INFO - Filling up the DagBag from /home/airflow/.local/lib/python3.7/site-packages/airflow/example_dags/example_bash_operator.py
[2023-07-14T19:31:58.751+0000] {processor.py:836} INFO - DAG(s) dict_keys(['example_bash_operator']) retrieved from /home/airflow/.local/lib/python3.7/site-packages/airflow/example_dags/example_bash_operator.py
[2023-07-14T19:31:58.799+0000] {logging_mixin.py:150} INFO - [2023-07-14T19:31:58.798+0000] {dag.py:2742} INFO - Sync 1 DAGs
[2023-07-14T19:31:58.829+0000] {logging_mixin.py:150} INFO - [2023-07-14T19:31:58.828+0000] {dag.py:3508} INFO - Setting next_dagrun for example_bash_operator to 2023-07-13T00:00:00+00:00, run_after=2023-07-14T00:00:00+00:00
[2023-07-14T19:31:58.859+0000] {processor.py:179} INFO - Processing /home/airflow/.local/lib/python3.7/site-packages/airflow/example_dags/example_bash_operator.py took 0.136 seconds
[2023-07-14T19:32:29.048+0000] {processor.py:157} INFO - Started process (PID=349) to work on /home/airflow/.local/lib/python3.7/site-packages/airflow/example_dags/example_bash_operator.py
[2023-07-14T19:32:29.050+0000] {processor.py:826} INFO - Processing file /home/airflow/.local/lib/python3.7/site-packages/airflow/example_dags/example_bash_operator.py for tasks to queue
[2023-07-14T19:32:29.055+0000] {logging_mixin.py:150} INFO - [2023-07-14T19:32:29.054+0000] {dagbag.py:541} INFO - Filling up the DagBag from /home/airflow/.local/lib/python3.7/site-packages/airflow/example_dags/example_bash_operator.py
[2023-07-14T19:32:29.081+0000] {processor.py:836} INFO - DAG(s) dict_keys(['example_bash_operator']) retrieved from /home/airflow/.local/lib/python3.7/site-packages/airflow/example_dags/example_bash_operator.py
[2023-07-14T19:32:29.154+0000] {logging_mixin.py:150} INFO - [2023-07-14T19:32:29.154+0000] {dag.py:2742} INFO - Sync 1 DAGs
[2023-07-14T19:32:29.201+0000] {logging_mixin.py:150} INFO - [2023-07-14T19:32:29.201+0000] {dag.py:3508} INFO - Setting next_dagrun for example_bash_operator to 2023-07-13T00:00:00+00:00, run_after=2023-07-14T00:00:00+00:00
[2023-07-14T19:32:29.250+0000] {processor.py:179} INFO - Processing /home/airflow/.local/lib/python3.7/site-packages/airflow/example_dags/example_bash_operator.py took 0.209 seconds
[2023-07-14T19:32:59.830+0000] {processor.py:157} INFO - Started process (PID=419) to work on /home/airflow/.local/lib/python3.7/site-packages/airflow/example_dags/example_bash_operator.py
[2023-07-14T19:32:59.831+0000] {processor.py:826} INFO - Processing file /home/airflow/.local/lib/python3.7/site-packages/airflow/example_dags/example_bash_operator.py for tasks to queue
[2023-07-14T19:32:59.833+0000] {logging_mixin.py:150} INFO - [2023-07-14T19:32:59.833+0000] {dagbag.py:541} INFO - Filling up the DagBag from /home/airflow/.local/lib/python3.7/site-packages/airflow/example_dags/example_bash_operator.py
[2023-07-14T19:32:59.849+0000] {processor.py:836} INFO - DAG(s) dict_keys(['example_bash_operator']) retrieved from /home/airflow/.local/lib/python3.7/site-packages/airflow/example_dags/example_bash_operator.py
[2023-07-14T19:32:59.896+0000] {logging_mixin.py:150} INFO - [2023-07-14T19:32:59.895+0000] {dag.py:2742} INFO - Sync 1 DAGs
[2023-07-14T19:32:59.928+0000] {logging_mixin.py:150} INFO - [2023-07-14T19:32:59.928+0000] {dag.py:3508} INFO - Setting next_dagrun for example_bash_operator to 2023-07-13T00:00:00+00:00, run_after=2023-07-14T00:00:00+00:00
[2023-07-14T19:32:59.957+0000] {processor.py:179} INFO - Processing /home/airflow/.local/lib/python3.7/site-packages/airflow/example_dags/example_bash_operator.py took 0.131 seconds
[2023-07-14T19:33:30.120+0000] {processor.py:157} INFO - Started process (PID=489) to work on /home/airflow/.local/lib/python3.7/site-packages/airflow/example_dags/example_bash_operator.py
[2023-07-14T19:33:30.122+0000] {processor.py:826} INFO - Processing file /home/airflow/.local/lib/python3.7/site-packages/airflow/example_dags/example_bash_operator.py for tasks to queue
[2023-07-14T19:33:30.123+0000] {logging_mixin.py:150} INFO - [2023-07-14T19:33:30.123+0000] {dagbag.py:541} INFO - Filling up the DagBag from /home/airflow/.local/lib/python3.7/site-packages/airflow/example_dags/example_bash_operator.py
[2023-07-14T19:33:30.141+0000] {processor.py:836} INFO - DAG(s) dict_keys(['example_bash_operator']) retrieved from /home/airflow/.local/lib/python3.7/site-packages/airflow/example_dags/example_bash_operator.py
[2023-07-14T19:33:30.188+0000] {logging_mixin.py:150} INFO - [2023-07-14T19:33:30.188+0000] {dag.py:2742} INFO - Sync 1 DAGs
[2023-07-14T19:33:30.223+0000] {logging_mixin.py:150} INFO - [2023-07-14T19:33:30.223+0000] {dag.py:3508} INFO - Setting next_dagrun for example_bash_operator to 2023-07-13T00:00:00+00:00, run_after=2023-07-14T00:00:00+00:00
[2023-07-14T19:33:30.252+0000] {processor.py:179} INFO - Processing /home/airflow/.local/lib/python3.7/site-packages/airflow/example_dags/example_bash_operator.py took 0.135 seconds
[2023-07-14T19:34:00.727+0000] {processor.py:157} INFO - Started process (PID=559) to work on /home/airflow/.local/lib/python3.7/site-packages/airflow/example_dags/example_bash_operator.py
[2023-07-14T19:34:00.729+0000] {processor.py:826} INFO - Processing file /home/airflow/.local/lib/python3.7/site-packages/airflow/example_dags/example_bash_operator.py for tasks to queue
[2023-07-14T19:34:00.731+0000] {logging_mixin.py:150} INFO - [2023-07-14T19:34:00.730+0000] {dagbag.py:541} INFO - Filling up the DagBag from /home/airflow/.local/lib/python3.7/site-packages/airflow/example_dags/example_bash_operator.py
[2023-07-14T19:34:00.749+0000] {processor.py:836} INFO - DAG(s) dict_keys(['example_bash_operator']) retrieved from /home/airflow/.local/lib/python3.7/site-packages/airflow/example_dags/example_bash_operator.py
[2023-07-14T19:34:00.791+0000] {logging_mixin.py:150} INFO - [2023-07-14T19:34:00.791+0000] {dag.py:2742} INFO - Sync 1 DAGs
[2023-07-14T19:34:00.820+0000] {logging_mixin.py:150} INFO - [2023-07-14T19:34:00.820+0000] {dag.py:3508} INFO - Setting next_dagrun for example_bash_operator to 2023-07-13T00:00:00+00:00, run_after=2023-07-14T00:00:00+00:00
[2023-07-14T19:34:00.843+0000] {processor.py:179} INFO - Processing /home/airflow/.local/lib/python3.7/site-packages/airflow/example_dags/example_bash_operator.py took 0.119 seconds
[2023-07-14T19:34:30.997+0000] {processor.py:157} INFO - Started process (PID=629) to work on /home/airflow/.local/lib/python3.7/site-packages/airflow/example_dags/example_bash_operator.py
[2023-07-14T19:34:30.998+0000] {processor.py:826} INFO - Processing file /home/airflow/.local/lib/python3.7/site-packages/airflow/example_dags/example_bash_operator.py for tasks to queue
[2023-07-14T19:34:31.000+0000] {logging_mixin.py:150} INFO - [2023-07-14T19:34:30.999+0000] {dagbag.py:541} INFO - Filling up the DagBag from /home/airflow/.local/lib/python3.7/site-packages/airflow/example_dags/example_bash_operator.py
[2023-07-14T19:34:31.016+0000] {processor.py:836} INFO - DAG(s) dict_keys(['example_bash_operator']) retrieved from /home/airflow/.local/lib/python3.7/site-packages/airflow/example_dags/example_bash_operator.py
[2023-07-14T19:34:31.063+0000] {logging_mixin.py:150} INFO - [2023-07-14T19:34:31.063+0000] {dag.py:2742} INFO - Sync 1 DAGs
[2023-07-14T19:34:31.093+0000] {logging_mixin.py:150} INFO - [2023-07-14T19:34:31.093+0000] {dag.py:3508} INFO - Setting next_dagrun for example_bash_operator to 2023-07-13T00:00:00+00:00, run_after=2023-07-14T00:00:00+00:00
[2023-07-14T19:34:31.122+0000] {processor.py:179} INFO - Processing /home/airflow/.local/lib/python3.7/site-packages/airflow/example_dags/example_bash_operator.py took 0.129 seconds
[2023-07-14T19:35:01.830+0000] {processor.py:157} INFO - Started process (PID=699) to work on /home/airflow/.local/lib/python3.7/site-packages/airflow/example_dags/example_bash_operator.py
[2023-07-14T19:35:01.832+0000] {processor.py:826} INFO - Processing file /home/airflow/.local/lib/python3.7/site-packages/airflow/example_dags/example_bash_operator.py for tasks to queue
[2023-07-14T19:35:01.834+0000] {logging_mixin.py:150} INFO - [2023-07-14T19:35:01.834+0000] {dagbag.py:541} INFO - Filling up the DagBag from /home/airflow/.local/lib/python3.7/site-packages/airflow/example_dags/example_bash_operator.py
[2023-07-14T19:35:01.863+0000] {processor.py:836} INFO - DAG(s) dict_keys(['example_bash_operator']) retrieved from /home/airflow/.local/lib/python3.7/site-packages/airflow/example_dags/example_bash_operator.py
[2023-07-14T19:35:01.920+0000] {logging_mixin.py:150} INFO - [2023-07-14T19:35:01.920+0000] {dag.py:2742} INFO - Sync 1 DAGs
[2023-07-14T19:35:01.966+0000] {logging_mixin.py:150} INFO - [2023-07-14T19:35:01.966+0000] {dag.py:3508} INFO - Setting next_dagrun for example_bash_operator to 2023-07-13T00:00:00+00:00, run_after=2023-07-14T00:00:00+00:00
[2023-07-14T19:35:02.006+0000] {processor.py:179} INFO - Processing /home/airflow/.local/lib/python3.7/site-packages/airflow/example_dags/example_bash_operator.py took 0.183 seconds
[2023-07-14T19:35:32.681+0000] {processor.py:157} INFO - Started process (PID=769) to work on /home/airflow/.local/lib/python3.7/site-packages/airflow/example_dags/example_bash_operator.py
[2023-07-14T19:35:32.682+0000] {processor.py:826} INFO - Processing file /home/airflow/.local/lib/python3.7/site-packages/airflow/example_dags/example_bash_operator.py for tasks to queue
[2023-07-14T19:35:32.684+0000] {logging_mixin.py:150} INFO - [2023-07-14T19:35:32.683+0000] {dagbag.py:541} INFO - Filling up the DagBag from /home/airflow/.local/lib/python3.7/site-packages/airflow/example_dags/example_bash_operator.py
[2023-07-14T19:35:32.707+0000] {processor.py:836} INFO - DAG(s) dict_keys(['example_bash_operator']) retrieved from /home/airflow/.local/lib/python3.7/site-packages/airflow/example_dags/example_bash_operator.py
[2023-07-14T19:35:32.757+0000] {logging_mixin.py:150} INFO - [2023-07-14T19:35:32.757+0000] {dag.py:2742} INFO - Sync 1 DAGs
[2023-07-14T19:35:32.791+0000] {logging_mixin.py:150} INFO - [2023-07-14T19:35:32.791+0000] {dag.py:3508} INFO - Setting next_dagrun for example_bash_operator to 2023-07-13T00:00:00+00:00, run_after=2023-07-14T00:00:00+00:00
[2023-07-14T19:35:32.818+0000] {processor.py:179} INFO - Processing /home/airflow/.local/lib/python3.7/site-packages/airflow/example_dags/example_bash_operator.py took 0.141 seconds
[2023-07-14T19:36:03.247+0000] {processor.py:157} INFO - Started process (PID=839) to work on /home/airflow/.local/lib/python3.7/site-packages/airflow/example_dags/example_bash_operator.py
[2023-07-14T19:36:03.249+0000] {processor.py:826} INFO - Processing file /home/airflow/.local/lib/python3.7/site-packages/airflow/example_dags/example_bash_operator.py for tasks to queue
[2023-07-14T19:36:03.251+0000] {logging_mixin.py:150} INFO - [2023-07-14T19:36:03.251+0000] {dagbag.py:541} INFO - Filling up the DagBag from /home/airflow/.local/lib/python3.7/site-packages/airflow/example_dags/example_bash_operator.py
[2023-07-14T19:36:03.275+0000] {processor.py:836} INFO - DAG(s) dict_keys(['example_bash_operator']) retrieved from /home/airflow/.local/lib/python3.7/site-packages/airflow/example_dags/example_bash_operator.py
[2023-07-14T19:36:03.332+0000] {logging_mixin.py:150} INFO - [2023-07-14T19:36:03.332+0000] {dag.py:2742} INFO - Sync 1 DAGs
[2023-07-14T19:36:03.378+0000] {logging_mixin.py:150} INFO - [2023-07-14T19:36:03.377+0000] {dag.py:3508} INFO - Setting next_dagrun for example_bash_operator to 2023-07-13T00:00:00+00:00, run_after=2023-07-14T00:00:00+00:00
[2023-07-14T19:36:03.411+0000] {processor.py:179} INFO - Processing /home/airflow/.local/lib/python3.7/site-packages/airflow/example_dags/example_bash_operator.py took 0.168 seconds
[2023-07-14T19:36:34.101+0000] {processor.py:157} INFO - Started process (PID=910) to work on /home/airflow/.local/lib/python3.7/site-packages/airflow/example_dags/example_bash_operator.py
[2023-07-14T19:36:34.102+0000] {processor.py:826} INFO - Processing file /home/airflow/.local/lib/python3.7/site-packages/airflow/example_dags/example_bash_operator.py for tasks to queue
[2023-07-14T19:36:34.104+0000] {logging_mixin.py:150} INFO - [2023-07-14T19:36:34.104+0000] {dagbag.py:541} INFO - Filling up the DagBag from /home/airflow/.local/lib/python3.7/site-packages/airflow/example_dags/example_bash_operator.py
[2023-07-14T19:36:34.125+0000] {processor.py:836} INFO - DAG(s) dict_keys(['example_bash_operator']) retrieved from /home/airflow/.local/lib/python3.7/site-packages/airflow/example_dags/example_bash_operator.py
[2023-07-14T19:36:34.172+0000] {logging_mixin.py:150} INFO - [2023-07-14T19:36:34.172+0000] {dag.py:2742} INFO - Sync 1 DAGs
[2023-07-14T19:36:34.203+0000] {logging_mixin.py:150} INFO - [2023-07-14T19:36:34.202+0000] {dag.py:3508} INFO - Setting next_dagrun for example_bash_operator to 2023-07-13T00:00:00+00:00, run_after=2023-07-14T00:00:00+00:00
[2023-07-14T19:36:34.231+0000] {processor.py:179} INFO - Processing /home/airflow/.local/lib/python3.7/site-packages/airflow/example_dags/example_bash_operator.py took 0.134 seconds
[2023-07-14T19:37:04.781+0000] {processor.py:157} INFO - Started process (PID=980) to work on /home/airflow/.local/lib/python3.7/site-packages/airflow/example_dags/example_bash_operator.py
[2023-07-14T19:37:04.783+0000] {processor.py:826} INFO - Processing file /home/airflow/.local/lib/python3.7/site-packages/airflow/example_dags/example_bash_operator.py for tasks to queue
[2023-07-14T19:37:04.785+0000] {logging_mixin.py:150} INFO - [2023-07-14T19:37:04.784+0000] {dagbag.py:541} INFO - Filling up the DagBag from /home/airflow/.local/lib/python3.7/site-packages/airflow/example_dags/example_bash_operator.py
[2023-07-14T19:37:04.805+0000] {processor.py:836} INFO - DAG(s) dict_keys(['example_bash_operator']) retrieved from /home/airflow/.local/lib/python3.7/site-packages/airflow/example_dags/example_bash_operator.py
[2023-07-14T19:37:04.859+0000] {logging_mixin.py:150} INFO - [2023-07-14T19:37:04.859+0000] {dag.py:2742} INFO - Sync 1 DAGs
[2023-07-14T19:37:04.894+0000] {logging_mixin.py:150} INFO - [2023-07-14T19:37:04.893+0000] {dag.py:3508} INFO - Setting next_dagrun for example_bash_operator to 2023-07-13T00:00:00+00:00, run_after=2023-07-14T00:00:00+00:00
[2023-07-14T19:37:04.925+0000] {processor.py:179} INFO - Processing /home/airflow/.local/lib/python3.7/site-packages/airflow/example_dags/example_bash_operator.py took 0.150 seconds
[2023-07-14T19:37:35.063+0000] {processor.py:157} INFO - Started process (PID=1041) to work on /home/airflow/.local/lib/python3.7/site-packages/airflow/example_dags/example_bash_operator.py
[2023-07-14T19:37:35.064+0000] {processor.py:826} INFO - Processing file /home/airflow/.local/lib/python3.7/site-packages/airflow/example_dags/example_bash_operator.py for tasks to queue
[2023-07-14T19:37:35.066+0000] {logging_mixin.py:150} INFO - [2023-07-14T19:37:35.066+0000] {dagbag.py:541} INFO - Filling up the DagBag from /home/airflow/.local/lib/python3.7/site-packages/airflow/example_dags/example_bash_operator.py
[2023-07-14T19:37:35.082+0000] {processor.py:836} INFO - DAG(s) dict_keys(['example_bash_operator']) retrieved from /home/airflow/.local/lib/python3.7/site-packages/airflow/example_dags/example_bash_operator.py
[2023-07-14T19:37:35.139+0000] {logging_mixin.py:150} INFO - [2023-07-14T19:37:35.139+0000] {dag.py:2742} INFO - Sync 1 DAGs
[2023-07-14T19:37:35.174+0000] {logging_mixin.py:150} INFO - [2023-07-14T19:37:35.174+0000] {dag.py:3508} INFO - Setting next_dagrun for example_bash_operator to 2023-07-13T00:00:00+00:00, run_after=2023-07-14T00:00:00+00:00
[2023-07-14T19:37:35.214+0000] {processor.py:179} INFO - Processing /home/airflow/.local/lib/python3.7/site-packages/airflow/example_dags/example_bash_operator.py took 0.155 seconds
[2023-07-14T19:38:05.653+0000] {processor.py:157} INFO - Started process (PID=1111) to work on /home/airflow/.local/lib/python3.7/site-packages/airflow/example_dags/example_bash_operator.py
[2023-07-14T19:38:05.654+0000] {processor.py:826} INFO - Processing file /home/airflow/.local/lib/python3.7/site-packages/airflow/example_dags/example_bash_operator.py for tasks to queue
[2023-07-14T19:38:05.656+0000] {logging_mixin.py:150} INFO - [2023-07-14T19:38:05.656+0000] {dagbag.py:541} INFO - Filling up the DagBag from /home/airflow/.local/lib/python3.7/site-packages/airflow/example_dags/example_bash_operator.py
[2023-07-14T19:38:05.678+0000] {processor.py:836} INFO - DAG(s) dict_keys(['example_bash_operator']) retrieved from /home/airflow/.local/lib/python3.7/site-packages/airflow/example_dags/example_bash_operator.py
[2023-07-14T19:38:05.729+0000] {logging_mixin.py:150} INFO - [2023-07-14T19:38:05.729+0000] {dag.py:2742} INFO - Sync 1 DAGs
[2023-07-14T19:38:05.767+0000] {logging_mixin.py:150} INFO - [2023-07-14T19:38:05.767+0000] {dag.py:3508} INFO - Setting next_dagrun for example_bash_operator to 2023-07-13T00:00:00+00:00, run_after=2023-07-14T00:00:00+00:00
[2023-07-14T19:38:05.799+0000] {processor.py:179} INFO - Processing /home/airflow/.local/lib/python3.7/site-packages/airflow/example_dags/example_bash_operator.py took 0.150 seconds
[2023-07-14T19:38:36.644+0000] {processor.py:157} INFO - Started process (PID=1182) to work on /home/airflow/.local/lib/python3.7/site-packages/airflow/example_dags/example_bash_operator.py
[2023-07-14T19:38:36.645+0000] {processor.py:826} INFO - Processing file /home/airflow/.local/lib/python3.7/site-packages/airflow/example_dags/example_bash_operator.py for tasks to queue
[2023-07-14T19:38:36.647+0000] {logging_mixin.py:150} INFO - [2023-07-14T19:38:36.647+0000] {dagbag.py:541} INFO - Filling up the DagBag from /home/airflow/.local/lib/python3.7/site-packages/airflow/example_dags/example_bash_operator.py
[2023-07-14T19:38:36.673+0000] {processor.py:836} INFO - DAG(s) dict_keys(['example_bash_operator']) retrieved from /home/airflow/.local/lib/python3.7/site-packages/airflow/example_dags/example_bash_operator.py
[2023-07-14T19:38:36.729+0000] {logging_mixin.py:150} INFO - [2023-07-14T19:38:36.728+0000] {dag.py:2742} INFO - Sync 1 DAGs
[2023-07-14T19:38:36.765+0000] {logging_mixin.py:150} INFO - [2023-07-14T19:38:36.765+0000] {dag.py:3508} INFO - Setting next_dagrun for example_bash_operator to 2023-07-13T00:00:00+00:00, run_after=2023-07-14T00:00:00+00:00
[2023-07-14T19:38:36.796+0000] {processor.py:179} INFO - Processing /home/airflow/.local/lib/python3.7/site-packages/airflow/example_dags/example_bash_operator.py took 0.157 seconds
[2023-07-14T19:39:06.974+0000] {processor.py:157} INFO - Started process (PID=1252) to work on /home/airflow/.local/lib/python3.7/site-packages/airflow/example_dags/example_bash_operator.py
[2023-07-14T19:39:06.976+0000] {processor.py:826} INFO - Processing file /home/airflow/.local/lib/python3.7/site-packages/airflow/example_dags/example_bash_operator.py for tasks to queue
[2023-07-14T19:39:06.978+0000] {logging_mixin.py:150} INFO - [2023-07-14T19:39:06.977+0000] {dagbag.py:541} INFO - Filling up the DagBag from /home/airflow/.local/lib/python3.7/site-packages/airflow/example_dags/example_bash_operator.py
[2023-07-14T19:39:06.997+0000] {processor.py:836} INFO - DAG(s) dict_keys(['example_bash_operator']) retrieved from /home/airflow/.local/lib/python3.7/site-packages/airflow/example_dags/example_bash_operator.py
[2023-07-14T19:39:07.058+0000] {logging_mixin.py:150} INFO - [2023-07-14T19:39:07.058+0000] {dag.py:2742} INFO - Sync 1 DAGs
[2023-07-14T19:39:07.095+0000] {logging_mixin.py:150} INFO - [2023-07-14T19:39:07.095+0000] {dag.py:3508} INFO - Setting next_dagrun for example_bash_operator to 2023-07-13T00:00:00+00:00, run_after=2023-07-14T00:00:00+00:00
[2023-07-14T19:39:07.130+0000] {processor.py:179} INFO - Processing /home/airflow/.local/lib/python3.7/site-packages/airflow/example_dags/example_bash_operator.py took 0.160 seconds
