[2023-07-14T19:30:28.020+0000] {processor.py:157} INFO - Started process (PID=77) to work on /home/airflow/.local/lib/python3.7/site-packages/airflow/example_dags/example_branch_operator.py
[2023-07-14T19:30:28.023+0000] {processor.py:826} INFO - Processing file /home/airflow/.local/lib/python3.7/site-packages/airflow/example_dags/example_branch_operator.py for tasks to queue
[2023-07-14T19:30:28.025+0000] {logging_mixin.py:150} INFO - [2023-07-14T19:30:28.025+0000] {dagbag.py:541} INFO - Filling up the DagBag from /home/airflow/.local/lib/python3.7/site-packages/airflow/example_dags/example_branch_operator.py
[2023-07-14T19:30:28.057+0000] {processor.py:836} INFO - DAG(s) dict_keys(['example_branch_operator']) retrieved from /home/airflow/.local/lib/python3.7/site-packages/airflow/example_dags/example_branch_operator.py
[2023-07-14T19:30:28.373+0000] {logging_mixin.py:150} INFO - [2023-07-14T19:30:28.372+0000] {manager.py:504} INFO - Created Permission View: can read on DAG:example_branch_operator
[2023-07-14T19:30:28.414+0000] {logging_mixin.py:150} INFO - [2023-07-14T19:30:28.414+0000] {manager.py:504} INFO - Created Permission View: can edit on DAG:example_branch_operator
[2023-07-14T19:30:28.435+0000] {logging_mixin.py:150} INFO - [2023-07-14T19:30:28.434+0000] {manager.py:504} INFO - Created Permission View: can delete on DAG:example_branch_operator
[2023-07-14T19:30:28.483+0000] {logging_mixin.py:150} INFO - [2023-07-14T19:30:28.483+0000] {dag.py:2742} INFO - Sync 1 DAGs
[2023-07-14T19:30:28.535+0000] {logging_mixin.py:150} INFO - [2023-07-14T19:30:28.535+0000] {dag.py:2763} INFO - Creating ORM DAG for example_branch_operator
[2023-07-14T19:30:28.569+0000] {logging_mixin.py:150} INFO - [2023-07-14T19:30:28.569+0000] {dag.py:3508} INFO - Setting next_dagrun for example_branch_operator to 2023-07-13T00:00:00+00:00, run_after=2023-07-14T00:00:00+00:00
[2023-07-14T19:30:28.624+0000] {processor.py:179} INFO - Processing /home/airflow/.local/lib/python3.7/site-packages/airflow/example_dags/example_branch_operator.py took 0.613 seconds
[2023-07-14T19:30:58.945+0000] {processor.py:157} INFO - Started process (PID=147) to work on /home/airflow/.local/lib/python3.7/site-packages/airflow/example_dags/example_branch_operator.py
[2023-07-14T19:30:58.947+0000] {processor.py:826} INFO - Processing file /home/airflow/.local/lib/python3.7/site-packages/airflow/example_dags/example_branch_operator.py for tasks to queue
[2023-07-14T19:30:58.949+0000] {logging_mixin.py:150} INFO - [2023-07-14T19:30:58.948+0000] {dagbag.py:541} INFO - Filling up the DagBag from /home/airflow/.local/lib/python3.7/site-packages/airflow/example_dags/example_branch_operator.py
[2023-07-14T19:30:58.965+0000] {processor.py:836} INFO - DAG(s) dict_keys(['example_branch_operator']) retrieved from /home/airflow/.local/lib/python3.7/site-packages/airflow/example_dags/example_branch_operator.py
[2023-07-14T19:30:59.017+0000] {logging_mixin.py:150} INFO - [2023-07-14T19:30:59.016+0000] {dag.py:2742} INFO - Sync 1 DAGs
[2023-07-14T19:30:59.074+0000] {logging_mixin.py:150} INFO - [2023-07-14T19:30:59.073+0000] {dag.py:3508} INFO - Setting next_dagrun for example_branch_operator to 2023-07-13T00:00:00+00:00, run_after=2023-07-14T00:00:00+00:00
[2023-07-14T19:30:59.116+0000] {processor.py:179} INFO - Processing /home/airflow/.local/lib/python3.7/site-packages/airflow/example_dags/example_branch_operator.py took 0.175 seconds
[2023-07-14T19:31:29.591+0000] {processor.py:157} INFO - Started process (PID=217) to work on /home/airflow/.local/lib/python3.7/site-packages/airflow/example_dags/example_branch_operator.py
[2023-07-14T19:31:29.593+0000] {processor.py:826} INFO - Processing file /home/airflow/.local/lib/python3.7/site-packages/airflow/example_dags/example_branch_operator.py for tasks to queue
[2023-07-14T19:31:29.595+0000] {logging_mixin.py:150} INFO - [2023-07-14T19:31:29.594+0000] {dagbag.py:541} INFO - Filling up the DagBag from /home/airflow/.local/lib/python3.7/site-packages/airflow/example_dags/example_branch_operator.py
[2023-07-14T19:31:29.609+0000] {processor.py:836} INFO - DAG(s) dict_keys(['example_branch_operator']) retrieved from /home/airflow/.local/lib/python3.7/site-packages/airflow/example_dags/example_branch_operator.py
[2023-07-14T19:31:29.650+0000] {logging_mixin.py:150} INFO - [2023-07-14T19:31:29.650+0000] {dag.py:2742} INFO - Sync 1 DAGs
[2023-07-14T19:31:29.693+0000] {logging_mixin.py:150} INFO - [2023-07-14T19:31:29.692+0000] {dag.py:3508} INFO - Setting next_dagrun for example_branch_operator to 2023-07-13T00:00:00+00:00, run_after=2023-07-14T00:00:00+00:00
[2023-07-14T19:31:29.725+0000] {processor.py:179} INFO - Processing /home/airflow/.local/lib/python3.7/site-packages/airflow/example_dags/example_branch_operator.py took 0.139 seconds
[2023-07-14T19:32:00.255+0000] {processor.py:157} INFO - Started process (PID=287) to work on /home/airflow/.local/lib/python3.7/site-packages/airflow/example_dags/example_branch_operator.py
[2023-07-14T19:32:00.257+0000] {processor.py:826} INFO - Processing file /home/airflow/.local/lib/python3.7/site-packages/airflow/example_dags/example_branch_operator.py for tasks to queue
[2023-07-14T19:32:00.259+0000] {logging_mixin.py:150} INFO - [2023-07-14T19:32:00.258+0000] {dagbag.py:541} INFO - Filling up the DagBag from /home/airflow/.local/lib/python3.7/site-packages/airflow/example_dags/example_branch_operator.py
[2023-07-14T19:32:00.271+0000] {processor.py:836} INFO - DAG(s) dict_keys(['example_branch_operator']) retrieved from /home/airflow/.local/lib/python3.7/site-packages/airflow/example_dags/example_branch_operator.py
[2023-07-14T19:32:00.304+0000] {logging_mixin.py:150} INFO - [2023-07-14T19:32:00.304+0000] {dag.py:2742} INFO - Sync 1 DAGs
[2023-07-14T19:32:00.342+0000] {logging_mixin.py:150} INFO - [2023-07-14T19:32:00.342+0000] {dag.py:3508} INFO - Setting next_dagrun for example_branch_operator to 2023-07-13T00:00:00+00:00, run_after=2023-07-14T00:00:00+00:00
[2023-07-14T19:32:00.369+0000] {processor.py:179} INFO - Processing /home/airflow/.local/lib/python3.7/site-packages/airflow/example_dags/example_branch_operator.py took 0.118 seconds
[2023-07-14T19:32:30.682+0000] {processor.py:157} INFO - Started process (PID=357) to work on /home/airflow/.local/lib/python3.7/site-packages/airflow/example_dags/example_branch_operator.py
[2023-07-14T19:32:30.684+0000] {processor.py:826} INFO - Processing file /home/airflow/.local/lib/python3.7/site-packages/airflow/example_dags/example_branch_operator.py for tasks to queue
[2023-07-14T19:32:30.686+0000] {logging_mixin.py:150} INFO - [2023-07-14T19:32:30.685+0000] {dagbag.py:541} INFO - Filling up the DagBag from /home/airflow/.local/lib/python3.7/site-packages/airflow/example_dags/example_branch_operator.py
[2023-07-14T19:32:30.699+0000] {processor.py:836} INFO - DAG(s) dict_keys(['example_branch_operator']) retrieved from /home/airflow/.local/lib/python3.7/site-packages/airflow/example_dags/example_branch_operator.py
[2023-07-14T19:32:30.741+0000] {logging_mixin.py:150} INFO - [2023-07-14T19:32:30.740+0000] {dag.py:2742} INFO - Sync 1 DAGs
[2023-07-14T19:32:30.778+0000] {logging_mixin.py:150} INFO - [2023-07-14T19:32:30.778+0000] {dag.py:3508} INFO - Setting next_dagrun for example_branch_operator to 2023-07-13T00:00:00+00:00, run_after=2023-07-14T00:00:00+00:00
[2023-07-14T19:32:30.811+0000] {processor.py:179} INFO - Processing /home/airflow/.local/lib/python3.7/site-packages/airflow/example_dags/example_branch_operator.py took 0.134 seconds
[2023-07-14T19:33:01.462+0000] {processor.py:157} INFO - Started process (PID=427) to work on /home/airflow/.local/lib/python3.7/site-packages/airflow/example_dags/example_branch_operator.py
[2023-07-14T19:33:01.464+0000] {processor.py:826} INFO - Processing file /home/airflow/.local/lib/python3.7/site-packages/airflow/example_dags/example_branch_operator.py for tasks to queue
[2023-07-14T19:33:01.465+0000] {logging_mixin.py:150} INFO - [2023-07-14T19:33:01.465+0000] {dagbag.py:541} INFO - Filling up the DagBag from /home/airflow/.local/lib/python3.7/site-packages/airflow/example_dags/example_branch_operator.py
[2023-07-14T19:33:01.477+0000] {processor.py:836} INFO - DAG(s) dict_keys(['example_branch_operator']) retrieved from /home/airflow/.local/lib/python3.7/site-packages/airflow/example_dags/example_branch_operator.py
[2023-07-14T19:33:01.510+0000] {logging_mixin.py:150} INFO - [2023-07-14T19:33:01.510+0000] {dag.py:2742} INFO - Sync 1 DAGs
[2023-07-14T19:33:01.542+0000] {logging_mixin.py:150} INFO - [2023-07-14T19:33:01.542+0000] {dag.py:3508} INFO - Setting next_dagrun for example_branch_operator to 2023-07-13T00:00:00+00:00, run_after=2023-07-14T00:00:00+00:00
[2023-07-14T19:33:01.568+0000] {processor.py:179} INFO - Processing /home/airflow/.local/lib/python3.7/site-packages/airflow/example_dags/example_branch_operator.py took 0.111 seconds
[2023-07-14T19:33:31.782+0000] {processor.py:157} INFO - Started process (PID=497) to work on /home/airflow/.local/lib/python3.7/site-packages/airflow/example_dags/example_branch_operator.py
[2023-07-14T19:33:31.783+0000] {processor.py:826} INFO - Processing file /home/airflow/.local/lib/python3.7/site-packages/airflow/example_dags/example_branch_operator.py for tasks to queue
[2023-07-14T19:33:31.785+0000] {logging_mixin.py:150} INFO - [2023-07-14T19:33:31.785+0000] {dagbag.py:541} INFO - Filling up the DagBag from /home/airflow/.local/lib/python3.7/site-packages/airflow/example_dags/example_branch_operator.py
[2023-07-14T19:33:31.796+0000] {processor.py:836} INFO - DAG(s) dict_keys(['example_branch_operator']) retrieved from /home/airflow/.local/lib/python3.7/site-packages/airflow/example_dags/example_branch_operator.py
[2023-07-14T19:33:31.831+0000] {logging_mixin.py:150} INFO - [2023-07-14T19:33:31.830+0000] {dag.py:2742} INFO - Sync 1 DAGs
[2023-07-14T19:33:31.861+0000] {logging_mixin.py:150} INFO - [2023-07-14T19:33:31.860+0000] {dag.py:3508} INFO - Setting next_dagrun for example_branch_operator to 2023-07-13T00:00:00+00:00, run_after=2023-07-14T00:00:00+00:00
[2023-07-14T19:33:31.890+0000] {processor.py:179} INFO - Processing /home/airflow/.local/lib/python3.7/site-packages/airflow/example_dags/example_branch_operator.py took 0.111 seconds
[2023-07-14T19:34:02.301+0000] {processor.py:157} INFO - Started process (PID=567) to work on /home/airflow/.local/lib/python3.7/site-packages/airflow/example_dags/example_branch_operator.py
[2023-07-14T19:34:02.303+0000] {processor.py:826} INFO - Processing file /home/airflow/.local/lib/python3.7/site-packages/airflow/example_dags/example_branch_operator.py for tasks to queue
[2023-07-14T19:34:02.305+0000] {logging_mixin.py:150} INFO - [2023-07-14T19:34:02.305+0000] {dagbag.py:541} INFO - Filling up the DagBag from /home/airflow/.local/lib/python3.7/site-packages/airflow/example_dags/example_branch_operator.py
[2023-07-14T19:34:02.315+0000] {processor.py:836} INFO - DAG(s) dict_keys(['example_branch_operator']) retrieved from /home/airflow/.local/lib/python3.7/site-packages/airflow/example_dags/example_branch_operator.py
[2023-07-14T19:34:02.351+0000] {logging_mixin.py:150} INFO - [2023-07-14T19:34:02.350+0000] {dag.py:2742} INFO - Sync 1 DAGs
[2023-07-14T19:34:02.394+0000] {logging_mixin.py:150} INFO - [2023-07-14T19:34:02.394+0000] {dag.py:3508} INFO - Setting next_dagrun for example_branch_operator to 2023-07-13T00:00:00+00:00, run_after=2023-07-14T00:00:00+00:00
[2023-07-14T19:34:02.447+0000] {processor.py:179} INFO - Processing /home/airflow/.local/lib/python3.7/site-packages/airflow/example_dags/example_branch_operator.py took 0.149 seconds
[2023-07-14T19:34:32.838+0000] {processor.py:157} INFO - Started process (PID=637) to work on /home/airflow/.local/lib/python3.7/site-packages/airflow/example_dags/example_branch_operator.py
[2023-07-14T19:34:32.840+0000] {processor.py:826} INFO - Processing file /home/airflow/.local/lib/python3.7/site-packages/airflow/example_dags/example_branch_operator.py for tasks to queue
[2023-07-14T19:34:32.843+0000] {logging_mixin.py:150} INFO - [2023-07-14T19:34:32.842+0000] {dagbag.py:541} INFO - Filling up the DagBag from /home/airflow/.local/lib/python3.7/site-packages/airflow/example_dags/example_branch_operator.py
[2023-07-14T19:34:32.854+0000] {processor.py:836} INFO - DAG(s) dict_keys(['example_branch_operator']) retrieved from /home/airflow/.local/lib/python3.7/site-packages/airflow/example_dags/example_branch_operator.py
[2023-07-14T19:34:32.884+0000] {logging_mixin.py:150} INFO - [2023-07-14T19:34:32.884+0000] {dag.py:2742} INFO - Sync 1 DAGs
[2023-07-14T19:34:32.913+0000] {logging_mixin.py:150} INFO - [2023-07-14T19:34:32.913+0000] {dag.py:3508} INFO - Setting next_dagrun for example_branch_operator to 2023-07-13T00:00:00+00:00, run_after=2023-07-14T00:00:00+00:00
[2023-07-14T19:34:32.940+0000] {processor.py:179} INFO - Processing /home/airflow/.local/lib/python3.7/site-packages/airflow/example_dags/example_branch_operator.py took 0.108 seconds
[2023-07-14T19:35:03.503+0000] {processor.py:157} INFO - Started process (PID=707) to work on /home/airflow/.local/lib/python3.7/site-packages/airflow/example_dags/example_branch_operator.py
[2023-07-14T19:35:03.505+0000] {processor.py:826} INFO - Processing file /home/airflow/.local/lib/python3.7/site-packages/airflow/example_dags/example_branch_operator.py for tasks to queue
[2023-07-14T19:35:03.507+0000] {logging_mixin.py:150} INFO - [2023-07-14T19:35:03.506+0000] {dagbag.py:541} INFO - Filling up the DagBag from /home/airflow/.local/lib/python3.7/site-packages/airflow/example_dags/example_branch_operator.py
[2023-07-14T19:35:03.517+0000] {processor.py:836} INFO - DAG(s) dict_keys(['example_branch_operator']) retrieved from /home/airflow/.local/lib/python3.7/site-packages/airflow/example_dags/example_branch_operator.py
[2023-07-14T19:35:03.552+0000] {logging_mixin.py:150} INFO - [2023-07-14T19:35:03.552+0000] {dag.py:2742} INFO - Sync 1 DAGs
[2023-07-14T19:35:03.589+0000] {logging_mixin.py:150} INFO - [2023-07-14T19:35:03.588+0000] {dag.py:3508} INFO - Setting next_dagrun for example_branch_operator to 2023-07-13T00:00:00+00:00, run_after=2023-07-14T00:00:00+00:00
[2023-07-14T19:35:03.627+0000] {processor.py:179} INFO - Processing /home/airflow/.local/lib/python3.7/site-packages/airflow/example_dags/example_branch_operator.py took 0.127 seconds
[2023-07-14T19:35:34.377+0000] {processor.py:157} INFO - Started process (PID=777) to work on /home/airflow/.local/lib/python3.7/site-packages/airflow/example_dags/example_branch_operator.py
[2023-07-14T19:35:34.379+0000] {processor.py:826} INFO - Processing file /home/airflow/.local/lib/python3.7/site-packages/airflow/example_dags/example_branch_operator.py for tasks to queue
[2023-07-14T19:35:34.380+0000] {logging_mixin.py:150} INFO - [2023-07-14T19:35:34.380+0000] {dagbag.py:541} INFO - Filling up the DagBag from /home/airflow/.local/lib/python3.7/site-packages/airflow/example_dags/example_branch_operator.py
[2023-07-14T19:35:34.395+0000] {processor.py:836} INFO - DAG(s) dict_keys(['example_branch_operator']) retrieved from /home/airflow/.local/lib/python3.7/site-packages/airflow/example_dags/example_branch_operator.py
[2023-07-14T19:35:34.429+0000] {logging_mixin.py:150} INFO - [2023-07-14T19:35:34.429+0000] {dag.py:2742} INFO - Sync 1 DAGs
[2023-07-14T19:35:34.461+0000] {logging_mixin.py:150} INFO - [2023-07-14T19:35:34.461+0000] {dag.py:3508} INFO - Setting next_dagrun for example_branch_operator to 2023-07-13T00:00:00+00:00, run_after=2023-07-14T00:00:00+00:00
[2023-07-14T19:35:34.493+0000] {processor.py:179} INFO - Processing /home/airflow/.local/lib/python3.7/site-packages/airflow/example_dags/example_branch_operator.py took 0.122 seconds
[2023-07-14T19:36:04.877+0000] {processor.py:157} INFO - Started process (PID=847) to work on /home/airflow/.local/lib/python3.7/site-packages/airflow/example_dags/example_branch_operator.py
[2023-07-14T19:36:04.878+0000] {processor.py:826} INFO - Processing file /home/airflow/.local/lib/python3.7/site-packages/airflow/example_dags/example_branch_operator.py for tasks to queue
[2023-07-14T19:36:04.880+0000] {logging_mixin.py:150} INFO - [2023-07-14T19:36:04.880+0000] {dagbag.py:541} INFO - Filling up the DagBag from /home/airflow/.local/lib/python3.7/site-packages/airflow/example_dags/example_branch_operator.py
[2023-07-14T19:36:04.893+0000] {processor.py:836} INFO - DAG(s) dict_keys(['example_branch_operator']) retrieved from /home/airflow/.local/lib/python3.7/site-packages/airflow/example_dags/example_branch_operator.py
[2023-07-14T19:36:04.930+0000] {logging_mixin.py:150} INFO - [2023-07-14T19:36:04.930+0000] {dag.py:2742} INFO - Sync 1 DAGs
[2023-07-14T19:36:04.968+0000] {logging_mixin.py:150} INFO - [2023-07-14T19:36:04.968+0000] {dag.py:3508} INFO - Setting next_dagrun for example_branch_operator to 2023-07-13T00:00:00+00:00, run_after=2023-07-14T00:00:00+00:00
[2023-07-14T19:36:05.000+0000] {processor.py:179} INFO - Processing /home/airflow/.local/lib/python3.7/site-packages/airflow/example_dags/example_branch_operator.py took 0.128 seconds
[2023-07-14T19:36:35.669+0000] {processor.py:157} INFO - Started process (PID=918) to work on /home/airflow/.local/lib/python3.7/site-packages/airflow/example_dags/example_branch_operator.py
[2023-07-14T19:36:35.670+0000] {processor.py:826} INFO - Processing file /home/airflow/.local/lib/python3.7/site-packages/airflow/example_dags/example_branch_operator.py for tasks to queue
[2023-07-14T19:36:35.673+0000] {logging_mixin.py:150} INFO - [2023-07-14T19:36:35.672+0000] {dagbag.py:541} INFO - Filling up the DagBag from /home/airflow/.local/lib/python3.7/site-packages/airflow/example_dags/example_branch_operator.py
[2023-07-14T19:36:35.684+0000] {processor.py:836} INFO - DAG(s) dict_keys(['example_branch_operator']) retrieved from /home/airflow/.local/lib/python3.7/site-packages/airflow/example_dags/example_branch_operator.py
[2023-07-14T19:36:35.718+0000] {logging_mixin.py:150} INFO - [2023-07-14T19:36:35.718+0000] {dag.py:2742} INFO - Sync 1 DAGs
[2023-07-14T19:36:35.755+0000] {logging_mixin.py:150} INFO - [2023-07-14T19:36:35.754+0000] {dag.py:3508} INFO - Setting next_dagrun for example_branch_operator to 2023-07-13T00:00:00+00:00, run_after=2023-07-14T00:00:00+00:00
[2023-07-14T19:36:35.780+0000] {processor.py:179} INFO - Processing /home/airflow/.local/lib/python3.7/site-packages/airflow/example_dags/example_branch_operator.py took 0.115 seconds
[2023-07-14T19:37:06.427+0000] {processor.py:157} INFO - Started process (PID=988) to work on /home/airflow/.local/lib/python3.7/site-packages/airflow/example_dags/example_branch_operator.py
[2023-07-14T19:37:06.429+0000] {processor.py:826} INFO - Processing file /home/airflow/.local/lib/python3.7/site-packages/airflow/example_dags/example_branch_operator.py for tasks to queue
[2023-07-14T19:37:06.431+0000] {logging_mixin.py:150} INFO - [2023-07-14T19:37:06.431+0000] {dagbag.py:541} INFO - Filling up the DagBag from /home/airflow/.local/lib/python3.7/site-packages/airflow/example_dags/example_branch_operator.py
[2023-07-14T19:37:06.449+0000] {processor.py:836} INFO - DAG(s) dict_keys(['example_branch_operator']) retrieved from /home/airflow/.local/lib/python3.7/site-packages/airflow/example_dags/example_branch_operator.py
[2023-07-14T19:37:06.482+0000] {logging_mixin.py:150} INFO - [2023-07-14T19:37:06.482+0000] {dag.py:2742} INFO - Sync 1 DAGs
[2023-07-14T19:37:06.519+0000] {logging_mixin.py:150} INFO - [2023-07-14T19:37:06.519+0000] {dag.py:3508} INFO - Setting next_dagrun for example_branch_operator to 2023-07-13T00:00:00+00:00, run_after=2023-07-14T00:00:00+00:00
[2023-07-14T19:37:06.542+0000] {processor.py:179} INFO - Processing /home/airflow/.local/lib/python3.7/site-packages/airflow/example_dags/example_branch_operator.py took 0.118 seconds
[2023-07-14T19:37:37.178+0000] {processor.py:157} INFO - Started process (PID=1058) to work on /home/airflow/.local/lib/python3.7/site-packages/airflow/example_dags/example_branch_operator.py
[2023-07-14T19:37:37.180+0000] {processor.py:826} INFO - Processing file /home/airflow/.local/lib/python3.7/site-packages/airflow/example_dags/example_branch_operator.py for tasks to queue
[2023-07-14T19:37:37.182+0000] {logging_mixin.py:150} INFO - [2023-07-14T19:37:37.181+0000] {dagbag.py:541} INFO - Filling up the DagBag from /home/airflow/.local/lib/python3.7/site-packages/airflow/example_dags/example_branch_operator.py
[2023-07-14T19:37:37.194+0000] {processor.py:836} INFO - DAG(s) dict_keys(['example_branch_operator']) retrieved from /home/airflow/.local/lib/python3.7/site-packages/airflow/example_dags/example_branch_operator.py
[2023-07-14T19:37:37.228+0000] {logging_mixin.py:150} INFO - [2023-07-14T19:37:37.227+0000] {dag.py:2742} INFO - Sync 1 DAGs
[2023-07-14T19:37:37.269+0000] {logging_mixin.py:150} INFO - [2023-07-14T19:37:37.269+0000] {dag.py:3508} INFO - Setting next_dagrun for example_branch_operator to 2023-07-13T00:00:00+00:00, run_after=2023-07-14T00:00:00+00:00
[2023-07-14T19:37:37.300+0000] {processor.py:179} INFO - Processing /home/airflow/.local/lib/python3.7/site-packages/airflow/example_dags/example_branch_operator.py took 0.125 seconds
[2023-07-14T19:38:08.206+0000] {processor.py:157} INFO - Started process (PID=1128) to work on /home/airflow/.local/lib/python3.7/site-packages/airflow/example_dags/example_branch_operator.py
[2023-07-14T19:38:08.208+0000] {processor.py:826} INFO - Processing file /home/airflow/.local/lib/python3.7/site-packages/airflow/example_dags/example_branch_operator.py for tasks to queue
[2023-07-14T19:38:08.210+0000] {logging_mixin.py:150} INFO - [2023-07-14T19:38:08.209+0000] {dagbag.py:541} INFO - Filling up the DagBag from /home/airflow/.local/lib/python3.7/site-packages/airflow/example_dags/example_branch_operator.py
[2023-07-14T19:38:08.222+0000] {processor.py:836} INFO - DAG(s) dict_keys(['example_branch_operator']) retrieved from /home/airflow/.local/lib/python3.7/site-packages/airflow/example_dags/example_branch_operator.py
[2023-07-14T19:38:08.272+0000] {logging_mixin.py:150} INFO - [2023-07-14T19:38:08.272+0000] {dag.py:2742} INFO - Sync 1 DAGs
[2023-07-14T19:38:08.311+0000] {logging_mixin.py:150} INFO - [2023-07-14T19:38:08.311+0000] {dag.py:3508} INFO - Setting next_dagrun for example_branch_operator to 2023-07-13T00:00:00+00:00, run_after=2023-07-14T00:00:00+00:00
[2023-07-14T19:38:08.337+0000] {processor.py:179} INFO - Processing /home/airflow/.local/lib/python3.7/site-packages/airflow/example_dags/example_branch_operator.py took 0.136 seconds
[2023-07-14T19:38:38.974+0000] {processor.py:157} INFO - Started process (PID=1199) to work on /home/airflow/.local/lib/python3.7/site-packages/airflow/example_dags/example_branch_operator.py
[2023-07-14T19:38:38.976+0000] {processor.py:826} INFO - Processing file /home/airflow/.local/lib/python3.7/site-packages/airflow/example_dags/example_branch_operator.py for tasks to queue
[2023-07-14T19:38:38.978+0000] {logging_mixin.py:150} INFO - [2023-07-14T19:38:38.977+0000] {dagbag.py:541} INFO - Filling up the DagBag from /home/airflow/.local/lib/python3.7/site-packages/airflow/example_dags/example_branch_operator.py
[2023-07-14T19:38:38.989+0000] {processor.py:836} INFO - DAG(s) dict_keys(['example_branch_operator']) retrieved from /home/airflow/.local/lib/python3.7/site-packages/airflow/example_dags/example_branch_operator.py
[2023-07-14T19:38:39.023+0000] {logging_mixin.py:150} INFO - [2023-07-14T19:38:39.023+0000] {dag.py:2742} INFO - Sync 1 DAGs
[2023-07-14T19:38:39.056+0000] {logging_mixin.py:150} INFO - [2023-07-14T19:38:39.056+0000] {dag.py:3508} INFO - Setting next_dagrun for example_branch_operator to 2023-07-13T00:00:00+00:00, run_after=2023-07-14T00:00:00+00:00
[2023-07-14T19:38:39.084+0000] {processor.py:179} INFO - Processing /home/airflow/.local/lib/python3.7/site-packages/airflow/example_dags/example_branch_operator.py took 0.113 seconds
[2023-07-14T19:39:10.097+0000] {processor.py:157} INFO - Started process (PID=1269) to work on /home/airflow/.local/lib/python3.7/site-packages/airflow/example_dags/example_branch_operator.py
[2023-07-14T19:39:10.099+0000] {processor.py:826} INFO - Processing file /home/airflow/.local/lib/python3.7/site-packages/airflow/example_dags/example_branch_operator.py for tasks to queue
[2023-07-14T19:39:10.101+0000] {logging_mixin.py:150} INFO - [2023-07-14T19:39:10.100+0000] {dagbag.py:541} INFO - Filling up the DagBag from /home/airflow/.local/lib/python3.7/site-packages/airflow/example_dags/example_branch_operator.py
[2023-07-14T19:39:10.113+0000] {processor.py:836} INFO - DAG(s) dict_keys(['example_branch_operator']) retrieved from /home/airflow/.local/lib/python3.7/site-packages/airflow/example_dags/example_branch_operator.py
[2023-07-14T19:39:10.151+0000] {logging_mixin.py:150} INFO - [2023-07-14T19:39:10.151+0000] {dag.py:2742} INFO - Sync 1 DAGs
[2023-07-14T19:39:10.190+0000] {logging_mixin.py:150} INFO - [2023-07-14T19:39:10.190+0000] {dag.py:3508} INFO - Setting next_dagrun for example_branch_operator to 2023-07-13T00:00:00+00:00, run_after=2023-07-14T00:00:00+00:00
[2023-07-14T19:39:10.222+0000] {processor.py:179} INFO - Processing /home/airflow/.local/lib/python3.7/site-packages/airflow/example_dags/example_branch_operator.py took 0.129 seconds
