[2023-07-14T19:30:17.627+0000] {processor.py:157} INFO - Started process (PID=45) to work on /home/airflow/.local/lib/python3.7/site-packages/airflow/example_dags/example_kubernetes_executor.py
[2023-07-14T19:30:17.629+0000] {processor.py:826} INFO - Processing file /home/airflow/.local/lib/python3.7/site-packages/airflow/example_dags/example_kubernetes_executor.py for tasks to queue
[2023-07-14T19:30:17.633+0000] {logging_mixin.py:150} INFO - [2023-07-14T19:30:17.631+0000] {dagbag.py:541} INFO - Filling up the DagBag from /home/airflow/.local/lib/python3.7/site-packages/airflow/example_dags/example_kubernetes_executor.py
[2023-07-14T19:30:20.105+0000] {processor.py:836} INFO - DAG(s) dict_keys(['example_kubernetes_executor']) retrieved from /home/airflow/.local/lib/python3.7/site-packages/airflow/example_dags/example_kubernetes_executor.py
[2023-07-14T19:30:20.456+0000] {logging_mixin.py:150} INFO - [2023-07-14T19:30:20.455+0000] {manager.py:504} INFO - Created Permission View: can read on DAG:example_kubernetes_executor
[2023-07-14T19:30:20.486+0000] {logging_mixin.py:150} INFO - [2023-07-14T19:30:20.485+0000] {manager.py:504} INFO - Created Permission View: can edit on DAG:example_kubernetes_executor
[2023-07-14T19:30:20.506+0000] {logging_mixin.py:150} INFO - [2023-07-14T19:30:20.505+0000] {manager.py:504} INFO - Created Permission View: can delete on DAG:example_kubernetes_executor
[2023-07-14T19:30:20.547+0000] {logging_mixin.py:150} INFO - [2023-07-14T19:30:20.546+0000] {dag.py:2742} INFO - Sync 1 DAGs
[2023-07-14T19:30:20.589+0000] {logging_mixin.py:150} INFO - [2023-07-14T19:30:20.589+0000] {dag.py:2763} INFO - Creating ORM DAG for example_kubernetes_executor
[2023-07-14T19:30:20.620+0000] {logging_mixin.py:150} INFO - [2023-07-14T19:30:20.620+0000] {dag.py:3508} INFO - Setting next_dagrun for example_kubernetes_executor to None, run_after=None
[2023-07-14T19:30:20.674+0000] {processor.py:179} INFO - Processing /home/airflow/.local/lib/python3.7/site-packages/airflow/example_dags/example_kubernetes_executor.py took 3.053 seconds
[2023-07-14T19:30:50.862+0000] {processor.py:157} INFO - Started process (PID=118) to work on /home/airflow/.local/lib/python3.7/site-packages/airflow/example_dags/example_kubernetes_executor.py
[2023-07-14T19:30:50.864+0000] {processor.py:826} INFO - Processing file /home/airflow/.local/lib/python3.7/site-packages/airflow/example_dags/example_kubernetes_executor.py for tasks to queue
[2023-07-14T19:30:50.865+0000] {logging_mixin.py:150} INFO - [2023-07-14T19:30:50.865+0000] {dagbag.py:541} INFO - Filling up the DagBag from /home/airflow/.local/lib/python3.7/site-packages/airflow/example_dags/example_kubernetes_executor.py
[2023-07-14T19:30:51.217+0000] {processor.py:836} INFO - DAG(s) dict_keys(['example_kubernetes_executor']) retrieved from /home/airflow/.local/lib/python3.7/site-packages/airflow/example_dags/example_kubernetes_executor.py
[2023-07-14T19:30:51.282+0000] {logging_mixin.py:150} INFO - [2023-07-14T19:30:51.282+0000] {dag.py:2742} INFO - Sync 1 DAGs
[2023-07-14T19:30:51.317+0000] {logging_mixin.py:150} INFO - [2023-07-14T19:30:51.316+0000] {dag.py:3508} INFO - Setting next_dagrun for example_kubernetes_executor to None, run_after=None
[2023-07-14T19:30:51.351+0000] {processor.py:179} INFO - Processing /home/airflow/.local/lib/python3.7/site-packages/airflow/example_dags/example_kubernetes_executor.py took 0.492 seconds
[2023-07-14T19:31:22.081+0000] {processor.py:157} INFO - Started process (PID=189) to work on /home/airflow/.local/lib/python3.7/site-packages/airflow/example_dags/example_kubernetes_executor.py
[2023-07-14T19:31:22.082+0000] {processor.py:826} INFO - Processing file /home/airflow/.local/lib/python3.7/site-packages/airflow/example_dags/example_kubernetes_executor.py for tasks to queue
[2023-07-14T19:31:22.085+0000] {logging_mixin.py:150} INFO - [2023-07-14T19:31:22.084+0000] {dagbag.py:541} INFO - Filling up the DagBag from /home/airflow/.local/lib/python3.7/site-packages/airflow/example_dags/example_kubernetes_executor.py
[2023-07-14T19:31:22.627+0000] {processor.py:836} INFO - DAG(s) dict_keys(['example_kubernetes_executor']) retrieved from /home/airflow/.local/lib/python3.7/site-packages/airflow/example_dags/example_kubernetes_executor.py
[2023-07-14T19:31:22.700+0000] {logging_mixin.py:150} INFO - [2023-07-14T19:31:22.699+0000] {dag.py:2742} INFO - Sync 1 DAGs
[2023-07-14T19:31:22.738+0000] {logging_mixin.py:150} INFO - [2023-07-14T19:31:22.738+0000] {dag.py:3508} INFO - Setting next_dagrun for example_kubernetes_executor to None, run_after=None
[2023-07-14T19:31:22.776+0000] {processor.py:179} INFO - Processing /home/airflow/.local/lib/python3.7/site-packages/airflow/example_dags/example_kubernetes_executor.py took 0.699 seconds
[2023-07-14T19:31:53.491+0000] {processor.py:157} INFO - Started process (PID=267) to work on /home/airflow/.local/lib/python3.7/site-packages/airflow/example_dags/example_kubernetes_executor.py
[2023-07-14T19:31:53.493+0000] {processor.py:826} INFO - Processing file /home/airflow/.local/lib/python3.7/site-packages/airflow/example_dags/example_kubernetes_executor.py for tasks to queue
[2023-07-14T19:31:53.496+0000] {logging_mixin.py:150} INFO - [2023-07-14T19:31:53.495+0000] {dagbag.py:541} INFO - Filling up the DagBag from /home/airflow/.local/lib/python3.7/site-packages/airflow/example_dags/example_kubernetes_executor.py
[2023-07-14T19:31:53.738+0000] {processor.py:836} INFO - DAG(s) dict_keys(['example_kubernetes_executor']) retrieved from /home/airflow/.local/lib/python3.7/site-packages/airflow/example_dags/example_kubernetes_executor.py
[2023-07-14T19:31:53.786+0000] {logging_mixin.py:150} INFO - [2023-07-14T19:31:53.786+0000] {dag.py:2742} INFO - Sync 1 DAGs
[2023-07-14T19:31:53.815+0000] {logging_mixin.py:150} INFO - [2023-07-14T19:31:53.815+0000] {dag.py:3508} INFO - Setting next_dagrun for example_kubernetes_executor to None, run_after=None
[2023-07-14T19:31:53.845+0000] {processor.py:179} INFO - Processing /home/airflow/.local/lib/python3.7/site-packages/airflow/example_dags/example_kubernetes_executor.py took 0.359 seconds
[2023-07-14T19:32:24.358+0000] {processor.py:157} INFO - Started process (PID=337) to work on /home/airflow/.local/lib/python3.7/site-packages/airflow/example_dags/example_kubernetes_executor.py
[2023-07-14T19:32:24.360+0000] {processor.py:826} INFO - Processing file /home/airflow/.local/lib/python3.7/site-packages/airflow/example_dags/example_kubernetes_executor.py for tasks to queue
[2023-07-14T19:32:24.362+0000] {logging_mixin.py:150} INFO - [2023-07-14T19:32:24.361+0000] {dagbag.py:541} INFO - Filling up the DagBag from /home/airflow/.local/lib/python3.7/site-packages/airflow/example_dags/example_kubernetes_executor.py
[2023-07-14T19:32:24.634+0000] {processor.py:836} INFO - DAG(s) dict_keys(['example_kubernetes_executor']) retrieved from /home/airflow/.local/lib/python3.7/site-packages/airflow/example_dags/example_kubernetes_executor.py
[2023-07-14T19:32:24.691+0000] {logging_mixin.py:150} INFO - [2023-07-14T19:32:24.691+0000] {dag.py:2742} INFO - Sync 1 DAGs
[2023-07-14T19:32:24.725+0000] {logging_mixin.py:150} INFO - [2023-07-14T19:32:24.725+0000] {dag.py:3508} INFO - Setting next_dagrun for example_kubernetes_executor to None, run_after=None
[2023-07-14T19:32:24.752+0000] {processor.py:179} INFO - Processing /home/airflow/.local/lib/python3.7/site-packages/airflow/example_dags/example_kubernetes_executor.py took 0.400 seconds
[2023-07-14T19:32:55.285+0000] {processor.py:157} INFO - Started process (PID=409) to work on /home/airflow/.local/lib/python3.7/site-packages/airflow/example_dags/example_kubernetes_executor.py
[2023-07-14T19:32:55.288+0000] {processor.py:826} INFO - Processing file /home/airflow/.local/lib/python3.7/site-packages/airflow/example_dags/example_kubernetes_executor.py for tasks to queue
[2023-07-14T19:32:55.289+0000] {logging_mixin.py:150} INFO - [2023-07-14T19:32:55.289+0000] {dagbag.py:541} INFO - Filling up the DagBag from /home/airflow/.local/lib/python3.7/site-packages/airflow/example_dags/example_kubernetes_executor.py
[2023-07-14T19:32:55.582+0000] {processor.py:836} INFO - DAG(s) dict_keys(['example_kubernetes_executor']) retrieved from /home/airflow/.local/lib/python3.7/site-packages/airflow/example_dags/example_kubernetes_executor.py
[2023-07-14T19:32:55.657+0000] {logging_mixin.py:150} INFO - [2023-07-14T19:32:55.657+0000] {dag.py:2742} INFO - Sync 1 DAGs
[2023-07-14T19:32:55.702+0000] {logging_mixin.py:150} INFO - [2023-07-14T19:32:55.701+0000] {dag.py:3508} INFO - Setting next_dagrun for example_kubernetes_executor to None, run_after=None
[2023-07-14T19:32:55.736+0000] {processor.py:179} INFO - Processing /home/airflow/.local/lib/python3.7/site-packages/airflow/example_dags/example_kubernetes_executor.py took 0.457 seconds
[2023-07-14T19:33:26.121+0000] {processor.py:157} INFO - Started process (PID=470) to work on /home/airflow/.local/lib/python3.7/site-packages/airflow/example_dags/example_kubernetes_executor.py
[2023-07-14T19:33:26.124+0000] {processor.py:826} INFO - Processing file /home/airflow/.local/lib/python3.7/site-packages/airflow/example_dags/example_kubernetes_executor.py for tasks to queue
[2023-07-14T19:33:26.126+0000] {logging_mixin.py:150} INFO - [2023-07-14T19:33:26.126+0000] {dagbag.py:541} INFO - Filling up the DagBag from /home/airflow/.local/lib/python3.7/site-packages/airflow/example_dags/example_kubernetes_executor.py
[2023-07-14T19:33:26.482+0000] {processor.py:836} INFO - DAG(s) dict_keys(['example_kubernetes_executor']) retrieved from /home/airflow/.local/lib/python3.7/site-packages/airflow/example_dags/example_kubernetes_executor.py
[2023-07-14T19:33:26.530+0000] {logging_mixin.py:150} INFO - [2023-07-14T19:33:26.529+0000] {dag.py:2742} INFO - Sync 1 DAGs
[2023-07-14T19:33:26.558+0000] {logging_mixin.py:150} INFO - [2023-07-14T19:33:26.557+0000] {dag.py:3508} INFO - Setting next_dagrun for example_kubernetes_executor to None, run_after=None
[2023-07-14T19:33:26.586+0000] {processor.py:179} INFO - Processing /home/airflow/.local/lib/python3.7/site-packages/airflow/example_dags/example_kubernetes_executor.py took 0.471 seconds
[2023-07-14T19:33:56.991+0000] {processor.py:157} INFO - Started process (PID=539) to work on /home/airflow/.local/lib/python3.7/site-packages/airflow/example_dags/example_kubernetes_executor.py
[2023-07-14T19:33:56.992+0000] {processor.py:826} INFO - Processing file /home/airflow/.local/lib/python3.7/site-packages/airflow/example_dags/example_kubernetes_executor.py for tasks to queue
[2023-07-14T19:33:56.994+0000] {logging_mixin.py:150} INFO - [2023-07-14T19:33:56.994+0000] {dagbag.py:541} INFO - Filling up the DagBag from /home/airflow/.local/lib/python3.7/site-packages/airflow/example_dags/example_kubernetes_executor.py
[2023-07-14T19:33:57.262+0000] {processor.py:836} INFO - DAG(s) dict_keys(['example_kubernetes_executor']) retrieved from /home/airflow/.local/lib/python3.7/site-packages/airflow/example_dags/example_kubernetes_executor.py
[2023-07-14T19:33:57.432+0000] {logging_mixin.py:150} INFO - [2023-07-14T19:33:57.431+0000] {dag.py:2742} INFO - Sync 1 DAGs
[2023-07-14T19:33:57.514+0000] {logging_mixin.py:150} INFO - [2023-07-14T19:33:57.514+0000] {dag.py:3508} INFO - Setting next_dagrun for example_kubernetes_executor to None, run_after=None
[2023-07-14T19:33:57.548+0000] {processor.py:179} INFO - Processing /home/airflow/.local/lib/python3.7/site-packages/airflow/example_dags/example_kubernetes_executor.py took 0.561 seconds
[2023-07-14T19:34:28.428+0000] {processor.py:157} INFO - Started process (PID=611) to work on /home/airflow/.local/lib/python3.7/site-packages/airflow/example_dags/example_kubernetes_executor.py
[2023-07-14T19:34:28.430+0000] {processor.py:826} INFO - Processing file /home/airflow/.local/lib/python3.7/site-packages/airflow/example_dags/example_kubernetes_executor.py for tasks to queue
[2023-07-14T19:34:28.432+0000] {logging_mixin.py:150} INFO - [2023-07-14T19:34:28.432+0000] {dagbag.py:541} INFO - Filling up the DagBag from /home/airflow/.local/lib/python3.7/site-packages/airflow/example_dags/example_kubernetes_executor.py
[2023-07-14T19:34:28.799+0000] {processor.py:836} INFO - DAG(s) dict_keys(['example_kubernetes_executor']) retrieved from /home/airflow/.local/lib/python3.7/site-packages/airflow/example_dags/example_kubernetes_executor.py
[2023-07-14T19:34:28.858+0000] {logging_mixin.py:150} INFO - [2023-07-14T19:34:28.858+0000] {dag.py:2742} INFO - Sync 1 DAGs
[2023-07-14T19:34:28.891+0000] {logging_mixin.py:150} INFO - [2023-07-14T19:34:28.891+0000] {dag.py:3508} INFO - Setting next_dagrun for example_kubernetes_executor to None, run_after=None
[2023-07-14T19:34:28.919+0000] {processor.py:179} INFO - Processing /home/airflow/.local/lib/python3.7/site-packages/airflow/example_dags/example_kubernetes_executor.py took 0.497 seconds
[2023-07-14T19:34:59.044+0000] {processor.py:157} INFO - Started process (PID=680) to work on /home/airflow/.local/lib/python3.7/site-packages/airflow/example_dags/example_kubernetes_executor.py
[2023-07-14T19:34:59.045+0000] {processor.py:826} INFO - Processing file /home/airflow/.local/lib/python3.7/site-packages/airflow/example_dags/example_kubernetes_executor.py for tasks to queue
[2023-07-14T19:34:59.047+0000] {logging_mixin.py:150} INFO - [2023-07-14T19:34:59.046+0000] {dagbag.py:541} INFO - Filling up the DagBag from /home/airflow/.local/lib/python3.7/site-packages/airflow/example_dags/example_kubernetes_executor.py
[2023-07-14T19:34:59.272+0000] {processor.py:836} INFO - DAG(s) dict_keys(['example_kubernetes_executor']) retrieved from /home/airflow/.local/lib/python3.7/site-packages/airflow/example_dags/example_kubernetes_executor.py
[2023-07-14T19:34:59.333+0000] {logging_mixin.py:150} INFO - [2023-07-14T19:34:59.332+0000] {dag.py:2742} INFO - Sync 1 DAGs
[2023-07-14T19:34:59.361+0000] {logging_mixin.py:150} INFO - [2023-07-14T19:34:59.361+0000] {dag.py:3508} INFO - Setting next_dagrun for example_kubernetes_executor to None, run_after=None
[2023-07-14T19:34:59.390+0000] {processor.py:179} INFO - Processing /home/airflow/.local/lib/python3.7/site-packages/airflow/example_dags/example_kubernetes_executor.py took 0.350 seconds
[2023-07-14T19:35:30.164+0000] {processor.py:157} INFO - Started process (PID=750) to work on /home/airflow/.local/lib/python3.7/site-packages/airflow/example_dags/example_kubernetes_executor.py
[2023-07-14T19:35:30.166+0000] {processor.py:826} INFO - Processing file /home/airflow/.local/lib/python3.7/site-packages/airflow/example_dags/example_kubernetes_executor.py for tasks to queue
[2023-07-14T19:35:30.168+0000] {logging_mixin.py:150} INFO - [2023-07-14T19:35:30.168+0000] {dagbag.py:541} INFO - Filling up the DagBag from /home/airflow/.local/lib/python3.7/site-packages/airflow/example_dags/example_kubernetes_executor.py
[2023-07-14T19:35:30.439+0000] {processor.py:836} INFO - DAG(s) dict_keys(['example_kubernetes_executor']) retrieved from /home/airflow/.local/lib/python3.7/site-packages/airflow/example_dags/example_kubernetes_executor.py
[2023-07-14T19:35:30.491+0000] {logging_mixin.py:150} INFO - [2023-07-14T19:35:30.491+0000] {dag.py:2742} INFO - Sync 1 DAGs
[2023-07-14T19:35:30.530+0000] {logging_mixin.py:150} INFO - [2023-07-14T19:35:30.530+0000] {dag.py:3508} INFO - Setting next_dagrun for example_kubernetes_executor to None, run_after=None
[2023-07-14T19:35:30.567+0000] {processor.py:179} INFO - Processing /home/airflow/.local/lib/python3.7/site-packages/airflow/example_dags/example_kubernetes_executor.py took 0.407 seconds
[2023-07-14T19:36:00.675+0000] {processor.py:157} INFO - Started process (PID=822) to work on /home/airflow/.local/lib/python3.7/site-packages/airflow/example_dags/example_kubernetes_executor.py
[2023-07-14T19:36:00.677+0000] {processor.py:826} INFO - Processing file /home/airflow/.local/lib/python3.7/site-packages/airflow/example_dags/example_kubernetes_executor.py for tasks to queue
[2023-07-14T19:36:00.679+0000] {logging_mixin.py:150} INFO - [2023-07-14T19:36:00.679+0000] {dagbag.py:541} INFO - Filling up the DagBag from /home/airflow/.local/lib/python3.7/site-packages/airflow/example_dags/example_kubernetes_executor.py
[2023-07-14T19:36:00.930+0000] {processor.py:836} INFO - DAG(s) dict_keys(['example_kubernetes_executor']) retrieved from /home/airflow/.local/lib/python3.7/site-packages/airflow/example_dags/example_kubernetes_executor.py
[2023-07-14T19:36:00.979+0000] {logging_mixin.py:150} INFO - [2023-07-14T19:36:00.979+0000] {dag.py:2742} INFO - Sync 1 DAGs
[2023-07-14T19:36:01.013+0000] {logging_mixin.py:150} INFO - [2023-07-14T19:36:01.013+0000] {dag.py:3508} INFO - Setting next_dagrun for example_kubernetes_executor to None, run_after=None
[2023-07-14T19:36:01.045+0000] {processor.py:179} INFO - Processing /home/airflow/.local/lib/python3.7/site-packages/airflow/example_dags/example_kubernetes_executor.py took 0.374 seconds
[2023-07-14T19:36:32.045+0000] {processor.py:157} INFO - Started process (PID=893) to work on /home/airflow/.local/lib/python3.7/site-packages/airflow/example_dags/example_kubernetes_executor.py
[2023-07-14T19:36:32.046+0000] {processor.py:826} INFO - Processing file /home/airflow/.local/lib/python3.7/site-packages/airflow/example_dags/example_kubernetes_executor.py for tasks to queue
[2023-07-14T19:36:32.048+0000] {logging_mixin.py:150} INFO - [2023-07-14T19:36:32.048+0000] {dagbag.py:541} INFO - Filling up the DagBag from /home/airflow/.local/lib/python3.7/site-packages/airflow/example_dags/example_kubernetes_executor.py
[2023-07-14T19:36:32.361+0000] {processor.py:836} INFO - DAG(s) dict_keys(['example_kubernetes_executor']) retrieved from /home/airflow/.local/lib/python3.7/site-packages/airflow/example_dags/example_kubernetes_executor.py
[2023-07-14T19:36:32.411+0000] {logging_mixin.py:150} INFO - [2023-07-14T19:36:32.411+0000] {dag.py:2742} INFO - Sync 1 DAGs
[2023-07-14T19:36:32.446+0000] {logging_mixin.py:150} INFO - [2023-07-14T19:36:32.446+0000] {dag.py:3508} INFO - Setting next_dagrun for example_kubernetes_executor to None, run_after=None
[2023-07-14T19:36:32.477+0000] {processor.py:179} INFO - Processing /home/airflow/.local/lib/python3.7/site-packages/airflow/example_dags/example_kubernetes_executor.py took 0.436 seconds
[2023-07-14T19:37:02.542+0000] {processor.py:157} INFO - Started process (PID=963) to work on /home/airflow/.local/lib/python3.7/site-packages/airflow/example_dags/example_kubernetes_executor.py
[2023-07-14T19:37:02.544+0000] {processor.py:826} INFO - Processing file /home/airflow/.local/lib/python3.7/site-packages/airflow/example_dags/example_kubernetes_executor.py for tasks to queue
[2023-07-14T19:37:02.546+0000] {logging_mixin.py:150} INFO - [2023-07-14T19:37:02.546+0000] {dagbag.py:541} INFO - Filling up the DagBag from /home/airflow/.local/lib/python3.7/site-packages/airflow/example_dags/example_kubernetes_executor.py
[2023-07-14T19:37:02.833+0000] {processor.py:836} INFO - DAG(s) dict_keys(['example_kubernetes_executor']) retrieved from /home/airflow/.local/lib/python3.7/site-packages/airflow/example_dags/example_kubernetes_executor.py
[2023-07-14T19:37:02.883+0000] {logging_mixin.py:150} INFO - [2023-07-14T19:37:02.883+0000] {dag.py:2742} INFO - Sync 1 DAGs
[2023-07-14T19:37:02.911+0000] {logging_mixin.py:150} INFO - [2023-07-14T19:37:02.911+0000] {dag.py:3508} INFO - Setting next_dagrun for example_kubernetes_executor to None, run_after=None
[2023-07-14T19:37:02.940+0000] {processor.py:179} INFO - Processing /home/airflow/.local/lib/python3.7/site-packages/airflow/example_dags/example_kubernetes_executor.py took 0.402 seconds
[2023-07-14T19:37:33.336+0000] {processor.py:157} INFO - Started process (PID=1033) to work on /home/airflow/.local/lib/python3.7/site-packages/airflow/example_dags/example_kubernetes_executor.py
[2023-07-14T19:37:33.337+0000] {processor.py:826} INFO - Processing file /home/airflow/.local/lib/python3.7/site-packages/airflow/example_dags/example_kubernetes_executor.py for tasks to queue
[2023-07-14T19:37:33.339+0000] {logging_mixin.py:150} INFO - [2023-07-14T19:37:33.339+0000] {dagbag.py:541} INFO - Filling up the DagBag from /home/airflow/.local/lib/python3.7/site-packages/airflow/example_dags/example_kubernetes_executor.py
[2023-07-14T19:37:33.544+0000] {processor.py:836} INFO - DAG(s) dict_keys(['example_kubernetes_executor']) retrieved from /home/airflow/.local/lib/python3.7/site-packages/airflow/example_dags/example_kubernetes_executor.py
[2023-07-14T19:37:33.590+0000] {logging_mixin.py:150} INFO - [2023-07-14T19:37:33.590+0000] {dag.py:2742} INFO - Sync 1 DAGs
[2023-07-14T19:37:33.616+0000] {logging_mixin.py:150} INFO - [2023-07-14T19:37:33.616+0000] {dag.py:3508} INFO - Setting next_dagrun for example_kubernetes_executor to None, run_after=None
[2023-07-14T19:37:33.639+0000] {processor.py:179} INFO - Processing /home/airflow/.local/lib/python3.7/site-packages/airflow/example_dags/example_kubernetes_executor.py took 0.305 seconds
[2023-07-14T19:38:04.356+0000] {processor.py:157} INFO - Started process (PID=1103) to work on /home/airflow/.local/lib/python3.7/site-packages/airflow/example_dags/example_kubernetes_executor.py
[2023-07-14T19:38:04.357+0000] {processor.py:826} INFO - Processing file /home/airflow/.local/lib/python3.7/site-packages/airflow/example_dags/example_kubernetes_executor.py for tasks to queue
[2023-07-14T19:38:04.359+0000] {logging_mixin.py:150} INFO - [2023-07-14T19:38:04.359+0000] {dagbag.py:541} INFO - Filling up the DagBag from /home/airflow/.local/lib/python3.7/site-packages/airflow/example_dags/example_kubernetes_executor.py
[2023-07-14T19:38:04.571+0000] {processor.py:836} INFO - DAG(s) dict_keys(['example_kubernetes_executor']) retrieved from /home/airflow/.local/lib/python3.7/site-packages/airflow/example_dags/example_kubernetes_executor.py
[2023-07-14T19:38:04.615+0000] {logging_mixin.py:150} INFO - [2023-07-14T19:38:04.615+0000] {dag.py:2742} INFO - Sync 1 DAGs
[2023-07-14T19:38:04.671+0000] {logging_mixin.py:150} INFO - [2023-07-14T19:38:04.671+0000] {dag.py:3508} INFO - Setting next_dagrun for example_kubernetes_executor to None, run_after=None
[2023-07-14T19:38:04.702+0000] {processor.py:179} INFO - Processing /home/airflow/.local/lib/python3.7/site-packages/airflow/example_dags/example_kubernetes_executor.py took 0.348 seconds
[2023-07-14T19:38:35.569+0000] {processor.py:157} INFO - Started process (PID=1174) to work on /home/airflow/.local/lib/python3.7/site-packages/airflow/example_dags/example_kubernetes_executor.py
[2023-07-14T19:38:35.571+0000] {processor.py:826} INFO - Processing file /home/airflow/.local/lib/python3.7/site-packages/airflow/example_dags/example_kubernetes_executor.py for tasks to queue
[2023-07-14T19:38:35.573+0000] {logging_mixin.py:150} INFO - [2023-07-14T19:38:35.573+0000] {dagbag.py:541} INFO - Filling up the DagBag from /home/airflow/.local/lib/python3.7/site-packages/airflow/example_dags/example_kubernetes_executor.py
[2023-07-14T19:38:35.804+0000] {processor.py:836} INFO - DAG(s) dict_keys(['example_kubernetes_executor']) retrieved from /home/airflow/.local/lib/python3.7/site-packages/airflow/example_dags/example_kubernetes_executor.py
[2023-07-14T19:38:35.851+0000] {logging_mixin.py:150} INFO - [2023-07-14T19:38:35.850+0000] {dag.py:2742} INFO - Sync 1 DAGs
[2023-07-14T19:38:35.880+0000] {logging_mixin.py:150} INFO - [2023-07-14T19:38:35.879+0000] {dag.py:3508} INFO - Setting next_dagrun for example_kubernetes_executor to None, run_after=None
[2023-07-14T19:38:35.910+0000] {processor.py:179} INFO - Processing /home/airflow/.local/lib/python3.7/site-packages/airflow/example_dags/example_kubernetes_executor.py took 0.345 seconds
[2023-07-14T19:39:06.010+0000] {processor.py:157} INFO - Started process (PID=1244) to work on /home/airflow/.local/lib/python3.7/site-packages/airflow/example_dags/example_kubernetes_executor.py
[2023-07-14T19:39:06.012+0000] {processor.py:826} INFO - Processing file /home/airflow/.local/lib/python3.7/site-packages/airflow/example_dags/example_kubernetes_executor.py for tasks to queue
[2023-07-14T19:39:06.014+0000] {logging_mixin.py:150} INFO - [2023-07-14T19:39:06.013+0000] {dagbag.py:541} INFO - Filling up the DagBag from /home/airflow/.local/lib/python3.7/site-packages/airflow/example_dags/example_kubernetes_executor.py
[2023-07-14T19:39:06.265+0000] {processor.py:836} INFO - DAG(s) dict_keys(['example_kubernetes_executor']) retrieved from /home/airflow/.local/lib/python3.7/site-packages/airflow/example_dags/example_kubernetes_executor.py
[2023-07-14T19:39:06.316+0000] {logging_mixin.py:150} INFO - [2023-07-14T19:39:06.315+0000] {dag.py:2742} INFO - Sync 1 DAGs
[2023-07-14T19:39:06.346+0000] {logging_mixin.py:150} INFO - [2023-07-14T19:39:06.346+0000] {dag.py:3508} INFO - Setting next_dagrun for example_kubernetes_executor to None, run_after=None
[2023-07-14T19:39:06.380+0000] {processor.py:179} INFO - Processing /home/airflow/.local/lib/python3.7/site-packages/airflow/example_dags/example_kubernetes_executor.py took 0.373 seconds
