[2023-07-14T19:30:17.958+0000] {processor.py:157} INFO - Started process (PID=46) to work on /home/airflow/.local/lib/python3.7/site-packages/airflow/example_dags/example_skip_dag.py
[2023-07-14T19:30:17.961+0000] {processor.py:826} INFO - Processing file /home/airflow/.local/lib/python3.7/site-packages/airflow/example_dags/example_skip_dag.py for tasks to queue
[2023-07-14T19:30:17.964+0000] {logging_mixin.py:150} INFO - [2023-07-14T19:30:17.963+0000] {dagbag.py:541} INFO - Filling up the DagBag from /home/airflow/.local/lib/python3.7/site-packages/airflow/example_dags/example_skip_dag.py
[2023-07-14T19:30:17.990+0000] {processor.py:836} INFO - DAG(s) dict_keys(['example_skip_dag']) retrieved from /home/airflow/.local/lib/python3.7/site-packages/airflow/example_dags/example_skip_dag.py
[2023-07-14T19:30:18.276+0000] {logging_mixin.py:150} INFO - [2023-07-14T19:30:18.275+0000] {manager.py:504} INFO - Created Permission View: can read on DAG:example_skip_dag
[2023-07-14T19:30:18.307+0000] {logging_mixin.py:150} INFO - [2023-07-14T19:30:18.307+0000] {manager.py:504} INFO - Created Permission View: can edit on DAG:example_skip_dag
[2023-07-14T19:30:18.327+0000] {logging_mixin.py:150} INFO - [2023-07-14T19:30:18.327+0000] {manager.py:504} INFO - Created Permission View: can delete on DAG:example_skip_dag
[2023-07-14T19:30:18.361+0000] {logging_mixin.py:150} INFO - [2023-07-14T19:30:18.361+0000] {dag.py:2742} INFO - Sync 1 DAGs
[2023-07-14T19:30:18.394+0000] {logging_mixin.py:150} INFO - [2023-07-14T19:30:18.394+0000] {dag.py:2763} INFO - Creating ORM DAG for example_skip_dag
[2023-07-14T19:30:18.424+0000] {logging_mixin.py:150} INFO - [2023-07-14T19:30:18.424+0000] {dag.py:3508} INFO - Setting next_dagrun for example_skip_dag to 2023-07-13T19:30:18.424076+00:00, run_after=2023-07-14T19:30:18.424076+00:00
[2023-07-14T19:30:18.465+0000] {processor.py:179} INFO - Processing /home/airflow/.local/lib/python3.7/site-packages/airflow/example_dags/example_skip_dag.py took 0.517 seconds
[2023-07-14T19:30:48.651+0000] {processor.py:157} INFO - Started process (PID=107) to work on /home/airflow/.local/lib/python3.7/site-packages/airflow/example_dags/example_skip_dag.py
[2023-07-14T19:30:48.653+0000] {processor.py:826} INFO - Processing file /home/airflow/.local/lib/python3.7/site-packages/airflow/example_dags/example_skip_dag.py for tasks to queue
[2023-07-14T19:30:48.656+0000] {logging_mixin.py:150} INFO - [2023-07-14T19:30:48.655+0000] {dagbag.py:541} INFO - Filling up the DagBag from /home/airflow/.local/lib/python3.7/site-packages/airflow/example_dags/example_skip_dag.py
[2023-07-14T19:30:48.673+0000] {processor.py:836} INFO - DAG(s) dict_keys(['example_skip_dag']) retrieved from /home/airflow/.local/lib/python3.7/site-packages/airflow/example_dags/example_skip_dag.py
[2023-07-14T19:30:48.739+0000] {logging_mixin.py:150} INFO - [2023-07-14T19:30:48.739+0000] {dag.py:2742} INFO - Sync 1 DAGs
[2023-07-14T19:30:48.803+0000] {logging_mixin.py:150} INFO - [2023-07-14T19:30:48.802+0000] {dag.py:3508} INFO - Setting next_dagrun for example_skip_dag to 2023-07-13T19:30:48.802228+00:00, run_after=2023-07-14T19:30:48.802228+00:00
[2023-07-14T19:30:48.922+0000] {processor.py:179} INFO - Processing /home/airflow/.local/lib/python3.7/site-packages/airflow/example_dags/example_skip_dag.py took 0.277 seconds
[2023-07-14T19:31:19.001+0000] {processor.py:157} INFO - Started process (PID=176) to work on /home/airflow/.local/lib/python3.7/site-packages/airflow/example_dags/example_skip_dag.py
[2023-07-14T19:31:19.002+0000] {processor.py:826} INFO - Processing file /home/airflow/.local/lib/python3.7/site-packages/airflow/example_dags/example_skip_dag.py for tasks to queue
[2023-07-14T19:31:19.005+0000] {logging_mixin.py:150} INFO - [2023-07-14T19:31:19.004+0000] {dagbag.py:541} INFO - Filling up the DagBag from /home/airflow/.local/lib/python3.7/site-packages/airflow/example_dags/example_skip_dag.py
[2023-07-14T19:31:19.017+0000] {processor.py:836} INFO - DAG(s) dict_keys(['example_skip_dag']) retrieved from /home/airflow/.local/lib/python3.7/site-packages/airflow/example_dags/example_skip_dag.py
[2023-07-14T19:31:19.047+0000] {logging_mixin.py:150} INFO - [2023-07-14T19:31:19.047+0000] {dag.py:2742} INFO - Sync 1 DAGs
[2023-07-14T19:31:19.078+0000] {logging_mixin.py:150} INFO - [2023-07-14T19:31:19.077+0000] {dag.py:3508} INFO - Setting next_dagrun for example_skip_dag to 2023-07-13T19:31:19.077646+00:00, run_after=2023-07-14T19:31:19.077646+00:00
[2023-07-14T19:31:19.103+0000] {processor.py:179} INFO - Processing /home/airflow/.local/lib/python3.7/site-packages/airflow/example_dags/example_skip_dag.py took 0.106 seconds
[2023-07-14T19:31:49.460+0000] {processor.py:157} INFO - Started process (PID=246) to work on /home/airflow/.local/lib/python3.7/site-packages/airflow/example_dags/example_skip_dag.py
[2023-07-14T19:31:49.462+0000] {processor.py:826} INFO - Processing file /home/airflow/.local/lib/python3.7/site-packages/airflow/example_dags/example_skip_dag.py for tasks to queue
[2023-07-14T19:31:49.463+0000] {logging_mixin.py:150} INFO - [2023-07-14T19:31:49.463+0000] {dagbag.py:541} INFO - Filling up the DagBag from /home/airflow/.local/lib/python3.7/site-packages/airflow/example_dags/example_skip_dag.py
[2023-07-14T19:31:49.471+0000] {processor.py:836} INFO - DAG(s) dict_keys(['example_skip_dag']) retrieved from /home/airflow/.local/lib/python3.7/site-packages/airflow/example_dags/example_skip_dag.py
[2023-07-14T19:31:49.496+0000] {logging_mixin.py:150} INFO - [2023-07-14T19:31:49.496+0000] {dag.py:2742} INFO - Sync 1 DAGs
[2023-07-14T19:31:49.527+0000] {logging_mixin.py:150} INFO - [2023-07-14T19:31:49.527+0000] {dag.py:3508} INFO - Setting next_dagrun for example_skip_dag to 2023-07-13T19:31:49.527480+00:00, run_after=2023-07-14T19:31:49.527480+00:00
[2023-07-14T19:31:49.550+0000] {processor.py:179} INFO - Processing /home/airflow/.local/lib/python3.7/site-packages/airflow/example_dags/example_skip_dag.py took 0.093 seconds
[2023-07-14T19:32:20.021+0000] {processor.py:157} INFO - Started process (PID=316) to work on /home/airflow/.local/lib/python3.7/site-packages/airflow/example_dags/example_skip_dag.py
[2023-07-14T19:32:20.023+0000] {processor.py:826} INFO - Processing file /home/airflow/.local/lib/python3.7/site-packages/airflow/example_dags/example_skip_dag.py for tasks to queue
[2023-07-14T19:32:20.025+0000] {logging_mixin.py:150} INFO - [2023-07-14T19:32:20.025+0000] {dagbag.py:541} INFO - Filling up the DagBag from /home/airflow/.local/lib/python3.7/site-packages/airflow/example_dags/example_skip_dag.py
[2023-07-14T19:32:20.035+0000] {processor.py:836} INFO - DAG(s) dict_keys(['example_skip_dag']) retrieved from /home/airflow/.local/lib/python3.7/site-packages/airflow/example_dags/example_skip_dag.py
[2023-07-14T19:32:20.064+0000] {logging_mixin.py:150} INFO - [2023-07-14T19:32:20.064+0000] {dag.py:2742} INFO - Sync 1 DAGs
[2023-07-14T19:32:20.094+0000] {logging_mixin.py:150} INFO - [2023-07-14T19:32:20.093+0000] {dag.py:3508} INFO - Setting next_dagrun for example_skip_dag to 2023-07-13T19:32:20.093588+00:00, run_after=2023-07-14T19:32:20.093588+00:00
[2023-07-14T19:32:20.122+0000] {processor.py:179} INFO - Processing /home/airflow/.local/lib/python3.7/site-packages/airflow/example_dags/example_skip_dag.py took 0.104 seconds
[2023-07-14T19:32:50.429+0000] {processor.py:157} INFO - Started process (PID=386) to work on /home/airflow/.local/lib/python3.7/site-packages/airflow/example_dags/example_skip_dag.py
[2023-07-14T19:32:50.431+0000] {processor.py:826} INFO - Processing file /home/airflow/.local/lib/python3.7/site-packages/airflow/example_dags/example_skip_dag.py for tasks to queue
[2023-07-14T19:32:50.432+0000] {logging_mixin.py:150} INFO - [2023-07-14T19:32:50.432+0000] {dagbag.py:541} INFO - Filling up the DagBag from /home/airflow/.local/lib/python3.7/site-packages/airflow/example_dags/example_skip_dag.py
[2023-07-14T19:32:50.442+0000] {processor.py:836} INFO - DAG(s) dict_keys(['example_skip_dag']) retrieved from /home/airflow/.local/lib/python3.7/site-packages/airflow/example_dags/example_skip_dag.py
[2023-07-14T19:32:50.471+0000] {logging_mixin.py:150} INFO - [2023-07-14T19:32:50.471+0000] {dag.py:2742} INFO - Sync 1 DAGs
[2023-07-14T19:32:50.498+0000] {logging_mixin.py:150} INFO - [2023-07-14T19:32:50.498+0000] {dag.py:3508} INFO - Setting next_dagrun for example_skip_dag to 2023-07-13T19:32:50.497810+00:00, run_after=2023-07-14T19:32:50.497810+00:00
[2023-07-14T19:32:50.525+0000] {processor.py:179} INFO - Processing /home/airflow/.local/lib/python3.7/site-packages/airflow/example_dags/example_skip_dag.py took 0.099 seconds
[2023-07-14T19:33:20.681+0000] {processor.py:157} INFO - Started process (PID=456) to work on /home/airflow/.local/lib/python3.7/site-packages/airflow/example_dags/example_skip_dag.py
[2023-07-14T19:33:20.683+0000] {processor.py:826} INFO - Processing file /home/airflow/.local/lib/python3.7/site-packages/airflow/example_dags/example_skip_dag.py for tasks to queue
[2023-07-14T19:33:20.685+0000] {logging_mixin.py:150} INFO - [2023-07-14T19:33:20.685+0000] {dagbag.py:541} INFO - Filling up the DagBag from /home/airflow/.local/lib/python3.7/site-packages/airflow/example_dags/example_skip_dag.py
[2023-07-14T19:33:20.695+0000] {processor.py:836} INFO - DAG(s) dict_keys(['example_skip_dag']) retrieved from /home/airflow/.local/lib/python3.7/site-packages/airflow/example_dags/example_skip_dag.py
[2023-07-14T19:33:20.723+0000] {logging_mixin.py:150} INFO - [2023-07-14T19:33:20.723+0000] {dag.py:2742} INFO - Sync 1 DAGs
[2023-07-14T19:33:20.751+0000] {logging_mixin.py:150} INFO - [2023-07-14T19:33:20.751+0000] {dag.py:3508} INFO - Setting next_dagrun for example_skip_dag to 2023-07-13T19:33:20.750800+00:00, run_after=2023-07-14T19:33:20.750800+00:00
[2023-07-14T19:33:20.782+0000] {processor.py:179} INFO - Processing /home/airflow/.local/lib/python3.7/site-packages/airflow/example_dags/example_skip_dag.py took 0.103 seconds
[2023-07-14T19:33:51.554+0000] {processor.py:157} INFO - Started process (PID=526) to work on /home/airflow/.local/lib/python3.7/site-packages/airflow/example_dags/example_skip_dag.py
[2023-07-14T19:33:51.556+0000] {processor.py:826} INFO - Processing file /home/airflow/.local/lib/python3.7/site-packages/airflow/example_dags/example_skip_dag.py for tasks to queue
[2023-07-14T19:33:51.558+0000] {logging_mixin.py:150} INFO - [2023-07-14T19:33:51.558+0000] {dagbag.py:541} INFO - Filling up the DagBag from /home/airflow/.local/lib/python3.7/site-packages/airflow/example_dags/example_skip_dag.py
[2023-07-14T19:33:51.568+0000] {processor.py:836} INFO - DAG(s) dict_keys(['example_skip_dag']) retrieved from /home/airflow/.local/lib/python3.7/site-packages/airflow/example_dags/example_skip_dag.py
[2023-07-14T19:33:51.608+0000] {logging_mixin.py:150} INFO - [2023-07-14T19:33:51.607+0000] {dag.py:2742} INFO - Sync 1 DAGs
[2023-07-14T19:33:51.655+0000] {logging_mixin.py:150} INFO - [2023-07-14T19:33:51.655+0000] {dag.py:3508} INFO - Setting next_dagrun for example_skip_dag to 2023-07-13T19:33:51.655276+00:00, run_after=2023-07-14T19:33:51.655276+00:00
[2023-07-14T19:33:51.698+0000] {processor.py:179} INFO - Processing /home/airflow/.local/lib/python3.7/site-packages/airflow/example_dags/example_skip_dag.py took 0.148 seconds
[2023-07-14T19:34:22.005+0000] {processor.py:157} INFO - Started process (PID=596) to work on /home/airflow/.local/lib/python3.7/site-packages/airflow/example_dags/example_skip_dag.py
[2023-07-14T19:34:22.007+0000] {processor.py:826} INFO - Processing file /home/airflow/.local/lib/python3.7/site-packages/airflow/example_dags/example_skip_dag.py for tasks to queue
[2023-07-14T19:34:22.010+0000] {logging_mixin.py:150} INFO - [2023-07-14T19:34:22.009+0000] {dagbag.py:541} INFO - Filling up the DagBag from /home/airflow/.local/lib/python3.7/site-packages/airflow/example_dags/example_skip_dag.py
[2023-07-14T19:34:22.019+0000] {processor.py:836} INFO - DAG(s) dict_keys(['example_skip_dag']) retrieved from /home/airflow/.local/lib/python3.7/site-packages/airflow/example_dags/example_skip_dag.py
[2023-07-14T19:34:22.047+0000] {logging_mixin.py:150} INFO - [2023-07-14T19:34:22.047+0000] {dag.py:2742} INFO - Sync 1 DAGs
[2023-07-14T19:34:22.074+0000] {logging_mixin.py:150} INFO - [2023-07-14T19:34:22.074+0000] {dag.py:3508} INFO - Setting next_dagrun for example_skip_dag to 2023-07-13T19:34:22.074064+00:00, run_after=2023-07-14T19:34:22.074064+00:00
[2023-07-14T19:34:22.102+0000] {processor.py:179} INFO - Processing /home/airflow/.local/lib/python3.7/site-packages/airflow/example_dags/example_skip_dag.py took 0.101 seconds
[2023-07-14T19:34:52.384+0000] {processor.py:157} INFO - Started process (PID=666) to work on /home/airflow/.local/lib/python3.7/site-packages/airflow/example_dags/example_skip_dag.py
[2023-07-14T19:34:52.388+0000] {processor.py:826} INFO - Processing file /home/airflow/.local/lib/python3.7/site-packages/airflow/example_dags/example_skip_dag.py for tasks to queue
[2023-07-14T19:34:52.390+0000] {logging_mixin.py:150} INFO - [2023-07-14T19:34:52.390+0000] {dagbag.py:541} INFO - Filling up the DagBag from /home/airflow/.local/lib/python3.7/site-packages/airflow/example_dags/example_skip_dag.py
[2023-07-14T19:34:52.403+0000] {processor.py:836} INFO - DAG(s) dict_keys(['example_skip_dag']) retrieved from /home/airflow/.local/lib/python3.7/site-packages/airflow/example_dags/example_skip_dag.py
[2023-07-14T19:34:52.436+0000] {logging_mixin.py:150} INFO - [2023-07-14T19:34:52.435+0000] {dag.py:2742} INFO - Sync 1 DAGs
[2023-07-14T19:34:52.479+0000] {logging_mixin.py:150} INFO - [2023-07-14T19:34:52.478+0000] {dag.py:3508} INFO - Setting next_dagrun for example_skip_dag to 2023-07-13T19:34:52.478324+00:00, run_after=2023-07-14T19:34:52.478324+00:00
[2023-07-14T19:34:52.514+0000] {processor.py:179} INFO - Processing /home/airflow/.local/lib/python3.7/site-packages/airflow/example_dags/example_skip_dag.py took 0.135 seconds
[2023-07-14T19:35:22.581+0000] {processor.py:157} INFO - Started process (PID=736) to work on /home/airflow/.local/lib/python3.7/site-packages/airflow/example_dags/example_skip_dag.py
[2023-07-14T19:35:22.583+0000] {processor.py:826} INFO - Processing file /home/airflow/.local/lib/python3.7/site-packages/airflow/example_dags/example_skip_dag.py for tasks to queue
[2023-07-14T19:35:22.585+0000] {logging_mixin.py:150} INFO - [2023-07-14T19:35:22.584+0000] {dagbag.py:541} INFO - Filling up the DagBag from /home/airflow/.local/lib/python3.7/site-packages/airflow/example_dags/example_skip_dag.py
[2023-07-14T19:35:22.599+0000] {processor.py:836} INFO - DAG(s) dict_keys(['example_skip_dag']) retrieved from /home/airflow/.local/lib/python3.7/site-packages/airflow/example_dags/example_skip_dag.py
[2023-07-14T19:35:22.634+0000] {logging_mixin.py:150} INFO - [2023-07-14T19:35:22.634+0000] {dag.py:2742} INFO - Sync 1 DAGs
[2023-07-14T19:35:22.667+0000] {logging_mixin.py:150} INFO - [2023-07-14T19:35:22.667+0000] {dag.py:3508} INFO - Setting next_dagrun for example_skip_dag to 2023-07-13T19:35:22.667324+00:00, run_after=2023-07-14T19:35:22.667324+00:00
[2023-07-14T19:35:22.699+0000] {processor.py:179} INFO - Processing /home/airflow/.local/lib/python3.7/site-packages/airflow/example_dags/example_skip_dag.py took 0.122 seconds
[2023-07-14T19:35:52.985+0000] {processor.py:157} INFO - Started process (PID=806) to work on /home/airflow/.local/lib/python3.7/site-packages/airflow/example_dags/example_skip_dag.py
[2023-07-14T19:35:52.987+0000] {processor.py:826} INFO - Processing file /home/airflow/.local/lib/python3.7/site-packages/airflow/example_dags/example_skip_dag.py for tasks to queue
[2023-07-14T19:35:52.988+0000] {logging_mixin.py:150} INFO - [2023-07-14T19:35:52.988+0000] {dagbag.py:541} INFO - Filling up the DagBag from /home/airflow/.local/lib/python3.7/site-packages/airflow/example_dags/example_skip_dag.py
[2023-07-14T19:35:52.995+0000] {processor.py:836} INFO - DAG(s) dict_keys(['example_skip_dag']) retrieved from /home/airflow/.local/lib/python3.7/site-packages/airflow/example_dags/example_skip_dag.py
[2023-07-14T19:35:53.023+0000] {logging_mixin.py:150} INFO - [2023-07-14T19:35:53.022+0000] {dag.py:2742} INFO - Sync 1 DAGs
[2023-07-14T19:35:53.051+0000] {logging_mixin.py:150} INFO - [2023-07-14T19:35:53.051+0000] {dag.py:3508} INFO - Setting next_dagrun for example_skip_dag to 2023-07-13T19:35:53.051337+00:00, run_after=2023-07-14T19:35:53.051337+00:00
[2023-07-14T19:35:53.075+0000] {processor.py:179} INFO - Processing /home/airflow/.local/lib/python3.7/site-packages/airflow/example_dags/example_skip_dag.py took 0.093 seconds
[2023-07-14T19:36:23.234+0000] {processor.py:157} INFO - Started process (PID=876) to work on /home/airflow/.local/lib/python3.7/site-packages/airflow/example_dags/example_skip_dag.py
[2023-07-14T19:36:23.236+0000] {processor.py:826} INFO - Processing file /home/airflow/.local/lib/python3.7/site-packages/airflow/example_dags/example_skip_dag.py for tasks to queue
[2023-07-14T19:36:23.238+0000] {logging_mixin.py:150} INFO - [2023-07-14T19:36:23.238+0000] {dagbag.py:541} INFO - Filling up the DagBag from /home/airflow/.local/lib/python3.7/site-packages/airflow/example_dags/example_skip_dag.py
[2023-07-14T19:36:23.249+0000] {processor.py:836} INFO - DAG(s) dict_keys(['example_skip_dag']) retrieved from /home/airflow/.local/lib/python3.7/site-packages/airflow/example_dags/example_skip_dag.py
[2023-07-14T19:36:23.319+0000] {logging_mixin.py:150} INFO - [2023-07-14T19:36:23.318+0000] {dag.py:2742} INFO - Sync 1 DAGs
[2023-07-14T19:36:23.365+0000] {logging_mixin.py:150} INFO - [2023-07-14T19:36:23.365+0000] {dag.py:3508} INFO - Setting next_dagrun for example_skip_dag to 2023-07-13T19:36:23.365287+00:00, run_after=2023-07-14T19:36:23.365287+00:00
[2023-07-14T19:36:23.393+0000] {processor.py:179} INFO - Processing /home/airflow/.local/lib/python3.7/site-packages/airflow/example_dags/example_skip_dag.py took 0.165 seconds
[2023-07-14T19:36:53.862+0000] {processor.py:157} INFO - Started process (PID=947) to work on /home/airflow/.local/lib/python3.7/site-packages/airflow/example_dags/example_skip_dag.py
[2023-07-14T19:36:53.864+0000] {processor.py:826} INFO - Processing file /home/airflow/.local/lib/python3.7/site-packages/airflow/example_dags/example_skip_dag.py for tasks to queue
[2023-07-14T19:36:53.865+0000] {logging_mixin.py:150} INFO - [2023-07-14T19:36:53.865+0000] {dagbag.py:541} INFO - Filling up the DagBag from /home/airflow/.local/lib/python3.7/site-packages/airflow/example_dags/example_skip_dag.py
[2023-07-14T19:36:53.873+0000] {processor.py:836} INFO - DAG(s) dict_keys(['example_skip_dag']) retrieved from /home/airflow/.local/lib/python3.7/site-packages/airflow/example_dags/example_skip_dag.py
[2023-07-14T19:36:53.898+0000] {logging_mixin.py:150} INFO - [2023-07-14T19:36:53.898+0000] {dag.py:2742} INFO - Sync 1 DAGs
[2023-07-14T19:36:53.924+0000] {logging_mixin.py:150} INFO - [2023-07-14T19:36:53.924+0000] {dag.py:3508} INFO - Setting next_dagrun for example_skip_dag to 2023-07-13T19:36:53.923956+00:00, run_after=2023-07-14T19:36:53.923956+00:00
[2023-07-14T19:36:53.948+0000] {processor.py:179} INFO - Processing /home/airflow/.local/lib/python3.7/site-packages/airflow/example_dags/example_skip_dag.py took 0.090 seconds
[2023-07-14T19:37:24.559+0000] {processor.py:157} INFO - Started process (PID=1019) to work on /home/airflow/.local/lib/python3.7/site-packages/airflow/example_dags/example_skip_dag.py
[2023-07-14T19:37:24.562+0000] {processor.py:826} INFO - Processing file /home/airflow/.local/lib/python3.7/site-packages/airflow/example_dags/example_skip_dag.py for tasks to queue
[2023-07-14T19:37:24.565+0000] {logging_mixin.py:150} INFO - [2023-07-14T19:37:24.564+0000] {dagbag.py:541} INFO - Filling up the DagBag from /home/airflow/.local/lib/python3.7/site-packages/airflow/example_dags/example_skip_dag.py
[2023-07-14T19:37:24.577+0000] {processor.py:836} INFO - DAG(s) dict_keys(['example_skip_dag']) retrieved from /home/airflow/.local/lib/python3.7/site-packages/airflow/example_dags/example_skip_dag.py
[2023-07-14T19:37:24.612+0000] {logging_mixin.py:150} INFO - [2023-07-14T19:37:24.612+0000] {dag.py:2742} INFO - Sync 1 DAGs
[2023-07-14T19:37:24.649+0000] {logging_mixin.py:150} INFO - [2023-07-14T19:37:24.649+0000] {dag.py:3508} INFO - Setting next_dagrun for example_skip_dag to 2023-07-13T19:37:24.648792+00:00, run_after=2023-07-14T19:37:24.648792+00:00
[2023-07-14T19:37:24.673+0000] {processor.py:179} INFO - Processing /home/airflow/.local/lib/python3.7/site-packages/airflow/example_dags/example_skip_dag.py took 0.120 seconds
[2023-07-14T19:37:55.586+0000] {processor.py:157} INFO - Started process (PID=1094) to work on /home/airflow/.local/lib/python3.7/site-packages/airflow/example_dags/example_skip_dag.py
[2023-07-14T19:37:55.588+0000] {processor.py:826} INFO - Processing file /home/airflow/.local/lib/python3.7/site-packages/airflow/example_dags/example_skip_dag.py for tasks to queue
[2023-07-14T19:37:55.589+0000] {logging_mixin.py:150} INFO - [2023-07-14T19:37:55.589+0000] {dagbag.py:541} INFO - Filling up the DagBag from /home/airflow/.local/lib/python3.7/site-packages/airflow/example_dags/example_skip_dag.py
[2023-07-14T19:37:55.597+0000] {processor.py:836} INFO - DAG(s) dict_keys(['example_skip_dag']) retrieved from /home/airflow/.local/lib/python3.7/site-packages/airflow/example_dags/example_skip_dag.py
[2023-07-14T19:37:55.628+0000] {logging_mixin.py:150} INFO - [2023-07-14T19:37:55.628+0000] {dag.py:2742} INFO - Sync 1 DAGs
[2023-07-14T19:37:55.658+0000] {logging_mixin.py:150} INFO - [2023-07-14T19:37:55.658+0000] {dag.py:3508} INFO - Setting next_dagrun for example_skip_dag to 2023-07-13T19:37:55.658093+00:00, run_after=2023-07-14T19:37:55.658093+00:00
[2023-07-14T19:37:55.696+0000] {processor.py:179} INFO - Processing /home/airflow/.local/lib/python3.7/site-packages/airflow/example_dags/example_skip_dag.py took 0.113 seconds
[2023-07-14T19:38:25.811+0000] {processor.py:157} INFO - Started process (PID=1165) to work on /home/airflow/.local/lib/python3.7/site-packages/airflow/example_dags/example_skip_dag.py
[2023-07-14T19:38:25.812+0000] {processor.py:826} INFO - Processing file /home/airflow/.local/lib/python3.7/site-packages/airflow/example_dags/example_skip_dag.py for tasks to queue
[2023-07-14T19:38:25.814+0000] {logging_mixin.py:150} INFO - [2023-07-14T19:38:25.814+0000] {dagbag.py:541} INFO - Filling up the DagBag from /home/airflow/.local/lib/python3.7/site-packages/airflow/example_dags/example_skip_dag.py
[2023-07-14T19:38:25.822+0000] {processor.py:836} INFO - DAG(s) dict_keys(['example_skip_dag']) retrieved from /home/airflow/.local/lib/python3.7/site-packages/airflow/example_dags/example_skip_dag.py
[2023-07-14T19:38:25.850+0000] {logging_mixin.py:150} INFO - [2023-07-14T19:38:25.849+0000] {dag.py:2742} INFO - Sync 1 DAGs
[2023-07-14T19:38:25.878+0000] {logging_mixin.py:150} INFO - [2023-07-14T19:38:25.877+0000] {dag.py:3508} INFO - Setting next_dagrun for example_skip_dag to 2023-07-13T19:38:25.877600+00:00, run_after=2023-07-14T19:38:25.877600+00:00
[2023-07-14T19:38:25.902+0000] {processor.py:179} INFO - Processing /home/airflow/.local/lib/python3.7/site-packages/airflow/example_dags/example_skip_dag.py took 0.094 seconds
[2023-07-14T19:38:56.302+0000] {processor.py:157} INFO - Started process (PID=1235) to work on /home/airflow/.local/lib/python3.7/site-packages/airflow/example_dags/example_skip_dag.py
[2023-07-14T19:38:56.303+0000] {processor.py:826} INFO - Processing file /home/airflow/.local/lib/python3.7/site-packages/airflow/example_dags/example_skip_dag.py for tasks to queue
[2023-07-14T19:38:56.305+0000] {logging_mixin.py:150} INFO - [2023-07-14T19:38:56.305+0000] {dagbag.py:541} INFO - Filling up the DagBag from /home/airflow/.local/lib/python3.7/site-packages/airflow/example_dags/example_skip_dag.py
[2023-07-14T19:38:56.314+0000] {processor.py:836} INFO - DAG(s) dict_keys(['example_skip_dag']) retrieved from /home/airflow/.local/lib/python3.7/site-packages/airflow/example_dags/example_skip_dag.py
[2023-07-14T19:38:56.341+0000] {logging_mixin.py:150} INFO - [2023-07-14T19:38:56.340+0000] {dag.py:2742} INFO - Sync 1 DAGs
[2023-07-14T19:38:56.367+0000] {logging_mixin.py:150} INFO - [2023-07-14T19:38:56.367+0000] {dag.py:3508} INFO - Setting next_dagrun for example_skip_dag to 2023-07-13T19:38:56.367103+00:00, run_after=2023-07-14T19:38:56.367103+00:00
[2023-07-14T19:38:56.393+0000] {processor.py:179} INFO - Processing /home/airflow/.local/lib/python3.7/site-packages/airflow/example_dags/example_skip_dag.py took 0.095 seconds
