[2023-07-14T19:30:23.279+0000] {processor.py:157} INFO - Started process (PID=64) to work on /home/airflow/.local/lib/python3.7/site-packages/airflow/example_dags/example_latest_only.py
[2023-07-14T19:30:23.282+0000] {processor.py:826} INFO - Processing file /home/airflow/.local/lib/python3.7/site-packages/airflow/example_dags/example_latest_only.py for tasks to queue
[2023-07-14T19:30:23.284+0000] {logging_mixin.py:150} INFO - [2023-07-14T19:30:23.284+0000] {dagbag.py:541} INFO - Filling up the DagBag from /home/airflow/.local/lib/python3.7/site-packages/airflow/example_dags/example_latest_only.py
[2023-07-14T19:30:23.303+0000] {processor.py:836} INFO - DAG(s) dict_keys(['latest_only']) retrieved from /home/airflow/.local/lib/python3.7/site-packages/airflow/example_dags/example_latest_only.py
[2023-07-14T19:30:23.552+0000] {logging_mixin.py:150} INFO - [2023-07-14T19:30:23.551+0000] {manager.py:504} INFO - Created Permission View: can read on DAG:latest_only
[2023-07-14T19:30:23.583+0000] {logging_mixin.py:150} INFO - [2023-07-14T19:30:23.582+0000] {manager.py:504} INFO - Created Permission View: can edit on DAG:latest_only
[2023-07-14T19:30:23.603+0000] {logging_mixin.py:150} INFO - [2023-07-14T19:30:23.603+0000] {manager.py:504} INFO - Created Permission View: can delete on DAG:latest_only
[2023-07-14T19:30:23.666+0000] {logging_mixin.py:150} INFO - [2023-07-14T19:30:23.665+0000] {dag.py:2742} INFO - Sync 1 DAGs
[2023-07-14T19:30:23.710+0000] {logging_mixin.py:150} INFO - [2023-07-14T19:30:23.710+0000] {dag.py:2763} INFO - Creating ORM DAG for latest_only
[2023-07-14T19:30:23.750+0000] {logging_mixin.py:150} INFO - [2023-07-14T19:30:23.750+0000] {dag.py:3508} INFO - Setting next_dagrun for latest_only to 2023-07-14T15:30:23.749891+00:00, run_after=2023-07-14T19:30:23.749891+00:00
[2023-07-14T19:30:23.814+0000] {processor.py:179} INFO - Processing /home/airflow/.local/lib/python3.7/site-packages/airflow/example_dags/example_latest_only.py took 0.541 seconds
[2023-07-14T19:30:54.608+0000] {processor.py:157} INFO - Started process (PID=134) to work on /home/airflow/.local/lib/python3.7/site-packages/airflow/example_dags/example_latest_only.py
[2023-07-14T19:30:54.610+0000] {processor.py:826} INFO - Processing file /home/airflow/.local/lib/python3.7/site-packages/airflow/example_dags/example_latest_only.py for tasks to queue
[2023-07-14T19:30:54.611+0000] {logging_mixin.py:150} INFO - [2023-07-14T19:30:54.611+0000] {dagbag.py:541} INFO - Filling up the DagBag from /home/airflow/.local/lib/python3.7/site-packages/airflow/example_dags/example_latest_only.py
[2023-07-14T19:30:54.624+0000] {processor.py:836} INFO - DAG(s) dict_keys(['latest_only']) retrieved from /home/airflow/.local/lib/python3.7/site-packages/airflow/example_dags/example_latest_only.py
[2023-07-14T19:30:54.662+0000] {logging_mixin.py:150} INFO - [2023-07-14T19:30:54.661+0000] {dag.py:2742} INFO - Sync 1 DAGs
[2023-07-14T19:30:54.711+0000] {logging_mixin.py:150} INFO - [2023-07-14T19:30:54.710+0000] {dag.py:3508} INFO - Setting next_dagrun for latest_only to 2023-07-14T15:30:54.710204+00:00, run_after=2023-07-14T19:30:54.710204+00:00
[2023-07-14T19:30:54.743+0000] {processor.py:179} INFO - Processing /home/airflow/.local/lib/python3.7/site-packages/airflow/example_dags/example_latest_only.py took 0.138 seconds
[2023-07-14T19:31:25.558+0000] {processor.py:157} INFO - Started process (PID=204) to work on /home/airflow/.local/lib/python3.7/site-packages/airflow/example_dags/example_latest_only.py
[2023-07-14T19:31:25.560+0000] {processor.py:826} INFO - Processing file /home/airflow/.local/lib/python3.7/site-packages/airflow/example_dags/example_latest_only.py for tasks to queue
[2023-07-14T19:31:25.562+0000] {logging_mixin.py:150} INFO - [2023-07-14T19:31:25.561+0000] {dagbag.py:541} INFO - Filling up the DagBag from /home/airflow/.local/lib/python3.7/site-packages/airflow/example_dags/example_latest_only.py
[2023-07-14T19:31:25.574+0000] {processor.py:836} INFO - DAG(s) dict_keys(['latest_only']) retrieved from /home/airflow/.local/lib/python3.7/site-packages/airflow/example_dags/example_latest_only.py
[2023-07-14T19:31:25.604+0000] {logging_mixin.py:150} INFO - [2023-07-14T19:31:25.603+0000] {dag.py:2742} INFO - Sync 1 DAGs
[2023-07-14T19:31:25.637+0000] {logging_mixin.py:150} INFO - [2023-07-14T19:31:25.636+0000] {dag.py:3508} INFO - Setting next_dagrun for latest_only to 2023-07-14T15:31:25.636679+00:00, run_after=2023-07-14T19:31:25.636679+00:00
[2023-07-14T19:31:25.662+0000] {processor.py:179} INFO - Processing /home/airflow/.local/lib/python3.7/site-packages/airflow/example_dags/example_latest_only.py took 0.109 seconds
[2023-07-14T19:31:56.336+0000] {processor.py:157} INFO - Started process (PID=274) to work on /home/airflow/.local/lib/python3.7/site-packages/airflow/example_dags/example_latest_only.py
[2023-07-14T19:31:56.338+0000] {processor.py:826} INFO - Processing file /home/airflow/.local/lib/python3.7/site-packages/airflow/example_dags/example_latest_only.py for tasks to queue
[2023-07-14T19:31:56.340+0000] {logging_mixin.py:150} INFO - [2023-07-14T19:31:56.339+0000] {dagbag.py:541} INFO - Filling up the DagBag from /home/airflow/.local/lib/python3.7/site-packages/airflow/example_dags/example_latest_only.py
[2023-07-14T19:31:56.347+0000] {processor.py:836} INFO - DAG(s) dict_keys(['latest_only']) retrieved from /home/airflow/.local/lib/python3.7/site-packages/airflow/example_dags/example_latest_only.py
[2023-07-14T19:31:56.384+0000] {logging_mixin.py:150} INFO - [2023-07-14T19:31:56.384+0000] {dag.py:2742} INFO - Sync 1 DAGs
[2023-07-14T19:31:56.415+0000] {logging_mixin.py:150} INFO - [2023-07-14T19:31:56.414+0000] {dag.py:3508} INFO - Setting next_dagrun for latest_only to 2023-07-14T15:31:56.414520+00:00, run_after=2023-07-14T19:31:56.414520+00:00
[2023-07-14T19:31:56.442+0000] {processor.py:179} INFO - Processing /home/airflow/.local/lib/python3.7/site-packages/airflow/example_dags/example_latest_only.py took 0.110 seconds
[2023-07-14T19:32:27.248+0000] {processor.py:157} INFO - Started process (PID=344) to work on /home/airflow/.local/lib/python3.7/site-packages/airflow/example_dags/example_latest_only.py
[2023-07-14T19:32:27.250+0000] {processor.py:826} INFO - Processing file /home/airflow/.local/lib/python3.7/site-packages/airflow/example_dags/example_latest_only.py for tasks to queue
[2023-07-14T19:32:27.252+0000] {logging_mixin.py:150} INFO - [2023-07-14T19:32:27.251+0000] {dagbag.py:541} INFO - Filling up the DagBag from /home/airflow/.local/lib/python3.7/site-packages/airflow/example_dags/example_latest_only.py
[2023-07-14T19:32:27.264+0000] {processor.py:836} INFO - DAG(s) dict_keys(['latest_only']) retrieved from /home/airflow/.local/lib/python3.7/site-packages/airflow/example_dags/example_latest_only.py
[2023-07-14T19:32:27.300+0000] {logging_mixin.py:150} INFO - [2023-07-14T19:32:27.299+0000] {dag.py:2742} INFO - Sync 1 DAGs
[2023-07-14T19:32:27.338+0000] {logging_mixin.py:150} INFO - [2023-07-14T19:32:27.337+0000] {dag.py:3508} INFO - Setting next_dagrun for latest_only to 2023-07-14T15:32:27.336863+00:00, run_after=2023-07-14T19:32:27.336863+00:00
[2023-07-14T19:32:27.369+0000] {processor.py:179} INFO - Processing /home/airflow/.local/lib/python3.7/site-packages/airflow/example_dags/example_latest_only.py took 0.125 seconds
[2023-07-14T19:32:57.432+0000] {processor.py:157} INFO - Started process (PID=414) to work on /home/airflow/.local/lib/python3.7/site-packages/airflow/example_dags/example_latest_only.py
[2023-07-14T19:32:57.433+0000] {processor.py:826} INFO - Processing file /home/airflow/.local/lib/python3.7/site-packages/airflow/example_dags/example_latest_only.py for tasks to queue
[2023-07-14T19:32:57.434+0000] {logging_mixin.py:150} INFO - [2023-07-14T19:32:57.434+0000] {dagbag.py:541} INFO - Filling up the DagBag from /home/airflow/.local/lib/python3.7/site-packages/airflow/example_dags/example_latest_only.py
[2023-07-14T19:32:57.442+0000] {processor.py:836} INFO - DAG(s) dict_keys(['latest_only']) retrieved from /home/airflow/.local/lib/python3.7/site-packages/airflow/example_dags/example_latest_only.py
[2023-07-14T19:32:57.468+0000] {logging_mixin.py:150} INFO - [2023-07-14T19:32:57.468+0000] {dag.py:2742} INFO - Sync 1 DAGs
[2023-07-14T19:32:57.498+0000] {logging_mixin.py:150} INFO - [2023-07-14T19:32:57.498+0000] {dag.py:3508} INFO - Setting next_dagrun for latest_only to 2023-07-14T15:32:57.498346+00:00, run_after=2023-07-14T19:32:57.498346+00:00
[2023-07-14T19:32:57.531+0000] {processor.py:179} INFO - Processing /home/airflow/.local/lib/python3.7/site-packages/airflow/example_dags/example_latest_only.py took 0.103 seconds
[2023-07-14T19:33:27.718+0000] {processor.py:157} INFO - Started process (PID=484) to work on /home/airflow/.local/lib/python3.7/site-packages/airflow/example_dags/example_latest_only.py
[2023-07-14T19:33:27.720+0000] {processor.py:826} INFO - Processing file /home/airflow/.local/lib/python3.7/site-packages/airflow/example_dags/example_latest_only.py for tasks to queue
[2023-07-14T19:33:27.723+0000] {logging_mixin.py:150} INFO - [2023-07-14T19:33:27.722+0000] {dagbag.py:541} INFO - Filling up the DagBag from /home/airflow/.local/lib/python3.7/site-packages/airflow/example_dags/example_latest_only.py
[2023-07-14T19:33:27.731+0000] {processor.py:836} INFO - DAG(s) dict_keys(['latest_only']) retrieved from /home/airflow/.local/lib/python3.7/site-packages/airflow/example_dags/example_latest_only.py
[2023-07-14T19:33:27.767+0000] {logging_mixin.py:150} INFO - [2023-07-14T19:33:27.767+0000] {dag.py:2742} INFO - Sync 1 DAGs
[2023-07-14T19:33:27.803+0000] {logging_mixin.py:150} INFO - [2023-07-14T19:33:27.803+0000] {dag.py:3508} INFO - Setting next_dagrun for latest_only to 2023-07-14T15:33:27.802795+00:00, run_after=2023-07-14T19:33:27.802795+00:00
[2023-07-14T19:33:27.833+0000] {processor.py:179} INFO - Processing /home/airflow/.local/lib/python3.7/site-packages/airflow/example_dags/example_latest_only.py took 0.119 seconds
[2023-07-14T19:33:58.336+0000] {processor.py:157} INFO - Started process (PID=554) to work on /home/airflow/.local/lib/python3.7/site-packages/airflow/example_dags/example_latest_only.py
[2023-07-14T19:33:58.338+0000] {processor.py:826} INFO - Processing file /home/airflow/.local/lib/python3.7/site-packages/airflow/example_dags/example_latest_only.py for tasks to queue
[2023-07-14T19:33:58.340+0000] {logging_mixin.py:150} INFO - [2023-07-14T19:33:58.339+0000] {dagbag.py:541} INFO - Filling up the DagBag from /home/airflow/.local/lib/python3.7/site-packages/airflow/example_dags/example_latest_only.py
[2023-07-14T19:33:58.347+0000] {processor.py:836} INFO - DAG(s) dict_keys(['latest_only']) retrieved from /home/airflow/.local/lib/python3.7/site-packages/airflow/example_dags/example_latest_only.py
[2023-07-14T19:33:58.383+0000] {logging_mixin.py:150} INFO - [2023-07-14T19:33:58.383+0000] {dag.py:2742} INFO - Sync 1 DAGs
[2023-07-14T19:33:58.415+0000] {logging_mixin.py:150} INFO - [2023-07-14T19:33:58.415+0000] {dag.py:3508} INFO - Setting next_dagrun for latest_only to 2023-07-14T15:33:58.414985+00:00, run_after=2023-07-14T19:33:58.414985+00:00
[2023-07-14T19:33:58.458+0000] {processor.py:179} INFO - Processing /home/airflow/.local/lib/python3.7/site-packages/airflow/example_dags/example_latest_only.py took 0.126 seconds
[2023-07-14T19:34:29.503+0000] {processor.py:157} INFO - Started process (PID=624) to work on /home/airflow/.local/lib/python3.7/site-packages/airflow/example_dags/example_latest_only.py
[2023-07-14T19:34:29.505+0000] {processor.py:826} INFO - Processing file /home/airflow/.local/lib/python3.7/site-packages/airflow/example_dags/example_latest_only.py for tasks to queue
[2023-07-14T19:34:29.508+0000] {logging_mixin.py:150} INFO - [2023-07-14T19:34:29.507+0000] {dagbag.py:541} INFO - Filling up the DagBag from /home/airflow/.local/lib/python3.7/site-packages/airflow/example_dags/example_latest_only.py
[2023-07-14T19:34:29.517+0000] {processor.py:836} INFO - DAG(s) dict_keys(['latest_only']) retrieved from /home/airflow/.local/lib/python3.7/site-packages/airflow/example_dags/example_latest_only.py
[2023-07-14T19:34:29.550+0000] {logging_mixin.py:150} INFO - [2023-07-14T19:34:29.549+0000] {dag.py:2742} INFO - Sync 1 DAGs
[2023-07-14T19:34:29.585+0000] {logging_mixin.py:150} INFO - [2023-07-14T19:34:29.585+0000] {dag.py:3508} INFO - Setting next_dagrun for latest_only to 2023-07-14T15:34:29.585074+00:00, run_after=2023-07-14T19:34:29.585074+00:00
[2023-07-14T19:34:29.629+0000] {processor.py:179} INFO - Processing /home/airflow/.local/lib/python3.7/site-packages/airflow/example_dags/example_latest_only.py took 0.129 seconds
[2023-07-14T19:35:00.417+0000] {processor.py:157} INFO - Started process (PID=694) to work on /home/airflow/.local/lib/python3.7/site-packages/airflow/example_dags/example_latest_only.py
[2023-07-14T19:35:00.418+0000] {processor.py:826} INFO - Processing file /home/airflow/.local/lib/python3.7/site-packages/airflow/example_dags/example_latest_only.py for tasks to queue
[2023-07-14T19:35:00.420+0000] {logging_mixin.py:150} INFO - [2023-07-14T19:35:00.419+0000] {dagbag.py:541} INFO - Filling up the DagBag from /home/airflow/.local/lib/python3.7/site-packages/airflow/example_dags/example_latest_only.py
[2023-07-14T19:35:00.426+0000] {processor.py:836} INFO - DAG(s) dict_keys(['latest_only']) retrieved from /home/airflow/.local/lib/python3.7/site-packages/airflow/example_dags/example_latest_only.py
[2023-07-14T19:35:00.458+0000] {logging_mixin.py:150} INFO - [2023-07-14T19:35:00.457+0000] {dag.py:2742} INFO - Sync 1 DAGs
[2023-07-14T19:35:00.488+0000] {logging_mixin.py:150} INFO - [2023-07-14T19:35:00.488+0000] {dag.py:3508} INFO - Setting next_dagrun for latest_only to 2023-07-14T15:35:00.488410+00:00, run_after=2023-07-14T19:35:00.488410+00:00
[2023-07-14T19:35:00.517+0000] {processor.py:179} INFO - Processing /home/airflow/.local/lib/python3.7/site-packages/airflow/example_dags/example_latest_only.py took 0.104 seconds
[2023-07-14T19:35:31.377+0000] {processor.py:157} INFO - Started process (PID=764) to work on /home/airflow/.local/lib/python3.7/site-packages/airflow/example_dags/example_latest_only.py
[2023-07-14T19:35:31.379+0000] {processor.py:826} INFO - Processing file /home/airflow/.local/lib/python3.7/site-packages/airflow/example_dags/example_latest_only.py for tasks to queue
[2023-07-14T19:35:31.380+0000] {logging_mixin.py:150} INFO - [2023-07-14T19:35:31.380+0000] {dagbag.py:541} INFO - Filling up the DagBag from /home/airflow/.local/lib/python3.7/site-packages/airflow/example_dags/example_latest_only.py
[2023-07-14T19:35:31.387+0000] {processor.py:836} INFO - DAG(s) dict_keys(['latest_only']) retrieved from /home/airflow/.local/lib/python3.7/site-packages/airflow/example_dags/example_latest_only.py
[2023-07-14T19:35:31.417+0000] {logging_mixin.py:150} INFO - [2023-07-14T19:35:31.417+0000] {dag.py:2742} INFO - Sync 1 DAGs
[2023-07-14T19:35:31.452+0000] {logging_mixin.py:150} INFO - [2023-07-14T19:35:31.452+0000] {dag.py:3508} INFO - Setting next_dagrun for latest_only to 2023-07-14T15:35:31.452071+00:00, run_after=2023-07-14T19:35:31.452071+00:00
[2023-07-14T19:35:31.483+0000] {processor.py:179} INFO - Processing /home/airflow/.local/lib/python3.7/site-packages/airflow/example_dags/example_latest_only.py took 0.110 seconds
[2023-07-14T19:36:02.556+0000] {processor.py:157} INFO - Started process (PID=834) to work on /home/airflow/.local/lib/python3.7/site-packages/airflow/example_dags/example_latest_only.py
[2023-07-14T19:36:02.558+0000] {processor.py:826} INFO - Processing file /home/airflow/.local/lib/python3.7/site-packages/airflow/example_dags/example_latest_only.py for tasks to queue
[2023-07-14T19:36:02.560+0000] {logging_mixin.py:150} INFO - [2023-07-14T19:36:02.559+0000] {dagbag.py:541} INFO - Filling up the DagBag from /home/airflow/.local/lib/python3.7/site-packages/airflow/example_dags/example_latest_only.py
[2023-07-14T19:36:02.572+0000] {processor.py:836} INFO - DAG(s) dict_keys(['latest_only']) retrieved from /home/airflow/.local/lib/python3.7/site-packages/airflow/example_dags/example_latest_only.py
[2023-07-14T19:36:02.612+0000] {logging_mixin.py:150} INFO - [2023-07-14T19:36:02.612+0000] {dag.py:2742} INFO - Sync 1 DAGs
[2023-07-14T19:36:02.672+0000] {logging_mixin.py:150} INFO - [2023-07-14T19:36:02.671+0000] {dag.py:3508} INFO - Setting next_dagrun for latest_only to 2023-07-14T15:36:02.671117+00:00, run_after=2023-07-14T19:36:02.671117+00:00
[2023-07-14T19:36:02.707+0000] {processor.py:179} INFO - Processing /home/airflow/.local/lib/python3.7/site-packages/airflow/example_dags/example_latest_only.py took 0.157 seconds
[2023-07-14T19:36:33.317+0000] {processor.py:157} INFO - Started process (PID=904) to work on /home/airflow/.local/lib/python3.7/site-packages/airflow/example_dags/example_latest_only.py
[2023-07-14T19:36:33.323+0000] {processor.py:826} INFO - Processing file /home/airflow/.local/lib/python3.7/site-packages/airflow/example_dags/example_latest_only.py for tasks to queue
[2023-07-14T19:36:33.330+0000] {logging_mixin.py:150} INFO - [2023-07-14T19:36:33.329+0000] {dagbag.py:541} INFO - Filling up the DagBag from /home/airflow/.local/lib/python3.7/site-packages/airflow/example_dags/example_latest_only.py
[2023-07-14T19:36:33.342+0000] {processor.py:836} INFO - DAG(s) dict_keys(['latest_only']) retrieved from /home/airflow/.local/lib/python3.7/site-packages/airflow/example_dags/example_latest_only.py
[2023-07-14T19:36:33.394+0000] {logging_mixin.py:150} INFO - [2023-07-14T19:36:33.393+0000] {dag.py:2742} INFO - Sync 1 DAGs
[2023-07-14T19:36:33.424+0000] {logging_mixin.py:150} INFO - [2023-07-14T19:36:33.424+0000] {dag.py:3508} INFO - Setting next_dagrun for latest_only to 2023-07-14T15:36:33.424448+00:00, run_after=2023-07-14T19:36:33.424448+00:00
[2023-07-14T19:36:33.452+0000] {processor.py:179} INFO - Processing /home/airflow/.local/lib/python3.7/site-packages/airflow/example_dags/example_latest_only.py took 0.141 seconds
[2023-07-14T19:37:03.728+0000] {processor.py:157} INFO - Started process (PID=966) to work on /home/airflow/.local/lib/python3.7/site-packages/airflow/example_dags/example_latest_only.py
[2023-07-14T19:37:03.730+0000] {processor.py:826} INFO - Processing file /home/airflow/.local/lib/python3.7/site-packages/airflow/example_dags/example_latest_only.py for tasks to queue
[2023-07-14T19:37:03.732+0000] {logging_mixin.py:150} INFO - [2023-07-14T19:37:03.732+0000] {dagbag.py:541} INFO - Filling up the DagBag from /home/airflow/.local/lib/python3.7/site-packages/airflow/example_dags/example_latest_only.py
[2023-07-14T19:37:03.741+0000] {processor.py:836} INFO - DAG(s) dict_keys(['latest_only']) retrieved from /home/airflow/.local/lib/python3.7/site-packages/airflow/example_dags/example_latest_only.py
[2023-07-14T19:37:03.775+0000] {logging_mixin.py:150} INFO - [2023-07-14T19:37:03.775+0000] {dag.py:2742} INFO - Sync 1 DAGs
[2023-07-14T19:37:03.811+0000] {logging_mixin.py:150} INFO - [2023-07-14T19:37:03.810+0000] {dag.py:3508} INFO - Setting next_dagrun for latest_only to 2023-07-14T15:37:03.810436+00:00, run_after=2023-07-14T19:37:03.810436+00:00
[2023-07-14T19:37:03.845+0000] {processor.py:179} INFO - Processing /home/airflow/.local/lib/python3.7/site-packages/airflow/example_dags/example_latest_only.py took 0.123 seconds
[2023-07-14T19:37:34.519+0000] {processor.py:157} INFO - Started process (PID=1036) to work on /home/airflow/.local/lib/python3.7/site-packages/airflow/example_dags/example_latest_only.py
[2023-07-14T19:37:34.521+0000] {processor.py:826} INFO - Processing file /home/airflow/.local/lib/python3.7/site-packages/airflow/example_dags/example_latest_only.py for tasks to queue
[2023-07-14T19:37:34.523+0000] {logging_mixin.py:150} INFO - [2023-07-14T19:37:34.523+0000] {dagbag.py:541} INFO - Filling up the DagBag from /home/airflow/.local/lib/python3.7/site-packages/airflow/example_dags/example_latest_only.py
[2023-07-14T19:37:34.532+0000] {processor.py:836} INFO - DAG(s) dict_keys(['latest_only']) retrieved from /home/airflow/.local/lib/python3.7/site-packages/airflow/example_dags/example_latest_only.py
[2023-07-14T19:37:34.565+0000] {logging_mixin.py:150} INFO - [2023-07-14T19:37:34.565+0000] {dag.py:2742} INFO - Sync 1 DAGs
[2023-07-14T19:37:34.598+0000] {logging_mixin.py:150} INFO - [2023-07-14T19:37:34.598+0000] {dag.py:3508} INFO - Setting next_dagrun for latest_only to 2023-07-14T15:37:34.598314+00:00, run_after=2023-07-14T19:37:34.598314+00:00
[2023-07-14T19:37:34.630+0000] {processor.py:179} INFO - Processing /home/airflow/.local/lib/python3.7/site-packages/airflow/example_dags/example_latest_only.py took 0.115 seconds
[2023-07-14T19:38:04.762+0000] {processor.py:157} INFO - Started process (PID=1105) to work on /home/airflow/.local/lib/python3.7/site-packages/airflow/example_dags/example_latest_only.py
[2023-07-14T19:38:04.764+0000] {processor.py:826} INFO - Processing file /home/airflow/.local/lib/python3.7/site-packages/airflow/example_dags/example_latest_only.py for tasks to queue
[2023-07-14T19:38:04.766+0000] {logging_mixin.py:150} INFO - [2023-07-14T19:38:04.766+0000] {dagbag.py:541} INFO - Filling up the DagBag from /home/airflow/.local/lib/python3.7/site-packages/airflow/example_dags/example_latest_only.py
[2023-07-14T19:38:04.773+0000] {processor.py:836} INFO - DAG(s) dict_keys(['latest_only']) retrieved from /home/airflow/.local/lib/python3.7/site-packages/airflow/example_dags/example_latest_only.py
[2023-07-14T19:38:04.815+0000] {logging_mixin.py:150} INFO - [2023-07-14T19:38:04.815+0000] {dag.py:2742} INFO - Sync 1 DAGs
[2023-07-14T19:38:04.847+0000] {logging_mixin.py:150} INFO - [2023-07-14T19:38:04.847+0000] {dag.py:3508} INFO - Setting next_dagrun for latest_only to 2023-07-14T15:38:04.846990+00:00, run_after=2023-07-14T19:38:04.846990+00:00
[2023-07-14T19:38:04.876+0000] {processor.py:179} INFO - Processing /home/airflow/.local/lib/python3.7/site-packages/airflow/example_dags/example_latest_only.py took 0.119 seconds
[2023-07-14T19:38:35.955+0000] {processor.py:157} INFO - Started process (PID=1177) to work on /home/airflow/.local/lib/python3.7/site-packages/airflow/example_dags/example_latest_only.py
[2023-07-14T19:38:35.956+0000] {processor.py:826} INFO - Processing file /home/airflow/.local/lib/python3.7/site-packages/airflow/example_dags/example_latest_only.py for tasks to queue
[2023-07-14T19:38:35.958+0000] {logging_mixin.py:150} INFO - [2023-07-14T19:38:35.957+0000] {dagbag.py:541} INFO - Filling up the DagBag from /home/airflow/.local/lib/python3.7/site-packages/airflow/example_dags/example_latest_only.py
[2023-07-14T19:38:35.966+0000] {processor.py:836} INFO - DAG(s) dict_keys(['latest_only']) retrieved from /home/airflow/.local/lib/python3.7/site-packages/airflow/example_dags/example_latest_only.py
[2023-07-14T19:38:35.997+0000] {logging_mixin.py:150} INFO - [2023-07-14T19:38:35.997+0000] {dag.py:2742} INFO - Sync 1 DAGs
[2023-07-14T19:38:36.035+0000] {logging_mixin.py:150} INFO - [2023-07-14T19:38:36.035+0000] {dag.py:3508} INFO - Setting next_dagrun for latest_only to 2023-07-14T15:38:36.035016+00:00, run_after=2023-07-14T19:38:36.035016+00:00
[2023-07-14T19:38:36.064+0000] {processor.py:179} INFO - Processing /home/airflow/.local/lib/python3.7/site-packages/airflow/example_dags/example_latest_only.py took 0.112 seconds
[2023-07-14T19:39:06.432+0000] {processor.py:157} INFO - Started process (PID=1247) to work on /home/airflow/.local/lib/python3.7/site-packages/airflow/example_dags/example_latest_only.py
[2023-07-14T19:39:06.433+0000] {processor.py:826} INFO - Processing file /home/airflow/.local/lib/python3.7/site-packages/airflow/example_dags/example_latest_only.py for tasks to queue
[2023-07-14T19:39:06.435+0000] {logging_mixin.py:150} INFO - [2023-07-14T19:39:06.435+0000] {dagbag.py:541} INFO - Filling up the DagBag from /home/airflow/.local/lib/python3.7/site-packages/airflow/example_dags/example_latest_only.py
[2023-07-14T19:39:06.443+0000] {processor.py:836} INFO - DAG(s) dict_keys(['latest_only']) retrieved from /home/airflow/.local/lib/python3.7/site-packages/airflow/example_dags/example_latest_only.py
[2023-07-14T19:39:06.476+0000] {logging_mixin.py:150} INFO - [2023-07-14T19:39:06.475+0000] {dag.py:2742} INFO - Sync 1 DAGs
[2023-07-14T19:39:06.512+0000] {logging_mixin.py:150} INFO - [2023-07-14T19:39:06.512+0000] {dag.py:3508} INFO - Setting next_dagrun for latest_only to 2023-07-14T15:39:06.511676+00:00, run_after=2023-07-14T19:39:06.511676+00:00
[2023-07-14T19:39:06.541+0000] {processor.py:179} INFO - Processing /home/airflow/.local/lib/python3.7/site-packages/airflow/example_dags/example_latest_only.py took 0.113 seconds
