[2023-07-14T19:30:20.746+0000] {processor.py:157} INFO - Started process (PID=51) to work on /home/airflow/.local/lib/python3.7/site-packages/airflow/example_dags/example_local_kubernetes_executor.py
[2023-07-14T19:30:20.749+0000] {processor.py:826} INFO - Processing file /home/airflow/.local/lib/python3.7/site-packages/airflow/example_dags/example_local_kubernetes_executor.py for tasks to queue
[2023-07-14T19:30:20.752+0000] {logging_mixin.py:150} INFO - [2023-07-14T19:30:20.751+0000] {dagbag.py:541} INFO - Filling up the DagBag from /home/airflow/.local/lib/python3.7/site-packages/airflow/example_dags/example_local_kubernetes_executor.py
[2023-07-14T19:30:21.428+0000] {processor.py:836} INFO - DAG(s) dict_keys(['example_local_kubernetes_executor']) retrieved from /home/airflow/.local/lib/python3.7/site-packages/airflow/example_dags/example_local_kubernetes_executor.py
[2023-07-14T19:30:21.746+0000] {logging_mixin.py:150} INFO - [2023-07-14T19:30:21.746+0000] {manager.py:504} INFO - Created Permission View: can read on DAG:example_local_kubernetes_executor
[2023-07-14T19:30:21.771+0000] {logging_mixin.py:150} INFO - [2023-07-14T19:30:21.771+0000] {manager.py:504} INFO - Created Permission View: can edit on DAG:example_local_kubernetes_executor
[2023-07-14T19:30:21.792+0000] {logging_mixin.py:150} INFO - [2023-07-14T19:30:21.791+0000] {manager.py:504} INFO - Created Permission View: can delete on DAG:example_local_kubernetes_executor
[2023-07-14T19:30:21.825+0000] {logging_mixin.py:150} INFO - [2023-07-14T19:30:21.825+0000] {dag.py:2742} INFO - Sync 1 DAGs
[2023-07-14T19:30:21.852+0000] {logging_mixin.py:150} INFO - [2023-07-14T19:30:21.851+0000] {dag.py:2763} INFO - Creating ORM DAG for example_local_kubernetes_executor
[2023-07-14T19:30:21.873+0000] {logging_mixin.py:150} INFO - [2023-07-14T19:30:21.873+0000] {dag.py:3508} INFO - Setting next_dagrun for example_local_kubernetes_executor to None, run_after=None
[2023-07-14T19:30:21.911+0000] {processor.py:179} INFO - Processing /home/airflow/.local/lib/python3.7/site-packages/airflow/example_dags/example_local_kubernetes_executor.py took 1.173 seconds
[2023-07-14T19:30:52.266+0000] {processor.py:157} INFO - Started process (PID=121) to work on /home/airflow/.local/lib/python3.7/site-packages/airflow/example_dags/example_local_kubernetes_executor.py
[2023-07-14T19:30:52.268+0000] {processor.py:826} INFO - Processing file /home/airflow/.local/lib/python3.7/site-packages/airflow/example_dags/example_local_kubernetes_executor.py for tasks to queue
[2023-07-14T19:30:52.271+0000] {logging_mixin.py:150} INFO - [2023-07-14T19:30:52.270+0000] {dagbag.py:541} INFO - Filling up the DagBag from /home/airflow/.local/lib/python3.7/site-packages/airflow/example_dags/example_local_kubernetes_executor.py
[2023-07-14T19:30:53.089+0000] {processor.py:836} INFO - DAG(s) dict_keys(['example_local_kubernetes_executor']) retrieved from /home/airflow/.local/lib/python3.7/site-packages/airflow/example_dags/example_local_kubernetes_executor.py
[2023-07-14T19:30:53.157+0000] {logging_mixin.py:150} INFO - [2023-07-14T19:30:53.156+0000] {dag.py:2742} INFO - Sync 1 DAGs
[2023-07-14T19:30:53.218+0000] {logging_mixin.py:150} INFO - [2023-07-14T19:30:53.218+0000] {dag.py:3508} INFO - Setting next_dagrun for example_local_kubernetes_executor to None, run_after=None
[2023-07-14T19:30:53.256+0000] {processor.py:179} INFO - Processing /home/airflow/.local/lib/python3.7/site-packages/airflow/example_dags/example_local_kubernetes_executor.py took 0.996 seconds
[2023-07-14T19:31:24.104+0000] {processor.py:157} INFO - Started process (PID=200) to work on /home/airflow/.local/lib/python3.7/site-packages/airflow/example_dags/example_local_kubernetes_executor.py
[2023-07-14T19:31:24.106+0000] {processor.py:826} INFO - Processing file /home/airflow/.local/lib/python3.7/site-packages/airflow/example_dags/example_local_kubernetes_executor.py for tasks to queue
[2023-07-14T19:31:24.108+0000] {logging_mixin.py:150} INFO - [2023-07-14T19:31:24.107+0000] {dagbag.py:541} INFO - Filling up the DagBag from /home/airflow/.local/lib/python3.7/site-packages/airflow/example_dags/example_local_kubernetes_executor.py
[2023-07-14T19:31:24.346+0000] {processor.py:836} INFO - DAG(s) dict_keys(['example_local_kubernetes_executor']) retrieved from /home/airflow/.local/lib/python3.7/site-packages/airflow/example_dags/example_local_kubernetes_executor.py
[2023-07-14T19:31:24.398+0000] {logging_mixin.py:150} INFO - [2023-07-14T19:31:24.398+0000] {dag.py:2742} INFO - Sync 1 DAGs
[2023-07-14T19:31:24.439+0000] {logging_mixin.py:150} INFO - [2023-07-14T19:31:24.438+0000] {dag.py:3508} INFO - Setting next_dagrun for example_local_kubernetes_executor to None, run_after=None
[2023-07-14T19:31:24.469+0000] {processor.py:179} INFO - Processing /home/airflow/.local/lib/python3.7/site-packages/airflow/example_dags/example_local_kubernetes_executor.py took 0.369 seconds
[2023-07-14T19:31:54.813+0000] {processor.py:157} INFO - Started process (PID=270) to work on /home/airflow/.local/lib/python3.7/site-packages/airflow/example_dags/example_local_kubernetes_executor.py
[2023-07-14T19:31:54.815+0000] {processor.py:826} INFO - Processing file /home/airflow/.local/lib/python3.7/site-packages/airflow/example_dags/example_local_kubernetes_executor.py for tasks to queue
[2023-07-14T19:31:54.817+0000] {logging_mixin.py:150} INFO - [2023-07-14T19:31:54.816+0000] {dagbag.py:541} INFO - Filling up the DagBag from /home/airflow/.local/lib/python3.7/site-packages/airflow/example_dags/example_local_kubernetes_executor.py
[2023-07-14T19:31:55.080+0000] {processor.py:836} INFO - DAG(s) dict_keys(['example_local_kubernetes_executor']) retrieved from /home/airflow/.local/lib/python3.7/site-packages/airflow/example_dags/example_local_kubernetes_executor.py
[2023-07-14T19:31:55.142+0000] {logging_mixin.py:150} INFO - [2023-07-14T19:31:55.142+0000] {dag.py:2742} INFO - Sync 1 DAGs
[2023-07-14T19:31:55.193+0000] {logging_mixin.py:150} INFO - [2023-07-14T19:31:55.193+0000] {dag.py:3508} INFO - Setting next_dagrun for example_local_kubernetes_executor to None, run_after=None
[2023-07-14T19:31:55.228+0000] {processor.py:179} INFO - Processing /home/airflow/.local/lib/python3.7/site-packages/airflow/example_dags/example_local_kubernetes_executor.py took 0.419 seconds
[2023-07-14T19:32:25.712+0000] {processor.py:157} INFO - Started process (PID=340) to work on /home/airflow/.local/lib/python3.7/site-packages/airflow/example_dags/example_local_kubernetes_executor.py
[2023-07-14T19:32:25.714+0000] {processor.py:826} INFO - Processing file /home/airflow/.local/lib/python3.7/site-packages/airflow/example_dags/example_local_kubernetes_executor.py for tasks to queue
[2023-07-14T19:32:25.716+0000] {logging_mixin.py:150} INFO - [2023-07-14T19:32:25.716+0000] {dagbag.py:541} INFO - Filling up the DagBag from /home/airflow/.local/lib/python3.7/site-packages/airflow/example_dags/example_local_kubernetes_executor.py
[2023-07-14T19:32:25.998+0000] {processor.py:836} INFO - DAG(s) dict_keys(['example_local_kubernetes_executor']) retrieved from /home/airflow/.local/lib/python3.7/site-packages/airflow/example_dags/example_local_kubernetes_executor.py
[2023-07-14T19:32:26.051+0000] {logging_mixin.py:150} INFO - [2023-07-14T19:32:26.051+0000] {dag.py:2742} INFO - Sync 1 DAGs
[2023-07-14T19:32:26.112+0000] {logging_mixin.py:150} INFO - [2023-07-14T19:32:26.111+0000] {dag.py:3508} INFO - Setting next_dagrun for example_local_kubernetes_executor to None, run_after=None
[2023-07-14T19:32:26.170+0000] {processor.py:179} INFO - Processing /home/airflow/.local/lib/python3.7/site-packages/airflow/example_dags/example_local_kubernetes_executor.py took 0.464 seconds
[2023-07-14T19:32:56.810+0000] {processor.py:157} INFO - Started process (PID=410) to work on /home/airflow/.local/lib/python3.7/site-packages/airflow/example_dags/example_local_kubernetes_executor.py
[2023-07-14T19:32:56.812+0000] {processor.py:826} INFO - Processing file /home/airflow/.local/lib/python3.7/site-packages/airflow/example_dags/example_local_kubernetes_executor.py for tasks to queue
[2023-07-14T19:32:56.814+0000] {logging_mixin.py:150} INFO - [2023-07-14T19:32:56.814+0000] {dagbag.py:541} INFO - Filling up the DagBag from /home/airflow/.local/lib/python3.7/site-packages/airflow/example_dags/example_local_kubernetes_executor.py
[2023-07-14T19:32:57.090+0000] {processor.py:836} INFO - DAG(s) dict_keys(['example_local_kubernetes_executor']) retrieved from /home/airflow/.local/lib/python3.7/site-packages/airflow/example_dags/example_local_kubernetes_executor.py
[2023-07-14T19:32:57.142+0000] {logging_mixin.py:150} INFO - [2023-07-14T19:32:57.142+0000] {dag.py:2742} INFO - Sync 1 DAGs
[2023-07-14T19:32:57.181+0000] {logging_mixin.py:150} INFO - [2023-07-14T19:32:57.181+0000] {dag.py:3508} INFO - Setting next_dagrun for example_local_kubernetes_executor to None, run_after=None
[2023-07-14T19:32:57.216+0000] {processor.py:179} INFO - Processing /home/airflow/.local/lib/python3.7/site-packages/airflow/example_dags/example_local_kubernetes_executor.py took 0.412 seconds
[2023-07-14T19:33:27.331+0000] {processor.py:157} INFO - Started process (PID=481) to work on /home/airflow/.local/lib/python3.7/site-packages/airflow/example_dags/example_local_kubernetes_executor.py
[2023-07-14T19:33:27.333+0000] {processor.py:826} INFO - Processing file /home/airflow/.local/lib/python3.7/site-packages/airflow/example_dags/example_local_kubernetes_executor.py for tasks to queue
[2023-07-14T19:33:27.335+0000] {logging_mixin.py:150} INFO - [2023-07-14T19:33:27.335+0000] {dagbag.py:541} INFO - Filling up the DagBag from /home/airflow/.local/lib/python3.7/site-packages/airflow/example_dags/example_local_kubernetes_executor.py
[2023-07-14T19:33:27.575+0000] {processor.py:836} INFO - DAG(s) dict_keys(['example_local_kubernetes_executor']) retrieved from /home/airflow/.local/lib/python3.7/site-packages/airflow/example_dags/example_local_kubernetes_executor.py
[2023-07-14T19:33:27.627+0000] {logging_mixin.py:150} INFO - [2023-07-14T19:33:27.627+0000] {dag.py:2742} INFO - Sync 1 DAGs
[2023-07-14T19:33:27.676+0000] {logging_mixin.py:150} INFO - [2023-07-14T19:33:27.675+0000] {dag.py:3508} INFO - Setting next_dagrun for example_local_kubernetes_executor to None, run_after=None
[2023-07-14T19:33:27.708+0000] {processor.py:179} INFO - Processing /home/airflow/.local/lib/python3.7/site-packages/airflow/example_dags/example_local_kubernetes_executor.py took 0.380 seconds
[2023-07-14T19:33:58.015+0000] {processor.py:157} INFO - Started process (PID=552) to work on /home/airflow/.local/lib/python3.7/site-packages/airflow/example_dags/example_local_kubernetes_executor.py
[2023-07-14T19:33:58.017+0000] {processor.py:826} INFO - Processing file /home/airflow/.local/lib/python3.7/site-packages/airflow/example_dags/example_local_kubernetes_executor.py for tasks to queue
[2023-07-14T19:33:58.019+0000] {logging_mixin.py:150} INFO - [2023-07-14T19:33:58.018+0000] {dagbag.py:541} INFO - Filling up the DagBag from /home/airflow/.local/lib/python3.7/site-packages/airflow/example_dags/example_local_kubernetes_executor.py
[2023-07-14T19:33:58.285+0000] {processor.py:836} INFO - DAG(s) dict_keys(['example_local_kubernetes_executor']) retrieved from /home/airflow/.local/lib/python3.7/site-packages/airflow/example_dags/example_local_kubernetes_executor.py
[2023-07-14T19:33:58.331+0000] {logging_mixin.py:150} INFO - [2023-07-14T19:33:58.330+0000] {dag.py:2742} INFO - Sync 1 DAGs
[2023-07-14T19:33:58.364+0000] {logging_mixin.py:150} INFO - [2023-07-14T19:33:58.364+0000] {dag.py:3508} INFO - Setting next_dagrun for example_local_kubernetes_executor to None, run_after=None
[2023-07-14T19:33:58.394+0000] {processor.py:179} INFO - Processing /home/airflow/.local/lib/python3.7/site-packages/airflow/example_dags/example_local_kubernetes_executor.py took 0.383 seconds
[2023-07-14T19:34:29.420+0000] {processor.py:157} INFO - Started process (PID=623) to work on /home/airflow/.local/lib/python3.7/site-packages/airflow/example_dags/example_local_kubernetes_executor.py
[2023-07-14T19:34:29.422+0000] {processor.py:826} INFO - Processing file /home/airflow/.local/lib/python3.7/site-packages/airflow/example_dags/example_local_kubernetes_executor.py for tasks to queue
[2023-07-14T19:34:29.424+0000] {logging_mixin.py:150} INFO - [2023-07-14T19:34:29.424+0000] {dagbag.py:541} INFO - Filling up the DagBag from /home/airflow/.local/lib/python3.7/site-packages/airflow/example_dags/example_local_kubernetes_executor.py
[2023-07-14T19:34:29.678+0000] {processor.py:836} INFO - DAG(s) dict_keys(['example_local_kubernetes_executor']) retrieved from /home/airflow/.local/lib/python3.7/site-packages/airflow/example_dags/example_local_kubernetes_executor.py
[2023-07-14T19:34:29.722+0000] {logging_mixin.py:150} INFO - [2023-07-14T19:34:29.722+0000] {dag.py:2742} INFO - Sync 1 DAGs
[2023-07-14T19:34:29.755+0000] {logging_mixin.py:150} INFO - [2023-07-14T19:34:29.755+0000] {dag.py:3508} INFO - Setting next_dagrun for example_local_kubernetes_executor to None, run_after=None
[2023-07-14T19:34:29.784+0000] {processor.py:179} INFO - Processing /home/airflow/.local/lib/python3.7/site-packages/airflow/example_dags/example_local_kubernetes_executor.py took 0.368 seconds
[2023-07-14T19:34:59.940+0000] {processor.py:157} INFO - Started process (PID=692) to work on /home/airflow/.local/lib/python3.7/site-packages/airflow/example_dags/example_local_kubernetes_executor.py
[2023-07-14T19:34:59.941+0000] {processor.py:826} INFO - Processing file /home/airflow/.local/lib/python3.7/site-packages/airflow/example_dags/example_local_kubernetes_executor.py for tasks to queue
[2023-07-14T19:34:59.943+0000] {logging_mixin.py:150} INFO - [2023-07-14T19:34:59.943+0000] {dagbag.py:541} INFO - Filling up the DagBag from /home/airflow/.local/lib/python3.7/site-packages/airflow/example_dags/example_local_kubernetes_executor.py
[2023-07-14T19:35:00.209+0000] {processor.py:836} INFO - DAG(s) dict_keys(['example_local_kubernetes_executor']) retrieved from /home/airflow/.local/lib/python3.7/site-packages/airflow/example_dags/example_local_kubernetes_executor.py
[2023-07-14T19:35:00.254+0000] {logging_mixin.py:150} INFO - [2023-07-14T19:35:00.253+0000] {dag.py:2742} INFO - Sync 1 DAGs
[2023-07-14T19:35:00.287+0000] {logging_mixin.py:150} INFO - [2023-07-14T19:35:00.286+0000] {dag.py:3508} INFO - Setting next_dagrun for example_local_kubernetes_executor to None, run_after=None
[2023-07-14T19:35:00.317+0000] {processor.py:179} INFO - Processing /home/airflow/.local/lib/python3.7/site-packages/airflow/example_dags/example_local_kubernetes_executor.py took 0.381 seconds
[2023-07-14T19:35:30.628+0000] {processor.py:157} INFO - Started process (PID=754) to work on /home/airflow/.local/lib/python3.7/site-packages/airflow/example_dags/example_local_kubernetes_executor.py
[2023-07-14T19:35:30.630+0000] {processor.py:826} INFO - Processing file /home/airflow/.local/lib/python3.7/site-packages/airflow/example_dags/example_local_kubernetes_executor.py for tasks to queue
[2023-07-14T19:35:30.632+0000] {logging_mixin.py:150} INFO - [2023-07-14T19:35:30.631+0000] {dagbag.py:541} INFO - Filling up the DagBag from /home/airflow/.local/lib/python3.7/site-packages/airflow/example_dags/example_local_kubernetes_executor.py
[2023-07-14T19:35:31.033+0000] {processor.py:836} INFO - DAG(s) dict_keys(['example_local_kubernetes_executor']) retrieved from /home/airflow/.local/lib/python3.7/site-packages/airflow/example_dags/example_local_kubernetes_executor.py
[2023-07-14T19:35:31.073+0000] {logging_mixin.py:150} INFO - [2023-07-14T19:35:31.073+0000] {dag.py:2742} INFO - Sync 1 DAGs
[2023-07-14T19:35:31.105+0000] {logging_mixin.py:150} INFO - [2023-07-14T19:35:31.105+0000] {dag.py:3508} INFO - Setting next_dagrun for example_local_kubernetes_executor to None, run_after=None
[2023-07-14T19:35:31.141+0000] {processor.py:179} INFO - Processing /home/airflow/.local/lib/python3.7/site-packages/airflow/example_dags/example_local_kubernetes_executor.py took 0.518 seconds
[2023-07-14T19:36:01.797+0000] {processor.py:157} INFO - Started process (PID=824) to work on /home/airflow/.local/lib/python3.7/site-packages/airflow/example_dags/example_local_kubernetes_executor.py
[2023-07-14T19:36:01.800+0000] {processor.py:826} INFO - Processing file /home/airflow/.local/lib/python3.7/site-packages/airflow/example_dags/example_local_kubernetes_executor.py for tasks to queue
[2023-07-14T19:36:01.803+0000] {logging_mixin.py:150} INFO - [2023-07-14T19:36:01.802+0000] {dagbag.py:541} INFO - Filling up the DagBag from /home/airflow/.local/lib/python3.7/site-packages/airflow/example_dags/example_local_kubernetes_executor.py
[2023-07-14T19:36:02.192+0000] {processor.py:836} INFO - DAG(s) dict_keys(['example_local_kubernetes_executor']) retrieved from /home/airflow/.local/lib/python3.7/site-packages/airflow/example_dags/example_local_kubernetes_executor.py
[2023-07-14T19:36:02.248+0000] {logging_mixin.py:150} INFO - [2023-07-14T19:36:02.248+0000] {dag.py:2742} INFO - Sync 1 DAGs
[2023-07-14T19:36:02.290+0000] {logging_mixin.py:150} INFO - [2023-07-14T19:36:02.289+0000] {dag.py:3508} INFO - Setting next_dagrun for example_local_kubernetes_executor to None, run_after=None
[2023-07-14T19:36:02.320+0000] {processor.py:179} INFO - Processing /home/airflow/.local/lib/python3.7/site-packages/airflow/example_dags/example_local_kubernetes_executor.py took 0.530 seconds
[2023-07-14T19:36:32.549+0000] {processor.py:157} INFO - Started process (PID=894) to work on /home/airflow/.local/lib/python3.7/site-packages/airflow/example_dags/example_local_kubernetes_executor.py
[2023-07-14T19:36:32.550+0000] {processor.py:826} INFO - Processing file /home/airflow/.local/lib/python3.7/site-packages/airflow/example_dags/example_local_kubernetes_executor.py for tasks to queue
[2023-07-14T19:36:32.553+0000] {logging_mixin.py:150} INFO - [2023-07-14T19:36:32.552+0000] {dagbag.py:541} INFO - Filling up the DagBag from /home/airflow/.local/lib/python3.7/site-packages/airflow/example_dags/example_local_kubernetes_executor.py
[2023-07-14T19:36:32.869+0000] {processor.py:836} INFO - DAG(s) dict_keys(['example_local_kubernetes_executor']) retrieved from /home/airflow/.local/lib/python3.7/site-packages/airflow/example_dags/example_local_kubernetes_executor.py
[2023-07-14T19:36:32.922+0000] {logging_mixin.py:150} INFO - [2023-07-14T19:36:32.921+0000] {dag.py:2742} INFO - Sync 1 DAGs
[2023-07-14T19:36:32.949+0000] {logging_mixin.py:150} INFO - [2023-07-14T19:36:32.949+0000] {dag.py:3508} INFO - Setting next_dagrun for example_local_kubernetes_executor to None, run_after=None
[2023-07-14T19:36:32.974+0000] {processor.py:179} INFO - Processing /home/airflow/.local/lib/python3.7/site-packages/airflow/example_dags/example_local_kubernetes_executor.py took 0.431 seconds
[2023-07-14T19:37:03.560+0000] {processor.py:157} INFO - Started process (PID=964) to work on /home/airflow/.local/lib/python3.7/site-packages/airflow/example_dags/example_local_kubernetes_executor.py
[2023-07-14T19:37:03.562+0000] {processor.py:826} INFO - Processing file /home/airflow/.local/lib/python3.7/site-packages/airflow/example_dags/example_local_kubernetes_executor.py for tasks to queue
[2023-07-14T19:37:03.564+0000] {logging_mixin.py:150} INFO - [2023-07-14T19:37:03.564+0000] {dagbag.py:541} INFO - Filling up the DagBag from /home/airflow/.local/lib/python3.7/site-packages/airflow/example_dags/example_local_kubernetes_executor.py
[2023-07-14T19:37:03.848+0000] {processor.py:836} INFO - DAG(s) dict_keys(['example_local_kubernetes_executor']) retrieved from /home/airflow/.local/lib/python3.7/site-packages/airflow/example_dags/example_local_kubernetes_executor.py
[2023-07-14T19:37:03.903+0000] {logging_mixin.py:150} INFO - [2023-07-14T19:37:03.903+0000] {dag.py:2742} INFO - Sync 1 DAGs
[2023-07-14T19:37:03.938+0000] {logging_mixin.py:150} INFO - [2023-07-14T19:37:03.938+0000] {dag.py:3508} INFO - Setting next_dagrun for example_local_kubernetes_executor to None, run_after=None
[2023-07-14T19:37:03.972+0000] {processor.py:179} INFO - Processing /home/airflow/.local/lib/python3.7/site-packages/airflow/example_dags/example_local_kubernetes_executor.py took 0.417 seconds
[2023-07-14T19:37:34.349+0000] {processor.py:157} INFO - Started process (PID=1034) to work on /home/airflow/.local/lib/python3.7/site-packages/airflow/example_dags/example_local_kubernetes_executor.py
[2023-07-14T19:37:34.351+0000] {processor.py:826} INFO - Processing file /home/airflow/.local/lib/python3.7/site-packages/airflow/example_dags/example_local_kubernetes_executor.py for tasks to queue
[2023-07-14T19:37:34.352+0000] {logging_mixin.py:150} INFO - [2023-07-14T19:37:34.352+0000] {dagbag.py:541} INFO - Filling up the DagBag from /home/airflow/.local/lib/python3.7/site-packages/airflow/example_dags/example_local_kubernetes_executor.py
[2023-07-14T19:37:34.595+0000] {processor.py:836} INFO - DAG(s) dict_keys(['example_local_kubernetes_executor']) retrieved from /home/airflow/.local/lib/python3.7/site-packages/airflow/example_dags/example_local_kubernetes_executor.py
[2023-07-14T19:37:34.641+0000] {logging_mixin.py:150} INFO - [2023-07-14T19:37:34.641+0000] {dag.py:2742} INFO - Sync 1 DAGs
[2023-07-14T19:37:34.682+0000] {logging_mixin.py:150} INFO - [2023-07-14T19:37:34.681+0000] {dag.py:3508} INFO - Setting next_dagrun for example_local_kubernetes_executor to None, run_after=None
[2023-07-14T19:37:34.716+0000] {processor.py:179} INFO - Processing /home/airflow/.local/lib/python3.7/site-packages/airflow/example_dags/example_local_kubernetes_executor.py took 0.370 seconds
[2023-07-14T19:38:04.920+0000] {processor.py:157} INFO - Started process (PID=1106) to work on /home/airflow/.local/lib/python3.7/site-packages/airflow/example_dags/example_local_kubernetes_executor.py
[2023-07-14T19:38:04.922+0000] {processor.py:826} INFO - Processing file /home/airflow/.local/lib/python3.7/site-packages/airflow/example_dags/example_local_kubernetes_executor.py for tasks to queue
[2023-07-14T19:38:04.924+0000] {logging_mixin.py:150} INFO - [2023-07-14T19:38:04.923+0000] {dagbag.py:541} INFO - Filling up the DagBag from /home/airflow/.local/lib/python3.7/site-packages/airflow/example_dags/example_local_kubernetes_executor.py
[2023-07-14T19:38:05.176+0000] {processor.py:836} INFO - DAG(s) dict_keys(['example_local_kubernetes_executor']) retrieved from /home/airflow/.local/lib/python3.7/site-packages/airflow/example_dags/example_local_kubernetes_executor.py
[2023-07-14T19:38:05.230+0000] {logging_mixin.py:150} INFO - [2023-07-14T19:38:05.230+0000] {dag.py:2742} INFO - Sync 1 DAGs
[2023-07-14T19:38:05.265+0000] {logging_mixin.py:150} INFO - [2023-07-14T19:38:05.264+0000] {dag.py:3508} INFO - Setting next_dagrun for example_local_kubernetes_executor to None, run_after=None
[2023-07-14T19:38:05.298+0000] {processor.py:179} INFO - Processing /home/airflow/.local/lib/python3.7/site-packages/airflow/example_dags/example_local_kubernetes_executor.py took 0.381 seconds
[2023-07-14T19:38:35.569+0000] {processor.py:157} INFO - Started process (PID=1175) to work on /home/airflow/.local/lib/python3.7/site-packages/airflow/example_dags/example_local_kubernetes_executor.py
[2023-07-14T19:38:35.572+0000] {processor.py:826} INFO - Processing file /home/airflow/.local/lib/python3.7/site-packages/airflow/example_dags/example_local_kubernetes_executor.py for tasks to queue
[2023-07-14T19:38:35.574+0000] {logging_mixin.py:150} INFO - [2023-07-14T19:38:35.573+0000] {dagbag.py:541} INFO - Filling up the DagBag from /home/airflow/.local/lib/python3.7/site-packages/airflow/example_dags/example_local_kubernetes_executor.py
[2023-07-14T19:38:35.796+0000] {processor.py:836} INFO - DAG(s) dict_keys(['example_local_kubernetes_executor']) retrieved from /home/airflow/.local/lib/python3.7/site-packages/airflow/example_dags/example_local_kubernetes_executor.py
[2023-07-14T19:38:35.839+0000] {logging_mixin.py:150} INFO - [2023-07-14T19:38:35.839+0000] {dag.py:2742} INFO - Sync 1 DAGs
[2023-07-14T19:38:35.867+0000] {logging_mixin.py:150} INFO - [2023-07-14T19:38:35.867+0000] {dag.py:3508} INFO - Setting next_dagrun for example_local_kubernetes_executor to None, run_after=None
[2023-07-14T19:38:35.896+0000] {processor.py:179} INFO - Processing /home/airflow/.local/lib/python3.7/site-packages/airflow/example_dags/example_local_kubernetes_executor.py took 0.330 seconds
[2023-07-14T19:39:06.010+0000] {processor.py:157} INFO - Started process (PID=1245) to work on /home/airflow/.local/lib/python3.7/site-packages/airflow/example_dags/example_local_kubernetes_executor.py
[2023-07-14T19:39:06.012+0000] {processor.py:826} INFO - Processing file /home/airflow/.local/lib/python3.7/site-packages/airflow/example_dags/example_local_kubernetes_executor.py for tasks to queue
[2023-07-14T19:39:06.014+0000] {logging_mixin.py:150} INFO - [2023-07-14T19:39:06.013+0000] {dagbag.py:541} INFO - Filling up the DagBag from /home/airflow/.local/lib/python3.7/site-packages/airflow/example_dags/example_local_kubernetes_executor.py
[2023-07-14T19:39:06.264+0000] {processor.py:836} INFO - DAG(s) dict_keys(['example_local_kubernetes_executor']) retrieved from /home/airflow/.local/lib/python3.7/site-packages/airflow/example_dags/example_local_kubernetes_executor.py
[2023-07-14T19:39:06.312+0000] {logging_mixin.py:150} INFO - [2023-07-14T19:39:06.311+0000] {dag.py:2742} INFO - Sync 1 DAGs
[2023-07-14T19:39:06.348+0000] {logging_mixin.py:150} INFO - [2023-07-14T19:39:06.348+0000] {dag.py:3508} INFO - Setting next_dagrun for example_local_kubernetes_executor to None, run_after=None
[2023-07-14T19:39:06.379+0000] {processor.py:179} INFO - Processing /home/airflow/.local/lib/python3.7/site-packages/airflow/example_dags/example_local_kubernetes_executor.py took 0.373 seconds
