[2023-07-14T19:30:27.970+0000] {processor.py:157} INFO - Started process (PID=76) to work on /home/airflow/.local/lib/python3.7/site-packages/airflow/example_dags/example_time_delta_sensor_async.py
[2023-07-14T19:30:27.973+0000] {processor.py:826} INFO - Processing file /home/airflow/.local/lib/python3.7/site-packages/airflow/example_dags/example_time_delta_sensor_async.py for tasks to queue
[2023-07-14T19:30:27.975+0000] {logging_mixin.py:150} INFO - [2023-07-14T19:30:27.974+0000] {dagbag.py:541} INFO - Filling up the DagBag from /home/airflow/.local/lib/python3.7/site-packages/airflow/example_dags/example_time_delta_sensor_async.py
[2023-07-14T19:30:27.990+0000] {processor.py:836} INFO - DAG(s) dict_keys(['example_time_delta_sensor_async']) retrieved from /home/airflow/.local/lib/python3.7/site-packages/airflow/example_dags/example_time_delta_sensor_async.py
[2023-07-14T19:30:28.245+0000] {logging_mixin.py:150} INFO - [2023-07-14T19:30:28.245+0000] {manager.py:504} INFO - Created Permission View: can read on DAG:example_time_delta_sensor_async
[2023-07-14T19:30:28.325+0000] {logging_mixin.py:150} INFO - [2023-07-14T19:30:28.325+0000] {manager.py:504} INFO - Created Permission View: can edit on DAG:example_time_delta_sensor_async
[2023-07-14T19:30:28.354+0000] {logging_mixin.py:150} INFO - [2023-07-14T19:30:28.354+0000] {manager.py:504} INFO - Created Permission View: can delete on DAG:example_time_delta_sensor_async
[2023-07-14T19:30:28.407+0000] {logging_mixin.py:150} INFO - [2023-07-14T19:30:28.406+0000] {dag.py:2742} INFO - Sync 1 DAGs
[2023-07-14T19:30:28.449+0000] {logging_mixin.py:150} INFO - [2023-07-14T19:30:28.449+0000] {dag.py:2763} INFO - Creating ORM DAG for example_time_delta_sensor_async
[2023-07-14T19:30:28.483+0000] {logging_mixin.py:150} INFO - [2023-07-14T19:30:28.483+0000] {dag.py:3508} INFO - Setting next_dagrun for example_time_delta_sensor_async to None, run_after=None
[2023-07-14T19:30:28.543+0000] {processor.py:179} INFO - Processing /home/airflow/.local/lib/python3.7/site-packages/airflow/example_dags/example_time_delta_sensor_async.py took 0.582 seconds
[2023-07-14T19:30:58.945+0000] {processor.py:157} INFO - Started process (PID=146) to work on /home/airflow/.local/lib/python3.7/site-packages/airflow/example_dags/example_time_delta_sensor_async.py
[2023-07-14T19:30:58.947+0000] {processor.py:826} INFO - Processing file /home/airflow/.local/lib/python3.7/site-packages/airflow/example_dags/example_time_delta_sensor_async.py for tasks to queue
[2023-07-14T19:30:58.949+0000] {logging_mixin.py:150} INFO - [2023-07-14T19:30:58.948+0000] {dagbag.py:541} INFO - Filling up the DagBag from /home/airflow/.local/lib/python3.7/site-packages/airflow/example_dags/example_time_delta_sensor_async.py
[2023-07-14T19:30:58.957+0000] {processor.py:836} INFO - DAG(s) dict_keys(['example_time_delta_sensor_async']) retrieved from /home/airflow/.local/lib/python3.7/site-packages/airflow/example_dags/example_time_delta_sensor_async.py
[2023-07-14T19:30:58.998+0000] {logging_mixin.py:150} INFO - [2023-07-14T19:30:58.998+0000] {dag.py:2742} INFO - Sync 1 DAGs
[2023-07-14T19:30:59.051+0000] {logging_mixin.py:150} INFO - [2023-07-14T19:30:59.051+0000] {dag.py:3508} INFO - Setting next_dagrun for example_time_delta_sensor_async to None, run_after=None
[2023-07-14T19:30:59.093+0000] {processor.py:179} INFO - Processing /home/airflow/.local/lib/python3.7/site-packages/airflow/example_dags/example_time_delta_sensor_async.py took 0.152 seconds
[2023-07-14T19:31:29.589+0000] {processor.py:157} INFO - Started process (PID=216) to work on /home/airflow/.local/lib/python3.7/site-packages/airflow/example_dags/example_time_delta_sensor_async.py
[2023-07-14T19:31:29.591+0000] {processor.py:826} INFO - Processing file /home/airflow/.local/lib/python3.7/site-packages/airflow/example_dags/example_time_delta_sensor_async.py for tasks to queue
[2023-07-14T19:31:29.592+0000] {logging_mixin.py:150} INFO - [2023-07-14T19:31:29.592+0000] {dagbag.py:541} INFO - Filling up the DagBag from /home/airflow/.local/lib/python3.7/site-packages/airflow/example_dags/example_time_delta_sensor_async.py
[2023-07-14T19:31:29.599+0000] {processor.py:836} INFO - DAG(s) dict_keys(['example_time_delta_sensor_async']) retrieved from /home/airflow/.local/lib/python3.7/site-packages/airflow/example_dags/example_time_delta_sensor_async.py
[2023-07-14T19:31:29.637+0000] {logging_mixin.py:150} INFO - [2023-07-14T19:31:29.637+0000] {dag.py:2742} INFO - Sync 1 DAGs
[2023-07-14T19:31:29.673+0000] {logging_mixin.py:150} INFO - [2023-07-14T19:31:29.672+0000] {dag.py:3508} INFO - Setting next_dagrun for example_time_delta_sensor_async to None, run_after=None
[2023-07-14T19:31:29.709+0000] {processor.py:179} INFO - Processing /home/airflow/.local/lib/python3.7/site-packages/airflow/example_dags/example_time_delta_sensor_async.py took 0.124 seconds
[2023-07-14T19:32:00.211+0000] {processor.py:157} INFO - Started process (PID=286) to work on /home/airflow/.local/lib/python3.7/site-packages/airflow/example_dags/example_time_delta_sensor_async.py
[2023-07-14T19:32:00.213+0000] {processor.py:826} INFO - Processing file /home/airflow/.local/lib/python3.7/site-packages/airflow/example_dags/example_time_delta_sensor_async.py for tasks to queue
[2023-07-14T19:32:00.215+0000] {logging_mixin.py:150} INFO - [2023-07-14T19:32:00.215+0000] {dagbag.py:541} INFO - Filling up the DagBag from /home/airflow/.local/lib/python3.7/site-packages/airflow/example_dags/example_time_delta_sensor_async.py
[2023-07-14T19:32:00.222+0000] {processor.py:836} INFO - DAG(s) dict_keys(['example_time_delta_sensor_async']) retrieved from /home/airflow/.local/lib/python3.7/site-packages/airflow/example_dags/example_time_delta_sensor_async.py
[2023-07-14T19:32:00.260+0000] {logging_mixin.py:150} INFO - [2023-07-14T19:32:00.260+0000] {dag.py:2742} INFO - Sync 1 DAGs
[2023-07-14T19:32:00.293+0000] {logging_mixin.py:150} INFO - [2023-07-14T19:32:00.293+0000] {dag.py:3508} INFO - Setting next_dagrun for example_time_delta_sensor_async to None, run_after=None
[2023-07-14T19:32:00.325+0000] {processor.py:179} INFO - Processing /home/airflow/.local/lib/python3.7/site-packages/airflow/example_dags/example_time_delta_sensor_async.py took 0.120 seconds
[2023-07-14T19:32:30.624+0000] {processor.py:157} INFO - Started process (PID=356) to work on /home/airflow/.local/lib/python3.7/site-packages/airflow/example_dags/example_time_delta_sensor_async.py
[2023-07-14T19:32:30.626+0000] {processor.py:826} INFO - Processing file /home/airflow/.local/lib/python3.7/site-packages/airflow/example_dags/example_time_delta_sensor_async.py for tasks to queue
[2023-07-14T19:32:30.629+0000] {logging_mixin.py:150} INFO - [2023-07-14T19:32:30.628+0000] {dagbag.py:541} INFO - Filling up the DagBag from /home/airflow/.local/lib/python3.7/site-packages/airflow/example_dags/example_time_delta_sensor_async.py
[2023-07-14T19:32:30.635+0000] {processor.py:836} INFO - DAG(s) dict_keys(['example_time_delta_sensor_async']) retrieved from /home/airflow/.local/lib/python3.7/site-packages/airflow/example_dags/example_time_delta_sensor_async.py
[2023-07-14T19:32:30.671+0000] {logging_mixin.py:150} INFO - [2023-07-14T19:32:30.671+0000] {dag.py:2742} INFO - Sync 1 DAGs
[2023-07-14T19:32:30.712+0000] {logging_mixin.py:150} INFO - [2023-07-14T19:32:30.712+0000] {dag.py:3508} INFO - Setting next_dagrun for example_time_delta_sensor_async to None, run_after=None
[2023-07-14T19:32:30.746+0000] {processor.py:179} INFO - Processing /home/airflow/.local/lib/python3.7/site-packages/airflow/example_dags/example_time_delta_sensor_async.py took 0.126 seconds
[2023-07-14T19:33:01.413+0000] {processor.py:157} INFO - Started process (PID=426) to work on /home/airflow/.local/lib/python3.7/site-packages/airflow/example_dags/example_time_delta_sensor_async.py
[2023-07-14T19:33:01.415+0000] {processor.py:826} INFO - Processing file /home/airflow/.local/lib/python3.7/site-packages/airflow/example_dags/example_time_delta_sensor_async.py for tasks to queue
[2023-07-14T19:33:01.418+0000] {logging_mixin.py:150} INFO - [2023-07-14T19:33:01.417+0000] {dagbag.py:541} INFO - Filling up the DagBag from /home/airflow/.local/lib/python3.7/site-packages/airflow/example_dags/example_time_delta_sensor_async.py
[2023-07-14T19:33:01.424+0000] {processor.py:836} INFO - DAG(s) dict_keys(['example_time_delta_sensor_async']) retrieved from /home/airflow/.local/lib/python3.7/site-packages/airflow/example_dags/example_time_delta_sensor_async.py
[2023-07-14T19:33:01.459+0000] {logging_mixin.py:150} INFO - [2023-07-14T19:33:01.459+0000] {dag.py:2742} INFO - Sync 1 DAGs
[2023-07-14T19:33:01.493+0000] {logging_mixin.py:150} INFO - [2023-07-14T19:33:01.492+0000] {dag.py:3508} INFO - Setting next_dagrun for example_time_delta_sensor_async to None, run_after=None
[2023-07-14T19:33:01.521+0000] {processor.py:179} INFO - Processing /home/airflow/.local/lib/python3.7/site-packages/airflow/example_dags/example_time_delta_sensor_async.py took 0.112 seconds
[2023-07-14T19:33:31.781+0000] {processor.py:157} INFO - Started process (PID=496) to work on /home/airflow/.local/lib/python3.7/site-packages/airflow/example_dags/example_time_delta_sensor_async.py
[2023-07-14T19:33:31.783+0000] {processor.py:826} INFO - Processing file /home/airflow/.local/lib/python3.7/site-packages/airflow/example_dags/example_time_delta_sensor_async.py for tasks to queue
[2023-07-14T19:33:31.785+0000] {logging_mixin.py:150} INFO - [2023-07-14T19:33:31.784+0000] {dagbag.py:541} INFO - Filling up the DagBag from /home/airflow/.local/lib/python3.7/site-packages/airflow/example_dags/example_time_delta_sensor_async.py
[2023-07-14T19:33:31.790+0000] {processor.py:836} INFO - DAG(s) dict_keys(['example_time_delta_sensor_async']) retrieved from /home/airflow/.local/lib/python3.7/site-packages/airflow/example_dags/example_time_delta_sensor_async.py
[2023-07-14T19:33:31.822+0000] {logging_mixin.py:150} INFO - [2023-07-14T19:33:31.822+0000] {dag.py:2742} INFO - Sync 1 DAGs
[2023-07-14T19:33:31.850+0000] {logging_mixin.py:150} INFO - [2023-07-14T19:33:31.850+0000] {dag.py:3508} INFO - Setting next_dagrun for example_time_delta_sensor_async to None, run_after=None
[2023-07-14T19:33:31.875+0000] {processor.py:179} INFO - Processing /home/airflow/.local/lib/python3.7/site-packages/airflow/example_dags/example_time_delta_sensor_async.py took 0.097 seconds
[2023-07-14T19:34:02.259+0000] {processor.py:157} INFO - Started process (PID=566) to work on /home/airflow/.local/lib/python3.7/site-packages/airflow/example_dags/example_time_delta_sensor_async.py
[2023-07-14T19:34:02.261+0000] {processor.py:826} INFO - Processing file /home/airflow/.local/lib/python3.7/site-packages/airflow/example_dags/example_time_delta_sensor_async.py for tasks to queue
[2023-07-14T19:34:02.263+0000] {logging_mixin.py:150} INFO - [2023-07-14T19:34:02.262+0000] {dagbag.py:541} INFO - Filling up the DagBag from /home/airflow/.local/lib/python3.7/site-packages/airflow/example_dags/example_time_delta_sensor_async.py
[2023-07-14T19:34:02.269+0000] {processor.py:836} INFO - DAG(s) dict_keys(['example_time_delta_sensor_async']) retrieved from /home/airflow/.local/lib/python3.7/site-packages/airflow/example_dags/example_time_delta_sensor_async.py
[2023-07-14T19:34:02.303+0000] {logging_mixin.py:150} INFO - [2023-07-14T19:34:02.303+0000] {dag.py:2742} INFO - Sync 1 DAGs
[2023-07-14T19:34:02.334+0000] {logging_mixin.py:150} INFO - [2023-07-14T19:34:02.334+0000] {dag.py:3508} INFO - Setting next_dagrun for example_time_delta_sensor_async to None, run_after=None
[2023-07-14T19:34:02.364+0000] {processor.py:179} INFO - Processing /home/airflow/.local/lib/python3.7/site-packages/airflow/example_dags/example_time_delta_sensor_async.py took 0.109 seconds
[2023-07-14T19:34:32.665+0000] {processor.py:157} INFO - Started process (PID=636) to work on /home/airflow/.local/lib/python3.7/site-packages/airflow/example_dags/example_time_delta_sensor_async.py
[2023-07-14T19:34:32.667+0000] {processor.py:826} INFO - Processing file /home/airflow/.local/lib/python3.7/site-packages/airflow/example_dags/example_time_delta_sensor_async.py for tasks to queue
[2023-07-14T19:34:32.669+0000] {logging_mixin.py:150} INFO - [2023-07-14T19:34:32.668+0000] {dagbag.py:541} INFO - Filling up the DagBag from /home/airflow/.local/lib/python3.7/site-packages/airflow/example_dags/example_time_delta_sensor_async.py
[2023-07-14T19:34:32.677+0000] {processor.py:836} INFO - DAG(s) dict_keys(['example_time_delta_sensor_async']) retrieved from /home/airflow/.local/lib/python3.7/site-packages/airflow/example_dags/example_time_delta_sensor_async.py
[2023-07-14T19:34:32.708+0000] {logging_mixin.py:150} INFO - [2023-07-14T19:34:32.708+0000] {dag.py:2742} INFO - Sync 1 DAGs
[2023-07-14T19:34:32.741+0000] {logging_mixin.py:150} INFO - [2023-07-14T19:34:32.741+0000] {dag.py:3508} INFO - Setting next_dagrun for example_time_delta_sensor_async to None, run_after=None
[2023-07-14T19:34:32.774+0000] {processor.py:179} INFO - Processing /home/airflow/.local/lib/python3.7/site-packages/airflow/example_dags/example_time_delta_sensor_async.py took 0.113 seconds
[2023-07-14T19:35:03.458+0000] {processor.py:157} INFO - Started process (PID=706) to work on /home/airflow/.local/lib/python3.7/site-packages/airflow/example_dags/example_time_delta_sensor_async.py
[2023-07-14T19:35:03.460+0000] {processor.py:826} INFO - Processing file /home/airflow/.local/lib/python3.7/site-packages/airflow/example_dags/example_time_delta_sensor_async.py for tasks to queue
[2023-07-14T19:35:03.461+0000] {logging_mixin.py:150} INFO - [2023-07-14T19:35:03.461+0000] {dagbag.py:541} INFO - Filling up the DagBag from /home/airflow/.local/lib/python3.7/site-packages/airflow/example_dags/example_time_delta_sensor_async.py
[2023-07-14T19:35:03.468+0000] {processor.py:836} INFO - DAG(s) dict_keys(['example_time_delta_sensor_async']) retrieved from /home/airflow/.local/lib/python3.7/site-packages/airflow/example_dags/example_time_delta_sensor_async.py
[2023-07-14T19:35:03.501+0000] {logging_mixin.py:150} INFO - [2023-07-14T19:35:03.501+0000] {dag.py:2742} INFO - Sync 1 DAGs
[2023-07-14T19:35:03.531+0000] {logging_mixin.py:150} INFO - [2023-07-14T19:35:03.530+0000] {dag.py:3508} INFO - Setting next_dagrun for example_time_delta_sensor_async to None, run_after=None
[2023-07-14T19:35:03.562+0000] {processor.py:179} INFO - Processing /home/airflow/.local/lib/python3.7/site-packages/airflow/example_dags/example_time_delta_sensor_async.py took 0.108 seconds
[2023-07-14T19:35:34.376+0000] {processor.py:157} INFO - Started process (PID=776) to work on /home/airflow/.local/lib/python3.7/site-packages/airflow/example_dags/example_time_delta_sensor_async.py
[2023-07-14T19:35:34.377+0000] {processor.py:826} INFO - Processing file /home/airflow/.local/lib/python3.7/site-packages/airflow/example_dags/example_time_delta_sensor_async.py for tasks to queue
[2023-07-14T19:35:34.379+0000] {logging_mixin.py:150} INFO - [2023-07-14T19:35:34.379+0000] {dagbag.py:541} INFO - Filling up the DagBag from /home/airflow/.local/lib/python3.7/site-packages/airflow/example_dags/example_time_delta_sensor_async.py
[2023-07-14T19:35:34.387+0000] {processor.py:836} INFO - DAG(s) dict_keys(['example_time_delta_sensor_async']) retrieved from /home/airflow/.local/lib/python3.7/site-packages/airflow/example_dags/example_time_delta_sensor_async.py
[2023-07-14T19:35:34.421+0000] {logging_mixin.py:150} INFO - [2023-07-14T19:35:34.421+0000] {dag.py:2742} INFO - Sync 1 DAGs
[2023-07-14T19:35:34.450+0000] {logging_mixin.py:150} INFO - [2023-07-14T19:35:34.450+0000] {dag.py:3508} INFO - Setting next_dagrun for example_time_delta_sensor_async to None, run_after=None
[2023-07-14T19:35:34.480+0000] {processor.py:179} INFO - Processing /home/airflow/.local/lib/python3.7/site-packages/airflow/example_dags/example_time_delta_sensor_async.py took 0.109 seconds
[2023-07-14T19:36:04.876+0000] {processor.py:157} INFO - Started process (PID=846) to work on /home/airflow/.local/lib/python3.7/site-packages/airflow/example_dags/example_time_delta_sensor_async.py
[2023-07-14T19:36:04.878+0000] {processor.py:826} INFO - Processing file /home/airflow/.local/lib/python3.7/site-packages/airflow/example_dags/example_time_delta_sensor_async.py for tasks to queue
[2023-07-14T19:36:04.879+0000] {logging_mixin.py:150} INFO - [2023-07-14T19:36:04.879+0000] {dagbag.py:541} INFO - Filling up the DagBag from /home/airflow/.local/lib/python3.7/site-packages/airflow/example_dags/example_time_delta_sensor_async.py
[2023-07-14T19:36:04.885+0000] {processor.py:836} INFO - DAG(s) dict_keys(['example_time_delta_sensor_async']) retrieved from /home/airflow/.local/lib/python3.7/site-packages/airflow/example_dags/example_time_delta_sensor_async.py
[2023-07-14T19:36:04.919+0000] {logging_mixin.py:150} INFO - [2023-07-14T19:36:04.919+0000] {dag.py:2742} INFO - Sync 1 DAGs
[2023-07-14T19:36:04.952+0000] {logging_mixin.py:150} INFO - [2023-07-14T19:36:04.952+0000] {dag.py:3508} INFO - Setting next_dagrun for example_time_delta_sensor_async to None, run_after=None
[2023-07-14T19:36:04.980+0000] {processor.py:179} INFO - Processing /home/airflow/.local/lib/python3.7/site-packages/airflow/example_dags/example_time_delta_sensor_async.py took 0.109 seconds
[2023-07-14T19:36:35.620+0000] {processor.py:157} INFO - Started process (PID=917) to work on /home/airflow/.local/lib/python3.7/site-packages/airflow/example_dags/example_time_delta_sensor_async.py
[2023-07-14T19:36:35.621+0000] {processor.py:826} INFO - Processing file /home/airflow/.local/lib/python3.7/site-packages/airflow/example_dags/example_time_delta_sensor_async.py for tasks to queue
[2023-07-14T19:36:35.623+0000] {logging_mixin.py:150} INFO - [2023-07-14T19:36:35.623+0000] {dagbag.py:541} INFO - Filling up the DagBag from /home/airflow/.local/lib/python3.7/site-packages/airflow/example_dags/example_time_delta_sensor_async.py
[2023-07-14T19:36:35.629+0000] {processor.py:836} INFO - DAG(s) dict_keys(['example_time_delta_sensor_async']) retrieved from /home/airflow/.local/lib/python3.7/site-packages/airflow/example_dags/example_time_delta_sensor_async.py
[2023-07-14T19:36:35.665+0000] {logging_mixin.py:150} INFO - [2023-07-14T19:36:35.665+0000] {dag.py:2742} INFO - Sync 1 DAGs
[2023-07-14T19:36:35.697+0000] {logging_mixin.py:150} INFO - [2023-07-14T19:36:35.697+0000] {dag.py:3508} INFO - Setting next_dagrun for example_time_delta_sensor_async to None, run_after=None
[2023-07-14T19:36:35.725+0000] {processor.py:179} INFO - Processing /home/airflow/.local/lib/python3.7/site-packages/airflow/example_dags/example_time_delta_sensor_async.py took 0.110 seconds
[2023-07-14T19:37:06.380+0000] {processor.py:157} INFO - Started process (PID=987) to work on /home/airflow/.local/lib/python3.7/site-packages/airflow/example_dags/example_time_delta_sensor_async.py
[2023-07-14T19:37:06.382+0000] {processor.py:826} INFO - Processing file /home/airflow/.local/lib/python3.7/site-packages/airflow/example_dags/example_time_delta_sensor_async.py for tasks to queue
[2023-07-14T19:37:06.384+0000] {logging_mixin.py:150} INFO - [2023-07-14T19:37:06.384+0000] {dagbag.py:541} INFO - Filling up the DagBag from /home/airflow/.local/lib/python3.7/site-packages/airflow/example_dags/example_time_delta_sensor_async.py
[2023-07-14T19:37:06.391+0000] {processor.py:836} INFO - DAG(s) dict_keys(['example_time_delta_sensor_async']) retrieved from /home/airflow/.local/lib/python3.7/site-packages/airflow/example_dags/example_time_delta_sensor_async.py
[2023-07-14T19:37:06.428+0000] {logging_mixin.py:150} INFO - [2023-07-14T19:37:06.428+0000] {dag.py:2742} INFO - Sync 1 DAGs
[2023-07-14T19:37:06.467+0000] {logging_mixin.py:150} INFO - [2023-07-14T19:37:06.466+0000] {dag.py:3508} INFO - Setting next_dagrun for example_time_delta_sensor_async to None, run_after=None
[2023-07-14T19:37:06.493+0000] {processor.py:179} INFO - Processing /home/airflow/.local/lib/python3.7/site-packages/airflow/example_dags/example_time_delta_sensor_async.py took 0.119 seconds
[2023-07-14T19:37:37.138+0000] {processor.py:157} INFO - Started process (PID=1057) to work on /home/airflow/.local/lib/python3.7/site-packages/airflow/example_dags/example_time_delta_sensor_async.py
[2023-07-14T19:37:37.139+0000] {processor.py:826} INFO - Processing file /home/airflow/.local/lib/python3.7/site-packages/airflow/example_dags/example_time_delta_sensor_async.py for tasks to queue
[2023-07-14T19:37:37.141+0000] {logging_mixin.py:150} INFO - [2023-07-14T19:37:37.140+0000] {dagbag.py:541} INFO - Filling up the DagBag from /home/airflow/.local/lib/python3.7/site-packages/airflow/example_dags/example_time_delta_sensor_async.py
[2023-07-14T19:37:37.147+0000] {processor.py:836} INFO - DAG(s) dict_keys(['example_time_delta_sensor_async']) retrieved from /home/airflow/.local/lib/python3.7/site-packages/airflow/example_dags/example_time_delta_sensor_async.py
[2023-07-14T19:37:37.182+0000] {logging_mixin.py:150} INFO - [2023-07-14T19:37:37.182+0000] {dag.py:2742} INFO - Sync 1 DAGs
[2023-07-14T19:37:37.214+0000] {logging_mixin.py:150} INFO - [2023-07-14T19:37:37.214+0000] {dag.py:3508} INFO - Setting next_dagrun for example_time_delta_sensor_async to None, run_after=None
[2023-07-14T19:37:37.244+0000] {processor.py:179} INFO - Processing /home/airflow/.local/lib/python3.7/site-packages/airflow/example_dags/example_time_delta_sensor_async.py took 0.110 seconds
[2023-07-14T19:38:08.164+0000] {processor.py:157} INFO - Started process (PID=1127) to work on /home/airflow/.local/lib/python3.7/site-packages/airflow/example_dags/example_time_delta_sensor_async.py
[2023-07-14T19:38:08.166+0000] {processor.py:826} INFO - Processing file /home/airflow/.local/lib/python3.7/site-packages/airflow/example_dags/example_time_delta_sensor_async.py for tasks to queue
[2023-07-14T19:38:08.167+0000] {logging_mixin.py:150} INFO - [2023-07-14T19:38:08.167+0000] {dagbag.py:541} INFO - Filling up the DagBag from /home/airflow/.local/lib/python3.7/site-packages/airflow/example_dags/example_time_delta_sensor_async.py
[2023-07-14T19:38:08.174+0000] {processor.py:836} INFO - DAG(s) dict_keys(['example_time_delta_sensor_async']) retrieved from /home/airflow/.local/lib/python3.7/site-packages/airflow/example_dags/example_time_delta_sensor_async.py
[2023-07-14T19:38:08.212+0000] {logging_mixin.py:150} INFO - [2023-07-14T19:38:08.212+0000] {dag.py:2742} INFO - Sync 1 DAGs
[2023-07-14T19:38:08.253+0000] {logging_mixin.py:150} INFO - [2023-07-14T19:38:08.253+0000] {dag.py:3508} INFO - Setting next_dagrun for example_time_delta_sensor_async to None, run_after=None
[2023-07-14T19:38:08.295+0000] {processor.py:179} INFO - Processing /home/airflow/.local/lib/python3.7/site-packages/airflow/example_dags/example_time_delta_sensor_async.py took 0.135 seconds
[2023-07-14T19:38:38.928+0000] {processor.py:157} INFO - Started process (PID=1198) to work on /home/airflow/.local/lib/python3.7/site-packages/airflow/example_dags/example_time_delta_sensor_async.py
[2023-07-14T19:38:38.930+0000] {processor.py:826} INFO - Processing file /home/airflow/.local/lib/python3.7/site-packages/airflow/example_dags/example_time_delta_sensor_async.py for tasks to queue
[2023-07-14T19:38:38.931+0000] {logging_mixin.py:150} INFO - [2023-07-14T19:38:38.931+0000] {dagbag.py:541} INFO - Filling up the DagBag from /home/airflow/.local/lib/python3.7/site-packages/airflow/example_dags/example_time_delta_sensor_async.py
[2023-07-14T19:38:38.937+0000] {processor.py:836} INFO - DAG(s) dict_keys(['example_time_delta_sensor_async']) retrieved from /home/airflow/.local/lib/python3.7/site-packages/airflow/example_dags/example_time_delta_sensor_async.py
[2023-07-14T19:38:38.973+0000] {logging_mixin.py:150} INFO - [2023-07-14T19:38:38.972+0000] {dag.py:2742} INFO - Sync 1 DAGs
[2023-07-14T19:38:39.003+0000] {logging_mixin.py:150} INFO - [2023-07-14T19:38:39.003+0000] {dag.py:3508} INFO - Setting next_dagrun for example_time_delta_sensor_async to None, run_after=None
[2023-07-14T19:38:39.033+0000] {processor.py:179} INFO - Processing /home/airflow/.local/lib/python3.7/site-packages/airflow/example_dags/example_time_delta_sensor_async.py took 0.110 seconds
[2023-07-14T19:39:09.942+0000] {processor.py:157} INFO - Started process (PID=1268) to work on /home/airflow/.local/lib/python3.7/site-packages/airflow/example_dags/example_time_delta_sensor_async.py
[2023-07-14T19:39:09.943+0000] {processor.py:826} INFO - Processing file /home/airflow/.local/lib/python3.7/site-packages/airflow/example_dags/example_time_delta_sensor_async.py for tasks to queue
[2023-07-14T19:39:09.945+0000] {logging_mixin.py:150} INFO - [2023-07-14T19:39:09.945+0000] {dagbag.py:541} INFO - Filling up the DagBag from /home/airflow/.local/lib/python3.7/site-packages/airflow/example_dags/example_time_delta_sensor_async.py
[2023-07-14T19:39:09.951+0000] {processor.py:836} INFO - DAG(s) dict_keys(['example_time_delta_sensor_async']) retrieved from /home/airflow/.local/lib/python3.7/site-packages/airflow/example_dags/example_time_delta_sensor_async.py
[2023-07-14T19:39:09.981+0000] {logging_mixin.py:150} INFO - [2023-07-14T19:39:09.980+0000] {dag.py:2742} INFO - Sync 1 DAGs
[2023-07-14T19:39:10.015+0000] {logging_mixin.py:150} INFO - [2023-07-14T19:39:10.015+0000] {dag.py:3508} INFO - Setting next_dagrun for example_time_delta_sensor_async to None, run_after=None
[2023-07-14T19:39:10.045+0000] {processor.py:179} INFO - Processing /home/airflow/.local/lib/python3.7/site-packages/airflow/example_dags/example_time_delta_sensor_async.py took 0.107 seconds
