[2023-07-14T19:30:29.219+0000] {processor.py:157} INFO - Started process (PID=80) to work on /home/airflow/.local/lib/python3.7/site-packages/airflow/example_dags/example_latest_only_with_trigger.py
[2023-07-14T19:30:29.222+0000] {processor.py:826} INFO - Processing file /home/airflow/.local/lib/python3.7/site-packages/airflow/example_dags/example_latest_only_with_trigger.py for tasks to queue
[2023-07-14T19:30:29.225+0000] {logging_mixin.py:150} INFO - [2023-07-14T19:30:29.224+0000] {dagbag.py:541} INFO - Filling up the DagBag from /home/airflow/.local/lib/python3.7/site-packages/airflow/example_dags/example_latest_only_with_trigger.py
[2023-07-14T19:30:29.242+0000] {processor.py:836} INFO - DAG(s) dict_keys(['latest_only_with_trigger']) retrieved from /home/airflow/.local/lib/python3.7/site-packages/airflow/example_dags/example_latest_only_with_trigger.py
[2023-07-14T19:30:29.465+0000] {logging_mixin.py:150} INFO - [2023-07-14T19:30:29.465+0000] {manager.py:504} INFO - Created Permission View: can read on DAG:latest_only_with_trigger
[2023-07-14T19:30:29.525+0000] {logging_mixin.py:150} INFO - [2023-07-14T19:30:29.525+0000] {manager.py:504} INFO - Created Permission View: can edit on DAG:latest_only_with_trigger
[2023-07-14T19:30:29.564+0000] {logging_mixin.py:150} INFO - [2023-07-14T19:30:29.564+0000] {manager.py:504} INFO - Created Permission View: can delete on DAG:latest_only_with_trigger
[2023-07-14T19:30:29.589+0000] {logging_mixin.py:150} INFO - [2023-07-14T19:30:29.589+0000] {dag.py:2742} INFO - Sync 1 DAGs
[2023-07-14T19:30:29.611+0000] {logging_mixin.py:150} INFO - [2023-07-14T19:30:29.610+0000] {dag.py:2763} INFO - Creating ORM DAG for latest_only_with_trigger
[2023-07-14T19:30:29.629+0000] {logging_mixin.py:150} INFO - [2023-07-14T19:30:29.628+0000] {dag.py:3508} INFO - Setting next_dagrun for latest_only_with_trigger to 2023-07-14T15:30:29.628453+00:00, run_after=2023-07-14T19:30:29.628453+00:00
[2023-07-14T19:30:29.674+0000] {processor.py:179} INFO - Processing /home/airflow/.local/lib/python3.7/site-packages/airflow/example_dags/example_latest_only_with_trigger.py took 0.461 seconds
[2023-07-14T19:31:00.377+0000] {processor.py:157} INFO - Started process (PID=150) to work on /home/airflow/.local/lib/python3.7/site-packages/airflow/example_dags/example_latest_only_with_trigger.py
[2023-07-14T19:31:00.379+0000] {processor.py:826} INFO - Processing file /home/airflow/.local/lib/python3.7/site-packages/airflow/example_dags/example_latest_only_with_trigger.py for tasks to queue
[2023-07-14T19:31:00.382+0000] {logging_mixin.py:150} INFO - [2023-07-14T19:31:00.381+0000] {dagbag.py:541} INFO - Filling up the DagBag from /home/airflow/.local/lib/python3.7/site-packages/airflow/example_dags/example_latest_only_with_trigger.py
[2023-07-14T19:31:00.396+0000] {processor.py:836} INFO - DAG(s) dict_keys(['latest_only_with_trigger']) retrieved from /home/airflow/.local/lib/python3.7/site-packages/airflow/example_dags/example_latest_only_with_trigger.py
[2023-07-14T19:31:00.442+0000] {logging_mixin.py:150} INFO - [2023-07-14T19:31:00.442+0000] {dag.py:2742} INFO - Sync 1 DAGs
[2023-07-14T19:31:00.489+0000] {logging_mixin.py:150} INFO - [2023-07-14T19:31:00.489+0000] {dag.py:3508} INFO - Setting next_dagrun for latest_only_with_trigger to 2023-07-14T15:31:00.488940+00:00, run_after=2023-07-14T19:31:00.488940+00:00
[2023-07-14T19:31:00.538+0000] {processor.py:179} INFO - Processing /home/airflow/.local/lib/python3.7/site-packages/airflow/example_dags/example_latest_only_with_trigger.py took 0.165 seconds
[2023-07-14T19:31:30.988+0000] {processor.py:157} INFO - Started process (PID=220) to work on /home/airflow/.local/lib/python3.7/site-packages/airflow/example_dags/example_latest_only_with_trigger.py
[2023-07-14T19:31:30.991+0000] {processor.py:826} INFO - Processing file /home/airflow/.local/lib/python3.7/site-packages/airflow/example_dags/example_latest_only_with_trigger.py for tasks to queue
[2023-07-14T19:31:30.992+0000] {logging_mixin.py:150} INFO - [2023-07-14T19:31:30.992+0000] {dagbag.py:541} INFO - Filling up the DagBag from /home/airflow/.local/lib/python3.7/site-packages/airflow/example_dags/example_latest_only_with_trigger.py
[2023-07-14T19:31:31.000+0000] {processor.py:836} INFO - DAG(s) dict_keys(['latest_only_with_trigger']) retrieved from /home/airflow/.local/lib/python3.7/site-packages/airflow/example_dags/example_latest_only_with_trigger.py
[2023-07-14T19:31:31.030+0000] {logging_mixin.py:150} INFO - [2023-07-14T19:31:31.029+0000] {dag.py:2742} INFO - Sync 1 DAGs
[2023-07-14T19:31:31.061+0000] {logging_mixin.py:150} INFO - [2023-07-14T19:31:31.061+0000] {dag.py:3508} INFO - Setting next_dagrun for latest_only_with_trigger to 2023-07-14T15:31:31.060845+00:00, run_after=2023-07-14T19:31:31.060845+00:00
[2023-07-14T19:31:31.095+0000] {processor.py:179} INFO - Processing /home/airflow/.local/lib/python3.7/site-packages/airflow/example_dags/example_latest_only_with_trigger.py took 0.110 seconds
[2023-07-14T19:32:01.585+0000] {processor.py:157} INFO - Started process (PID=290) to work on /home/airflow/.local/lib/python3.7/site-packages/airflow/example_dags/example_latest_only_with_trigger.py
[2023-07-14T19:32:01.587+0000] {processor.py:826} INFO - Processing file /home/airflow/.local/lib/python3.7/site-packages/airflow/example_dags/example_latest_only_with_trigger.py for tasks to queue
[2023-07-14T19:32:01.589+0000] {logging_mixin.py:150} INFO - [2023-07-14T19:32:01.589+0000] {dagbag.py:541} INFO - Filling up the DagBag from /home/airflow/.local/lib/python3.7/site-packages/airflow/example_dags/example_latest_only_with_trigger.py
[2023-07-14T19:32:01.599+0000] {processor.py:836} INFO - DAG(s) dict_keys(['latest_only_with_trigger']) retrieved from /home/airflow/.local/lib/python3.7/site-packages/airflow/example_dags/example_latest_only_with_trigger.py
[2023-07-14T19:32:01.636+0000] {logging_mixin.py:150} INFO - [2023-07-14T19:32:01.636+0000] {dag.py:2742} INFO - Sync 1 DAGs
[2023-07-14T19:32:01.673+0000] {logging_mixin.py:150} INFO - [2023-07-14T19:32:01.673+0000] {dag.py:3508} INFO - Setting next_dagrun for latest_only_with_trigger to 2023-07-14T15:32:01.673003+00:00, run_after=2023-07-14T19:32:01.673003+00:00
[2023-07-14T19:32:01.701+0000] {processor.py:179} INFO - Processing /home/airflow/.local/lib/python3.7/site-packages/airflow/example_dags/example_latest_only_with_trigger.py took 0.121 seconds
[2023-07-14T19:32:32.003+0000] {processor.py:157} INFO - Started process (PID=360) to work on /home/airflow/.local/lib/python3.7/site-packages/airflow/example_dags/example_latest_only_with_trigger.py
[2023-07-14T19:32:32.005+0000] {processor.py:826} INFO - Processing file /home/airflow/.local/lib/python3.7/site-packages/airflow/example_dags/example_latest_only_with_trigger.py for tasks to queue
[2023-07-14T19:32:32.007+0000] {logging_mixin.py:150} INFO - [2023-07-14T19:32:32.007+0000] {dagbag.py:541} INFO - Filling up the DagBag from /home/airflow/.local/lib/python3.7/site-packages/airflow/example_dags/example_latest_only_with_trigger.py
[2023-07-14T19:32:32.016+0000] {processor.py:836} INFO - DAG(s) dict_keys(['latest_only_with_trigger']) retrieved from /home/airflow/.local/lib/python3.7/site-packages/airflow/example_dags/example_latest_only_with_trigger.py
[2023-07-14T19:32:32.047+0000] {logging_mixin.py:150} INFO - [2023-07-14T19:32:32.047+0000] {dag.py:2742} INFO - Sync 1 DAGs
[2023-07-14T19:32:32.084+0000] {logging_mixin.py:150} INFO - [2023-07-14T19:32:32.084+0000] {dag.py:3508} INFO - Setting next_dagrun for latest_only_with_trigger to 2023-07-14T15:32:32.083936+00:00, run_after=2023-07-14T19:32:32.083936+00:00
[2023-07-14T19:32:32.114+0000] {processor.py:179} INFO - Processing /home/airflow/.local/lib/python3.7/site-packages/airflow/example_dags/example_latest_only_with_trigger.py took 0.115 seconds
[2023-07-14T19:33:02.742+0000] {processor.py:157} INFO - Started process (PID=430) to work on /home/airflow/.local/lib/python3.7/site-packages/airflow/example_dags/example_latest_only_with_trigger.py
[2023-07-14T19:33:02.743+0000] {processor.py:826} INFO - Processing file /home/airflow/.local/lib/python3.7/site-packages/airflow/example_dags/example_latest_only_with_trigger.py for tasks to queue
[2023-07-14T19:33:02.745+0000] {logging_mixin.py:150} INFO - [2023-07-14T19:33:02.745+0000] {dagbag.py:541} INFO - Filling up the DagBag from /home/airflow/.local/lib/python3.7/site-packages/airflow/example_dags/example_latest_only_with_trigger.py
[2023-07-14T19:33:02.753+0000] {processor.py:836} INFO - DAG(s) dict_keys(['latest_only_with_trigger']) retrieved from /home/airflow/.local/lib/python3.7/site-packages/airflow/example_dags/example_latest_only_with_trigger.py
[2023-07-14T19:33:02.781+0000] {logging_mixin.py:150} INFO - [2023-07-14T19:33:02.780+0000] {dag.py:2742} INFO - Sync 1 DAGs
[2023-07-14T19:33:02.821+0000] {logging_mixin.py:150} INFO - [2023-07-14T19:33:02.821+0000] {dag.py:3508} INFO - Setting next_dagrun for latest_only_with_trigger to 2023-07-14T15:33:02.821036+00:00, run_after=2023-07-14T19:33:02.821036+00:00
[2023-07-14T19:33:02.863+0000] {processor.py:179} INFO - Processing /home/airflow/.local/lib/python3.7/site-packages/airflow/example_dags/example_latest_only_with_trigger.py took 0.125 seconds
[2023-07-14T19:33:33.115+0000] {processor.py:157} INFO - Started process (PID=500) to work on /home/airflow/.local/lib/python3.7/site-packages/airflow/example_dags/example_latest_only_with_trigger.py
[2023-07-14T19:33:33.116+0000] {processor.py:826} INFO - Processing file /home/airflow/.local/lib/python3.7/site-packages/airflow/example_dags/example_latest_only_with_trigger.py for tasks to queue
[2023-07-14T19:33:33.119+0000] {logging_mixin.py:150} INFO - [2023-07-14T19:33:33.118+0000] {dagbag.py:541} INFO - Filling up the DagBag from /home/airflow/.local/lib/python3.7/site-packages/airflow/example_dags/example_latest_only_with_trigger.py
[2023-07-14T19:33:33.126+0000] {processor.py:836} INFO - DAG(s) dict_keys(['latest_only_with_trigger']) retrieved from /home/airflow/.local/lib/python3.7/site-packages/airflow/example_dags/example_latest_only_with_trigger.py
[2023-07-14T19:33:33.156+0000] {logging_mixin.py:150} INFO - [2023-07-14T19:33:33.156+0000] {dag.py:2742} INFO - Sync 1 DAGs
[2023-07-14T19:33:33.186+0000] {logging_mixin.py:150} INFO - [2023-07-14T19:33:33.186+0000] {dag.py:3508} INFO - Setting next_dagrun for latest_only_with_trigger to 2023-07-14T15:33:33.186230+00:00, run_after=2023-07-14T19:33:33.186230+00:00
[2023-07-14T19:33:33.213+0000] {processor.py:179} INFO - Processing /home/airflow/.local/lib/python3.7/site-packages/airflow/example_dags/example_latest_only_with_trigger.py took 0.101 seconds
[2023-07-14T19:34:03.597+0000] {processor.py:157} INFO - Started process (PID=570) to work on /home/airflow/.local/lib/python3.7/site-packages/airflow/example_dags/example_latest_only_with_trigger.py
[2023-07-14T19:34:03.599+0000] {processor.py:826} INFO - Processing file /home/airflow/.local/lib/python3.7/site-packages/airflow/example_dags/example_latest_only_with_trigger.py for tasks to queue
[2023-07-14T19:34:03.600+0000] {logging_mixin.py:150} INFO - [2023-07-14T19:34:03.600+0000] {dagbag.py:541} INFO - Filling up the DagBag from /home/airflow/.local/lib/python3.7/site-packages/airflow/example_dags/example_latest_only_with_trigger.py
[2023-07-14T19:34:03.609+0000] {processor.py:836} INFO - DAG(s) dict_keys(['latest_only_with_trigger']) retrieved from /home/airflow/.local/lib/python3.7/site-packages/airflow/example_dags/example_latest_only_with_trigger.py
[2023-07-14T19:34:03.663+0000] {logging_mixin.py:150} INFO - [2023-07-14T19:34:03.662+0000] {dag.py:2742} INFO - Sync 1 DAGs
[2023-07-14T19:34:03.716+0000] {logging_mixin.py:150} INFO - [2023-07-14T19:34:03.716+0000] {dag.py:3508} INFO - Setting next_dagrun for latest_only_with_trigger to 2023-07-14T15:34:03.716171+00:00, run_after=2023-07-14T19:34:03.716171+00:00
[2023-07-14T19:34:03.763+0000] {processor.py:179} INFO - Processing /home/airflow/.local/lib/python3.7/site-packages/airflow/example_dags/example_latest_only_with_trigger.py took 0.171 seconds
[2023-07-14T19:34:34.025+0000] {processor.py:157} INFO - Started process (PID=640) to work on /home/airflow/.local/lib/python3.7/site-packages/airflow/example_dags/example_latest_only_with_trigger.py
[2023-07-14T19:34:34.027+0000] {processor.py:826} INFO - Processing file /home/airflow/.local/lib/python3.7/site-packages/airflow/example_dags/example_latest_only_with_trigger.py for tasks to queue
[2023-07-14T19:34:34.029+0000] {logging_mixin.py:150} INFO - [2023-07-14T19:34:34.028+0000] {dagbag.py:541} INFO - Filling up the DagBag from /home/airflow/.local/lib/python3.7/site-packages/airflow/example_dags/example_latest_only_with_trigger.py
[2023-07-14T19:34:34.037+0000] {processor.py:836} INFO - DAG(s) dict_keys(['latest_only_with_trigger']) retrieved from /home/airflow/.local/lib/python3.7/site-packages/airflow/example_dags/example_latest_only_with_trigger.py
[2023-07-14T19:34:34.066+0000] {logging_mixin.py:150} INFO - [2023-07-14T19:34:34.065+0000] {dag.py:2742} INFO - Sync 1 DAGs
[2023-07-14T19:34:34.097+0000] {logging_mixin.py:150} INFO - [2023-07-14T19:34:34.096+0000] {dag.py:3508} INFO - Setting next_dagrun for latest_only_with_trigger to 2023-07-14T15:34:34.096686+00:00, run_after=2023-07-14T19:34:34.096686+00:00
[2023-07-14T19:34:34.124+0000] {processor.py:179} INFO - Processing /home/airflow/.local/lib/python3.7/site-packages/airflow/example_dags/example_latest_only_with_trigger.py took 0.102 seconds
[2023-07-14T19:35:04.825+0000] {processor.py:157} INFO - Started process (PID=710) to work on /home/airflow/.local/lib/python3.7/site-packages/airflow/example_dags/example_latest_only_with_trigger.py
[2023-07-14T19:35:04.826+0000] {processor.py:826} INFO - Processing file /home/airflow/.local/lib/python3.7/site-packages/airflow/example_dags/example_latest_only_with_trigger.py for tasks to queue
[2023-07-14T19:35:04.829+0000] {logging_mixin.py:150} INFO - [2023-07-14T19:35:04.828+0000] {dagbag.py:541} INFO - Filling up the DagBag from /home/airflow/.local/lib/python3.7/site-packages/airflow/example_dags/example_latest_only_with_trigger.py
[2023-07-14T19:35:04.837+0000] {processor.py:836} INFO - DAG(s) dict_keys(['latest_only_with_trigger']) retrieved from /home/airflow/.local/lib/python3.7/site-packages/airflow/example_dags/example_latest_only_with_trigger.py
[2023-07-14T19:35:04.871+0000] {logging_mixin.py:150} INFO - [2023-07-14T19:35:04.871+0000] {dag.py:2742} INFO - Sync 1 DAGs
[2023-07-14T19:35:04.906+0000] {logging_mixin.py:150} INFO - [2023-07-14T19:35:04.906+0000] {dag.py:3508} INFO - Setting next_dagrun for latest_only_with_trigger to 2023-07-14T15:35:04.905703+00:00, run_after=2023-07-14T19:35:04.905703+00:00
[2023-07-14T19:35:04.941+0000] {processor.py:179} INFO - Processing /home/airflow/.local/lib/python3.7/site-packages/airflow/example_dags/example_latest_only_with_trigger.py took 0.121 seconds
[2023-07-14T19:35:35.704+0000] {processor.py:157} INFO - Started process (PID=780) to work on /home/airflow/.local/lib/python3.7/site-packages/airflow/example_dags/example_latest_only_with_trigger.py
[2023-07-14T19:35:35.706+0000] {processor.py:826} INFO - Processing file /home/airflow/.local/lib/python3.7/site-packages/airflow/example_dags/example_latest_only_with_trigger.py for tasks to queue
[2023-07-14T19:35:35.707+0000] {logging_mixin.py:150} INFO - [2023-07-14T19:35:35.707+0000] {dagbag.py:541} INFO - Filling up the DagBag from /home/airflow/.local/lib/python3.7/site-packages/airflow/example_dags/example_latest_only_with_trigger.py
[2023-07-14T19:35:35.715+0000] {processor.py:836} INFO - DAG(s) dict_keys(['latest_only_with_trigger']) retrieved from /home/airflow/.local/lib/python3.7/site-packages/airflow/example_dags/example_latest_only_with_trigger.py
[2023-07-14T19:35:35.742+0000] {logging_mixin.py:150} INFO - [2023-07-14T19:35:35.742+0000] {dag.py:2742} INFO - Sync 1 DAGs
[2023-07-14T19:35:35.769+0000] {logging_mixin.py:150} INFO - [2023-07-14T19:35:35.768+0000] {dag.py:3508} INFO - Setting next_dagrun for latest_only_with_trigger to 2023-07-14T15:35:35.768716+00:00, run_after=2023-07-14T19:35:35.768716+00:00
[2023-07-14T19:35:35.793+0000] {processor.py:179} INFO - Processing /home/airflow/.local/lib/python3.7/site-packages/airflow/example_dags/example_latest_only_with_trigger.py took 0.092 seconds
[2023-07-14T19:36:06.220+0000] {processor.py:157} INFO - Started process (PID=850) to work on /home/airflow/.local/lib/python3.7/site-packages/airflow/example_dags/example_latest_only_with_trigger.py
[2023-07-14T19:36:06.222+0000] {processor.py:826} INFO - Processing file /home/airflow/.local/lib/python3.7/site-packages/airflow/example_dags/example_latest_only_with_trigger.py for tasks to queue
[2023-07-14T19:36:06.224+0000] {logging_mixin.py:150} INFO - [2023-07-14T19:36:06.224+0000] {dagbag.py:541} INFO - Filling up the DagBag from /home/airflow/.local/lib/python3.7/site-packages/airflow/example_dags/example_latest_only_with_trigger.py
[2023-07-14T19:36:06.235+0000] {processor.py:836} INFO - DAG(s) dict_keys(['latest_only_with_trigger']) retrieved from /home/airflow/.local/lib/python3.7/site-packages/airflow/example_dags/example_latest_only_with_trigger.py
[2023-07-14T19:36:06.285+0000] {logging_mixin.py:150} INFO - [2023-07-14T19:36:06.284+0000] {dag.py:2742} INFO - Sync 1 DAGs
[2023-07-14T19:36:06.329+0000] {logging_mixin.py:150} INFO - [2023-07-14T19:36:06.329+0000] {dag.py:3508} INFO - Setting next_dagrun for latest_only_with_trigger to 2023-07-14T15:36:06.328861+00:00, run_after=2023-07-14T19:36:06.328861+00:00
[2023-07-14T19:36:06.368+0000] {processor.py:179} INFO - Processing /home/airflow/.local/lib/python3.7/site-packages/airflow/example_dags/example_latest_only_with_trigger.py took 0.154 seconds
[2023-07-14T19:36:36.936+0000] {processor.py:157} INFO - Started process (PID=921) to work on /home/airflow/.local/lib/python3.7/site-packages/airflow/example_dags/example_latest_only_with_trigger.py
[2023-07-14T19:36:36.938+0000] {processor.py:826} INFO - Processing file /home/airflow/.local/lib/python3.7/site-packages/airflow/example_dags/example_latest_only_with_trigger.py for tasks to queue
[2023-07-14T19:36:36.939+0000] {logging_mixin.py:150} INFO - [2023-07-14T19:36:36.939+0000] {dagbag.py:541} INFO - Filling up the DagBag from /home/airflow/.local/lib/python3.7/site-packages/airflow/example_dags/example_latest_only_with_trigger.py
[2023-07-14T19:36:36.946+0000] {processor.py:836} INFO - DAG(s) dict_keys(['latest_only_with_trigger']) retrieved from /home/airflow/.local/lib/python3.7/site-packages/airflow/example_dags/example_latest_only_with_trigger.py
[2023-07-14T19:36:36.972+0000] {logging_mixin.py:150} INFO - [2023-07-14T19:36:36.972+0000] {dag.py:2742} INFO - Sync 1 DAGs
[2023-07-14T19:36:37.004+0000] {logging_mixin.py:150} INFO - [2023-07-14T19:36:37.004+0000] {dag.py:3508} INFO - Setting next_dagrun for latest_only_with_trigger to 2023-07-14T15:36:37.004238+00:00, run_after=2023-07-14T19:36:37.004238+00:00
[2023-07-14T19:36:37.030+0000] {processor.py:179} INFO - Processing /home/airflow/.local/lib/python3.7/site-packages/airflow/example_dags/example_latest_only_with_trigger.py took 0.097 seconds
[2023-07-14T19:37:07.719+0000] {processor.py:157} INFO - Started process (PID=991) to work on /home/airflow/.local/lib/python3.7/site-packages/airflow/example_dags/example_latest_only_with_trigger.py
[2023-07-14T19:37:07.720+0000] {processor.py:826} INFO - Processing file /home/airflow/.local/lib/python3.7/site-packages/airflow/example_dags/example_latest_only_with_trigger.py for tasks to queue
[2023-07-14T19:37:07.721+0000] {logging_mixin.py:150} INFO - [2023-07-14T19:37:07.721+0000] {dagbag.py:541} INFO - Filling up the DagBag from /home/airflow/.local/lib/python3.7/site-packages/airflow/example_dags/example_latest_only_with_trigger.py
[2023-07-14T19:37:07.729+0000] {processor.py:836} INFO - DAG(s) dict_keys(['latest_only_with_trigger']) retrieved from /home/airflow/.local/lib/python3.7/site-packages/airflow/example_dags/example_latest_only_with_trigger.py
[2023-07-14T19:37:07.756+0000] {logging_mixin.py:150} INFO - [2023-07-14T19:37:07.756+0000] {dag.py:2742} INFO - Sync 1 DAGs
[2023-07-14T19:37:07.783+0000] {logging_mixin.py:150} INFO - [2023-07-14T19:37:07.783+0000] {dag.py:3508} INFO - Setting next_dagrun for latest_only_with_trigger to 2023-07-14T15:37:07.782769+00:00, run_after=2023-07-14T19:37:07.782769+00:00
[2023-07-14T19:37:07.806+0000] {processor.py:179} INFO - Processing /home/airflow/.local/lib/python3.7/site-packages/airflow/example_dags/example_latest_only_with_trigger.py took 0.091 seconds
[2023-07-14T19:37:38.480+0000] {processor.py:157} INFO - Started process (PID=1061) to work on /home/airflow/.local/lib/python3.7/site-packages/airflow/example_dags/example_latest_only_with_trigger.py
[2023-07-14T19:37:38.482+0000] {processor.py:826} INFO - Processing file /home/airflow/.local/lib/python3.7/site-packages/airflow/example_dags/example_latest_only_with_trigger.py for tasks to queue
[2023-07-14T19:37:38.483+0000] {logging_mixin.py:150} INFO - [2023-07-14T19:37:38.483+0000] {dagbag.py:541} INFO - Filling up the DagBag from /home/airflow/.local/lib/python3.7/site-packages/airflow/example_dags/example_latest_only_with_trigger.py
[2023-07-14T19:37:38.491+0000] {processor.py:836} INFO - DAG(s) dict_keys(['latest_only_with_trigger']) retrieved from /home/airflow/.local/lib/python3.7/site-packages/airflow/example_dags/example_latest_only_with_trigger.py
[2023-07-14T19:37:38.523+0000] {logging_mixin.py:150} INFO - [2023-07-14T19:37:38.523+0000] {dag.py:2742} INFO - Sync 1 DAGs
[2023-07-14T19:37:38.555+0000] {logging_mixin.py:150} INFO - [2023-07-14T19:37:38.554+0000] {dag.py:3508} INFO - Setting next_dagrun for latest_only_with_trigger to 2023-07-14T15:37:38.554544+00:00, run_after=2023-07-14T19:37:38.554544+00:00
[2023-07-14T19:37:38.583+0000] {processor.py:179} INFO - Processing /home/airflow/.local/lib/python3.7/site-packages/airflow/example_dags/example_latest_only_with_trigger.py took 0.106 seconds
[2023-07-14T19:38:09.408+0000] {processor.py:157} INFO - Started process (PID=1131) to work on /home/airflow/.local/lib/python3.7/site-packages/airflow/example_dags/example_latest_only_with_trigger.py
[2023-07-14T19:38:09.410+0000] {processor.py:826} INFO - Processing file /home/airflow/.local/lib/python3.7/site-packages/airflow/example_dags/example_latest_only_with_trigger.py for tasks to queue
[2023-07-14T19:38:09.412+0000] {logging_mixin.py:150} INFO - [2023-07-14T19:38:09.411+0000] {dagbag.py:541} INFO - Filling up the DagBag from /home/airflow/.local/lib/python3.7/site-packages/airflow/example_dags/example_latest_only_with_trigger.py
[2023-07-14T19:38:09.423+0000] {processor.py:836} INFO - DAG(s) dict_keys(['latest_only_with_trigger']) retrieved from /home/airflow/.local/lib/python3.7/site-packages/airflow/example_dags/example_latest_only_with_trigger.py
[2023-07-14T19:38:09.454+0000] {logging_mixin.py:150} INFO - [2023-07-14T19:38:09.453+0000] {dag.py:2742} INFO - Sync 1 DAGs
[2023-07-14T19:38:09.485+0000] {logging_mixin.py:150} INFO - [2023-07-14T19:38:09.485+0000] {dag.py:3508} INFO - Setting next_dagrun for latest_only_with_trigger to 2023-07-14T15:38:09.484996+00:00, run_after=2023-07-14T19:38:09.484996+00:00
[2023-07-14T19:38:09.513+0000] {processor.py:179} INFO - Processing /home/airflow/.local/lib/python3.7/site-packages/airflow/example_dags/example_latest_only_with_trigger.py took 0.110 seconds
[2023-07-14T19:38:40.258+0000] {processor.py:157} INFO - Started process (PID=1202) to work on /home/airflow/.local/lib/python3.7/site-packages/airflow/example_dags/example_latest_only_with_trigger.py
[2023-07-14T19:38:40.260+0000] {processor.py:826} INFO - Processing file /home/airflow/.local/lib/python3.7/site-packages/airflow/example_dags/example_latest_only_with_trigger.py for tasks to queue
[2023-07-14T19:38:40.261+0000] {logging_mixin.py:150} INFO - [2023-07-14T19:38:40.261+0000] {dagbag.py:541} INFO - Filling up the DagBag from /home/airflow/.local/lib/python3.7/site-packages/airflow/example_dags/example_latest_only_with_trigger.py
[2023-07-14T19:38:40.268+0000] {processor.py:836} INFO - DAG(s) dict_keys(['latest_only_with_trigger']) retrieved from /home/airflow/.local/lib/python3.7/site-packages/airflow/example_dags/example_latest_only_with_trigger.py
[2023-07-14T19:38:40.295+0000] {logging_mixin.py:150} INFO - [2023-07-14T19:38:40.295+0000] {dag.py:2742} INFO - Sync 1 DAGs
[2023-07-14T19:38:40.322+0000] {logging_mixin.py:150} INFO - [2023-07-14T19:38:40.322+0000] {dag.py:3508} INFO - Setting next_dagrun for latest_only_with_trigger to 2023-07-14T15:38:40.322276+00:00, run_after=2023-07-14T19:38:40.322276+00:00
[2023-07-14T19:38:40.348+0000] {processor.py:179} INFO - Processing /home/airflow/.local/lib/python3.7/site-packages/airflow/example_dags/example_latest_only_with_trigger.py took 0.094 seconds
[2023-07-14T19:39:10.442+0000] {processor.py:157} INFO - Started process (PID=1272) to work on /home/airflow/.local/lib/python3.7/site-packages/airflow/example_dags/example_latest_only_with_trigger.py
[2023-07-14T19:39:10.444+0000] {processor.py:826} INFO - Processing file /home/airflow/.local/lib/python3.7/site-packages/airflow/example_dags/example_latest_only_with_trigger.py for tasks to queue
[2023-07-14T19:39:10.446+0000] {logging_mixin.py:150} INFO - [2023-07-14T19:39:10.445+0000] {dagbag.py:541} INFO - Filling up the DagBag from /home/airflow/.local/lib/python3.7/site-packages/airflow/example_dags/example_latest_only_with_trigger.py
[2023-07-14T19:39:10.455+0000] {processor.py:836} INFO - DAG(s) dict_keys(['latest_only_with_trigger']) retrieved from /home/airflow/.local/lib/python3.7/site-packages/airflow/example_dags/example_latest_only_with_trigger.py
[2023-07-14T19:39:10.489+0000] {logging_mixin.py:150} INFO - [2023-07-14T19:39:10.488+0000] {dag.py:2742} INFO - Sync 1 DAGs
[2023-07-14T19:39:10.520+0000] {logging_mixin.py:150} INFO - [2023-07-14T19:39:10.520+0000] {dag.py:3508} INFO - Setting next_dagrun for latest_only_with_trigger to 2023-07-14T15:39:10.520354+00:00, run_after=2023-07-14T19:39:10.520354+00:00
[2023-07-14T19:39:10.551+0000] {processor.py:179} INFO - Processing /home/airflow/.local/lib/python3.7/site-packages/airflow/example_dags/example_latest_only_with_trigger.py took 0.113 seconds
