[2023-07-14T19:30:31.851+0000] {processor.py:157} INFO - Started process (PID=87) to work on /home/airflow/.local/lib/python3.7/site-packages/airflow/example_dags/example_sensor_decorator.py
[2023-07-14T19:30:31.853+0000] {processor.py:826} INFO - Processing file /home/airflow/.local/lib/python3.7/site-packages/airflow/example_dags/example_sensor_decorator.py for tasks to queue
[2023-07-14T19:30:31.855+0000] {logging_mixin.py:150} INFO - [2023-07-14T19:30:31.854+0000] {dagbag.py:541} INFO - Filling up the DagBag from /home/airflow/.local/lib/python3.7/site-packages/airflow/example_dags/example_sensor_decorator.py
[2023-07-14T19:30:31.865+0000] {processor.py:836} INFO - DAG(s) dict_keys(['example_sensor_decorator']) retrieved from /home/airflow/.local/lib/python3.7/site-packages/airflow/example_dags/example_sensor_decorator.py
[2023-07-14T19:30:32.032+0000] {logging_mixin.py:150} INFO - [2023-07-14T19:30:32.031+0000] {manager.py:504} INFO - Created Permission View: can read on DAG:example_sensor_decorator
[2023-07-14T19:30:32.052+0000] {logging_mixin.py:150} INFO - [2023-07-14T19:30:32.051+0000] {manager.py:504} INFO - Created Permission View: can edit on DAG:example_sensor_decorator
[2023-07-14T19:30:32.067+0000] {logging_mixin.py:150} INFO - [2023-07-14T19:30:32.067+0000] {manager.py:504} INFO - Created Permission View: can delete on DAG:example_sensor_decorator
[2023-07-14T19:30:32.093+0000] {logging_mixin.py:150} INFO - [2023-07-14T19:30:32.092+0000] {dag.py:2742} INFO - Sync 1 DAGs
[2023-07-14T19:30:32.114+0000] {logging_mixin.py:150} INFO - [2023-07-14T19:30:32.114+0000] {dag.py:2763} INFO - Creating ORM DAG for example_sensor_decorator
[2023-07-14T19:30:32.132+0000] {logging_mixin.py:150} INFO - [2023-07-14T19:30:32.132+0000] {dag.py:3508} INFO - Setting next_dagrun for example_sensor_decorator to None, run_after=None
[2023-07-14T19:30:32.172+0000] {processor.py:179} INFO - Processing /home/airflow/.local/lib/python3.7/site-packages/airflow/example_dags/example_sensor_decorator.py took 0.326 seconds
[2023-07-14T19:31:02.278+0000] {processor.py:157} INFO - Started process (PID=157) to work on /home/airflow/.local/lib/python3.7/site-packages/airflow/example_dags/example_sensor_decorator.py
[2023-07-14T19:31:02.280+0000] {processor.py:826} INFO - Processing file /home/airflow/.local/lib/python3.7/site-packages/airflow/example_dags/example_sensor_decorator.py for tasks to queue
[2023-07-14T19:31:02.282+0000] {logging_mixin.py:150} INFO - [2023-07-14T19:31:02.282+0000] {dagbag.py:541} INFO - Filling up the DagBag from /home/airflow/.local/lib/python3.7/site-packages/airflow/example_dags/example_sensor_decorator.py
[2023-07-14T19:31:02.294+0000] {processor.py:836} INFO - DAG(s) dict_keys(['example_sensor_decorator']) retrieved from /home/airflow/.local/lib/python3.7/site-packages/airflow/example_dags/example_sensor_decorator.py
[2023-07-14T19:31:02.334+0000] {logging_mixin.py:150} INFO - [2023-07-14T19:31:02.333+0000] {dag.py:2742} INFO - Sync 1 DAGs
[2023-07-14T19:31:02.396+0000] {logging_mixin.py:150} INFO - [2023-07-14T19:31:02.396+0000] {dag.py:3508} INFO - Setting next_dagrun for example_sensor_decorator to None, run_after=None
[2023-07-14T19:31:02.466+0000] {processor.py:179} INFO - Processing /home/airflow/.local/lib/python3.7/site-packages/airflow/example_dags/example_sensor_decorator.py took 0.193 seconds
[2023-07-14T19:31:32.964+0000] {processor.py:157} INFO - Started process (PID=227) to work on /home/airflow/.local/lib/python3.7/site-packages/airflow/example_dags/example_sensor_decorator.py
[2023-07-14T19:31:32.967+0000] {processor.py:826} INFO - Processing file /home/airflow/.local/lib/python3.7/site-packages/airflow/example_dags/example_sensor_decorator.py for tasks to queue
[2023-07-14T19:31:32.970+0000] {logging_mixin.py:150} INFO - [2023-07-14T19:31:32.969+0000] {dagbag.py:541} INFO - Filling up the DagBag from /home/airflow/.local/lib/python3.7/site-packages/airflow/example_dags/example_sensor_decorator.py
[2023-07-14T19:31:32.979+0000] {processor.py:836} INFO - DAG(s) dict_keys(['example_sensor_decorator']) retrieved from /home/airflow/.local/lib/python3.7/site-packages/airflow/example_dags/example_sensor_decorator.py
[2023-07-14T19:31:33.015+0000] {logging_mixin.py:150} INFO - [2023-07-14T19:31:33.014+0000] {dag.py:2742} INFO - Sync 1 DAGs
[2023-07-14T19:31:33.053+0000] {logging_mixin.py:150} INFO - [2023-07-14T19:31:33.052+0000] {dag.py:3508} INFO - Setting next_dagrun for example_sensor_decorator to None, run_after=None
[2023-07-14T19:31:33.091+0000] {processor.py:179} INFO - Processing /home/airflow/.local/lib/python3.7/site-packages/airflow/example_dags/example_sensor_decorator.py took 0.132 seconds
[2023-07-14T19:32:03.420+0000] {processor.py:157} INFO - Started process (PID=297) to work on /home/airflow/.local/lib/python3.7/site-packages/airflow/example_dags/example_sensor_decorator.py
[2023-07-14T19:32:03.422+0000] {processor.py:826} INFO - Processing file /home/airflow/.local/lib/python3.7/site-packages/airflow/example_dags/example_sensor_decorator.py for tasks to queue
[2023-07-14T19:32:03.425+0000] {logging_mixin.py:150} INFO - [2023-07-14T19:32:03.424+0000] {dagbag.py:541} INFO - Filling up the DagBag from /home/airflow/.local/lib/python3.7/site-packages/airflow/example_dags/example_sensor_decorator.py
[2023-07-14T19:32:03.435+0000] {processor.py:836} INFO - DAG(s) dict_keys(['example_sensor_decorator']) retrieved from /home/airflow/.local/lib/python3.7/site-packages/airflow/example_dags/example_sensor_decorator.py
[2023-07-14T19:32:03.516+0000] {logging_mixin.py:150} INFO - [2023-07-14T19:32:03.514+0000] {dag.py:2742} INFO - Sync 1 DAGs
[2023-07-14T19:32:03.604+0000] {logging_mixin.py:150} INFO - [2023-07-14T19:32:03.604+0000] {dag.py:3508} INFO - Setting next_dagrun for example_sensor_decorator to None, run_after=None
[2023-07-14T19:32:03.664+0000] {processor.py:179} INFO - Processing /home/airflow/.local/lib/python3.7/site-packages/airflow/example_dags/example_sensor_decorator.py took 0.249 seconds
[2023-07-14T19:32:33.719+0000] {processor.py:157} INFO - Started process (PID=367) to work on /home/airflow/.local/lib/python3.7/site-packages/airflow/example_dags/example_sensor_decorator.py
[2023-07-14T19:32:33.720+0000] {processor.py:826} INFO - Processing file /home/airflow/.local/lib/python3.7/site-packages/airflow/example_dags/example_sensor_decorator.py for tasks to queue
[2023-07-14T19:32:33.722+0000] {logging_mixin.py:150} INFO - [2023-07-14T19:32:33.721+0000] {dagbag.py:541} INFO - Filling up the DagBag from /home/airflow/.local/lib/python3.7/site-packages/airflow/example_dags/example_sensor_decorator.py
[2023-07-14T19:32:33.729+0000] {processor.py:836} INFO - DAG(s) dict_keys(['example_sensor_decorator']) retrieved from /home/airflow/.local/lib/python3.7/site-packages/airflow/example_dags/example_sensor_decorator.py
[2023-07-14T19:32:33.758+0000] {logging_mixin.py:150} INFO - [2023-07-14T19:32:33.758+0000] {dag.py:2742} INFO - Sync 1 DAGs
[2023-07-14T19:32:33.787+0000] {logging_mixin.py:150} INFO - [2023-07-14T19:32:33.787+0000] {dag.py:3508} INFO - Setting next_dagrun for example_sensor_decorator to None, run_after=None
[2023-07-14T19:32:33.816+0000] {processor.py:179} INFO - Processing /home/airflow/.local/lib/python3.7/site-packages/airflow/example_dags/example_sensor_decorator.py took 0.101 seconds
[2023-07-14T19:33:04.368+0000] {processor.py:157} INFO - Started process (PID=437) to work on /home/airflow/.local/lib/python3.7/site-packages/airflow/example_dags/example_sensor_decorator.py
[2023-07-14T19:33:04.370+0000] {processor.py:826} INFO - Processing file /home/airflow/.local/lib/python3.7/site-packages/airflow/example_dags/example_sensor_decorator.py for tasks to queue
[2023-07-14T19:33:04.371+0000] {logging_mixin.py:150} INFO - [2023-07-14T19:33:04.371+0000] {dagbag.py:541} INFO - Filling up the DagBag from /home/airflow/.local/lib/python3.7/site-packages/airflow/example_dags/example_sensor_decorator.py
[2023-07-14T19:33:04.381+0000] {processor.py:836} INFO - DAG(s) dict_keys(['example_sensor_decorator']) retrieved from /home/airflow/.local/lib/python3.7/site-packages/airflow/example_dags/example_sensor_decorator.py
[2023-07-14T19:33:04.422+0000] {logging_mixin.py:150} INFO - [2023-07-14T19:33:04.422+0000] {dag.py:2742} INFO - Sync 1 DAGs
[2023-07-14T19:33:04.455+0000] {logging_mixin.py:150} INFO - [2023-07-14T19:33:04.455+0000] {dag.py:3508} INFO - Setting next_dagrun for example_sensor_decorator to None, run_after=None
[2023-07-14T19:33:04.486+0000] {processor.py:179} INFO - Processing /home/airflow/.local/lib/python3.7/site-packages/airflow/example_dags/example_sensor_decorator.py took 0.123 seconds
[2023-07-14T19:33:34.762+0000] {processor.py:157} INFO - Started process (PID=507) to work on /home/airflow/.local/lib/python3.7/site-packages/airflow/example_dags/example_sensor_decorator.py
[2023-07-14T19:33:34.763+0000] {processor.py:826} INFO - Processing file /home/airflow/.local/lib/python3.7/site-packages/airflow/example_dags/example_sensor_decorator.py for tasks to queue
[2023-07-14T19:33:34.765+0000] {logging_mixin.py:150} INFO - [2023-07-14T19:33:34.765+0000] {dagbag.py:541} INFO - Filling up the DagBag from /home/airflow/.local/lib/python3.7/site-packages/airflow/example_dags/example_sensor_decorator.py
[2023-07-14T19:33:34.774+0000] {processor.py:836} INFO - DAG(s) dict_keys(['example_sensor_decorator']) retrieved from /home/airflow/.local/lib/python3.7/site-packages/airflow/example_dags/example_sensor_decorator.py
[2023-07-14T19:33:34.810+0000] {logging_mixin.py:150} INFO - [2023-07-14T19:33:34.809+0000] {dag.py:2742} INFO - Sync 1 DAGs
[2023-07-14T19:33:34.841+0000] {logging_mixin.py:150} INFO - [2023-07-14T19:33:34.841+0000] {dag.py:3508} INFO - Setting next_dagrun for example_sensor_decorator to None, run_after=None
[2023-07-14T19:33:34.874+0000] {processor.py:179} INFO - Processing /home/airflow/.local/lib/python3.7/site-packages/airflow/example_dags/example_sensor_decorator.py took 0.117 seconds
[2023-07-14T19:34:05.302+0000] {processor.py:157} INFO - Started process (PID=577) to work on /home/airflow/.local/lib/python3.7/site-packages/airflow/example_dags/example_sensor_decorator.py
[2023-07-14T19:34:05.305+0000] {processor.py:826} INFO - Processing file /home/airflow/.local/lib/python3.7/site-packages/airflow/example_dags/example_sensor_decorator.py for tasks to queue
[2023-07-14T19:34:05.307+0000] {logging_mixin.py:150} INFO - [2023-07-14T19:34:05.307+0000] {dagbag.py:541} INFO - Filling up the DagBag from /home/airflow/.local/lib/python3.7/site-packages/airflow/example_dags/example_sensor_decorator.py
[2023-07-14T19:34:05.319+0000] {processor.py:836} INFO - DAG(s) dict_keys(['example_sensor_decorator']) retrieved from /home/airflow/.local/lib/python3.7/site-packages/airflow/example_dags/example_sensor_decorator.py
[2023-07-14T19:34:05.363+0000] {logging_mixin.py:150} INFO - [2023-07-14T19:34:05.363+0000] {dag.py:2742} INFO - Sync 1 DAGs
[2023-07-14T19:34:05.405+0000] {logging_mixin.py:150} INFO - [2023-07-14T19:34:05.405+0000] {dag.py:3508} INFO - Setting next_dagrun for example_sensor_decorator to None, run_after=None
[2023-07-14T19:34:05.434+0000] {processor.py:179} INFO - Processing /home/airflow/.local/lib/python3.7/site-packages/airflow/example_dags/example_sensor_decorator.py took 0.139 seconds
[2023-07-14T19:34:35.653+0000] {processor.py:157} INFO - Started process (PID=647) to work on /home/airflow/.local/lib/python3.7/site-packages/airflow/example_dags/example_sensor_decorator.py
[2023-07-14T19:34:35.655+0000] {processor.py:826} INFO - Processing file /home/airflow/.local/lib/python3.7/site-packages/airflow/example_dags/example_sensor_decorator.py for tasks to queue
[2023-07-14T19:34:35.657+0000] {logging_mixin.py:150} INFO - [2023-07-14T19:34:35.656+0000] {dagbag.py:541} INFO - Filling up the DagBag from /home/airflow/.local/lib/python3.7/site-packages/airflow/example_dags/example_sensor_decorator.py
[2023-07-14T19:34:35.666+0000] {processor.py:836} INFO - DAG(s) dict_keys(['example_sensor_decorator']) retrieved from /home/airflow/.local/lib/python3.7/site-packages/airflow/example_dags/example_sensor_decorator.py
[2023-07-14T19:34:35.696+0000] {logging_mixin.py:150} INFO - [2023-07-14T19:34:35.695+0000] {dag.py:2742} INFO - Sync 1 DAGs
[2023-07-14T19:34:35.728+0000] {logging_mixin.py:150} INFO - [2023-07-14T19:34:35.728+0000] {dag.py:3508} INFO - Setting next_dagrun for example_sensor_decorator to None, run_after=None
[2023-07-14T19:34:35.755+0000] {processor.py:179} INFO - Processing /home/airflow/.local/lib/python3.7/site-packages/airflow/example_dags/example_sensor_decorator.py took 0.108 seconds
[2023-07-14T19:35:06.605+0000] {processor.py:157} INFO - Started process (PID=717) to work on /home/airflow/.local/lib/python3.7/site-packages/airflow/example_dags/example_sensor_decorator.py
[2023-07-14T19:35:06.607+0000] {processor.py:826} INFO - Processing file /home/airflow/.local/lib/python3.7/site-packages/airflow/example_dags/example_sensor_decorator.py for tasks to queue
[2023-07-14T19:35:06.609+0000] {logging_mixin.py:150} INFO - [2023-07-14T19:35:06.608+0000] {dagbag.py:541} INFO - Filling up the DagBag from /home/airflow/.local/lib/python3.7/site-packages/airflow/example_dags/example_sensor_decorator.py
[2023-07-14T19:35:06.618+0000] {processor.py:836} INFO - DAG(s) dict_keys(['example_sensor_decorator']) retrieved from /home/airflow/.local/lib/python3.7/site-packages/airflow/example_dags/example_sensor_decorator.py
[2023-07-14T19:35:06.659+0000] {logging_mixin.py:150} INFO - [2023-07-14T19:35:06.659+0000] {dag.py:2742} INFO - Sync 1 DAGs
[2023-07-14T19:35:06.725+0000] {logging_mixin.py:150} INFO - [2023-07-14T19:35:06.724+0000] {dag.py:3508} INFO - Setting next_dagrun for example_sensor_decorator to None, run_after=None
[2023-07-14T19:35:06.758+0000] {processor.py:179} INFO - Processing /home/airflow/.local/lib/python3.7/site-packages/airflow/example_dags/example_sensor_decorator.py took 0.160 seconds
[2023-07-14T19:35:37.303+0000] {processor.py:157} INFO - Started process (PID=787) to work on /home/airflow/.local/lib/python3.7/site-packages/airflow/example_dags/example_sensor_decorator.py
[2023-07-14T19:35:37.304+0000] {processor.py:826} INFO - Processing file /home/airflow/.local/lib/python3.7/site-packages/airflow/example_dags/example_sensor_decorator.py for tasks to queue
[2023-07-14T19:35:37.306+0000] {logging_mixin.py:150} INFO - [2023-07-14T19:35:37.306+0000] {dagbag.py:541} INFO - Filling up the DagBag from /home/airflow/.local/lib/python3.7/site-packages/airflow/example_dags/example_sensor_decorator.py
[2023-07-14T19:35:37.313+0000] {processor.py:836} INFO - DAG(s) dict_keys(['example_sensor_decorator']) retrieved from /home/airflow/.local/lib/python3.7/site-packages/airflow/example_dags/example_sensor_decorator.py
[2023-07-14T19:35:37.344+0000] {logging_mixin.py:150} INFO - [2023-07-14T19:35:37.344+0000] {dag.py:2742} INFO - Sync 1 DAGs
[2023-07-14T19:35:37.376+0000] {logging_mixin.py:150} INFO - [2023-07-14T19:35:37.376+0000] {dag.py:3508} INFO - Setting next_dagrun for example_sensor_decorator to None, run_after=None
[2023-07-14T19:35:37.405+0000] {processor.py:179} INFO - Processing /home/airflow/.local/lib/python3.7/site-packages/airflow/example_dags/example_sensor_decorator.py took 0.107 seconds
[2023-07-14T19:36:07.766+0000] {processor.py:157} INFO - Started process (PID=857) to work on /home/airflow/.local/lib/python3.7/site-packages/airflow/example_dags/example_sensor_decorator.py
[2023-07-14T19:36:07.768+0000] {processor.py:826} INFO - Processing file /home/airflow/.local/lib/python3.7/site-packages/airflow/example_dags/example_sensor_decorator.py for tasks to queue
[2023-07-14T19:36:07.769+0000] {logging_mixin.py:150} INFO - [2023-07-14T19:36:07.769+0000] {dagbag.py:541} INFO - Filling up the DagBag from /home/airflow/.local/lib/python3.7/site-packages/airflow/example_dags/example_sensor_decorator.py
[2023-07-14T19:36:07.779+0000] {processor.py:836} INFO - DAG(s) dict_keys(['example_sensor_decorator']) retrieved from /home/airflow/.local/lib/python3.7/site-packages/airflow/example_dags/example_sensor_decorator.py
[2023-07-14T19:36:07.814+0000] {logging_mixin.py:150} INFO - [2023-07-14T19:36:07.814+0000] {dag.py:2742} INFO - Sync 1 DAGs
[2023-07-14T19:36:07.845+0000] {logging_mixin.py:150} INFO - [2023-07-14T19:36:07.844+0000] {dag.py:3508} INFO - Setting next_dagrun for example_sensor_decorator to None, run_after=None
[2023-07-14T19:36:07.873+0000] {processor.py:179} INFO - Processing /home/airflow/.local/lib/python3.7/site-packages/airflow/example_dags/example_sensor_decorator.py took 0.112 seconds
[2023-07-14T19:36:38.512+0000] {processor.py:157} INFO - Started process (PID=928) to work on /home/airflow/.local/lib/python3.7/site-packages/airflow/example_dags/example_sensor_decorator.py
[2023-07-14T19:36:38.514+0000] {processor.py:826} INFO - Processing file /home/airflow/.local/lib/python3.7/site-packages/airflow/example_dags/example_sensor_decorator.py for tasks to queue
[2023-07-14T19:36:38.516+0000] {logging_mixin.py:150} INFO - [2023-07-14T19:36:38.516+0000] {dagbag.py:541} INFO - Filling up the DagBag from /home/airflow/.local/lib/python3.7/site-packages/airflow/example_dags/example_sensor_decorator.py
[2023-07-14T19:36:38.524+0000] {processor.py:836} INFO - DAG(s) dict_keys(['example_sensor_decorator']) retrieved from /home/airflow/.local/lib/python3.7/site-packages/airflow/example_dags/example_sensor_decorator.py
[2023-07-14T19:36:38.554+0000] {logging_mixin.py:150} INFO - [2023-07-14T19:36:38.553+0000] {dag.py:2742} INFO - Sync 1 DAGs
[2023-07-14T19:36:38.589+0000] {logging_mixin.py:150} INFO - [2023-07-14T19:36:38.589+0000] {dag.py:3508} INFO - Setting next_dagrun for example_sensor_decorator to None, run_after=None
[2023-07-14T19:36:38.615+0000] {processor.py:179} INFO - Processing /home/airflow/.local/lib/python3.7/site-packages/airflow/example_dags/example_sensor_decorator.py took 0.107 seconds
[2023-07-14T19:37:09.282+0000] {processor.py:157} INFO - Started process (PID=998) to work on /home/airflow/.local/lib/python3.7/site-packages/airflow/example_dags/example_sensor_decorator.py
[2023-07-14T19:37:09.284+0000] {processor.py:826} INFO - Processing file /home/airflow/.local/lib/python3.7/site-packages/airflow/example_dags/example_sensor_decorator.py for tasks to queue
[2023-07-14T19:37:09.286+0000] {logging_mixin.py:150} INFO - [2023-07-14T19:37:09.286+0000] {dagbag.py:541} INFO - Filling up the DagBag from /home/airflow/.local/lib/python3.7/site-packages/airflow/example_dags/example_sensor_decorator.py
[2023-07-14T19:37:09.295+0000] {processor.py:836} INFO - DAG(s) dict_keys(['example_sensor_decorator']) retrieved from /home/airflow/.local/lib/python3.7/site-packages/airflow/example_dags/example_sensor_decorator.py
[2023-07-14T19:37:09.324+0000] {logging_mixin.py:150} INFO - [2023-07-14T19:37:09.324+0000] {dag.py:2742} INFO - Sync 1 DAGs
[2023-07-14T19:37:09.357+0000] {logging_mixin.py:150} INFO - [2023-07-14T19:37:09.356+0000] {dag.py:3508} INFO - Setting next_dagrun for example_sensor_decorator to None, run_after=None
[2023-07-14T19:37:09.387+0000] {processor.py:179} INFO - Processing /home/airflow/.local/lib/python3.7/site-packages/airflow/example_dags/example_sensor_decorator.py took 0.110 seconds
[2023-07-14T19:37:40.087+0000] {processor.py:157} INFO - Started process (PID=1068) to work on /home/airflow/.local/lib/python3.7/site-packages/airflow/example_dags/example_sensor_decorator.py
[2023-07-14T19:37:40.088+0000] {processor.py:826} INFO - Processing file /home/airflow/.local/lib/python3.7/site-packages/airflow/example_dags/example_sensor_decorator.py for tasks to queue
[2023-07-14T19:37:40.090+0000] {logging_mixin.py:150} INFO - [2023-07-14T19:37:40.090+0000] {dagbag.py:541} INFO - Filling up the DagBag from /home/airflow/.local/lib/python3.7/site-packages/airflow/example_dags/example_sensor_decorator.py
[2023-07-14T19:37:40.099+0000] {processor.py:836} INFO - DAG(s) dict_keys(['example_sensor_decorator']) retrieved from /home/airflow/.local/lib/python3.7/site-packages/airflow/example_dags/example_sensor_decorator.py
[2023-07-14T19:37:40.132+0000] {logging_mixin.py:150} INFO - [2023-07-14T19:37:40.132+0000] {dag.py:2742} INFO - Sync 1 DAGs
[2023-07-14T19:37:40.161+0000] {logging_mixin.py:150} INFO - [2023-07-14T19:37:40.161+0000] {dag.py:3508} INFO - Setting next_dagrun for example_sensor_decorator to None, run_after=None
[2023-07-14T19:37:40.186+0000] {processor.py:179} INFO - Processing /home/airflow/.local/lib/python3.7/site-packages/airflow/example_dags/example_sensor_decorator.py took 0.103 seconds
[2023-07-14T19:38:11.093+0000] {processor.py:157} INFO - Started process (PID=1138) to work on /home/airflow/.local/lib/python3.7/site-packages/airflow/example_dags/example_sensor_decorator.py
[2023-07-14T19:38:11.095+0000] {processor.py:826} INFO - Processing file /home/airflow/.local/lib/python3.7/site-packages/airflow/example_dags/example_sensor_decorator.py for tasks to queue
[2023-07-14T19:38:11.099+0000] {logging_mixin.py:150} INFO - [2023-07-14T19:38:11.097+0000] {dagbag.py:541} INFO - Filling up the DagBag from /home/airflow/.local/lib/python3.7/site-packages/airflow/example_dags/example_sensor_decorator.py
[2023-07-14T19:38:11.110+0000] {processor.py:836} INFO - DAG(s) dict_keys(['example_sensor_decorator']) retrieved from /home/airflow/.local/lib/python3.7/site-packages/airflow/example_dags/example_sensor_decorator.py
[2023-07-14T19:38:11.145+0000] {logging_mixin.py:150} INFO - [2023-07-14T19:38:11.145+0000] {dag.py:2742} INFO - Sync 1 DAGs
[2023-07-14T19:38:11.178+0000] {logging_mixin.py:150} INFO - [2023-07-14T19:38:11.178+0000] {dag.py:3508} INFO - Setting next_dagrun for example_sensor_decorator to None, run_after=None
[2023-07-14T19:38:11.206+0000] {processor.py:179} INFO - Processing /home/airflow/.local/lib/python3.7/site-packages/airflow/example_dags/example_sensor_decorator.py took 0.119 seconds
[2023-07-14T19:38:41.877+0000] {processor.py:157} INFO - Started process (PID=1209) to work on /home/airflow/.local/lib/python3.7/site-packages/airflow/example_dags/example_sensor_decorator.py
[2023-07-14T19:38:41.878+0000] {processor.py:826} INFO - Processing file /home/airflow/.local/lib/python3.7/site-packages/airflow/example_dags/example_sensor_decorator.py for tasks to queue
[2023-07-14T19:38:41.880+0000] {logging_mixin.py:150} INFO - [2023-07-14T19:38:41.880+0000] {dagbag.py:541} INFO - Filling up the DagBag from /home/airflow/.local/lib/python3.7/site-packages/airflow/example_dags/example_sensor_decorator.py
[2023-07-14T19:38:41.888+0000] {processor.py:836} INFO - DAG(s) dict_keys(['example_sensor_decorator']) retrieved from /home/airflow/.local/lib/python3.7/site-packages/airflow/example_dags/example_sensor_decorator.py
[2023-07-14T19:38:41.920+0000] {logging_mixin.py:150} INFO - [2023-07-14T19:38:41.920+0000] {dag.py:2742} INFO - Sync 1 DAGs
[2023-07-14T19:38:41.952+0000] {logging_mixin.py:150} INFO - [2023-07-14T19:38:41.952+0000] {dag.py:3508} INFO - Setting next_dagrun for example_sensor_decorator to None, run_after=None
[2023-07-14T19:38:41.985+0000] {processor.py:179} INFO - Processing /home/airflow/.local/lib/python3.7/site-packages/airflow/example_dags/example_sensor_decorator.py took 0.112 seconds
[2023-07-14T19:39:12.126+0000] {processor.py:157} INFO - Started process (PID=1279) to work on /home/airflow/.local/lib/python3.7/site-packages/airflow/example_dags/example_sensor_decorator.py
[2023-07-14T19:39:12.128+0000] {processor.py:826} INFO - Processing file /home/airflow/.local/lib/python3.7/site-packages/airflow/example_dags/example_sensor_decorator.py for tasks to queue
[2023-07-14T19:39:12.130+0000] {logging_mixin.py:150} INFO - [2023-07-14T19:39:12.129+0000] {dagbag.py:541} INFO - Filling up the DagBag from /home/airflow/.local/lib/python3.7/site-packages/airflow/example_dags/example_sensor_decorator.py
[2023-07-14T19:39:12.139+0000] {processor.py:836} INFO - DAG(s) dict_keys(['example_sensor_decorator']) retrieved from /home/airflow/.local/lib/python3.7/site-packages/airflow/example_dags/example_sensor_decorator.py
[2023-07-14T19:39:12.171+0000] {logging_mixin.py:150} INFO - [2023-07-14T19:39:12.171+0000] {dag.py:2742} INFO - Sync 1 DAGs
[2023-07-14T19:39:12.206+0000] {logging_mixin.py:150} INFO - [2023-07-14T19:39:12.205+0000] {dag.py:3508} INFO - Setting next_dagrun for example_sensor_decorator to None, run_after=None
[2023-07-14T19:39:12.240+0000] {processor.py:179} INFO - Processing /home/airflow/.local/lib/python3.7/site-packages/airflow/example_dags/example_sensor_decorator.py took 0.117 seconds
