[2023-07-14T19:30:27.379+0000] {processor.py:157} INFO - Started process (PID=74) to work on /home/airflow/.local/lib/python3.7/site-packages/airflow/example_dags/example_dynamic_task_mapping_with_no_taskflow_operators.py
[2023-07-14T19:30:27.382+0000] {processor.py:826} INFO - Processing file /home/airflow/.local/lib/python3.7/site-packages/airflow/example_dags/example_dynamic_task_mapping_with_no_taskflow_operators.py for tasks to queue
[2023-07-14T19:30:27.438+0000] {logging_mixin.py:150} INFO - [2023-07-14T19:30:27.438+0000] {dagbag.py:541} INFO - Filling up the DagBag from /home/airflow/.local/lib/python3.7/site-packages/airflow/example_dags/example_dynamic_task_mapping_with_no_taskflow_operators.py
[2023-07-14T19:30:27.463+0000] {processor.py:836} INFO - DAG(s) dict_keys(['example_dynamic_task_mapping_with_no_taskflow_operators']) retrieved from /home/airflow/.local/lib/python3.7/site-packages/airflow/example_dags/example_dynamic_task_mapping_with_no_taskflow_operators.py
[2023-07-14T19:30:27.729+0000] {logging_mixin.py:150} INFO - [2023-07-14T19:30:27.728+0000] {manager.py:504} INFO - Created Permission View: can read on DAG:example_dynamic_task_mapping_with_no_taskflow_operators
[2023-07-14T19:30:27.755+0000] {logging_mixin.py:150} INFO - [2023-07-14T19:30:27.755+0000] {manager.py:504} INFO - Created Permission View: can edit on DAG:example_dynamic_task_mapping_with_no_taskflow_operators
[2023-07-14T19:30:27.774+0000] {logging_mixin.py:150} INFO - [2023-07-14T19:30:27.774+0000] {manager.py:504} INFO - Created Permission View: can delete on DAG:example_dynamic_task_mapping_with_no_taskflow_operators
[2023-07-14T19:30:27.818+0000] {logging_mixin.py:150} INFO - [2023-07-14T19:30:27.817+0000] {dag.py:2742} INFO - Sync 1 DAGs
[2023-07-14T19:30:27.874+0000] {logging_mixin.py:150} INFO - [2023-07-14T19:30:27.874+0000] {dag.py:2763} INFO - Creating ORM DAG for example_dynamic_task_mapping_with_no_taskflow_operators
[2023-07-14T19:30:27.906+0000] {logging_mixin.py:150} INFO - [2023-07-14T19:30:27.906+0000] {dag.py:3508} INFO - Setting next_dagrun for example_dynamic_task_mapping_with_no_taskflow_operators to 2023-07-13T19:30:27.905563+00:00, run_after=2023-07-14T19:30:27.905563+00:00
[2023-07-14T19:30:27.950+0000] {processor.py:179} INFO - Processing /home/airflow/.local/lib/python3.7/site-packages/airflow/example_dags/example_dynamic_task_mapping_with_no_taskflow_operators.py took 0.577 seconds
[2023-07-14T19:30:58.627+0000] {processor.py:157} INFO - Started process (PID=144) to work on /home/airflow/.local/lib/python3.7/site-packages/airflow/example_dags/example_dynamic_task_mapping_with_no_taskflow_operators.py
[2023-07-14T19:30:58.629+0000] {processor.py:826} INFO - Processing file /home/airflow/.local/lib/python3.7/site-packages/airflow/example_dags/example_dynamic_task_mapping_with_no_taskflow_operators.py for tasks to queue
[2023-07-14T19:30:58.632+0000] {logging_mixin.py:150} INFO - [2023-07-14T19:30:58.631+0000] {dagbag.py:541} INFO - Filling up the DagBag from /home/airflow/.local/lib/python3.7/site-packages/airflow/example_dags/example_dynamic_task_mapping_with_no_taskflow_operators.py
[2023-07-14T19:30:58.647+0000] {processor.py:836} INFO - DAG(s) dict_keys(['example_dynamic_task_mapping_with_no_taskflow_operators']) retrieved from /home/airflow/.local/lib/python3.7/site-packages/airflow/example_dags/example_dynamic_task_mapping_with_no_taskflow_operators.py
[2023-07-14T19:30:58.701+0000] {logging_mixin.py:150} INFO - [2023-07-14T19:30:58.700+0000] {dag.py:2742} INFO - Sync 1 DAGs
[2023-07-14T19:30:58.760+0000] {logging_mixin.py:150} INFO - [2023-07-14T19:30:58.759+0000] {dag.py:3508} INFO - Setting next_dagrun for example_dynamic_task_mapping_with_no_taskflow_operators to 2023-07-13T19:30:58.759379+00:00, run_after=2023-07-14T19:30:58.759379+00:00
[2023-07-14T19:30:58.795+0000] {processor.py:179} INFO - Processing /home/airflow/.local/lib/python3.7/site-packages/airflow/example_dags/example_dynamic_task_mapping_with_no_taskflow_operators.py took 0.173 seconds
[2023-07-14T19:31:29.323+0000] {processor.py:157} INFO - Started process (PID=214) to work on /home/airflow/.local/lib/python3.7/site-packages/airflow/example_dags/example_dynamic_task_mapping_with_no_taskflow_operators.py
[2023-07-14T19:31:29.325+0000] {processor.py:826} INFO - Processing file /home/airflow/.local/lib/python3.7/site-packages/airflow/example_dags/example_dynamic_task_mapping_with_no_taskflow_operators.py for tasks to queue
[2023-07-14T19:31:29.326+0000] {logging_mixin.py:150} INFO - [2023-07-14T19:31:29.326+0000] {dagbag.py:541} INFO - Filling up the DagBag from /home/airflow/.local/lib/python3.7/site-packages/airflow/example_dags/example_dynamic_task_mapping_with_no_taskflow_operators.py
[2023-07-14T19:31:29.336+0000] {processor.py:836} INFO - DAG(s) dict_keys(['example_dynamic_task_mapping_with_no_taskflow_operators']) retrieved from /home/airflow/.local/lib/python3.7/site-packages/airflow/example_dags/example_dynamic_task_mapping_with_no_taskflow_operators.py
[2023-07-14T19:31:29.368+0000] {logging_mixin.py:150} INFO - [2023-07-14T19:31:29.367+0000] {dag.py:2742} INFO - Sync 1 DAGs
[2023-07-14T19:31:29.416+0000] {logging_mixin.py:150} INFO - [2023-07-14T19:31:29.415+0000] {dag.py:3508} INFO - Setting next_dagrun for example_dynamic_task_mapping_with_no_taskflow_operators to 2023-07-13T19:31:29.415180+00:00, run_after=2023-07-14T19:31:29.415180+00:00
[2023-07-14T19:31:29.455+0000] {processor.py:179} INFO - Processing /home/airflow/.local/lib/python3.7/site-packages/airflow/example_dags/example_dynamic_task_mapping_with_no_taskflow_operators.py took 0.135 seconds
[2023-07-14T19:32:00.038+0000] {processor.py:157} INFO - Started process (PID=284) to work on /home/airflow/.local/lib/python3.7/site-packages/airflow/example_dags/example_dynamic_task_mapping_with_no_taskflow_operators.py
[2023-07-14T19:32:00.039+0000] {processor.py:826} INFO - Processing file /home/airflow/.local/lib/python3.7/site-packages/airflow/example_dags/example_dynamic_task_mapping_with_no_taskflow_operators.py for tasks to queue
[2023-07-14T19:32:00.041+0000] {logging_mixin.py:150} INFO - [2023-07-14T19:32:00.041+0000] {dagbag.py:541} INFO - Filling up the DagBag from /home/airflow/.local/lib/python3.7/site-packages/airflow/example_dags/example_dynamic_task_mapping_with_no_taskflow_operators.py
[2023-07-14T19:32:00.050+0000] {processor.py:836} INFO - DAG(s) dict_keys(['example_dynamic_task_mapping_with_no_taskflow_operators']) retrieved from /home/airflow/.local/lib/python3.7/site-packages/airflow/example_dags/example_dynamic_task_mapping_with_no_taskflow_operators.py
[2023-07-14T19:32:00.083+0000] {logging_mixin.py:150} INFO - [2023-07-14T19:32:00.083+0000] {dag.py:2742} INFO - Sync 1 DAGs
[2023-07-14T19:32:00.125+0000] {logging_mixin.py:150} INFO - [2023-07-14T19:32:00.124+0000] {dag.py:3508} INFO - Setting next_dagrun for example_dynamic_task_mapping_with_no_taskflow_operators to 2023-07-13T19:32:00.124422+00:00, run_after=2023-07-14T19:32:00.124422+00:00
[2023-07-14T19:32:00.154+0000] {processor.py:179} INFO - Processing /home/airflow/.local/lib/python3.7/site-packages/airflow/example_dags/example_dynamic_task_mapping_with_no_taskflow_operators.py took 0.120 seconds
[2023-07-14T19:32:30.448+0000] {processor.py:157} INFO - Started process (PID=354) to work on /home/airflow/.local/lib/python3.7/site-packages/airflow/example_dags/example_dynamic_task_mapping_with_no_taskflow_operators.py
[2023-07-14T19:32:30.450+0000] {processor.py:826} INFO - Processing file /home/airflow/.local/lib/python3.7/site-packages/airflow/example_dags/example_dynamic_task_mapping_with_no_taskflow_operators.py for tasks to queue
[2023-07-14T19:32:30.452+0000] {logging_mixin.py:150} INFO - [2023-07-14T19:32:30.452+0000] {dagbag.py:541} INFO - Filling up the DagBag from /home/airflow/.local/lib/python3.7/site-packages/airflow/example_dags/example_dynamic_task_mapping_with_no_taskflow_operators.py
[2023-07-14T19:32:30.460+0000] {processor.py:836} INFO - DAG(s) dict_keys(['example_dynamic_task_mapping_with_no_taskflow_operators']) retrieved from /home/airflow/.local/lib/python3.7/site-packages/airflow/example_dags/example_dynamic_task_mapping_with_no_taskflow_operators.py
[2023-07-14T19:32:30.495+0000] {logging_mixin.py:150} INFO - [2023-07-14T19:32:30.495+0000] {dag.py:2742} INFO - Sync 1 DAGs
[2023-07-14T19:32:30.531+0000] {logging_mixin.py:150} INFO - [2023-07-14T19:32:30.531+0000] {dag.py:3508} INFO - Setting next_dagrun for example_dynamic_task_mapping_with_no_taskflow_operators to 2023-07-13T19:32:30.531197+00:00, run_after=2023-07-14T19:32:30.531197+00:00
[2023-07-14T19:32:30.565+0000] {processor.py:179} INFO - Processing /home/airflow/.local/lib/python3.7/site-packages/airflow/example_dags/example_dynamic_task_mapping_with_no_taskflow_operators.py took 0.121 seconds
[2023-07-14T19:33:01.243+0000] {processor.py:157} INFO - Started process (PID=424) to work on /home/airflow/.local/lib/python3.7/site-packages/airflow/example_dags/example_dynamic_task_mapping_with_no_taskflow_operators.py
[2023-07-14T19:33:01.245+0000] {processor.py:826} INFO - Processing file /home/airflow/.local/lib/python3.7/site-packages/airflow/example_dags/example_dynamic_task_mapping_with_no_taskflow_operators.py for tasks to queue
[2023-07-14T19:33:01.247+0000] {logging_mixin.py:150} INFO - [2023-07-14T19:33:01.247+0000] {dagbag.py:541} INFO - Filling up the DagBag from /home/airflow/.local/lib/python3.7/site-packages/airflow/example_dags/example_dynamic_task_mapping_with_no_taskflow_operators.py
[2023-07-14T19:33:01.257+0000] {processor.py:836} INFO - DAG(s) dict_keys(['example_dynamic_task_mapping_with_no_taskflow_operators']) retrieved from /home/airflow/.local/lib/python3.7/site-packages/airflow/example_dags/example_dynamic_task_mapping_with_no_taskflow_operators.py
[2023-07-14T19:33:01.291+0000] {logging_mixin.py:150} INFO - [2023-07-14T19:33:01.291+0000] {dag.py:2742} INFO - Sync 1 DAGs
[2023-07-14T19:33:01.331+0000] {logging_mixin.py:150} INFO - [2023-07-14T19:33:01.330+0000] {dag.py:3508} INFO - Setting next_dagrun for example_dynamic_task_mapping_with_no_taskflow_operators to 2023-07-13T19:33:01.330510+00:00, run_after=2023-07-14T19:33:01.330510+00:00
[2023-07-14T19:33:01.357+0000] {processor.py:179} INFO - Processing /home/airflow/.local/lib/python3.7/site-packages/airflow/example_dags/example_dynamic_task_mapping_with_no_taskflow_operators.py took 0.119 seconds
[2023-07-14T19:33:31.529+0000] {processor.py:157} INFO - Started process (PID=494) to work on /home/airflow/.local/lib/python3.7/site-packages/airflow/example_dags/example_dynamic_task_mapping_with_no_taskflow_operators.py
[2023-07-14T19:33:31.531+0000] {processor.py:826} INFO - Processing file /home/airflow/.local/lib/python3.7/site-packages/airflow/example_dags/example_dynamic_task_mapping_with_no_taskflow_operators.py for tasks to queue
[2023-07-14T19:33:31.533+0000] {logging_mixin.py:150} INFO - [2023-07-14T19:33:31.533+0000] {dagbag.py:541} INFO - Filling up the DagBag from /home/airflow/.local/lib/python3.7/site-packages/airflow/example_dags/example_dynamic_task_mapping_with_no_taskflow_operators.py
[2023-07-14T19:33:31.541+0000] {processor.py:836} INFO - DAG(s) dict_keys(['example_dynamic_task_mapping_with_no_taskflow_operators']) retrieved from /home/airflow/.local/lib/python3.7/site-packages/airflow/example_dags/example_dynamic_task_mapping_with_no_taskflow_operators.py
[2023-07-14T19:33:31.575+0000] {logging_mixin.py:150} INFO - [2023-07-14T19:33:31.575+0000] {dag.py:2742} INFO - Sync 1 DAGs
[2023-07-14T19:33:31.613+0000] {logging_mixin.py:150} INFO - [2023-07-14T19:33:31.613+0000] {dag.py:3508} INFO - Setting next_dagrun for example_dynamic_task_mapping_with_no_taskflow_operators to 2023-07-13T19:33:31.613085+00:00, run_after=2023-07-14T19:33:31.613085+00:00
[2023-07-14T19:33:31.649+0000] {processor.py:179} INFO - Processing /home/airflow/.local/lib/python3.7/site-packages/airflow/example_dags/example_dynamic_task_mapping_with_no_taskflow_operators.py took 0.125 seconds
[2023-07-14T19:34:02.111+0000] {processor.py:157} INFO - Started process (PID=564) to work on /home/airflow/.local/lib/python3.7/site-packages/airflow/example_dags/example_dynamic_task_mapping_with_no_taskflow_operators.py
[2023-07-14T19:34:02.113+0000] {processor.py:826} INFO - Processing file /home/airflow/.local/lib/python3.7/site-packages/airflow/example_dags/example_dynamic_task_mapping_with_no_taskflow_operators.py for tasks to queue
[2023-07-14T19:34:02.114+0000] {logging_mixin.py:150} INFO - [2023-07-14T19:34:02.114+0000] {dagbag.py:541} INFO - Filling up the DagBag from /home/airflow/.local/lib/python3.7/site-packages/airflow/example_dags/example_dynamic_task_mapping_with_no_taskflow_operators.py
[2023-07-14T19:34:02.122+0000] {processor.py:836} INFO - DAG(s) dict_keys(['example_dynamic_task_mapping_with_no_taskflow_operators']) retrieved from /home/airflow/.local/lib/python3.7/site-packages/airflow/example_dags/example_dynamic_task_mapping_with_no_taskflow_operators.py
[2023-07-14T19:34:02.149+0000] {logging_mixin.py:150} INFO - [2023-07-14T19:34:02.149+0000] {dag.py:2742} INFO - Sync 1 DAGs
[2023-07-14T19:34:02.181+0000] {logging_mixin.py:150} INFO - [2023-07-14T19:34:02.181+0000] {dag.py:3508} INFO - Setting next_dagrun for example_dynamic_task_mapping_with_no_taskflow_operators to 2023-07-13T19:34:02.181305+00:00, run_after=2023-07-14T19:34:02.181305+00:00
[2023-07-14T19:34:02.207+0000] {processor.py:179} INFO - Processing /home/airflow/.local/lib/python3.7/site-packages/airflow/example_dags/example_dynamic_task_mapping_with_no_taskflow_operators.py took 0.099 seconds
[2023-07-14T19:34:32.404+0000] {processor.py:157} INFO - Started process (PID=634) to work on /home/airflow/.local/lib/python3.7/site-packages/airflow/example_dags/example_dynamic_task_mapping_with_no_taskflow_operators.py
[2023-07-14T19:34:32.406+0000] {processor.py:826} INFO - Processing file /home/airflow/.local/lib/python3.7/site-packages/airflow/example_dags/example_dynamic_task_mapping_with_no_taskflow_operators.py for tasks to queue
[2023-07-14T19:34:32.408+0000] {logging_mixin.py:150} INFO - [2023-07-14T19:34:32.407+0000] {dagbag.py:541} INFO - Filling up the DagBag from /home/airflow/.local/lib/python3.7/site-packages/airflow/example_dags/example_dynamic_task_mapping_with_no_taskflow_operators.py
[2023-07-14T19:34:32.419+0000] {processor.py:836} INFO - DAG(s) dict_keys(['example_dynamic_task_mapping_with_no_taskflow_operators']) retrieved from /home/airflow/.local/lib/python3.7/site-packages/airflow/example_dags/example_dynamic_task_mapping_with_no_taskflow_operators.py
[2023-07-14T19:34:32.458+0000] {logging_mixin.py:150} INFO - [2023-07-14T19:34:32.458+0000] {dag.py:2742} INFO - Sync 1 DAGs
[2023-07-14T19:34:32.503+0000] {logging_mixin.py:150} INFO - [2023-07-14T19:34:32.503+0000] {dag.py:3508} INFO - Setting next_dagrun for example_dynamic_task_mapping_with_no_taskflow_operators to 2023-07-13T19:34:32.503306+00:00, run_after=2023-07-14T19:34:32.503306+00:00
[2023-07-14T19:34:32.535+0000] {processor.py:179} INFO - Processing /home/airflow/.local/lib/python3.7/site-packages/airflow/example_dags/example_dynamic_task_mapping_with_no_taskflow_operators.py took 0.135 seconds
[2023-07-14T19:35:03.307+0000] {processor.py:157} INFO - Started process (PID=704) to work on /home/airflow/.local/lib/python3.7/site-packages/airflow/example_dags/example_dynamic_task_mapping_with_no_taskflow_operators.py
[2023-07-14T19:35:03.309+0000] {processor.py:826} INFO - Processing file /home/airflow/.local/lib/python3.7/site-packages/airflow/example_dags/example_dynamic_task_mapping_with_no_taskflow_operators.py for tasks to queue
[2023-07-14T19:35:03.310+0000] {logging_mixin.py:150} INFO - [2023-07-14T19:35:03.310+0000] {dagbag.py:541} INFO - Filling up the DagBag from /home/airflow/.local/lib/python3.7/site-packages/airflow/example_dags/example_dynamic_task_mapping_with_no_taskflow_operators.py
[2023-07-14T19:35:03.318+0000] {processor.py:836} INFO - DAG(s) dict_keys(['example_dynamic_task_mapping_with_no_taskflow_operators']) retrieved from /home/airflow/.local/lib/python3.7/site-packages/airflow/example_dags/example_dynamic_task_mapping_with_no_taskflow_operators.py
[2023-07-14T19:35:03.350+0000] {logging_mixin.py:150} INFO - [2023-07-14T19:35:03.350+0000] {dag.py:2742} INFO - Sync 1 DAGs
[2023-07-14T19:35:03.380+0000] {logging_mixin.py:150} INFO - [2023-07-14T19:35:03.380+0000] {dag.py:3508} INFO - Setting next_dagrun for example_dynamic_task_mapping_with_no_taskflow_operators to 2023-07-13T19:35:03.379975+00:00, run_after=2023-07-14T19:35:03.379975+00:00
[2023-07-14T19:35:03.410+0000] {processor.py:179} INFO - Processing /home/airflow/.local/lib/python3.7/site-packages/airflow/example_dags/example_dynamic_task_mapping_with_no_taskflow_operators.py took 0.106 seconds
[2023-07-14T19:35:34.120+0000] {processor.py:157} INFO - Started process (PID=774) to work on /home/airflow/.local/lib/python3.7/site-packages/airflow/example_dags/example_dynamic_task_mapping_with_no_taskflow_operators.py
[2023-07-14T19:35:34.122+0000] {processor.py:826} INFO - Processing file /home/airflow/.local/lib/python3.7/site-packages/airflow/example_dags/example_dynamic_task_mapping_with_no_taskflow_operators.py for tasks to queue
[2023-07-14T19:35:34.124+0000] {logging_mixin.py:150} INFO - [2023-07-14T19:35:34.124+0000] {dagbag.py:541} INFO - Filling up the DagBag from /home/airflow/.local/lib/python3.7/site-packages/airflow/example_dags/example_dynamic_task_mapping_with_no_taskflow_operators.py
[2023-07-14T19:35:34.132+0000] {processor.py:836} INFO - DAG(s) dict_keys(['example_dynamic_task_mapping_with_no_taskflow_operators']) retrieved from /home/airflow/.local/lib/python3.7/site-packages/airflow/example_dags/example_dynamic_task_mapping_with_no_taskflow_operators.py
[2023-07-14T19:35:34.162+0000] {logging_mixin.py:150} INFO - [2023-07-14T19:35:34.162+0000] {dag.py:2742} INFO - Sync 1 DAGs
[2023-07-14T19:35:34.202+0000] {logging_mixin.py:150} INFO - [2023-07-14T19:35:34.202+0000] {dag.py:3508} INFO - Setting next_dagrun for example_dynamic_task_mapping_with_no_taskflow_operators to 2023-07-13T19:35:34.202083+00:00, run_after=2023-07-14T19:35:34.202083+00:00
[2023-07-14T19:35:34.235+0000] {processor.py:179} INFO - Processing /home/airflow/.local/lib/python3.7/site-packages/airflow/example_dags/example_dynamic_task_mapping_with_no_taskflow_operators.py took 0.118 seconds
[2023-07-14T19:36:04.620+0000] {processor.py:157} INFO - Started process (PID=844) to work on /home/airflow/.local/lib/python3.7/site-packages/airflow/example_dags/example_dynamic_task_mapping_with_no_taskflow_operators.py
[2023-07-14T19:36:04.622+0000] {processor.py:826} INFO - Processing file /home/airflow/.local/lib/python3.7/site-packages/airflow/example_dags/example_dynamic_task_mapping_with_no_taskflow_operators.py for tasks to queue
[2023-07-14T19:36:04.624+0000] {logging_mixin.py:150} INFO - [2023-07-14T19:36:04.623+0000] {dagbag.py:541} INFO - Filling up the DagBag from /home/airflow/.local/lib/python3.7/site-packages/airflow/example_dags/example_dynamic_task_mapping_with_no_taskflow_operators.py
[2023-07-14T19:36:04.636+0000] {processor.py:836} INFO - DAG(s) dict_keys(['example_dynamic_task_mapping_with_no_taskflow_operators']) retrieved from /home/airflow/.local/lib/python3.7/site-packages/airflow/example_dags/example_dynamic_task_mapping_with_no_taskflow_operators.py
[2023-07-14T19:36:04.668+0000] {logging_mixin.py:150} INFO - [2023-07-14T19:36:04.667+0000] {dag.py:2742} INFO - Sync 1 DAGs
[2023-07-14T19:36:04.718+0000] {logging_mixin.py:150} INFO - [2023-07-14T19:36:04.718+0000] {dag.py:3508} INFO - Setting next_dagrun for example_dynamic_task_mapping_with_no_taskflow_operators to 2023-07-13T19:36:04.718000+00:00, run_after=2023-07-14T19:36:04.718000+00:00
[2023-07-14T19:36:04.753+0000] {processor.py:179} INFO - Processing /home/airflow/.local/lib/python3.7/site-packages/airflow/example_dags/example_dynamic_task_mapping_with_no_taskflow_operators.py took 0.137 seconds
[2023-07-14T19:36:35.449+0000] {processor.py:157} INFO - Started process (PID=915) to work on /home/airflow/.local/lib/python3.7/site-packages/airflow/example_dags/example_dynamic_task_mapping_with_no_taskflow_operators.py
[2023-07-14T19:36:35.453+0000] {processor.py:826} INFO - Processing file /home/airflow/.local/lib/python3.7/site-packages/airflow/example_dags/example_dynamic_task_mapping_with_no_taskflow_operators.py for tasks to queue
[2023-07-14T19:36:35.462+0000] {logging_mixin.py:150} INFO - [2023-07-14T19:36:35.461+0000] {dagbag.py:541} INFO - Filling up the DagBag from /home/airflow/.local/lib/python3.7/site-packages/airflow/example_dags/example_dynamic_task_mapping_with_no_taskflow_operators.py
[2023-07-14T19:36:35.471+0000] {processor.py:836} INFO - DAG(s) dict_keys(['example_dynamic_task_mapping_with_no_taskflow_operators']) retrieved from /home/airflow/.local/lib/python3.7/site-packages/airflow/example_dags/example_dynamic_task_mapping_with_no_taskflow_operators.py
[2023-07-14T19:36:35.505+0000] {logging_mixin.py:150} INFO - [2023-07-14T19:36:35.504+0000] {dag.py:2742} INFO - Sync 1 DAGs
[2023-07-14T19:36:35.538+0000] {logging_mixin.py:150} INFO - [2023-07-14T19:36:35.538+0000] {dag.py:3508} INFO - Setting next_dagrun for example_dynamic_task_mapping_with_no_taskflow_operators to 2023-07-13T19:36:35.538052+00:00, run_after=2023-07-14T19:36:35.538052+00:00
[2023-07-14T19:36:35.566+0000] {processor.py:179} INFO - Processing /home/airflow/.local/lib/python3.7/site-packages/airflow/example_dags/example_dynamic_task_mapping_with_no_taskflow_operators.py took 0.122 seconds
[2023-07-14T19:37:06.228+0000] {processor.py:157} INFO - Started process (PID=985) to work on /home/airflow/.local/lib/python3.7/site-packages/airflow/example_dags/example_dynamic_task_mapping_with_no_taskflow_operators.py
[2023-07-14T19:37:06.230+0000] {processor.py:826} INFO - Processing file /home/airflow/.local/lib/python3.7/site-packages/airflow/example_dags/example_dynamic_task_mapping_with_no_taskflow_operators.py for tasks to queue
[2023-07-14T19:37:06.231+0000] {logging_mixin.py:150} INFO - [2023-07-14T19:37:06.231+0000] {dagbag.py:541} INFO - Filling up the DagBag from /home/airflow/.local/lib/python3.7/site-packages/airflow/example_dags/example_dynamic_task_mapping_with_no_taskflow_operators.py
[2023-07-14T19:37:06.240+0000] {processor.py:836} INFO - DAG(s) dict_keys(['example_dynamic_task_mapping_with_no_taskflow_operators']) retrieved from /home/airflow/.local/lib/python3.7/site-packages/airflow/example_dags/example_dynamic_task_mapping_with_no_taskflow_operators.py
[2023-07-14T19:37:06.267+0000] {logging_mixin.py:150} INFO - [2023-07-14T19:37:06.267+0000] {dag.py:2742} INFO - Sync 1 DAGs
[2023-07-14T19:37:06.295+0000] {logging_mixin.py:150} INFO - [2023-07-14T19:37:06.295+0000] {dag.py:3508} INFO - Setting next_dagrun for example_dynamic_task_mapping_with_no_taskflow_operators to 2023-07-13T19:37:06.295422+00:00, run_after=2023-07-14T19:37:06.295422+00:00
[2023-07-14T19:37:06.324+0000] {processor.py:179} INFO - Processing /home/airflow/.local/lib/python3.7/site-packages/airflow/example_dags/example_dynamic_task_mapping_with_no_taskflow_operators.py took 0.101 seconds
[2023-07-14T19:37:36.975+0000] {processor.py:157} INFO - Started process (PID=1055) to work on /home/airflow/.local/lib/python3.7/site-packages/airflow/example_dags/example_dynamic_task_mapping_with_no_taskflow_operators.py
[2023-07-14T19:37:36.977+0000] {processor.py:826} INFO - Processing file /home/airflow/.local/lib/python3.7/site-packages/airflow/example_dags/example_dynamic_task_mapping_with_no_taskflow_operators.py for tasks to queue
[2023-07-14T19:37:36.979+0000] {logging_mixin.py:150} INFO - [2023-07-14T19:37:36.979+0000] {dagbag.py:541} INFO - Filling up the DagBag from /home/airflow/.local/lib/python3.7/site-packages/airflow/example_dags/example_dynamic_task_mapping_with_no_taskflow_operators.py
[2023-07-14T19:37:36.989+0000] {processor.py:836} INFO - DAG(s) dict_keys(['example_dynamic_task_mapping_with_no_taskflow_operators']) retrieved from /home/airflow/.local/lib/python3.7/site-packages/airflow/example_dags/example_dynamic_task_mapping_with_no_taskflow_operators.py
[2023-07-14T19:37:37.024+0000] {logging_mixin.py:150} INFO - [2023-07-14T19:37:37.024+0000] {dag.py:2742} INFO - Sync 1 DAGs
[2023-07-14T19:37:37.055+0000] {logging_mixin.py:150} INFO - [2023-07-14T19:37:37.055+0000] {dag.py:3508} INFO - Setting next_dagrun for example_dynamic_task_mapping_with_no_taskflow_operators to 2023-07-13T19:37:37.054911+00:00, run_after=2023-07-14T19:37:37.054911+00:00
[2023-07-14T19:37:37.085+0000] {processor.py:179} INFO - Processing /home/airflow/.local/lib/python3.7/site-packages/airflow/example_dags/example_dynamic_task_mapping_with_no_taskflow_operators.py took 0.114 seconds
[2023-07-14T19:38:08.012+0000] {processor.py:157} INFO - Started process (PID=1125) to work on /home/airflow/.local/lib/python3.7/site-packages/airflow/example_dags/example_dynamic_task_mapping_with_no_taskflow_operators.py
[2023-07-14T19:38:08.013+0000] {processor.py:826} INFO - Processing file /home/airflow/.local/lib/python3.7/site-packages/airflow/example_dags/example_dynamic_task_mapping_with_no_taskflow_operators.py for tasks to queue
[2023-07-14T19:38:08.015+0000] {logging_mixin.py:150} INFO - [2023-07-14T19:38:08.015+0000] {dagbag.py:541} INFO - Filling up the DagBag from /home/airflow/.local/lib/python3.7/site-packages/airflow/example_dags/example_dynamic_task_mapping_with_no_taskflow_operators.py
[2023-07-14T19:38:08.023+0000] {processor.py:836} INFO - DAG(s) dict_keys(['example_dynamic_task_mapping_with_no_taskflow_operators']) retrieved from /home/airflow/.local/lib/python3.7/site-packages/airflow/example_dags/example_dynamic_task_mapping_with_no_taskflow_operators.py
[2023-07-14T19:38:08.051+0000] {logging_mixin.py:150} INFO - [2023-07-14T19:38:08.051+0000] {dag.py:2742} INFO - Sync 1 DAGs
[2023-07-14T19:38:08.083+0000] {logging_mixin.py:150} INFO - [2023-07-14T19:38:08.082+0000] {dag.py:3508} INFO - Setting next_dagrun for example_dynamic_task_mapping_with_no_taskflow_operators to 2023-07-13T19:38:08.082512+00:00, run_after=2023-07-14T19:38:08.082512+00:00
[2023-07-14T19:38:08.109+0000] {processor.py:179} INFO - Processing /home/airflow/.local/lib/python3.7/site-packages/airflow/example_dags/example_dynamic_task_mapping_with_no_taskflow_operators.py took 0.101 seconds
[2023-07-14T19:38:38.773+0000] {processor.py:157} INFO - Started process (PID=1196) to work on /home/airflow/.local/lib/python3.7/site-packages/airflow/example_dags/example_dynamic_task_mapping_with_no_taskflow_operators.py
[2023-07-14T19:38:38.775+0000] {processor.py:826} INFO - Processing file /home/airflow/.local/lib/python3.7/site-packages/airflow/example_dags/example_dynamic_task_mapping_with_no_taskflow_operators.py for tasks to queue
[2023-07-14T19:38:38.777+0000] {logging_mixin.py:150} INFO - [2023-07-14T19:38:38.776+0000] {dagbag.py:541} INFO - Filling up the DagBag from /home/airflow/.local/lib/python3.7/site-packages/airflow/example_dags/example_dynamic_task_mapping_with_no_taskflow_operators.py
[2023-07-14T19:38:38.785+0000] {processor.py:836} INFO - DAG(s) dict_keys(['example_dynamic_task_mapping_with_no_taskflow_operators']) retrieved from /home/airflow/.local/lib/python3.7/site-packages/airflow/example_dags/example_dynamic_task_mapping_with_no_taskflow_operators.py
[2023-07-14T19:38:38.815+0000] {logging_mixin.py:150} INFO - [2023-07-14T19:38:38.815+0000] {dag.py:2742} INFO - Sync 1 DAGs
[2023-07-14T19:38:38.845+0000] {logging_mixin.py:150} INFO - [2023-07-14T19:38:38.845+0000] {dag.py:3508} INFO - Setting next_dagrun for example_dynamic_task_mapping_with_no_taskflow_operators to 2023-07-13T19:38:38.845205+00:00, run_after=2023-07-14T19:38:38.845205+00:00
[2023-07-14T19:38:38.874+0000] {processor.py:179} INFO - Processing /home/airflow/.local/lib/python3.7/site-packages/airflow/example_dags/example_dynamic_task_mapping_with_no_taskflow_operators.py took 0.104 seconds
[2023-07-14T19:39:09.710+0000] {processor.py:157} INFO - Started process (PID=1265) to work on /home/airflow/.local/lib/python3.7/site-packages/airflow/example_dags/example_dynamic_task_mapping_with_no_taskflow_operators.py
[2023-07-14T19:39:09.712+0000] {processor.py:826} INFO - Processing file /home/airflow/.local/lib/python3.7/site-packages/airflow/example_dags/example_dynamic_task_mapping_with_no_taskflow_operators.py for tasks to queue
[2023-07-14T19:39:09.714+0000] {logging_mixin.py:150} INFO - [2023-07-14T19:39:09.713+0000] {dagbag.py:541} INFO - Filling up the DagBag from /home/airflow/.local/lib/python3.7/site-packages/airflow/example_dags/example_dynamic_task_mapping_with_no_taskflow_operators.py
[2023-07-14T19:39:09.723+0000] {processor.py:836} INFO - DAG(s) dict_keys(['example_dynamic_task_mapping_with_no_taskflow_operators']) retrieved from /home/airflow/.local/lib/python3.7/site-packages/airflow/example_dags/example_dynamic_task_mapping_with_no_taskflow_operators.py
[2023-07-14T19:39:09.755+0000] {logging_mixin.py:150} INFO - [2023-07-14T19:39:09.755+0000] {dag.py:2742} INFO - Sync 1 DAGs
[2023-07-14T19:39:09.791+0000] {logging_mixin.py:150} INFO - [2023-07-14T19:39:09.790+0000] {dag.py:3508} INFO - Setting next_dagrun for example_dynamic_task_mapping_with_no_taskflow_operators to 2023-07-13T19:39:09.790571+00:00, run_after=2023-07-14T19:39:09.790571+00:00
[2023-07-14T19:39:09.823+0000] {processor.py:179} INFO - Processing /home/airflow/.local/lib/python3.7/site-packages/airflow/example_dags/example_dynamic_task_mapping_with_no_taskflow_operators.py took 0.117 seconds
