[2023-07-14T19:30:29.727+0000] {processor.py:157} INFO - Started process (PID=82) to work on /home/airflow/.local/lib/python3.7/site-packages/airflow/example_dags/example_dag_decorator.py
[2023-07-14T19:30:29.729+0000] {processor.py:826} INFO - Processing file /home/airflow/.local/lib/python3.7/site-packages/airflow/example_dags/example_dag_decorator.py for tasks to queue
[2023-07-14T19:30:29.731+0000] {logging_mixin.py:150} INFO - [2023-07-14T19:30:29.731+0000] {dagbag.py:541} INFO - Filling up the DagBag from /home/airflow/.local/lib/python3.7/site-packages/airflow/example_dags/example_dag_decorator.py
[2023-07-14T19:30:29.759+0000] {processor.py:836} INFO - DAG(s) dict_keys(['example_dag_decorator']) retrieved from /home/airflow/.local/lib/python3.7/site-packages/airflow/example_dags/example_dag_decorator.py
[2023-07-14T19:30:30.117+0000] {logging_mixin.py:150} INFO - [2023-07-14T19:30:30.117+0000] {manager.py:504} INFO - Created Permission View: can read on DAG:example_dag_decorator
[2023-07-14T19:30:30.156+0000] {logging_mixin.py:150} INFO - [2023-07-14T19:30:30.155+0000] {manager.py:504} INFO - Created Permission View: can edit on DAG:example_dag_decorator
[2023-07-14T19:30:30.179+0000] {logging_mixin.py:150} INFO - [2023-07-14T19:30:30.179+0000] {manager.py:504} INFO - Created Permission View: can delete on DAG:example_dag_decorator
[2023-07-14T19:30:30.228+0000] {logging_mixin.py:150} INFO - [2023-07-14T19:30:30.227+0000] {dag.py:2742} INFO - Sync 1 DAGs
[2023-07-14T19:30:30.274+0000] {logging_mixin.py:150} INFO - [2023-07-14T19:30:30.273+0000] {dag.py:2763} INFO - Creating ORM DAG for example_dag_decorator
[2023-07-14T19:30:30.303+0000] {logging_mixin.py:150} INFO - [2023-07-14T19:30:30.303+0000] {dag.py:3508} INFO - Setting next_dagrun for example_dag_decorator to None, run_after=None
[2023-07-14T19:30:30.388+0000] {processor.py:179} INFO - Processing /home/airflow/.local/lib/python3.7/site-packages/airflow/example_dags/example_dag_decorator.py took 0.666 seconds
[2023-07-14T19:31:00.589+0000] {processor.py:157} INFO - Started process (PID=152) to work on /home/airflow/.local/lib/python3.7/site-packages/airflow/example_dags/example_dag_decorator.py
[2023-07-14T19:31:00.591+0000] {processor.py:826} INFO - Processing file /home/airflow/.local/lib/python3.7/site-packages/airflow/example_dags/example_dag_decorator.py for tasks to queue
[2023-07-14T19:31:00.593+0000] {logging_mixin.py:150} INFO - [2023-07-14T19:31:00.593+0000] {dagbag.py:541} INFO - Filling up the DagBag from /home/airflow/.local/lib/python3.7/site-packages/airflow/example_dags/example_dag_decorator.py
[2023-07-14T19:31:00.618+0000] {processor.py:836} INFO - DAG(s) dict_keys(['example_dag_decorator']) retrieved from /home/airflow/.local/lib/python3.7/site-packages/airflow/example_dags/example_dag_decorator.py
[2023-07-14T19:31:00.803+0000] {logging_mixin.py:150} INFO - [2023-07-14T19:31:00.802+0000] {dag.py:2742} INFO - Sync 1 DAGs
[2023-07-14T19:31:00.835+0000] {logging_mixin.py:150} INFO - [2023-07-14T19:31:00.835+0000] {dag.py:3508} INFO - Setting next_dagrun for example_dag_decorator to None, run_after=None
[2023-07-14T19:31:00.869+0000] {processor.py:179} INFO - Processing /home/airflow/.local/lib/python3.7/site-packages/airflow/example_dags/example_dag_decorator.py took 0.285 seconds
[2023-07-14T19:31:31.335+0000] {processor.py:157} INFO - Started process (PID=222) to work on /home/airflow/.local/lib/python3.7/site-packages/airflow/example_dags/example_dag_decorator.py
[2023-07-14T19:31:31.337+0000] {processor.py:826} INFO - Processing file /home/airflow/.local/lib/python3.7/site-packages/airflow/example_dags/example_dag_decorator.py for tasks to queue
[2023-07-14T19:31:31.339+0000] {logging_mixin.py:150} INFO - [2023-07-14T19:31:31.339+0000] {dagbag.py:541} INFO - Filling up the DagBag from /home/airflow/.local/lib/python3.7/site-packages/airflow/example_dags/example_dag_decorator.py
[2023-07-14T19:31:31.360+0000] {processor.py:836} INFO - DAG(s) dict_keys(['example_dag_decorator']) retrieved from /home/airflow/.local/lib/python3.7/site-packages/airflow/example_dags/example_dag_decorator.py
[2023-07-14T19:31:31.612+0000] {logging_mixin.py:150} INFO - [2023-07-14T19:31:31.611+0000] {dag.py:2742} INFO - Sync 1 DAGs
[2023-07-14T19:31:31.657+0000] {logging_mixin.py:150} INFO - [2023-07-14T19:31:31.657+0000] {dag.py:3508} INFO - Setting next_dagrun for example_dag_decorator to None, run_after=None
[2023-07-14T19:31:31.695+0000] {processor.py:179} INFO - Processing /home/airflow/.local/lib/python3.7/site-packages/airflow/example_dags/example_dag_decorator.py took 0.366 seconds
[2023-07-14T19:32:01.931+0000] {processor.py:157} INFO - Started process (PID=292) to work on /home/airflow/.local/lib/python3.7/site-packages/airflow/example_dags/example_dag_decorator.py
[2023-07-14T19:32:01.933+0000] {processor.py:826} INFO - Processing file /home/airflow/.local/lib/python3.7/site-packages/airflow/example_dags/example_dag_decorator.py for tasks to queue
[2023-07-14T19:32:01.936+0000] {logging_mixin.py:150} INFO - [2023-07-14T19:32:01.935+0000] {dagbag.py:541} INFO - Filling up the DagBag from /home/airflow/.local/lib/python3.7/site-packages/airflow/example_dags/example_dag_decorator.py
[2023-07-14T19:32:01.956+0000] {processor.py:836} INFO - DAG(s) dict_keys(['example_dag_decorator']) retrieved from /home/airflow/.local/lib/python3.7/site-packages/airflow/example_dags/example_dag_decorator.py
[2023-07-14T19:32:02.226+0000] {logging_mixin.py:150} INFO - [2023-07-14T19:32:02.226+0000] {dag.py:2742} INFO - Sync 1 DAGs
[2023-07-14T19:32:02.269+0000] {logging_mixin.py:150} INFO - [2023-07-14T19:32:02.269+0000] {dag.py:3508} INFO - Setting next_dagrun for example_dag_decorator to None, run_after=None
[2023-07-14T19:32:02.317+0000] {processor.py:179} INFO - Processing /home/airflow/.local/lib/python3.7/site-packages/airflow/example_dags/example_dag_decorator.py took 0.392 seconds
[2023-07-14T19:32:33.174+0000] {processor.py:157} INFO - Started process (PID=362) to work on /home/airflow/.local/lib/python3.7/site-packages/airflow/example_dags/example_dag_decorator.py
[2023-07-14T19:32:33.176+0000] {processor.py:826} INFO - Processing file /home/airflow/.local/lib/python3.7/site-packages/airflow/example_dags/example_dag_decorator.py for tasks to queue
[2023-07-14T19:32:33.178+0000] {logging_mixin.py:150} INFO - [2023-07-14T19:32:33.178+0000] {dagbag.py:541} INFO - Filling up the DagBag from /home/airflow/.local/lib/python3.7/site-packages/airflow/example_dags/example_dag_decorator.py
[2023-07-14T19:32:33.201+0000] {processor.py:836} INFO - DAG(s) dict_keys(['example_dag_decorator']) retrieved from /home/airflow/.local/lib/python3.7/site-packages/airflow/example_dags/example_dag_decorator.py
[2023-07-14T19:32:33.420+0000] {logging_mixin.py:150} INFO - [2023-07-14T19:32:33.420+0000] {dag.py:2742} INFO - Sync 1 DAGs
[2023-07-14T19:32:33.460+0000] {logging_mixin.py:150} INFO - [2023-07-14T19:32:33.460+0000] {dag.py:3508} INFO - Setting next_dagrun for example_dag_decorator to None, run_after=None
[2023-07-14T19:32:33.499+0000] {processor.py:179} INFO - Processing /home/airflow/.local/lib/python3.7/site-packages/airflow/example_dags/example_dag_decorator.py took 0.329 seconds
[2023-07-14T19:33:03.926+0000] {processor.py:157} INFO - Started process (PID=432) to work on /home/airflow/.local/lib/python3.7/site-packages/airflow/example_dags/example_dag_decorator.py
[2023-07-14T19:33:03.927+0000] {processor.py:826} INFO - Processing file /home/airflow/.local/lib/python3.7/site-packages/airflow/example_dags/example_dag_decorator.py for tasks to queue
[2023-07-14T19:33:03.929+0000] {logging_mixin.py:150} INFO - [2023-07-14T19:33:03.928+0000] {dagbag.py:541} INFO - Filling up the DagBag from /home/airflow/.local/lib/python3.7/site-packages/airflow/example_dags/example_dag_decorator.py
[2023-07-14T19:33:03.952+0000] {processor.py:836} INFO - DAG(s) dict_keys(['example_dag_decorator']) retrieved from /home/airflow/.local/lib/python3.7/site-packages/airflow/example_dags/example_dag_decorator.py
[2023-07-14T19:33:04.114+0000] {logging_mixin.py:150} INFO - [2023-07-14T19:33:04.114+0000] {dag.py:2742} INFO - Sync 1 DAGs
[2023-07-14T19:33:04.144+0000] {logging_mixin.py:150} INFO - [2023-07-14T19:33:04.144+0000] {dag.py:3508} INFO - Setting next_dagrun for example_dag_decorator to None, run_after=None
[2023-07-14T19:33:04.177+0000] {processor.py:179} INFO - Processing /home/airflow/.local/lib/python3.7/site-packages/airflow/example_dags/example_dag_decorator.py took 0.255 seconds
[2023-07-14T19:33:34.289+0000] {processor.py:157} INFO - Started process (PID=502) to work on /home/airflow/.local/lib/python3.7/site-packages/airflow/example_dags/example_dag_decorator.py
[2023-07-14T19:33:34.291+0000] {processor.py:826} INFO - Processing file /home/airflow/.local/lib/python3.7/site-packages/airflow/example_dags/example_dag_decorator.py for tasks to queue
[2023-07-14T19:33:34.292+0000] {logging_mixin.py:150} INFO - [2023-07-14T19:33:34.292+0000] {dagbag.py:541} INFO - Filling up the DagBag from /home/airflow/.local/lib/python3.7/site-packages/airflow/example_dags/example_dag_decorator.py
[2023-07-14T19:33:34.311+0000] {processor.py:836} INFO - DAG(s) dict_keys(['example_dag_decorator']) retrieved from /home/airflow/.local/lib/python3.7/site-packages/airflow/example_dags/example_dag_decorator.py
[2023-07-14T19:33:34.489+0000] {logging_mixin.py:150} INFO - [2023-07-14T19:33:34.488+0000] {dag.py:2742} INFO - Sync 1 DAGs
[2023-07-14T19:33:34.517+0000] {logging_mixin.py:150} INFO - [2023-07-14T19:33:34.517+0000] {dag.py:3508} INFO - Setting next_dagrun for example_dag_decorator to None, run_after=None
[2023-07-14T19:33:34.555+0000] {processor.py:179} INFO - Processing /home/airflow/.local/lib/python3.7/site-packages/airflow/example_dags/example_dag_decorator.py took 0.272 seconds
[2023-07-14T19:34:04.827+0000] {processor.py:157} INFO - Started process (PID=572) to work on /home/airflow/.local/lib/python3.7/site-packages/airflow/example_dags/example_dag_decorator.py
[2023-07-14T19:34:04.829+0000] {processor.py:826} INFO - Processing file /home/airflow/.local/lib/python3.7/site-packages/airflow/example_dags/example_dag_decorator.py for tasks to queue
[2023-07-14T19:34:04.830+0000] {logging_mixin.py:150} INFO - [2023-07-14T19:34:04.830+0000] {dagbag.py:541} INFO - Filling up the DagBag from /home/airflow/.local/lib/python3.7/site-packages/airflow/example_dags/example_dag_decorator.py
[2023-07-14T19:34:04.847+0000] {processor.py:836} INFO - DAG(s) dict_keys(['example_dag_decorator']) retrieved from /home/airflow/.local/lib/python3.7/site-packages/airflow/example_dags/example_dag_decorator.py
[2023-07-14T19:34:05.023+0000] {logging_mixin.py:150} INFO - [2023-07-14T19:34:05.022+0000] {dag.py:2742} INFO - Sync 1 DAGs
[2023-07-14T19:34:05.052+0000] {logging_mixin.py:150} INFO - [2023-07-14T19:34:05.052+0000] {dag.py:3508} INFO - Setting next_dagrun for example_dag_decorator to None, run_after=None
[2023-07-14T19:34:05.081+0000] {processor.py:179} INFO - Processing /home/airflow/.local/lib/python3.7/site-packages/airflow/example_dags/example_dag_decorator.py took 0.257 seconds
[2023-07-14T19:34:35.191+0000] {processor.py:157} INFO - Started process (PID=642) to work on /home/airflow/.local/lib/python3.7/site-packages/airflow/example_dags/example_dag_decorator.py
[2023-07-14T19:34:35.192+0000] {processor.py:826} INFO - Processing file /home/airflow/.local/lib/python3.7/site-packages/airflow/example_dags/example_dag_decorator.py for tasks to queue
[2023-07-14T19:34:35.194+0000] {logging_mixin.py:150} INFO - [2023-07-14T19:34:35.194+0000] {dagbag.py:541} INFO - Filling up the DagBag from /home/airflow/.local/lib/python3.7/site-packages/airflow/example_dags/example_dag_decorator.py
[2023-07-14T19:34:35.214+0000] {processor.py:836} INFO - DAG(s) dict_keys(['example_dag_decorator']) retrieved from /home/airflow/.local/lib/python3.7/site-packages/airflow/example_dags/example_dag_decorator.py
[2023-07-14T19:34:35.398+0000] {logging_mixin.py:150} INFO - [2023-07-14T19:34:35.398+0000] {dag.py:2742} INFO - Sync 1 DAGs
[2023-07-14T19:34:35.427+0000] {logging_mixin.py:150} INFO - [2023-07-14T19:34:35.427+0000] {dag.py:3508} INFO - Setting next_dagrun for example_dag_decorator to None, run_after=None
[2023-07-14T19:34:35.459+0000] {processor.py:179} INFO - Processing /home/airflow/.local/lib/python3.7/site-packages/airflow/example_dags/example_dag_decorator.py took 0.272 seconds
[2023-07-14T19:35:06.011+0000] {processor.py:157} INFO - Started process (PID=712) to work on /home/airflow/.local/lib/python3.7/site-packages/airflow/example_dags/example_dag_decorator.py
[2023-07-14T19:35:06.013+0000] {processor.py:826} INFO - Processing file /home/airflow/.local/lib/python3.7/site-packages/airflow/example_dags/example_dag_decorator.py for tasks to queue
[2023-07-14T19:35:06.016+0000] {logging_mixin.py:150} INFO - [2023-07-14T19:35:06.015+0000] {dagbag.py:541} INFO - Filling up the DagBag from /home/airflow/.local/lib/python3.7/site-packages/airflow/example_dags/example_dag_decorator.py
[2023-07-14T19:35:06.037+0000] {processor.py:836} INFO - DAG(s) dict_keys(['example_dag_decorator']) retrieved from /home/airflow/.local/lib/python3.7/site-packages/airflow/example_dags/example_dag_decorator.py
[2023-07-14T19:35:06.210+0000] {logging_mixin.py:150} INFO - [2023-07-14T19:35:06.210+0000] {dag.py:2742} INFO - Sync 1 DAGs
[2023-07-14T19:35:06.246+0000] {logging_mixin.py:150} INFO - [2023-07-14T19:35:06.245+0000] {dag.py:3508} INFO - Setting next_dagrun for example_dag_decorator to None, run_after=None
[2023-07-14T19:35:06.280+0000] {processor.py:179} INFO - Processing /home/airflow/.local/lib/python3.7/site-packages/airflow/example_dags/example_dag_decorator.py took 0.272 seconds
[2023-07-14T19:35:36.863+0000] {processor.py:157} INFO - Started process (PID=782) to work on /home/airflow/.local/lib/python3.7/site-packages/airflow/example_dags/example_dag_decorator.py
[2023-07-14T19:35:36.865+0000] {processor.py:826} INFO - Processing file /home/airflow/.local/lib/python3.7/site-packages/airflow/example_dags/example_dag_decorator.py for tasks to queue
[2023-07-14T19:35:36.866+0000] {logging_mixin.py:150} INFO - [2023-07-14T19:35:36.866+0000] {dagbag.py:541} INFO - Filling up the DagBag from /home/airflow/.local/lib/python3.7/site-packages/airflow/example_dags/example_dag_decorator.py
[2023-07-14T19:35:36.888+0000] {processor.py:836} INFO - DAG(s) dict_keys(['example_dag_decorator']) retrieved from /home/airflow/.local/lib/python3.7/site-packages/airflow/example_dags/example_dag_decorator.py
[2023-07-14T19:35:37.037+0000] {logging_mixin.py:150} INFO - [2023-07-14T19:35:37.036+0000] {dag.py:2742} INFO - Sync 1 DAGs
[2023-07-14T19:35:37.062+0000] {logging_mixin.py:150} INFO - [2023-07-14T19:35:37.062+0000] {dag.py:3508} INFO - Setting next_dagrun for example_dag_decorator to None, run_after=None
[2023-07-14T19:35:37.088+0000] {processor.py:179} INFO - Processing /home/airflow/.local/lib/python3.7/site-packages/airflow/example_dags/example_dag_decorator.py took 0.230 seconds
[2023-07-14T19:36:07.251+0000] {processor.py:157} INFO - Started process (PID=852) to work on /home/airflow/.local/lib/python3.7/site-packages/airflow/example_dags/example_dag_decorator.py
[2023-07-14T19:36:07.252+0000] {processor.py:826} INFO - Processing file /home/airflow/.local/lib/python3.7/site-packages/airflow/example_dags/example_dag_decorator.py for tasks to queue
[2023-07-14T19:36:07.255+0000] {logging_mixin.py:150} INFO - [2023-07-14T19:36:07.254+0000] {dagbag.py:541} INFO - Filling up the DagBag from /home/airflow/.local/lib/python3.7/site-packages/airflow/example_dags/example_dag_decorator.py
[2023-07-14T19:36:07.274+0000] {processor.py:836} INFO - DAG(s) dict_keys(['example_dag_decorator']) retrieved from /home/airflow/.local/lib/python3.7/site-packages/airflow/example_dags/example_dag_decorator.py
[2023-07-14T19:36:07.485+0000] {logging_mixin.py:150} INFO - [2023-07-14T19:36:07.484+0000] {dag.py:2742} INFO - Sync 1 DAGs
[2023-07-14T19:36:07.516+0000] {logging_mixin.py:150} INFO - [2023-07-14T19:36:07.516+0000] {dag.py:3508} INFO - Setting next_dagrun for example_dag_decorator to None, run_after=None
[2023-07-14T19:36:07.549+0000] {processor.py:179} INFO - Processing /home/airflow/.local/lib/python3.7/site-packages/airflow/example_dags/example_dag_decorator.py took 0.301 seconds
[2023-07-14T19:36:38.083+0000] {processor.py:157} INFO - Started process (PID=923) to work on /home/airflow/.local/lib/python3.7/site-packages/airflow/example_dags/example_dag_decorator.py
[2023-07-14T19:36:38.084+0000] {processor.py:826} INFO - Processing file /home/airflow/.local/lib/python3.7/site-packages/airflow/example_dags/example_dag_decorator.py for tasks to queue
[2023-07-14T19:36:38.086+0000] {logging_mixin.py:150} INFO - [2023-07-14T19:36:38.086+0000] {dagbag.py:541} INFO - Filling up the DagBag from /home/airflow/.local/lib/python3.7/site-packages/airflow/example_dags/example_dag_decorator.py
[2023-07-14T19:36:38.101+0000] {processor.py:836} INFO - DAG(s) dict_keys(['example_dag_decorator']) retrieved from /home/airflow/.local/lib/python3.7/site-packages/airflow/example_dags/example_dag_decorator.py
[2023-07-14T19:36:38.262+0000] {logging_mixin.py:150} INFO - [2023-07-14T19:36:38.262+0000] {dag.py:2742} INFO - Sync 1 DAGs
[2023-07-14T19:36:38.292+0000] {logging_mixin.py:150} INFO - [2023-07-14T19:36:38.292+0000] {dag.py:3508} INFO - Setting next_dagrun for example_dag_decorator to None, run_after=None
[2023-07-14T19:36:38.322+0000] {processor.py:179} INFO - Processing /home/airflow/.local/lib/python3.7/site-packages/airflow/example_dags/example_dag_decorator.py took 0.244 seconds
[2023-07-14T19:37:08.859+0000] {processor.py:157} INFO - Started process (PID=993) to work on /home/airflow/.local/lib/python3.7/site-packages/airflow/example_dags/example_dag_decorator.py
[2023-07-14T19:37:08.860+0000] {processor.py:826} INFO - Processing file /home/airflow/.local/lib/python3.7/site-packages/airflow/example_dags/example_dag_decorator.py for tasks to queue
[2023-07-14T19:37:08.862+0000] {logging_mixin.py:150} INFO - [2023-07-14T19:37:08.861+0000] {dagbag.py:541} INFO - Filling up the DagBag from /home/airflow/.local/lib/python3.7/site-packages/airflow/example_dags/example_dag_decorator.py
[2023-07-14T19:37:08.878+0000] {processor.py:836} INFO - DAG(s) dict_keys(['example_dag_decorator']) retrieved from /home/airflow/.local/lib/python3.7/site-packages/airflow/example_dags/example_dag_decorator.py
[2023-07-14T19:37:09.027+0000] {logging_mixin.py:150} INFO - [2023-07-14T19:37:09.026+0000] {dag.py:2742} INFO - Sync 1 DAGs
[2023-07-14T19:37:09.056+0000] {logging_mixin.py:150} INFO - [2023-07-14T19:37:09.055+0000] {dag.py:3508} INFO - Setting next_dagrun for example_dag_decorator to None, run_after=None
[2023-07-14T19:37:09.081+0000] {processor.py:179} INFO - Processing /home/airflow/.local/lib/python3.7/site-packages/airflow/example_dags/example_dag_decorator.py took 0.226 seconds
[2023-07-14T19:37:39.652+0000] {processor.py:157} INFO - Started process (PID=1063) to work on /home/airflow/.local/lib/python3.7/site-packages/airflow/example_dags/example_dag_decorator.py
[2023-07-14T19:37:39.654+0000] {processor.py:826} INFO - Processing file /home/airflow/.local/lib/python3.7/site-packages/airflow/example_dags/example_dag_decorator.py for tasks to queue
[2023-07-14T19:37:39.656+0000] {logging_mixin.py:150} INFO - [2023-07-14T19:37:39.655+0000] {dagbag.py:541} INFO - Filling up the DagBag from /home/airflow/.local/lib/python3.7/site-packages/airflow/example_dags/example_dag_decorator.py
[2023-07-14T19:37:39.673+0000] {processor.py:836} INFO - DAG(s) dict_keys(['example_dag_decorator']) retrieved from /home/airflow/.local/lib/python3.7/site-packages/airflow/example_dags/example_dag_decorator.py
[2023-07-14T19:37:39.847+0000] {logging_mixin.py:150} INFO - [2023-07-14T19:37:39.847+0000] {dag.py:2742} INFO - Sync 1 DAGs
[2023-07-14T19:37:39.875+0000] {logging_mixin.py:150} INFO - [2023-07-14T19:37:39.874+0000] {dag.py:3508} INFO - Setting next_dagrun for example_dag_decorator to None, run_after=None
[2023-07-14T19:37:39.904+0000] {processor.py:179} INFO - Processing /home/airflow/.local/lib/python3.7/site-packages/airflow/example_dags/example_dag_decorator.py took 0.256 seconds
[2023-07-14T19:38:10.567+0000] {processor.py:157} INFO - Started process (PID=1133) to work on /home/airflow/.local/lib/python3.7/site-packages/airflow/example_dags/example_dag_decorator.py
[2023-07-14T19:38:10.569+0000] {processor.py:826} INFO - Processing file /home/airflow/.local/lib/python3.7/site-packages/airflow/example_dags/example_dag_decorator.py for tasks to queue
[2023-07-14T19:38:10.570+0000] {logging_mixin.py:150} INFO - [2023-07-14T19:38:10.570+0000] {dagbag.py:541} INFO - Filling up the DagBag from /home/airflow/.local/lib/python3.7/site-packages/airflow/example_dags/example_dag_decorator.py
[2023-07-14T19:38:10.600+0000] {processor.py:836} INFO - DAG(s) dict_keys(['example_dag_decorator']) retrieved from /home/airflow/.local/lib/python3.7/site-packages/airflow/example_dags/example_dag_decorator.py
[2023-07-14T19:38:10.814+0000] {logging_mixin.py:150} INFO - [2023-07-14T19:38:10.814+0000] {dag.py:2742} INFO - Sync 1 DAGs
[2023-07-14T19:38:10.845+0000] {logging_mixin.py:150} INFO - [2023-07-14T19:38:10.845+0000] {dag.py:3508} INFO - Setting next_dagrun for example_dag_decorator to None, run_after=None
[2023-07-14T19:38:10.882+0000] {processor.py:179} INFO - Processing /home/airflow/.local/lib/python3.7/site-packages/airflow/example_dags/example_dag_decorator.py took 0.318 seconds
[2023-07-14T19:38:41.406+0000] {processor.py:157} INFO - Started process (PID=1204) to work on /home/airflow/.local/lib/python3.7/site-packages/airflow/example_dags/example_dag_decorator.py
[2023-07-14T19:38:41.408+0000] {processor.py:826} INFO - Processing file /home/airflow/.local/lib/python3.7/site-packages/airflow/example_dags/example_dag_decorator.py for tasks to queue
[2023-07-14T19:38:41.410+0000] {logging_mixin.py:150} INFO - [2023-07-14T19:38:41.410+0000] {dagbag.py:541} INFO - Filling up the DagBag from /home/airflow/.local/lib/python3.7/site-packages/airflow/example_dags/example_dag_decorator.py
[2023-07-14T19:38:41.431+0000] {processor.py:836} INFO - DAG(s) dict_keys(['example_dag_decorator']) retrieved from /home/airflow/.local/lib/python3.7/site-packages/airflow/example_dags/example_dag_decorator.py
[2023-07-14T19:38:41.619+0000] {logging_mixin.py:150} INFO - [2023-07-14T19:38:41.619+0000] {dag.py:2742} INFO - Sync 1 DAGs
[2023-07-14T19:38:41.656+0000] {logging_mixin.py:150} INFO - [2023-07-14T19:38:41.656+0000] {dag.py:3508} INFO - Setting next_dagrun for example_dag_decorator to None, run_after=None
[2023-07-14T19:38:41.687+0000] {processor.py:179} INFO - Processing /home/airflow/.local/lib/python3.7/site-packages/airflow/example_dags/example_dag_decorator.py took 0.284 seconds
[2023-07-14T19:39:11.781+0000] {processor.py:157} INFO - Started process (PID=1275) to work on /home/airflow/.local/lib/python3.7/site-packages/airflow/example_dags/example_dag_decorator.py
[2023-07-14T19:39:11.783+0000] {processor.py:826} INFO - Processing file /home/airflow/.local/lib/python3.7/site-packages/airflow/example_dags/example_dag_decorator.py for tasks to queue
[2023-07-14T19:39:11.785+0000] {logging_mixin.py:150} INFO - [2023-07-14T19:39:11.784+0000] {dagbag.py:541} INFO - Filling up the DagBag from /home/airflow/.local/lib/python3.7/site-packages/airflow/example_dags/example_dag_decorator.py
[2023-07-14T19:39:11.804+0000] {processor.py:836} INFO - DAG(s) dict_keys(['example_dag_decorator']) retrieved from /home/airflow/.local/lib/python3.7/site-packages/airflow/example_dags/example_dag_decorator.py
[2023-07-14T19:39:11.987+0000] {logging_mixin.py:150} INFO - [2023-07-14T19:39:11.986+0000] {dag.py:2742} INFO - Sync 1 DAGs
[2023-07-14T19:39:12.022+0000] {logging_mixin.py:150} INFO - [2023-07-14T19:39:12.022+0000] {dag.py:3508} INFO - Setting next_dagrun for example_dag_decorator to None, run_after=None
[2023-07-14T19:39:12.051+0000] {processor.py:179} INFO - Processing /home/airflow/.local/lib/python3.7/site-packages/airflow/example_dags/example_dag_decorator.py took 0.273 seconds
