[2023-07-14T19:30:16.222+0000] {processor.py:157} INFO - Started process (PID=43) to work on /home/airflow/.local/lib/python3.7/site-packages/airflow/example_dags/example_xcomargs.py
[2023-07-14T19:30:16.269+0000] {processor.py:826} INFO - Processing file /home/airflow/.local/lib/python3.7/site-packages/airflow/example_dags/example_xcomargs.py for tasks to queue
[2023-07-14T19:30:16.273+0000] {logging_mixin.py:150} INFO - [2023-07-14T19:30:16.273+0000] {dagbag.py:541} INFO - Filling up the DagBag from /home/airflow/.local/lib/python3.7/site-packages/airflow/example_dags/example_xcomargs.py
[2023-07-14T19:30:16.310+0000] {processor.py:836} INFO - DAG(s) dict_keys(['example_xcom_args_with_operators', 'example_xcom_args']) retrieved from /home/airflow/.local/lib/python3.7/site-packages/airflow/example_dags/example_xcomargs.py
[2023-07-14T19:30:16.713+0000] {logging_mixin.py:150} INFO - [2023-07-14T19:30:16.712+0000] {manager.py:504} INFO - Created Permission View: can read on DAG:example_xcom_args_with_operators
[2023-07-14T19:30:16.749+0000] {logging_mixin.py:150} INFO - [2023-07-14T19:30:16.748+0000] {manager.py:504} INFO - Created Permission View: can edit on DAG:example_xcom_args_with_operators
[2023-07-14T19:30:16.771+0000] {logging_mixin.py:150} INFO - [2023-07-14T19:30:16.770+0000] {manager.py:504} INFO - Created Permission View: can delete on DAG:example_xcom_args_with_operators
[2023-07-14T19:30:16.844+0000] {logging_mixin.py:150} INFO - [2023-07-14T19:30:16.844+0000] {manager.py:504} INFO - Created Permission View: can read on DAG:example_xcom_args
[2023-07-14T19:30:16.864+0000] {logging_mixin.py:150} INFO - [2023-07-14T19:30:16.864+0000] {manager.py:504} INFO - Created Permission View: can edit on DAG:example_xcom_args
[2023-07-14T19:30:16.888+0000] {logging_mixin.py:150} INFO - [2023-07-14T19:30:16.888+0000] {manager.py:504} INFO - Created Permission View: can delete on DAG:example_xcom_args
[2023-07-14T19:30:16.909+0000] {logging_mixin.py:150} INFO - [2023-07-14T19:30:16.908+0000] {dag.py:2742} INFO - Sync 2 DAGs
[2023-07-14T19:30:16.947+0000] {logging_mixin.py:150} INFO - [2023-07-14T19:30:16.947+0000] {dag.py:2763} INFO - Creating ORM DAG for example_xcom_args
[2023-07-14T19:30:16.950+0000] {logging_mixin.py:150} INFO - [2023-07-14T19:30:16.950+0000] {dag.py:2763} INFO - Creating ORM DAG for example_xcom_args_with_operators
[2023-07-14T19:30:16.979+0000] {logging_mixin.py:150} INFO - [2023-07-14T19:30:16.979+0000] {dag.py:3508} INFO - Setting next_dagrun for example_xcom_args to None, run_after=None
[2023-07-14T19:30:16.982+0000] {logging_mixin.py:150} INFO - [2023-07-14T19:30:16.981+0000] {dag.py:3508} INFO - Setting next_dagrun for example_xcom_args_with_operators to None, run_after=None
[2023-07-14T19:30:17.033+0000] {processor.py:179} INFO - Processing /home/airflow/.local/lib/python3.7/site-packages/airflow/example_dags/example_xcomargs.py took 0.828 seconds
[2023-07-14T19:30:47.350+0000] {processor.py:157} INFO - Started process (PID=104) to work on /home/airflow/.local/lib/python3.7/site-packages/airflow/example_dags/example_xcomargs.py
[2023-07-14T19:30:47.352+0000] {processor.py:826} INFO - Processing file /home/airflow/.local/lib/python3.7/site-packages/airflow/example_dags/example_xcomargs.py for tasks to queue
[2023-07-14T19:30:47.355+0000] {logging_mixin.py:150} INFO - [2023-07-14T19:30:47.354+0000] {dagbag.py:541} INFO - Filling up the DagBag from /home/airflow/.local/lib/python3.7/site-packages/airflow/example_dags/example_xcomargs.py
[2023-07-14T19:30:47.368+0000] {processor.py:836} INFO - DAG(s) dict_keys(['example_xcom_args_with_operators', 'example_xcom_args']) retrieved from /home/airflow/.local/lib/python3.7/site-packages/airflow/example_dags/example_xcomargs.py
[2023-07-14T19:30:47.439+0000] {logging_mixin.py:150} INFO - [2023-07-14T19:30:47.438+0000] {dag.py:2742} INFO - Sync 2 DAGs
[2023-07-14T19:30:47.502+0000] {logging_mixin.py:150} INFO - [2023-07-14T19:30:47.502+0000] {dag.py:3508} INFO - Setting next_dagrun for example_xcom_args to None, run_after=None
[2023-07-14T19:30:47.509+0000] {logging_mixin.py:150} INFO - [2023-07-14T19:30:47.509+0000] {dag.py:3508} INFO - Setting next_dagrun for example_xcom_args_with_operators to None, run_after=None
[2023-07-14T19:30:47.548+0000] {processor.py:179} INFO - Processing /home/airflow/.local/lib/python3.7/site-packages/airflow/example_dags/example_xcomargs.py took 0.203 seconds
[2023-07-14T19:31:17.808+0000] {processor.py:157} INFO - Started process (PID=174) to work on /home/airflow/.local/lib/python3.7/site-packages/airflow/example_dags/example_xcomargs.py
[2023-07-14T19:31:17.810+0000] {processor.py:826} INFO - Processing file /home/airflow/.local/lib/python3.7/site-packages/airflow/example_dags/example_xcomargs.py for tasks to queue
[2023-07-14T19:31:17.811+0000] {logging_mixin.py:150} INFO - [2023-07-14T19:31:17.811+0000] {dagbag.py:541} INFO - Filling up the DagBag from /home/airflow/.local/lib/python3.7/site-packages/airflow/example_dags/example_xcomargs.py
[2023-07-14T19:31:17.822+0000] {processor.py:836} INFO - DAG(s) dict_keys(['example_xcom_args', 'example_xcom_args_with_operators']) retrieved from /home/airflow/.local/lib/python3.7/site-packages/airflow/example_dags/example_xcomargs.py
[2023-07-14T19:31:17.855+0000] {logging_mixin.py:150} INFO - [2023-07-14T19:31:17.855+0000] {dag.py:2742} INFO - Sync 2 DAGs
[2023-07-14T19:31:17.883+0000] {logging_mixin.py:150} INFO - [2023-07-14T19:31:17.882+0000] {dag.py:3508} INFO - Setting next_dagrun for example_xcom_args to None, run_after=None
[2023-07-14T19:31:17.888+0000] {logging_mixin.py:150} INFO - [2023-07-14T19:31:17.887+0000] {dag.py:3508} INFO - Setting next_dagrun for example_xcom_args_with_operators to None, run_after=None
[2023-07-14T19:31:17.916+0000] {processor.py:179} INFO - Processing /home/airflow/.local/lib/python3.7/site-packages/airflow/example_dags/example_xcomargs.py took 0.111 seconds
[2023-07-14T19:31:48.295+0000] {processor.py:157} INFO - Started process (PID=244) to work on /home/airflow/.local/lib/python3.7/site-packages/airflow/example_dags/example_xcomargs.py
[2023-07-14T19:31:48.298+0000] {processor.py:826} INFO - Processing file /home/airflow/.local/lib/python3.7/site-packages/airflow/example_dags/example_xcomargs.py for tasks to queue
[2023-07-14T19:31:48.300+0000] {logging_mixin.py:150} INFO - [2023-07-14T19:31:48.299+0000] {dagbag.py:541} INFO - Filling up the DagBag from /home/airflow/.local/lib/python3.7/site-packages/airflow/example_dags/example_xcomargs.py
[2023-07-14T19:31:48.309+0000] {processor.py:836} INFO - DAG(s) dict_keys(['example_xcom_args_with_operators', 'example_xcom_args']) retrieved from /home/airflow/.local/lib/python3.7/site-packages/airflow/example_dags/example_xcomargs.py
[2023-07-14T19:31:48.349+0000] {logging_mixin.py:150} INFO - [2023-07-14T19:31:48.349+0000] {dag.py:2742} INFO - Sync 2 DAGs
[2023-07-14T19:31:48.382+0000] {logging_mixin.py:150} INFO - [2023-07-14T19:31:48.382+0000] {dag.py:3508} INFO - Setting next_dagrun for example_xcom_args to None, run_after=None
[2023-07-14T19:31:48.387+0000] {logging_mixin.py:150} INFO - [2023-07-14T19:31:48.387+0000] {dag.py:3508} INFO - Setting next_dagrun for example_xcom_args_with_operators to None, run_after=None
[2023-07-14T19:31:48.414+0000] {processor.py:179} INFO - Processing /home/airflow/.local/lib/python3.7/site-packages/airflow/example_dags/example_xcomargs.py took 0.122 seconds
[2023-07-14T19:32:18.835+0000] {processor.py:157} INFO - Started process (PID=314) to work on /home/airflow/.local/lib/python3.7/site-packages/airflow/example_dags/example_xcomargs.py
[2023-07-14T19:32:18.837+0000] {processor.py:826} INFO - Processing file /home/airflow/.local/lib/python3.7/site-packages/airflow/example_dags/example_xcomargs.py for tasks to queue
[2023-07-14T19:32:18.840+0000] {logging_mixin.py:150} INFO - [2023-07-14T19:32:18.839+0000] {dagbag.py:541} INFO - Filling up the DagBag from /home/airflow/.local/lib/python3.7/site-packages/airflow/example_dags/example_xcomargs.py
[2023-07-14T19:32:18.855+0000] {processor.py:836} INFO - DAG(s) dict_keys(['example_xcom_args', 'example_xcom_args_with_operators']) retrieved from /home/airflow/.local/lib/python3.7/site-packages/airflow/example_dags/example_xcomargs.py
[2023-07-14T19:32:18.906+0000] {logging_mixin.py:150} INFO - [2023-07-14T19:32:18.905+0000] {dag.py:2742} INFO - Sync 2 DAGs
[2023-07-14T19:32:18.942+0000] {logging_mixin.py:150} INFO - [2023-07-14T19:32:18.941+0000] {dag.py:3508} INFO - Setting next_dagrun for example_xcom_args to None, run_after=None
[2023-07-14T19:32:18.947+0000] {logging_mixin.py:150} INFO - [2023-07-14T19:32:18.946+0000] {dag.py:3508} INFO - Setting next_dagrun for example_xcom_args_with_operators to None, run_after=None
[2023-07-14T19:32:18.972+0000] {processor.py:179} INFO - Processing /home/airflow/.local/lib/python3.7/site-packages/airflow/example_dags/example_xcomargs.py took 0.140 seconds
[2023-07-14T19:32:49.252+0000] {processor.py:157} INFO - Started process (PID=384) to work on /home/airflow/.local/lib/python3.7/site-packages/airflow/example_dags/example_xcomargs.py
[2023-07-14T19:32:49.254+0000] {processor.py:826} INFO - Processing file /home/airflow/.local/lib/python3.7/site-packages/airflow/example_dags/example_xcomargs.py for tasks to queue
[2023-07-14T19:32:49.256+0000] {logging_mixin.py:150} INFO - [2023-07-14T19:32:49.256+0000] {dagbag.py:541} INFO - Filling up the DagBag from /home/airflow/.local/lib/python3.7/site-packages/airflow/example_dags/example_xcomargs.py
[2023-07-14T19:32:49.269+0000] {processor.py:836} INFO - DAG(s) dict_keys(['example_xcom_args_with_operators', 'example_xcom_args']) retrieved from /home/airflow/.local/lib/python3.7/site-packages/airflow/example_dags/example_xcomargs.py
[2023-07-14T19:32:49.316+0000] {logging_mixin.py:150} INFO - [2023-07-14T19:32:49.315+0000] {dag.py:2742} INFO - Sync 2 DAGs
[2023-07-14T19:32:49.346+0000] {logging_mixin.py:150} INFO - [2023-07-14T19:32:49.345+0000] {dag.py:3508} INFO - Setting next_dagrun for example_xcom_args to None, run_after=None
[2023-07-14T19:32:49.353+0000] {logging_mixin.py:150} INFO - [2023-07-14T19:32:49.353+0000] {dag.py:3508} INFO - Setting next_dagrun for example_xcom_args_with_operators to None, run_after=None
[2023-07-14T19:32:49.382+0000] {processor.py:179} INFO - Processing /home/airflow/.local/lib/python3.7/site-packages/airflow/example_dags/example_xcomargs.py took 0.135 seconds
[2023-07-14T19:33:19.510+0000] {processor.py:157} INFO - Started process (PID=454) to work on /home/airflow/.local/lib/python3.7/site-packages/airflow/example_dags/example_xcomargs.py
[2023-07-14T19:33:19.512+0000] {processor.py:826} INFO - Processing file /home/airflow/.local/lib/python3.7/site-packages/airflow/example_dags/example_xcomargs.py for tasks to queue
[2023-07-14T19:33:19.513+0000] {logging_mixin.py:150} INFO - [2023-07-14T19:33:19.513+0000] {dagbag.py:541} INFO - Filling up the DagBag from /home/airflow/.local/lib/python3.7/site-packages/airflow/example_dags/example_xcomargs.py
[2023-07-14T19:33:19.523+0000] {processor.py:836} INFO - DAG(s) dict_keys(['example_xcom_args_with_operators', 'example_xcom_args']) retrieved from /home/airflow/.local/lib/python3.7/site-packages/airflow/example_dags/example_xcomargs.py
[2023-07-14T19:33:19.564+0000] {logging_mixin.py:150} INFO - [2023-07-14T19:33:19.564+0000] {dag.py:2742} INFO - Sync 2 DAGs
[2023-07-14T19:33:19.593+0000] {logging_mixin.py:150} INFO - [2023-07-14T19:33:19.593+0000] {dag.py:3508} INFO - Setting next_dagrun for example_xcom_args to None, run_after=None
[2023-07-14T19:33:19.599+0000] {logging_mixin.py:150} INFO - [2023-07-14T19:33:19.598+0000] {dag.py:3508} INFO - Setting next_dagrun for example_xcom_args_with_operators to None, run_after=None
[2023-07-14T19:33:19.630+0000] {processor.py:179} INFO - Processing /home/airflow/.local/lib/python3.7/site-packages/airflow/example_dags/example_xcomargs.py took 0.124 seconds
[2023-07-14T19:33:50.315+0000] {processor.py:157} INFO - Started process (PID=524) to work on /home/airflow/.local/lib/python3.7/site-packages/airflow/example_dags/example_xcomargs.py
[2023-07-14T19:33:50.316+0000] {processor.py:826} INFO - Processing file /home/airflow/.local/lib/python3.7/site-packages/airflow/example_dags/example_xcomargs.py for tasks to queue
[2023-07-14T19:33:50.318+0000] {logging_mixin.py:150} INFO - [2023-07-14T19:33:50.318+0000] {dagbag.py:541} INFO - Filling up the DagBag from /home/airflow/.local/lib/python3.7/site-packages/airflow/example_dags/example_xcomargs.py
[2023-07-14T19:33:50.334+0000] {processor.py:836} INFO - DAG(s) dict_keys(['example_xcom_args_with_operators', 'example_xcom_args']) retrieved from /home/airflow/.local/lib/python3.7/site-packages/airflow/example_dags/example_xcomargs.py
[2023-07-14T19:33:50.379+0000] {logging_mixin.py:150} INFO - [2023-07-14T19:33:50.378+0000] {dag.py:2742} INFO - Sync 2 DAGs
[2023-07-14T19:33:50.415+0000] {logging_mixin.py:150} INFO - [2023-07-14T19:33:50.414+0000] {dag.py:3508} INFO - Setting next_dagrun for example_xcom_args to None, run_after=None
[2023-07-14T19:33:50.421+0000] {logging_mixin.py:150} INFO - [2023-07-14T19:33:50.421+0000] {dag.py:3508} INFO - Setting next_dagrun for example_xcom_args_with_operators to None, run_after=None
[2023-07-14T19:33:50.490+0000] {processor.py:179} INFO - Processing /home/airflow/.local/lib/python3.7/site-packages/airflow/example_dags/example_xcomargs.py took 0.179 seconds
[2023-07-14T19:34:20.962+0000] {processor.py:157} INFO - Started process (PID=594) to work on /home/airflow/.local/lib/python3.7/site-packages/airflow/example_dags/example_xcomargs.py
[2023-07-14T19:34:20.964+0000] {processor.py:826} INFO - Processing file /home/airflow/.local/lib/python3.7/site-packages/airflow/example_dags/example_xcomargs.py for tasks to queue
[2023-07-14T19:34:20.965+0000] {logging_mixin.py:150} INFO - [2023-07-14T19:34:20.965+0000] {dagbag.py:541} INFO - Filling up the DagBag from /home/airflow/.local/lib/python3.7/site-packages/airflow/example_dags/example_xcomargs.py
[2023-07-14T19:34:20.975+0000] {processor.py:836} INFO - DAG(s) dict_keys(['example_xcom_args_with_operators', 'example_xcom_args']) retrieved from /home/airflow/.local/lib/python3.7/site-packages/airflow/example_dags/example_xcomargs.py
[2023-07-14T19:34:21.006+0000] {logging_mixin.py:150} INFO - [2023-07-14T19:34:21.006+0000] {dag.py:2742} INFO - Sync 2 DAGs
[2023-07-14T19:34:21.039+0000] {logging_mixin.py:150} INFO - [2023-07-14T19:34:21.039+0000] {dag.py:3508} INFO - Setting next_dagrun for example_xcom_args to None, run_after=None
[2023-07-14T19:34:21.044+0000] {logging_mixin.py:150} INFO - [2023-07-14T19:34:21.044+0000] {dag.py:3508} INFO - Setting next_dagrun for example_xcom_args_with_operators to None, run_after=None
[2023-07-14T19:34:21.070+0000] {processor.py:179} INFO - Processing /home/airflow/.local/lib/python3.7/site-packages/airflow/example_dags/example_xcomargs.py took 0.111 seconds
[2023-07-14T19:34:51.202+0000] {processor.py:157} INFO - Started process (PID=664) to work on /home/airflow/.local/lib/python3.7/site-packages/airflow/example_dags/example_xcomargs.py
[2023-07-14T19:34:51.204+0000] {processor.py:826} INFO - Processing file /home/airflow/.local/lib/python3.7/site-packages/airflow/example_dags/example_xcomargs.py for tasks to queue
[2023-07-14T19:34:51.206+0000] {logging_mixin.py:150} INFO - [2023-07-14T19:34:51.205+0000] {dagbag.py:541} INFO - Filling up the DagBag from /home/airflow/.local/lib/python3.7/site-packages/airflow/example_dags/example_xcomargs.py
[2023-07-14T19:34:51.219+0000] {processor.py:836} INFO - DAG(s) dict_keys(['example_xcom_args', 'example_xcom_args_with_operators']) retrieved from /home/airflow/.local/lib/python3.7/site-packages/airflow/example_dags/example_xcomargs.py
[2023-07-14T19:34:51.291+0000] {logging_mixin.py:150} INFO - [2023-07-14T19:34:51.290+0000] {dag.py:2742} INFO - Sync 2 DAGs
[2023-07-14T19:34:51.323+0000] {logging_mixin.py:150} INFO - [2023-07-14T19:34:51.323+0000] {dag.py:3508} INFO - Setting next_dagrun for example_xcom_args to None, run_after=None
[2023-07-14T19:34:51.329+0000] {logging_mixin.py:150} INFO - [2023-07-14T19:34:51.329+0000] {dag.py:3508} INFO - Setting next_dagrun for example_xcom_args_with_operators to None, run_after=None
[2023-07-14T19:34:51.356+0000] {processor.py:179} INFO - Processing /home/airflow/.local/lib/python3.7/site-packages/airflow/example_dags/example_xcomargs.py took 0.157 seconds
[2023-07-14T19:35:21.554+0000] {processor.py:157} INFO - Started process (PID=735) to work on /home/airflow/.local/lib/python3.7/site-packages/airflow/example_dags/example_xcomargs.py
[2023-07-14T19:35:21.555+0000] {processor.py:826} INFO - Processing file /home/airflow/.local/lib/python3.7/site-packages/airflow/example_dags/example_xcomargs.py for tasks to queue
[2023-07-14T19:35:21.556+0000] {logging_mixin.py:150} INFO - [2023-07-14T19:35:21.556+0000] {dagbag.py:541} INFO - Filling up the DagBag from /home/airflow/.local/lib/python3.7/site-packages/airflow/example_dags/example_xcomargs.py
[2023-07-14T19:35:21.565+0000] {processor.py:836} INFO - DAG(s) dict_keys(['example_xcom_args', 'example_xcom_args_with_operators']) retrieved from /home/airflow/.local/lib/python3.7/site-packages/airflow/example_dags/example_xcomargs.py
[2023-07-14T19:35:21.596+0000] {logging_mixin.py:150} INFO - [2023-07-14T19:35:21.596+0000] {dag.py:2742} INFO - Sync 2 DAGs
[2023-07-14T19:35:21.621+0000] {logging_mixin.py:150} INFO - [2023-07-14T19:35:21.621+0000] {dag.py:3508} INFO - Setting next_dagrun for example_xcom_args to None, run_after=None
[2023-07-14T19:35:21.626+0000] {logging_mixin.py:150} INFO - [2023-07-14T19:35:21.626+0000] {dag.py:3508} INFO - Setting next_dagrun for example_xcom_args_with_operators to None, run_after=None
[2023-07-14T19:35:21.647+0000] {processor.py:179} INFO - Processing /home/airflow/.local/lib/python3.7/site-packages/airflow/example_dags/example_xcomargs.py took 0.096 seconds
[2023-07-14T19:35:51.820+0000] {processor.py:157} INFO - Started process (PID=804) to work on /home/airflow/.local/lib/python3.7/site-packages/airflow/example_dags/example_xcomargs.py
[2023-07-14T19:35:51.821+0000] {processor.py:826} INFO - Processing file /home/airflow/.local/lib/python3.7/site-packages/airflow/example_dags/example_xcomargs.py for tasks to queue
[2023-07-14T19:35:51.823+0000] {logging_mixin.py:150} INFO - [2023-07-14T19:35:51.823+0000] {dagbag.py:541} INFO - Filling up the DagBag from /home/airflow/.local/lib/python3.7/site-packages/airflow/example_dags/example_xcomargs.py
[2023-07-14T19:35:51.832+0000] {processor.py:836} INFO - DAG(s) dict_keys(['example_xcom_args', 'example_xcom_args_with_operators']) retrieved from /home/airflow/.local/lib/python3.7/site-packages/airflow/example_dags/example_xcomargs.py
[2023-07-14T19:35:51.871+0000] {logging_mixin.py:150} INFO - [2023-07-14T19:35:51.871+0000] {dag.py:2742} INFO - Sync 2 DAGs
[2023-07-14T19:35:51.902+0000] {logging_mixin.py:150} INFO - [2023-07-14T19:35:51.902+0000] {dag.py:3508} INFO - Setting next_dagrun for example_xcom_args to None, run_after=None
[2023-07-14T19:35:51.907+0000] {logging_mixin.py:150} INFO - [2023-07-14T19:35:51.906+0000] {dag.py:3508} INFO - Setting next_dagrun for example_xcom_args_with_operators to None, run_after=None
[2023-07-14T19:35:51.931+0000] {processor.py:179} INFO - Processing /home/airflow/.local/lib/python3.7/site-packages/airflow/example_dags/example_xcomargs.py took 0.114 seconds
[2023-07-14T19:36:22.028+0000] {processor.py:157} INFO - Started process (PID=874) to work on /home/airflow/.local/lib/python3.7/site-packages/airflow/example_dags/example_xcomargs.py
[2023-07-14T19:36:22.029+0000] {processor.py:826} INFO - Processing file /home/airflow/.local/lib/python3.7/site-packages/airflow/example_dags/example_xcomargs.py for tasks to queue
[2023-07-14T19:36:22.031+0000] {logging_mixin.py:150} INFO - [2023-07-14T19:36:22.031+0000] {dagbag.py:541} INFO - Filling up the DagBag from /home/airflow/.local/lib/python3.7/site-packages/airflow/example_dags/example_xcomargs.py
[2023-07-14T19:36:22.043+0000] {processor.py:836} INFO - DAG(s) dict_keys(['example_xcom_args_with_operators', 'example_xcom_args']) retrieved from /home/airflow/.local/lib/python3.7/site-packages/airflow/example_dags/example_xcomargs.py
[2023-07-14T19:36:22.082+0000] {logging_mixin.py:150} INFO - [2023-07-14T19:36:22.082+0000] {dag.py:2742} INFO - Sync 2 DAGs
[2023-07-14T19:36:22.118+0000] {logging_mixin.py:150} INFO - [2023-07-14T19:36:22.118+0000] {dag.py:3508} INFO - Setting next_dagrun for example_xcom_args to None, run_after=None
[2023-07-14T19:36:22.123+0000] {logging_mixin.py:150} INFO - [2023-07-14T19:36:22.123+0000] {dag.py:3508} INFO - Setting next_dagrun for example_xcom_args_with_operators to None, run_after=None
[2023-07-14T19:36:22.154+0000] {processor.py:179} INFO - Processing /home/airflow/.local/lib/python3.7/site-packages/airflow/example_dags/example_xcomargs.py took 0.129 seconds
[2023-07-14T19:36:52.702+0000] {processor.py:157} INFO - Started process (PID=945) to work on /home/airflow/.local/lib/python3.7/site-packages/airflow/example_dags/example_xcomargs.py
[2023-07-14T19:36:52.704+0000] {processor.py:826} INFO - Processing file /home/airflow/.local/lib/python3.7/site-packages/airflow/example_dags/example_xcomargs.py for tasks to queue
[2023-07-14T19:36:52.706+0000] {logging_mixin.py:150} INFO - [2023-07-14T19:36:52.705+0000] {dagbag.py:541} INFO - Filling up the DagBag from /home/airflow/.local/lib/python3.7/site-packages/airflow/example_dags/example_xcomargs.py
[2023-07-14T19:36:52.718+0000] {processor.py:836} INFO - DAG(s) dict_keys(['example_xcom_args', 'example_xcom_args_with_operators']) retrieved from /home/airflow/.local/lib/python3.7/site-packages/airflow/example_dags/example_xcomargs.py
[2023-07-14T19:36:52.754+0000] {logging_mixin.py:150} INFO - [2023-07-14T19:36:52.753+0000] {dag.py:2742} INFO - Sync 2 DAGs
[2023-07-14T19:36:52.784+0000] {logging_mixin.py:150} INFO - [2023-07-14T19:36:52.783+0000] {dag.py:3508} INFO - Setting next_dagrun for example_xcom_args to None, run_after=None
[2023-07-14T19:36:52.789+0000] {logging_mixin.py:150} INFO - [2023-07-14T19:36:52.789+0000] {dag.py:3508} INFO - Setting next_dagrun for example_xcom_args_with_operators to None, run_after=None
[2023-07-14T19:36:52.817+0000] {processor.py:179} INFO - Processing /home/airflow/.local/lib/python3.7/site-packages/airflow/example_dags/example_xcomargs.py took 0.120 seconds
[2023-07-14T19:37:23.509+0000] {processor.py:157} INFO - Started process (PID=1015) to work on /home/airflow/.local/lib/python3.7/site-packages/airflow/example_dags/example_xcomargs.py
[2023-07-14T19:37:23.511+0000] {processor.py:826} INFO - Processing file /home/airflow/.local/lib/python3.7/site-packages/airflow/example_dags/example_xcomargs.py for tasks to queue
[2023-07-14T19:37:23.513+0000] {logging_mixin.py:150} INFO - [2023-07-14T19:37:23.513+0000] {dagbag.py:541} INFO - Filling up the DagBag from /home/airflow/.local/lib/python3.7/site-packages/airflow/example_dags/example_xcomargs.py
[2023-07-14T19:37:23.523+0000] {processor.py:836} INFO - DAG(s) dict_keys(['example_xcom_args_with_operators', 'example_xcom_args']) retrieved from /home/airflow/.local/lib/python3.7/site-packages/airflow/example_dags/example_xcomargs.py
[2023-07-14T19:37:23.561+0000] {logging_mixin.py:150} INFO - [2023-07-14T19:37:23.561+0000] {dag.py:2742} INFO - Sync 2 DAGs
[2023-07-14T19:37:23.593+0000] {logging_mixin.py:150} INFO - [2023-07-14T19:37:23.592+0000] {dag.py:3508} INFO - Setting next_dagrun for example_xcom_args to None, run_after=None
[2023-07-14T19:37:23.598+0000] {logging_mixin.py:150} INFO - [2023-07-14T19:37:23.597+0000] {dag.py:3508} INFO - Setting next_dagrun for example_xcom_args_with_operators to None, run_after=None
[2023-07-14T19:37:23.626+0000] {processor.py:179} INFO - Processing /home/airflow/.local/lib/python3.7/site-packages/airflow/example_dags/example_xcomargs.py took 0.120 seconds
[2023-07-14T19:37:54.393+0000] {processor.py:157} INFO - Started process (PID=1085) to work on /home/airflow/.local/lib/python3.7/site-packages/airflow/example_dags/example_xcomargs.py
[2023-07-14T19:37:54.395+0000] {processor.py:826} INFO - Processing file /home/airflow/.local/lib/python3.7/site-packages/airflow/example_dags/example_xcomargs.py for tasks to queue
[2023-07-14T19:37:54.397+0000] {logging_mixin.py:150} INFO - [2023-07-14T19:37:54.396+0000] {dagbag.py:541} INFO - Filling up the DagBag from /home/airflow/.local/lib/python3.7/site-packages/airflow/example_dags/example_xcomargs.py
[2023-07-14T19:37:54.408+0000] {processor.py:836} INFO - DAG(s) dict_keys(['example_xcom_args_with_operators', 'example_xcom_args']) retrieved from /home/airflow/.local/lib/python3.7/site-packages/airflow/example_dags/example_xcomargs.py
[2023-07-14T19:37:54.449+0000] {logging_mixin.py:150} INFO - [2023-07-14T19:37:54.449+0000] {dag.py:2742} INFO - Sync 2 DAGs
[2023-07-14T19:37:54.481+0000] {logging_mixin.py:150} INFO - [2023-07-14T19:37:54.481+0000] {dag.py:3508} INFO - Setting next_dagrun for example_xcom_args to None, run_after=None
[2023-07-14T19:37:54.488+0000] {logging_mixin.py:150} INFO - [2023-07-14T19:37:54.488+0000] {dag.py:3508} INFO - Setting next_dagrun for example_xcom_args_with_operators to None, run_after=None
[2023-07-14T19:37:54.517+0000] {processor.py:179} INFO - Processing /home/airflow/.local/lib/python3.7/site-packages/airflow/example_dags/example_xcomargs.py took 0.127 seconds
[2023-07-14T19:38:24.635+0000] {processor.py:157} INFO - Started process (PID=1155) to work on /home/airflow/.local/lib/python3.7/site-packages/airflow/example_dags/example_xcomargs.py
[2023-07-14T19:38:24.637+0000] {processor.py:826} INFO - Processing file /home/airflow/.local/lib/python3.7/site-packages/airflow/example_dags/example_xcomargs.py for tasks to queue
[2023-07-14T19:38:24.638+0000] {logging_mixin.py:150} INFO - [2023-07-14T19:38:24.638+0000] {dagbag.py:541} INFO - Filling up the DagBag from /home/airflow/.local/lib/python3.7/site-packages/airflow/example_dags/example_xcomargs.py
[2023-07-14T19:38:24.647+0000] {processor.py:836} INFO - DAG(s) dict_keys(['example_xcom_args_with_operators', 'example_xcom_args']) retrieved from /home/airflow/.local/lib/python3.7/site-packages/airflow/example_dags/example_xcomargs.py
[2023-07-14T19:38:24.677+0000] {logging_mixin.py:150} INFO - [2023-07-14T19:38:24.677+0000] {dag.py:2742} INFO - Sync 2 DAGs
[2023-07-14T19:38:24.722+0000] {logging_mixin.py:150} INFO - [2023-07-14T19:38:24.721+0000] {dag.py:3508} INFO - Setting next_dagrun for example_xcom_args to None, run_after=None
[2023-07-14T19:38:24.730+0000] {logging_mixin.py:150} INFO - [2023-07-14T19:38:24.730+0000] {dag.py:3508} INFO - Setting next_dagrun for example_xcom_args_with_operators to None, run_after=None
[2023-07-14T19:38:24.758+0000] {processor.py:179} INFO - Processing /home/airflow/.local/lib/python3.7/site-packages/airflow/example_dags/example_xcomargs.py took 0.126 seconds
[2023-07-14T19:38:55.120+0000] {processor.py:157} INFO - Started process (PID=1233) to work on /home/airflow/.local/lib/python3.7/site-packages/airflow/example_dags/example_xcomargs.py
[2023-07-14T19:38:55.122+0000] {processor.py:826} INFO - Processing file /home/airflow/.local/lib/python3.7/site-packages/airflow/example_dags/example_xcomargs.py for tasks to queue
[2023-07-14T19:38:55.124+0000] {logging_mixin.py:150} INFO - [2023-07-14T19:38:55.123+0000] {dagbag.py:541} INFO - Filling up the DagBag from /home/airflow/.local/lib/python3.7/site-packages/airflow/example_dags/example_xcomargs.py
[2023-07-14T19:38:55.135+0000] {processor.py:836} INFO - DAG(s) dict_keys(['example_xcom_args', 'example_xcom_args_with_operators']) retrieved from /home/airflow/.local/lib/python3.7/site-packages/airflow/example_dags/example_xcomargs.py
[2023-07-14T19:38:55.179+0000] {logging_mixin.py:150} INFO - [2023-07-14T19:38:55.179+0000] {dag.py:2742} INFO - Sync 2 DAGs
[2023-07-14T19:38:55.215+0000] {logging_mixin.py:150} INFO - [2023-07-14T19:38:55.214+0000] {dag.py:3508} INFO - Setting next_dagrun for example_xcom_args to None, run_after=None
[2023-07-14T19:38:55.221+0000] {logging_mixin.py:150} INFO - [2023-07-14T19:38:55.220+0000] {dag.py:3508} INFO - Setting next_dagrun for example_xcom_args_with_operators to None, run_after=None
[2023-07-14T19:38:55.259+0000] {processor.py:179} INFO - Processing /home/airflow/.local/lib/python3.7/site-packages/airflow/example_dags/example_xcomargs.py took 0.143 seconds
