[2023-07-14T19:30:24.759+0000] {processor.py:157} INFO - Started process (PID=67) to work on /home/airflow/.local/lib/python3.7/site-packages/airflow/example_dags/example_params_ui_tutorial.py
[2023-07-14T19:30:24.762+0000] {processor.py:826} INFO - Processing file /home/airflow/.local/lib/python3.7/site-packages/airflow/example_dags/example_params_ui_tutorial.py for tasks to queue
[2023-07-14T19:30:24.766+0000] {logging_mixin.py:150} INFO - [2023-07-14T19:30:24.765+0000] {dagbag.py:541} INFO - Filling up the DagBag from /home/airflow/.local/lib/python3.7/site-packages/airflow/example_dags/example_params_ui_tutorial.py
[2023-07-14T19:30:24.970+0000] {processor.py:836} INFO - DAG(s) dict_keys(['example_params_ui_tutorial']) retrieved from /home/airflow/.local/lib/python3.7/site-packages/airflow/example_dags/example_params_ui_tutorial.py
[2023-07-14T19:30:25.567+0000] {logging_mixin.py:150} INFO - [2023-07-14T19:30:25.567+0000] {manager.py:504} INFO - Created Permission View: can read on DAG:example_params_ui_tutorial
[2023-07-14T19:30:25.660+0000] {logging_mixin.py:150} INFO - [2023-07-14T19:30:25.660+0000] {manager.py:504} INFO - Created Permission View: can edit on DAG:example_params_ui_tutorial
[2023-07-14T19:30:25.709+0000] {logging_mixin.py:150} INFO - [2023-07-14T19:30:25.709+0000] {manager.py:504} INFO - Created Permission View: can delete on DAG:example_params_ui_tutorial
[2023-07-14T19:30:25.792+0000] {logging_mixin.py:150} INFO - [2023-07-14T19:30:25.792+0000] {dag.py:2742} INFO - Sync 1 DAGs
[2023-07-14T19:30:25.838+0000] {logging_mixin.py:150} INFO - [2023-07-14T19:30:25.837+0000] {dag.py:2763} INFO - Creating ORM DAG for example_params_ui_tutorial
[2023-07-14T19:30:25.883+0000] {logging_mixin.py:150} INFO - [2023-07-14T19:30:25.883+0000] {dag.py:3508} INFO - Setting next_dagrun for example_params_ui_tutorial to None, run_after=None
[2023-07-14T19:30:25.945+0000] {processor.py:179} INFO - Processing /home/airflow/.local/lib/python3.7/site-packages/airflow/example_dags/example_params_ui_tutorial.py took 1.198 seconds
[2023-07-14T19:30:56.195+0000] {processor.py:157} INFO - Started process (PID=138) to work on /home/airflow/.local/lib/python3.7/site-packages/airflow/example_dags/example_params_ui_tutorial.py
[2023-07-14T19:30:56.197+0000] {processor.py:826} INFO - Processing file /home/airflow/.local/lib/python3.7/site-packages/airflow/example_dags/example_params_ui_tutorial.py for tasks to queue
[2023-07-14T19:30:56.198+0000] {logging_mixin.py:150} INFO - [2023-07-14T19:30:56.198+0000] {dagbag.py:541} INFO - Filling up the DagBag from /home/airflow/.local/lib/python3.7/site-packages/airflow/example_dags/example_params_ui_tutorial.py
[2023-07-14T19:30:56.264+0000] {processor.py:836} INFO - DAG(s) dict_keys(['example_params_ui_tutorial']) retrieved from /home/airflow/.local/lib/python3.7/site-packages/airflow/example_dags/example_params_ui_tutorial.py
[2023-07-14T19:30:56.373+0000] {logging_mixin.py:150} INFO - [2023-07-14T19:30:56.372+0000] {dag.py:2742} INFO - Sync 1 DAGs
[2023-07-14T19:30:56.408+0000] {logging_mixin.py:150} INFO - [2023-07-14T19:30:56.408+0000] {dag.py:3508} INFO - Setting next_dagrun for example_params_ui_tutorial to None, run_after=None
[2023-07-14T19:30:56.461+0000] {processor.py:179} INFO - Processing /home/airflow/.local/lib/python3.7/site-packages/airflow/example_dags/example_params_ui_tutorial.py took 0.270 seconds
[2023-07-14T19:31:26.790+0000] {processor.py:157} INFO - Started process (PID=207) to work on /home/airflow/.local/lib/python3.7/site-packages/airflow/example_dags/example_params_ui_tutorial.py
[2023-07-14T19:31:26.792+0000] {processor.py:826} INFO - Processing file /home/airflow/.local/lib/python3.7/site-packages/airflow/example_dags/example_params_ui_tutorial.py for tasks to queue
[2023-07-14T19:31:26.793+0000] {logging_mixin.py:150} INFO - [2023-07-14T19:31:26.793+0000] {dagbag.py:541} INFO - Filling up the DagBag from /home/airflow/.local/lib/python3.7/site-packages/airflow/example_dags/example_params_ui_tutorial.py
[2023-07-14T19:31:26.850+0000] {processor.py:836} INFO - DAG(s) dict_keys(['example_params_ui_tutorial']) retrieved from /home/airflow/.local/lib/python3.7/site-packages/airflow/example_dags/example_params_ui_tutorial.py
[2023-07-14T19:31:26.939+0000] {logging_mixin.py:150} INFO - [2023-07-14T19:31:26.939+0000] {dag.py:2742} INFO - Sync 1 DAGs
[2023-07-14T19:31:26.969+0000] {logging_mixin.py:150} INFO - [2023-07-14T19:31:26.969+0000] {dag.py:3508} INFO - Setting next_dagrun for example_params_ui_tutorial to None, run_after=None
[2023-07-14T19:31:27.003+0000] {processor.py:179} INFO - Processing /home/airflow/.local/lib/python3.7/site-packages/airflow/example_dags/example_params_ui_tutorial.py took 0.216 seconds
[2023-07-14T19:31:57.579+0000] {processor.py:157} INFO - Started process (PID=277) to work on /home/airflow/.local/lib/python3.7/site-packages/airflow/example_dags/example_params_ui_tutorial.py
[2023-07-14T19:31:57.580+0000] {processor.py:826} INFO - Processing file /home/airflow/.local/lib/python3.7/site-packages/airflow/example_dags/example_params_ui_tutorial.py for tasks to queue
[2023-07-14T19:31:57.582+0000] {logging_mixin.py:150} INFO - [2023-07-14T19:31:57.582+0000] {dagbag.py:541} INFO - Filling up the DagBag from /home/airflow/.local/lib/python3.7/site-packages/airflow/example_dags/example_params_ui_tutorial.py
[2023-07-14T19:31:57.630+0000] {processor.py:836} INFO - DAG(s) dict_keys(['example_params_ui_tutorial']) retrieved from /home/airflow/.local/lib/python3.7/site-packages/airflow/example_dags/example_params_ui_tutorial.py
[2023-07-14T19:31:57.713+0000] {logging_mixin.py:150} INFO - [2023-07-14T19:31:57.713+0000] {dag.py:2742} INFO - Sync 1 DAGs
[2023-07-14T19:31:57.740+0000] {logging_mixin.py:150} INFO - [2023-07-14T19:31:57.740+0000] {dag.py:3508} INFO - Setting next_dagrun for example_params_ui_tutorial to None, run_after=None
[2023-07-14T19:31:57.766+0000] {processor.py:179} INFO - Processing /home/airflow/.local/lib/python3.7/site-packages/airflow/example_dags/example_params_ui_tutorial.py took 0.191 seconds
[2023-07-14T19:32:28.516+0000] {processor.py:157} INFO - Started process (PID=347) to work on /home/airflow/.local/lib/python3.7/site-packages/airflow/example_dags/example_params_ui_tutorial.py
[2023-07-14T19:32:28.518+0000] {processor.py:826} INFO - Processing file /home/airflow/.local/lib/python3.7/site-packages/airflow/example_dags/example_params_ui_tutorial.py for tasks to queue
[2023-07-14T19:32:28.520+0000] {logging_mixin.py:150} INFO - [2023-07-14T19:32:28.520+0000] {dagbag.py:541} INFO - Filling up the DagBag from /home/airflow/.local/lib/python3.7/site-packages/airflow/example_dags/example_params_ui_tutorial.py
[2023-07-14T19:32:28.579+0000] {processor.py:836} INFO - DAG(s) dict_keys(['example_params_ui_tutorial']) retrieved from /home/airflow/.local/lib/python3.7/site-packages/airflow/example_dags/example_params_ui_tutorial.py
[2023-07-14T19:32:28.752+0000] {logging_mixin.py:150} INFO - [2023-07-14T19:32:28.751+0000] {dag.py:2742} INFO - Sync 1 DAGs
[2023-07-14T19:32:28.852+0000] {logging_mixin.py:150} INFO - [2023-07-14T19:32:28.851+0000] {dag.py:3508} INFO - Setting next_dagrun for example_params_ui_tutorial to None, run_after=None
[2023-07-14T19:32:28.950+0000] {processor.py:179} INFO - Processing /home/airflow/.local/lib/python3.7/site-packages/airflow/example_dags/example_params_ui_tutorial.py took 0.437 seconds
[2023-07-14T19:32:59.830+0000] {processor.py:157} INFO - Started process (PID=418) to work on /home/airflow/.local/lib/python3.7/site-packages/airflow/example_dags/example_params_ui_tutorial.py
[2023-07-14T19:32:59.831+0000] {processor.py:826} INFO - Processing file /home/airflow/.local/lib/python3.7/site-packages/airflow/example_dags/example_params_ui_tutorial.py for tasks to queue
[2023-07-14T19:32:59.833+0000] {logging_mixin.py:150} INFO - [2023-07-14T19:32:59.833+0000] {dagbag.py:541} INFO - Filling up the DagBag from /home/airflow/.local/lib/python3.7/site-packages/airflow/example_dags/example_params_ui_tutorial.py
[2023-07-14T19:32:59.882+0000] {processor.py:836} INFO - DAG(s) dict_keys(['example_params_ui_tutorial']) retrieved from /home/airflow/.local/lib/python3.7/site-packages/airflow/example_dags/example_params_ui_tutorial.py
[2023-07-14T19:32:59.968+0000] {logging_mixin.py:150} INFO - [2023-07-14T19:32:59.968+0000] {dag.py:2742} INFO - Sync 1 DAGs
[2023-07-14T19:33:00.002+0000] {logging_mixin.py:150} INFO - [2023-07-14T19:33:00.002+0000] {dag.py:3508} INFO - Setting next_dagrun for example_params_ui_tutorial to None, run_after=None
[2023-07-14T19:33:00.034+0000] {processor.py:179} INFO - Processing /home/airflow/.local/lib/python3.7/site-packages/airflow/example_dags/example_params_ui_tutorial.py took 0.207 seconds
[2023-07-14T19:33:30.120+0000] {processor.py:157} INFO - Started process (PID=488) to work on /home/airflow/.local/lib/python3.7/site-packages/airflow/example_dags/example_params_ui_tutorial.py
[2023-07-14T19:33:30.122+0000] {processor.py:826} INFO - Processing file /home/airflow/.local/lib/python3.7/site-packages/airflow/example_dags/example_params_ui_tutorial.py for tasks to queue
[2023-07-14T19:33:30.123+0000] {logging_mixin.py:150} INFO - [2023-07-14T19:33:30.123+0000] {dagbag.py:541} INFO - Filling up the DagBag from /home/airflow/.local/lib/python3.7/site-packages/airflow/example_dags/example_params_ui_tutorial.py
[2023-07-14T19:33:30.171+0000] {processor.py:836} INFO - DAG(s) dict_keys(['example_params_ui_tutorial']) retrieved from /home/airflow/.local/lib/python3.7/site-packages/airflow/example_dags/example_params_ui_tutorial.py
[2023-07-14T19:33:30.260+0000] {logging_mixin.py:150} INFO - [2023-07-14T19:33:30.260+0000] {dag.py:2742} INFO - Sync 1 DAGs
[2023-07-14T19:33:30.297+0000] {logging_mixin.py:150} INFO - [2023-07-14T19:33:30.296+0000] {dag.py:3508} INFO - Setting next_dagrun for example_params_ui_tutorial to None, run_after=None
[2023-07-14T19:33:30.327+0000] {processor.py:179} INFO - Processing /home/airflow/.local/lib/python3.7/site-packages/airflow/example_dags/example_params_ui_tutorial.py took 0.210 seconds
[2023-07-14T19:34:00.726+0000] {processor.py:157} INFO - Started process (PID=558) to work on /home/airflow/.local/lib/python3.7/site-packages/airflow/example_dags/example_params_ui_tutorial.py
[2023-07-14T19:34:00.728+0000] {processor.py:826} INFO - Processing file /home/airflow/.local/lib/python3.7/site-packages/airflow/example_dags/example_params_ui_tutorial.py for tasks to queue
[2023-07-14T19:34:00.729+0000] {logging_mixin.py:150} INFO - [2023-07-14T19:34:00.729+0000] {dagbag.py:541} INFO - Filling up the DagBag from /home/airflow/.local/lib/python3.7/site-packages/airflow/example_dags/example_params_ui_tutorial.py
[2023-07-14T19:34:00.776+0000] {processor.py:836} INFO - DAG(s) dict_keys(['example_params_ui_tutorial']) retrieved from /home/airflow/.local/lib/python3.7/site-packages/airflow/example_dags/example_params_ui_tutorial.py
[2023-07-14T19:34:00.850+0000] {logging_mixin.py:150} INFO - [2023-07-14T19:34:00.850+0000] {dag.py:2742} INFO - Sync 1 DAGs
[2023-07-14T19:34:00.884+0000] {logging_mixin.py:150} INFO - [2023-07-14T19:34:00.884+0000] {dag.py:3508} INFO - Setting next_dagrun for example_params_ui_tutorial to None, run_after=None
[2023-07-14T19:34:00.911+0000] {processor.py:179} INFO - Processing /home/airflow/.local/lib/python3.7/site-packages/airflow/example_dags/example_params_ui_tutorial.py took 0.189 seconds
[2023-07-14T19:34:30.996+0000] {processor.py:157} INFO - Started process (PID=628) to work on /home/airflow/.local/lib/python3.7/site-packages/airflow/example_dags/example_params_ui_tutorial.py
[2023-07-14T19:34:30.998+0000] {processor.py:826} INFO - Processing file /home/airflow/.local/lib/python3.7/site-packages/airflow/example_dags/example_params_ui_tutorial.py for tasks to queue
[2023-07-14T19:34:30.999+0000] {logging_mixin.py:150} INFO - [2023-07-14T19:34:30.999+0000] {dagbag.py:541} INFO - Filling up the DagBag from /home/airflow/.local/lib/python3.7/site-packages/airflow/example_dags/example_params_ui_tutorial.py
[2023-07-14T19:34:31.052+0000] {processor.py:836} INFO - DAG(s) dict_keys(['example_params_ui_tutorial']) retrieved from /home/airflow/.local/lib/python3.7/site-packages/airflow/example_dags/example_params_ui_tutorial.py
[2023-07-14T19:34:31.131+0000] {logging_mixin.py:150} INFO - [2023-07-14T19:34:31.130+0000] {dag.py:2742} INFO - Sync 1 DAGs
[2023-07-14T19:34:31.164+0000] {logging_mixin.py:150} INFO - [2023-07-14T19:34:31.164+0000] {dag.py:3508} INFO - Setting next_dagrun for example_params_ui_tutorial to None, run_after=None
[2023-07-14T19:34:31.192+0000] {processor.py:179} INFO - Processing /home/airflow/.local/lib/python3.7/site-packages/airflow/example_dags/example_params_ui_tutorial.py took 0.200 seconds
[2023-07-14T19:35:01.829+0000] {processor.py:157} INFO - Started process (PID=698) to work on /home/airflow/.local/lib/python3.7/site-packages/airflow/example_dags/example_params_ui_tutorial.py
[2023-07-14T19:35:01.832+0000] {processor.py:826} INFO - Processing file /home/airflow/.local/lib/python3.7/site-packages/airflow/example_dags/example_params_ui_tutorial.py for tasks to queue
[2023-07-14T19:35:01.834+0000] {logging_mixin.py:150} INFO - [2023-07-14T19:35:01.834+0000] {dagbag.py:541} INFO - Filling up the DagBag from /home/airflow/.local/lib/python3.7/site-packages/airflow/example_dags/example_params_ui_tutorial.py
[2023-07-14T19:35:01.897+0000] {processor.py:836} INFO - DAG(s) dict_keys(['example_params_ui_tutorial']) retrieved from /home/airflow/.local/lib/python3.7/site-packages/airflow/example_dags/example_params_ui_tutorial.py
[2023-07-14T19:35:02.007+0000] {logging_mixin.py:150} INFO - [2023-07-14T19:35:02.007+0000] {dag.py:2742} INFO - Sync 1 DAGs
[2023-07-14T19:35:02.068+0000] {logging_mixin.py:150} INFO - [2023-07-14T19:35:02.067+0000] {dag.py:3508} INFO - Setting next_dagrun for example_params_ui_tutorial to None, run_after=None
[2023-07-14T19:35:02.104+0000] {processor.py:179} INFO - Processing /home/airflow/.local/lib/python3.7/site-packages/airflow/example_dags/example_params_ui_tutorial.py took 0.280 seconds
[2023-07-14T19:35:32.681+0000] {processor.py:157} INFO - Started process (PID=768) to work on /home/airflow/.local/lib/python3.7/site-packages/airflow/example_dags/example_params_ui_tutorial.py
[2023-07-14T19:35:32.682+0000] {processor.py:826} INFO - Processing file /home/airflow/.local/lib/python3.7/site-packages/airflow/example_dags/example_params_ui_tutorial.py for tasks to queue
[2023-07-14T19:35:32.684+0000] {logging_mixin.py:150} INFO - [2023-07-14T19:35:32.683+0000] {dagbag.py:541} INFO - Filling up the DagBag from /home/airflow/.local/lib/python3.7/site-packages/airflow/example_dags/example_params_ui_tutorial.py
[2023-07-14T19:35:32.742+0000] {processor.py:836} INFO - DAG(s) dict_keys(['example_params_ui_tutorial']) retrieved from /home/airflow/.local/lib/python3.7/site-packages/airflow/example_dags/example_params_ui_tutorial.py
[2023-07-14T19:35:32.828+0000] {logging_mixin.py:150} INFO - [2023-07-14T19:35:32.827+0000] {dag.py:2742} INFO - Sync 1 DAGs
[2023-07-14T19:35:32.863+0000] {logging_mixin.py:150} INFO - [2023-07-14T19:35:32.863+0000] {dag.py:3508} INFO - Setting next_dagrun for example_params_ui_tutorial to None, run_after=None
[2023-07-14T19:35:32.894+0000] {processor.py:179} INFO - Processing /home/airflow/.local/lib/python3.7/site-packages/airflow/example_dags/example_params_ui_tutorial.py took 0.217 seconds
[2023-07-14T19:36:03.006+0000] {processor.py:157} INFO - Started process (PID=837) to work on /home/airflow/.local/lib/python3.7/site-packages/airflow/example_dags/example_params_ui_tutorial.py
[2023-07-14T19:36:03.007+0000] {processor.py:826} INFO - Processing file /home/airflow/.local/lib/python3.7/site-packages/airflow/example_dags/example_params_ui_tutorial.py for tasks to queue
[2023-07-14T19:36:03.009+0000] {logging_mixin.py:150} INFO - [2023-07-14T19:36:03.008+0000] {dagbag.py:541} INFO - Filling up the DagBag from /home/airflow/.local/lib/python3.7/site-packages/airflow/example_dags/example_params_ui_tutorial.py
[2023-07-14T19:36:03.058+0000] {processor.py:836} INFO - DAG(s) dict_keys(['example_params_ui_tutorial']) retrieved from /home/airflow/.local/lib/python3.7/site-packages/airflow/example_dags/example_params_ui_tutorial.py
[2023-07-14T19:36:03.141+0000] {logging_mixin.py:150} INFO - [2023-07-14T19:36:03.141+0000] {dag.py:2742} INFO - Sync 1 DAGs
[2023-07-14T19:36:03.174+0000] {logging_mixin.py:150} INFO - [2023-07-14T19:36:03.174+0000] {dag.py:3508} INFO - Setting next_dagrun for example_params_ui_tutorial to None, run_after=None
[2023-07-14T19:36:03.207+0000] {processor.py:179} INFO - Processing /home/airflow/.local/lib/python3.7/site-packages/airflow/example_dags/example_params_ui_tutorial.py took 0.206 seconds
[2023-07-14T19:36:33.890+0000] {processor.py:157} INFO - Started process (PID=908) to work on /home/airflow/.local/lib/python3.7/site-packages/airflow/example_dags/example_params_ui_tutorial.py
[2023-07-14T19:36:33.891+0000] {processor.py:826} INFO - Processing file /home/airflow/.local/lib/python3.7/site-packages/airflow/example_dags/example_params_ui_tutorial.py for tasks to queue
[2023-07-14T19:36:33.893+0000] {logging_mixin.py:150} INFO - [2023-07-14T19:36:33.892+0000] {dagbag.py:541} INFO - Filling up the DagBag from /home/airflow/.local/lib/python3.7/site-packages/airflow/example_dags/example_params_ui_tutorial.py
[2023-07-14T19:36:33.950+0000] {processor.py:836} INFO - DAG(s) dict_keys(['example_params_ui_tutorial']) retrieved from /home/airflow/.local/lib/python3.7/site-packages/airflow/example_dags/example_params_ui_tutorial.py
[2023-07-14T19:36:34.033+0000] {logging_mixin.py:150} INFO - [2023-07-14T19:36:34.033+0000] {dag.py:2742} INFO - Sync 1 DAGs
[2023-07-14T19:36:34.065+0000] {logging_mixin.py:150} INFO - [2023-07-14T19:36:34.065+0000] {dag.py:3508} INFO - Setting next_dagrun for example_params_ui_tutorial to None, run_after=None
[2023-07-14T19:36:34.096+0000] {processor.py:179} INFO - Processing /home/airflow/.local/lib/python3.7/site-packages/airflow/example_dags/example_params_ui_tutorial.py took 0.209 seconds
[2023-07-14T19:37:04.495+0000] {processor.py:157} INFO - Started process (PID=978) to work on /home/airflow/.local/lib/python3.7/site-packages/airflow/example_dags/example_params_ui_tutorial.py
[2023-07-14T19:37:04.497+0000] {processor.py:826} INFO - Processing file /home/airflow/.local/lib/python3.7/site-packages/airflow/example_dags/example_params_ui_tutorial.py for tasks to queue
[2023-07-14T19:37:04.498+0000] {logging_mixin.py:150} INFO - [2023-07-14T19:37:04.498+0000] {dagbag.py:541} INFO - Filling up the DagBag from /home/airflow/.local/lib/python3.7/site-packages/airflow/example_dags/example_params_ui_tutorial.py
[2023-07-14T19:37:04.557+0000] {processor.py:836} INFO - DAG(s) dict_keys(['example_params_ui_tutorial']) retrieved from /home/airflow/.local/lib/python3.7/site-packages/airflow/example_dags/example_params_ui_tutorial.py
[2023-07-14T19:37:04.662+0000] {logging_mixin.py:150} INFO - [2023-07-14T19:37:04.662+0000] {dag.py:2742} INFO - Sync 1 DAGs
[2023-07-14T19:37:04.695+0000] {logging_mixin.py:150} INFO - [2023-07-14T19:37:04.695+0000] {dag.py:3508} INFO - Setting next_dagrun for example_params_ui_tutorial to None, run_after=None
[2023-07-14T19:37:04.736+0000] {processor.py:179} INFO - Processing /home/airflow/.local/lib/python3.7/site-packages/airflow/example_dags/example_params_ui_tutorial.py took 0.245 seconds
[2023-07-14T19:37:34.908+0000] {processor.py:157} INFO - Started process (PID=1039) to work on /home/airflow/.local/lib/python3.7/site-packages/airflow/example_dags/example_params_ui_tutorial.py
[2023-07-14T19:37:34.911+0000] {processor.py:826} INFO - Processing file /home/airflow/.local/lib/python3.7/site-packages/airflow/example_dags/example_params_ui_tutorial.py for tasks to queue
[2023-07-14T19:37:34.913+0000] {logging_mixin.py:150} INFO - [2023-07-14T19:37:34.913+0000] {dagbag.py:541} INFO - Filling up the DagBag from /home/airflow/.local/lib/python3.7/site-packages/airflow/example_dags/example_params_ui_tutorial.py
[2023-07-14T19:37:34.972+0000] {processor.py:836} INFO - DAG(s) dict_keys(['example_params_ui_tutorial']) retrieved from /home/airflow/.local/lib/python3.7/site-packages/airflow/example_dags/example_params_ui_tutorial.py
[2023-07-14T19:37:35.060+0000] {logging_mixin.py:150} INFO - [2023-07-14T19:37:35.060+0000] {dag.py:2742} INFO - Sync 1 DAGs
[2023-07-14T19:37:35.090+0000] {logging_mixin.py:150} INFO - [2023-07-14T19:37:35.090+0000] {dag.py:3508} INFO - Setting next_dagrun for example_params_ui_tutorial to None, run_after=None
[2023-07-14T19:37:35.118+0000] {processor.py:179} INFO - Processing /home/airflow/.local/lib/python3.7/site-packages/airflow/example_dags/example_params_ui_tutorial.py took 0.213 seconds
[2023-07-14T19:38:05.372+0000] {processor.py:157} INFO - Started process (PID=1109) to work on /home/airflow/.local/lib/python3.7/site-packages/airflow/example_dags/example_params_ui_tutorial.py
[2023-07-14T19:38:05.374+0000] {processor.py:826} INFO - Processing file /home/airflow/.local/lib/python3.7/site-packages/airflow/example_dags/example_params_ui_tutorial.py for tasks to queue
[2023-07-14T19:38:05.376+0000] {logging_mixin.py:150} INFO - [2023-07-14T19:38:05.375+0000] {dagbag.py:541} INFO - Filling up the DagBag from /home/airflow/.local/lib/python3.7/site-packages/airflow/example_dags/example_params_ui_tutorial.py
[2023-07-14T19:38:05.426+0000] {processor.py:836} INFO - DAG(s) dict_keys(['example_params_ui_tutorial']) retrieved from /home/airflow/.local/lib/python3.7/site-packages/airflow/example_dags/example_params_ui_tutorial.py
[2023-07-14T19:38:05.535+0000] {logging_mixin.py:150} INFO - [2023-07-14T19:38:05.535+0000] {dag.py:2742} INFO - Sync 1 DAGs
[2023-07-14T19:38:05.571+0000] {logging_mixin.py:150} INFO - [2023-07-14T19:38:05.571+0000] {dag.py:3508} INFO - Setting next_dagrun for example_params_ui_tutorial to None, run_after=None
[2023-07-14T19:38:05.600+0000] {processor.py:179} INFO - Processing /home/airflow/.local/lib/python3.7/site-packages/airflow/example_dags/example_params_ui_tutorial.py took 0.232 seconds
[2023-07-14T19:38:36.502+0000] {processor.py:157} INFO - Started process (PID=1180) to work on /home/airflow/.local/lib/python3.7/site-packages/airflow/example_dags/example_params_ui_tutorial.py
[2023-07-14T19:38:36.504+0000] {processor.py:826} INFO - Processing file /home/airflow/.local/lib/python3.7/site-packages/airflow/example_dags/example_params_ui_tutorial.py for tasks to queue
[2023-07-14T19:38:36.506+0000] {logging_mixin.py:150} INFO - [2023-07-14T19:38:36.506+0000] {dagbag.py:541} INFO - Filling up the DagBag from /home/airflow/.local/lib/python3.7/site-packages/airflow/example_dags/example_params_ui_tutorial.py
[2023-07-14T19:38:36.558+0000] {processor.py:836} INFO - DAG(s) dict_keys(['example_params_ui_tutorial']) retrieved from /home/airflow/.local/lib/python3.7/site-packages/airflow/example_dags/example_params_ui_tutorial.py
[2023-07-14T19:38:36.647+0000] {logging_mixin.py:150} INFO - [2023-07-14T19:38:36.646+0000] {dag.py:2742} INFO - Sync 1 DAGs
[2023-07-14T19:38:36.687+0000] {logging_mixin.py:150} INFO - [2023-07-14T19:38:36.687+0000] {dag.py:3508} INFO - Setting next_dagrun for example_params_ui_tutorial to None, run_after=None
[2023-07-14T19:38:36.718+0000] {processor.py:179} INFO - Processing /home/airflow/.local/lib/python3.7/site-packages/airflow/example_dags/example_params_ui_tutorial.py took 0.220 seconds
[2023-07-14T19:39:06.772+0000] {processor.py:157} INFO - Started process (PID=1250) to work on /home/airflow/.local/lib/python3.7/site-packages/airflow/example_dags/example_params_ui_tutorial.py
[2023-07-14T19:39:06.774+0000] {processor.py:826} INFO - Processing file /home/airflow/.local/lib/python3.7/site-packages/airflow/example_dags/example_params_ui_tutorial.py for tasks to queue
[2023-07-14T19:39:06.775+0000] {logging_mixin.py:150} INFO - [2023-07-14T19:39:06.775+0000] {dagbag.py:541} INFO - Filling up the DagBag from /home/airflow/.local/lib/python3.7/site-packages/airflow/example_dags/example_params_ui_tutorial.py
[2023-07-14T19:39:06.848+0000] {processor.py:836} INFO - DAG(s) dict_keys(['example_params_ui_tutorial']) retrieved from /home/airflow/.local/lib/python3.7/site-packages/airflow/example_dags/example_params_ui_tutorial.py
[2023-07-14T19:39:06.941+0000] {logging_mixin.py:150} INFO - [2023-07-14T19:39:06.941+0000] {dag.py:2742} INFO - Sync 1 DAGs
[2023-07-14T19:39:06.981+0000] {logging_mixin.py:150} INFO - [2023-07-14T19:39:06.981+0000] {dag.py:3508} INFO - Setting next_dagrun for example_params_ui_tutorial to None, run_after=None
[2023-07-14T19:39:07.010+0000] {processor.py:179} INFO - Processing /home/airflow/.local/lib/python3.7/site-packages/airflow/example_dags/example_params_ui_tutorial.py took 0.243 seconds
