[2023-07-14T19:30:22.860+0000] {processor.py:157} INFO - Started process (PID=63) to work on /home/airflow/.local/lib/python3.7/site-packages/airflow/example_dags/example_task_group_decorator.py
[2023-07-14T19:30:22.863+0000] {processor.py:826} INFO - Processing file /home/airflow/.local/lib/python3.7/site-packages/airflow/example_dags/example_task_group_decorator.py for tasks to queue
[2023-07-14T19:30:22.866+0000] {logging_mixin.py:150} INFO - [2023-07-14T19:30:22.865+0000] {dagbag.py:541} INFO - Filling up the DagBag from /home/airflow/.local/lib/python3.7/site-packages/airflow/example_dags/example_task_group_decorator.py
[2023-07-14T19:30:22.927+0000] {processor.py:836} INFO - DAG(s) dict_keys(['example_task_group_decorator']) retrieved from /home/airflow/.local/lib/python3.7/site-packages/airflow/example_dags/example_task_group_decorator.py
[2023-07-14T19:30:23.214+0000] {logging_mixin.py:150} INFO - [2023-07-14T19:30:23.213+0000] {manager.py:504} INFO - Created Permission View: can read on DAG:example_task_group_decorator
[2023-07-14T19:30:23.240+0000] {logging_mixin.py:150} INFO - [2023-07-14T19:30:23.239+0000] {manager.py:504} INFO - Created Permission View: can edit on DAG:example_task_group_decorator
[2023-07-14T19:30:23.266+0000] {logging_mixin.py:150} INFO - [2023-07-14T19:30:23.265+0000] {manager.py:504} INFO - Created Permission View: can delete on DAG:example_task_group_decorator
[2023-07-14T19:30:23.298+0000] {logging_mixin.py:150} INFO - [2023-07-14T19:30:23.298+0000] {dag.py:2742} INFO - Sync 1 DAGs
[2023-07-14T19:30:23.327+0000] {logging_mixin.py:150} INFO - [2023-07-14T19:30:23.326+0000] {dag.py:2763} INFO - Creating ORM DAG for example_task_group_decorator
[2023-07-14T19:30:23.353+0000] {logging_mixin.py:150} INFO - [2023-07-14T19:30:23.352+0000] {dag.py:3508} INFO - Setting next_dagrun for example_task_group_decorator to 2023-07-13T19:30:23.352306+00:00, run_after=2023-07-14T19:30:23.352306+00:00
[2023-07-14T19:30:23.402+0000] {processor.py:179} INFO - Processing /home/airflow/.local/lib/python3.7/site-packages/airflow/example_dags/example_task_group_decorator.py took 0.555 seconds
[2023-07-14T19:30:53.601+0000] {processor.py:157} INFO - Started process (PID=133) to work on /home/airflow/.local/lib/python3.7/site-packages/airflow/example_dags/example_task_group_decorator.py
[2023-07-14T19:30:53.603+0000] {processor.py:826} INFO - Processing file /home/airflow/.local/lib/python3.7/site-packages/airflow/example_dags/example_task_group_decorator.py for tasks to queue
[2023-07-14T19:30:53.606+0000] {logging_mixin.py:150} INFO - [2023-07-14T19:30:53.605+0000] {dagbag.py:541} INFO - Filling up the DagBag from /home/airflow/.local/lib/python3.7/site-packages/airflow/example_dags/example_task_group_decorator.py
[2023-07-14T19:30:53.631+0000] {processor.py:836} INFO - DAG(s) dict_keys(['example_task_group_decorator']) retrieved from /home/airflow/.local/lib/python3.7/site-packages/airflow/example_dags/example_task_group_decorator.py
[2023-07-14T19:30:53.669+0000] {logging_mixin.py:150} INFO - [2023-07-14T19:30:53.669+0000] {dag.py:2742} INFO - Sync 1 DAGs
[2023-07-14T19:30:53.707+0000] {logging_mixin.py:150} INFO - [2023-07-14T19:30:53.706+0000] {dag.py:3508} INFO - Setting next_dagrun for example_task_group_decorator to 2023-07-13T19:30:53.706580+00:00, run_after=2023-07-14T19:30:53.706580+00:00
[2023-07-14T19:30:53.738+0000] {processor.py:179} INFO - Processing /home/airflow/.local/lib/python3.7/site-packages/airflow/example_dags/example_task_group_decorator.py took 0.141 seconds
[2023-07-14T19:31:24.444+0000] {processor.py:157} INFO - Started process (PID=203) to work on /home/airflow/.local/lib/python3.7/site-packages/airflow/example_dags/example_task_group_decorator.py
[2023-07-14T19:31:24.446+0000] {processor.py:826} INFO - Processing file /home/airflow/.local/lib/python3.7/site-packages/airflow/example_dags/example_task_group_decorator.py for tasks to queue
[2023-07-14T19:31:24.448+0000] {logging_mixin.py:150} INFO - [2023-07-14T19:31:24.448+0000] {dagbag.py:541} INFO - Filling up the DagBag from /home/airflow/.local/lib/python3.7/site-packages/airflow/example_dags/example_task_group_decorator.py
[2023-07-14T19:31:24.470+0000] {processor.py:836} INFO - DAG(s) dict_keys(['example_task_group_decorator']) retrieved from /home/airflow/.local/lib/python3.7/site-packages/airflow/example_dags/example_task_group_decorator.py
[2023-07-14T19:31:24.509+0000] {logging_mixin.py:150} INFO - [2023-07-14T19:31:24.509+0000] {dag.py:2742} INFO - Sync 1 DAGs
[2023-07-14T19:31:24.547+0000] {logging_mixin.py:150} INFO - [2023-07-14T19:31:24.546+0000] {dag.py:3508} INFO - Setting next_dagrun for example_task_group_decorator to 2023-07-13T19:31:24.546699+00:00, run_after=2023-07-14T19:31:24.546699+00:00
[2023-07-14T19:31:24.574+0000] {processor.py:179} INFO - Processing /home/airflow/.local/lib/python3.7/site-packages/airflow/example_dags/example_task_group_decorator.py took 0.133 seconds
[2023-07-14T19:31:55.170+0000] {processor.py:157} INFO - Started process (PID=273) to work on /home/airflow/.local/lib/python3.7/site-packages/airflow/example_dags/example_task_group_decorator.py
[2023-07-14T19:31:55.172+0000] {processor.py:826} INFO - Processing file /home/airflow/.local/lib/python3.7/site-packages/airflow/example_dags/example_task_group_decorator.py for tasks to queue
[2023-07-14T19:31:55.173+0000] {logging_mixin.py:150} INFO - [2023-07-14T19:31:55.173+0000] {dagbag.py:541} INFO - Filling up the DagBag from /home/airflow/.local/lib/python3.7/site-packages/airflow/example_dags/example_task_group_decorator.py
[2023-07-14T19:31:55.203+0000] {processor.py:836} INFO - DAG(s) dict_keys(['example_task_group_decorator']) retrieved from /home/airflow/.local/lib/python3.7/site-packages/airflow/example_dags/example_task_group_decorator.py
[2023-07-14T19:31:55.250+0000] {logging_mixin.py:150} INFO - [2023-07-14T19:31:55.250+0000] {dag.py:2742} INFO - Sync 1 DAGs
[2023-07-14T19:31:55.280+0000] {logging_mixin.py:150} INFO - [2023-07-14T19:31:55.280+0000] {dag.py:3508} INFO - Setting next_dagrun for example_task_group_decorator to 2023-07-13T19:31:55.280275+00:00, run_after=2023-07-14T19:31:55.280275+00:00
[2023-07-14T19:31:55.310+0000] {processor.py:179} INFO - Processing /home/airflow/.local/lib/python3.7/site-packages/airflow/example_dags/example_task_group_decorator.py took 0.145 seconds
[2023-07-14T19:32:26.113+0000] {processor.py:157} INFO - Started process (PID=343) to work on /home/airflow/.local/lib/python3.7/site-packages/airflow/example_dags/example_task_group_decorator.py
[2023-07-14T19:32:26.115+0000] {processor.py:826} INFO - Processing file /home/airflow/.local/lib/python3.7/site-packages/airflow/example_dags/example_task_group_decorator.py for tasks to queue
[2023-07-14T19:32:26.117+0000] {logging_mixin.py:150} INFO - [2023-07-14T19:32:26.117+0000] {dagbag.py:541} INFO - Filling up the DagBag from /home/airflow/.local/lib/python3.7/site-packages/airflow/example_dags/example_task_group_decorator.py
[2023-07-14T19:32:26.167+0000] {processor.py:836} INFO - DAG(s) dict_keys(['example_task_group_decorator']) retrieved from /home/airflow/.local/lib/python3.7/site-packages/airflow/example_dags/example_task_group_decorator.py
[2023-07-14T19:32:26.233+0000] {logging_mixin.py:150} INFO - [2023-07-14T19:32:26.233+0000] {dag.py:2742} INFO - Sync 1 DAGs
[2023-07-14T19:32:26.316+0000] {logging_mixin.py:150} INFO - [2023-07-14T19:32:26.315+0000] {dag.py:3508} INFO - Setting next_dagrun for example_task_group_decorator to 2023-07-13T19:32:26.315266+00:00, run_after=2023-07-14T19:32:26.315266+00:00
[2023-07-14T19:32:26.385+0000] {processor.py:179} INFO - Processing /home/airflow/.local/lib/python3.7/site-packages/airflow/example_dags/example_task_group_decorator.py took 0.281 seconds
[2023-07-14T19:32:57.156+0000] {processor.py:157} INFO - Started process (PID=413) to work on /home/airflow/.local/lib/python3.7/site-packages/airflow/example_dags/example_task_group_decorator.py
[2023-07-14T19:32:57.157+0000] {processor.py:826} INFO - Processing file /home/airflow/.local/lib/python3.7/site-packages/airflow/example_dags/example_task_group_decorator.py for tasks to queue
[2023-07-14T19:32:57.159+0000] {logging_mixin.py:150} INFO - [2023-07-14T19:32:57.159+0000] {dagbag.py:541} INFO - Filling up the DagBag from /home/airflow/.local/lib/python3.7/site-packages/airflow/example_dags/example_task_group_decorator.py
[2023-07-14T19:32:57.194+0000] {processor.py:836} INFO - DAG(s) dict_keys(['example_task_group_decorator']) retrieved from /home/airflow/.local/lib/python3.7/site-packages/airflow/example_dags/example_task_group_decorator.py
[2023-07-14T19:32:57.281+0000] {logging_mixin.py:150} INFO - [2023-07-14T19:32:57.281+0000] {dag.py:2742} INFO - Sync 1 DAGs
[2023-07-14T19:32:57.334+0000] {logging_mixin.py:150} INFO - [2023-07-14T19:32:57.333+0000] {dag.py:3508} INFO - Setting next_dagrun for example_task_group_decorator to 2023-07-13T19:32:57.333368+00:00, run_after=2023-07-14T19:32:57.333368+00:00
[2023-07-14T19:32:57.364+0000] {processor.py:179} INFO - Processing /home/airflow/.local/lib/python3.7/site-packages/airflow/example_dags/example_task_group_decorator.py took 0.213 seconds
[2023-07-14T19:33:27.510+0000] {processor.py:157} INFO - Started process (PID=483) to work on /home/airflow/.local/lib/python3.7/site-packages/airflow/example_dags/example_task_group_decorator.py
[2023-07-14T19:33:27.512+0000] {processor.py:826} INFO - Processing file /home/airflow/.local/lib/python3.7/site-packages/airflow/example_dags/example_task_group_decorator.py for tasks to queue
[2023-07-14T19:33:27.514+0000] {logging_mixin.py:150} INFO - [2023-07-14T19:33:27.514+0000] {dagbag.py:541} INFO - Filling up the DagBag from /home/airflow/.local/lib/python3.7/site-packages/airflow/example_dags/example_task_group_decorator.py
[2023-07-14T19:33:27.532+0000] {processor.py:836} INFO - DAG(s) dict_keys(['example_task_group_decorator']) retrieved from /home/airflow/.local/lib/python3.7/site-packages/airflow/example_dags/example_task_group_decorator.py
[2023-07-14T19:33:27.569+0000] {logging_mixin.py:150} INFO - [2023-07-14T19:33:27.568+0000] {dag.py:2742} INFO - Sync 1 DAGs
[2023-07-14T19:33:27.609+0000] {logging_mixin.py:150} INFO - [2023-07-14T19:33:27.609+0000] {dag.py:3508} INFO - Setting next_dagrun for example_task_group_decorator to 2023-07-13T19:33:27.608960+00:00, run_after=2023-07-14T19:33:27.608960+00:00
[2023-07-14T19:33:27.646+0000] {processor.py:179} INFO - Processing /home/airflow/.local/lib/python3.7/site-packages/airflow/example_dags/example_task_group_decorator.py took 0.140 seconds
[2023-07-14T19:33:58.098+0000] {processor.py:157} INFO - Started process (PID=553) to work on /home/airflow/.local/lib/python3.7/site-packages/airflow/example_dags/example_task_group_decorator.py
[2023-07-14T19:33:58.100+0000] {processor.py:826} INFO - Processing file /home/airflow/.local/lib/python3.7/site-packages/airflow/example_dags/example_task_group_decorator.py for tasks to queue
[2023-07-14T19:33:58.103+0000] {logging_mixin.py:150} INFO - [2023-07-14T19:33:58.102+0000] {dagbag.py:541} INFO - Filling up the DagBag from /home/airflow/.local/lib/python3.7/site-packages/airflow/example_dags/example_task_group_decorator.py
[2023-07-14T19:33:58.126+0000] {processor.py:836} INFO - DAG(s) dict_keys(['example_task_group_decorator']) retrieved from /home/airflow/.local/lib/python3.7/site-packages/airflow/example_dags/example_task_group_decorator.py
[2023-07-14T19:33:58.224+0000] {logging_mixin.py:150} INFO - [2023-07-14T19:33:58.224+0000] {dag.py:2742} INFO - Sync 1 DAGs
[2023-07-14T19:33:58.270+0000] {logging_mixin.py:150} INFO - [2023-07-14T19:33:58.270+0000] {dag.py:3508} INFO - Setting next_dagrun for example_task_group_decorator to 2023-07-13T19:33:58.269766+00:00, run_after=2023-07-14T19:33:58.269766+00:00
[2023-07-14T19:33:58.302+0000] {processor.py:179} INFO - Processing /home/airflow/.local/lib/python3.7/site-packages/airflow/example_dags/example_task_group_decorator.py took 0.210 seconds
[2023-07-14T19:34:29.326+0000] {processor.py:157} INFO - Started process (PID=622) to work on /home/airflow/.local/lib/python3.7/site-packages/airflow/example_dags/example_task_group_decorator.py
[2023-07-14T19:34:29.328+0000] {processor.py:826} INFO - Processing file /home/airflow/.local/lib/python3.7/site-packages/airflow/example_dags/example_task_group_decorator.py for tasks to queue
[2023-07-14T19:34:29.330+0000] {logging_mixin.py:150} INFO - [2023-07-14T19:34:29.329+0000] {dagbag.py:541} INFO - Filling up the DagBag from /home/airflow/.local/lib/python3.7/site-packages/airflow/example_dags/example_task_group_decorator.py
[2023-07-14T19:34:29.351+0000] {processor.py:836} INFO - DAG(s) dict_keys(['example_task_group_decorator']) retrieved from /home/airflow/.local/lib/python3.7/site-packages/airflow/example_dags/example_task_group_decorator.py
[2023-07-14T19:34:29.399+0000] {logging_mixin.py:150} INFO - [2023-07-14T19:34:29.399+0000] {dag.py:2742} INFO - Sync 1 DAGs
[2023-07-14T19:34:29.434+0000] {logging_mixin.py:150} INFO - [2023-07-14T19:34:29.433+0000] {dag.py:3508} INFO - Setting next_dagrun for example_task_group_decorator to 2023-07-13T19:34:29.433592+00:00, run_after=2023-07-14T19:34:29.433592+00:00
[2023-07-14T19:34:29.464+0000] {processor.py:179} INFO - Processing /home/airflow/.local/lib/python3.7/site-packages/airflow/example_dags/example_task_group_decorator.py took 0.142 seconds
[2023-07-14T19:35:00.360+0000] {processor.py:157} INFO - Started process (PID=693) to work on /home/airflow/.local/lib/python3.7/site-packages/airflow/example_dags/example_task_group_decorator.py
[2023-07-14T19:35:00.362+0000] {processor.py:826} INFO - Processing file /home/airflow/.local/lib/python3.7/site-packages/airflow/example_dags/example_task_group_decorator.py for tasks to queue
[2023-07-14T19:35:00.363+0000] {logging_mixin.py:150} INFO - [2023-07-14T19:35:00.363+0000] {dagbag.py:541} INFO - Filling up the DagBag from /home/airflow/.local/lib/python3.7/site-packages/airflow/example_dags/example_task_group_decorator.py
[2023-07-14T19:35:00.385+0000] {processor.py:836} INFO - DAG(s) dict_keys(['example_task_group_decorator']) retrieved from /home/airflow/.local/lib/python3.7/site-packages/airflow/example_dags/example_task_group_decorator.py
[2023-07-14T19:35:00.424+0000] {logging_mixin.py:150} INFO - [2023-07-14T19:35:00.424+0000] {dag.py:2742} INFO - Sync 1 DAGs
[2023-07-14T19:35:00.459+0000] {logging_mixin.py:150} INFO - [2023-07-14T19:35:00.459+0000] {dag.py:3508} INFO - Setting next_dagrun for example_task_group_decorator to 2023-07-13T19:35:00.458987+00:00, run_after=2023-07-14T19:35:00.458987+00:00
[2023-07-14T19:35:00.484+0000] {processor.py:179} INFO - Processing /home/airflow/.local/lib/python3.7/site-packages/airflow/example_dags/example_task_group_decorator.py took 0.128 seconds
[2023-07-14T19:35:31.199+0000] {processor.py:157} INFO - Started process (PID=763) to work on /home/airflow/.local/lib/python3.7/site-packages/airflow/example_dags/example_task_group_decorator.py
[2023-07-14T19:35:31.201+0000] {processor.py:826} INFO - Processing file /home/airflow/.local/lib/python3.7/site-packages/airflow/example_dags/example_task_group_decorator.py for tasks to queue
[2023-07-14T19:35:31.203+0000] {logging_mixin.py:150} INFO - [2023-07-14T19:35:31.203+0000] {dagbag.py:541} INFO - Filling up the DagBag from /home/airflow/.local/lib/python3.7/site-packages/airflow/example_dags/example_task_group_decorator.py
[2023-07-14T19:35:31.223+0000] {processor.py:836} INFO - DAG(s) dict_keys(['example_task_group_decorator']) retrieved from /home/airflow/.local/lib/python3.7/site-packages/airflow/example_dags/example_task_group_decorator.py
[2023-07-14T19:35:31.263+0000] {logging_mixin.py:150} INFO - [2023-07-14T19:35:31.263+0000] {dag.py:2742} INFO - Sync 1 DAGs
[2023-07-14T19:35:31.305+0000] {logging_mixin.py:150} INFO - [2023-07-14T19:35:31.305+0000] {dag.py:3508} INFO - Setting next_dagrun for example_task_group_decorator to 2023-07-13T19:35:31.304718+00:00, run_after=2023-07-14T19:35:31.304718+00:00
[2023-07-14T19:35:31.338+0000] {processor.py:179} INFO - Processing /home/airflow/.local/lib/python3.7/site-packages/airflow/example_dags/example_task_group_decorator.py took 0.143 seconds
[2023-07-14T19:36:02.369+0000] {processor.py:157} INFO - Started process (PID=833) to work on /home/airflow/.local/lib/python3.7/site-packages/airflow/example_dags/example_task_group_decorator.py
[2023-07-14T19:36:02.370+0000] {processor.py:826} INFO - Processing file /home/airflow/.local/lib/python3.7/site-packages/airflow/example_dags/example_task_group_decorator.py for tasks to queue
[2023-07-14T19:36:02.372+0000] {logging_mixin.py:150} INFO - [2023-07-14T19:36:02.372+0000] {dagbag.py:541} INFO - Filling up the DagBag from /home/airflow/.local/lib/python3.7/site-packages/airflow/example_dags/example_task_group_decorator.py
[2023-07-14T19:36:02.396+0000] {processor.py:836} INFO - DAG(s) dict_keys(['example_task_group_decorator']) retrieved from /home/airflow/.local/lib/python3.7/site-packages/airflow/example_dags/example_task_group_decorator.py
[2023-07-14T19:36:02.433+0000] {logging_mixin.py:150} INFO - [2023-07-14T19:36:02.433+0000] {dag.py:2742} INFO - Sync 1 DAGs
[2023-07-14T19:36:02.465+0000] {logging_mixin.py:150} INFO - [2023-07-14T19:36:02.465+0000] {dag.py:3508} INFO - Setting next_dagrun for example_task_group_decorator to 2023-07-13T19:36:02.465241+00:00, run_after=2023-07-14T19:36:02.465241+00:00
[2023-07-14T19:36:02.500+0000] {processor.py:179} INFO - Processing /home/airflow/.local/lib/python3.7/site-packages/airflow/example_dags/example_task_group_decorator.py took 0.135 seconds
[2023-07-14T19:36:33.059+0000] {processor.py:157} INFO - Started process (PID=896) to work on /home/airflow/.local/lib/python3.7/site-packages/airflow/example_dags/example_task_group_decorator.py
[2023-07-14T19:36:33.060+0000] {processor.py:826} INFO - Processing file /home/airflow/.local/lib/python3.7/site-packages/airflow/example_dags/example_task_group_decorator.py for tasks to queue
[2023-07-14T19:36:33.063+0000] {logging_mixin.py:150} INFO - [2023-07-14T19:36:33.062+0000] {dagbag.py:541} INFO - Filling up the DagBag from /home/airflow/.local/lib/python3.7/site-packages/airflow/example_dags/example_task_group_decorator.py
[2023-07-14T19:36:33.097+0000] {processor.py:836} INFO - DAG(s) dict_keys(['example_task_group_decorator']) retrieved from /home/airflow/.local/lib/python3.7/site-packages/airflow/example_dags/example_task_group_decorator.py
[2023-07-14T19:36:33.142+0000] {logging_mixin.py:150} INFO - [2023-07-14T19:36:33.142+0000] {dag.py:2742} INFO - Sync 1 DAGs
[2023-07-14T19:36:33.186+0000] {logging_mixin.py:150} INFO - [2023-07-14T19:36:33.186+0000] {dag.py:3508} INFO - Setting next_dagrun for example_task_group_decorator to 2023-07-13T19:36:33.186117+00:00, run_after=2023-07-14T19:36:33.186117+00:00
[2023-07-14T19:36:33.245+0000] {processor.py:179} INFO - Processing /home/airflow/.local/lib/python3.7/site-packages/airflow/example_dags/example_task_group_decorator.py took 0.191 seconds
[2023-07-14T19:37:03.560+0000] {processor.py:157} INFO - Started process (PID=965) to work on /home/airflow/.local/lib/python3.7/site-packages/airflow/example_dags/example_task_group_decorator.py
[2023-07-14T19:37:03.561+0000] {processor.py:826} INFO - Processing file /home/airflow/.local/lib/python3.7/site-packages/airflow/example_dags/example_task_group_decorator.py for tasks to queue
[2023-07-14T19:37:03.563+0000] {logging_mixin.py:150} INFO - [2023-07-14T19:37:03.562+0000] {dagbag.py:541} INFO - Filling up the DagBag from /home/airflow/.local/lib/python3.7/site-packages/airflow/example_dags/example_task_group_decorator.py
[2023-07-14T19:37:03.581+0000] {processor.py:836} INFO - DAG(s) dict_keys(['example_task_group_decorator']) retrieved from /home/airflow/.local/lib/python3.7/site-packages/airflow/example_dags/example_task_group_decorator.py
[2023-07-14T19:37:03.617+0000] {logging_mixin.py:150} INFO - [2023-07-14T19:37:03.617+0000] {dag.py:2742} INFO - Sync 1 DAGs
[2023-07-14T19:37:03.655+0000] {logging_mixin.py:150} INFO - [2023-07-14T19:37:03.655+0000] {dag.py:3508} INFO - Setting next_dagrun for example_task_group_decorator to 2023-07-13T19:37:03.654960+00:00, run_after=2023-07-14T19:37:03.654960+00:00
[2023-07-14T19:37:03.685+0000] {processor.py:179} INFO - Processing /home/airflow/.local/lib/python3.7/site-packages/airflow/example_dags/example_task_group_decorator.py took 0.130 seconds
[2023-07-14T19:37:34.350+0000] {processor.py:157} INFO - Started process (PID=1035) to work on /home/airflow/.local/lib/python3.7/site-packages/airflow/example_dags/example_task_group_decorator.py
[2023-07-14T19:37:34.351+0000] {processor.py:826} INFO - Processing file /home/airflow/.local/lib/python3.7/site-packages/airflow/example_dags/example_task_group_decorator.py for tasks to queue
[2023-07-14T19:37:34.352+0000] {logging_mixin.py:150} INFO - [2023-07-14T19:37:34.352+0000] {dagbag.py:541} INFO - Filling up the DagBag from /home/airflow/.local/lib/python3.7/site-packages/airflow/example_dags/example_task_group_decorator.py
[2023-07-14T19:37:34.375+0000] {processor.py:836} INFO - DAG(s) dict_keys(['example_task_group_decorator']) retrieved from /home/airflow/.local/lib/python3.7/site-packages/airflow/example_dags/example_task_group_decorator.py
[2023-07-14T19:37:34.418+0000] {logging_mixin.py:150} INFO - [2023-07-14T19:37:34.418+0000] {dag.py:2742} INFO - Sync 1 DAGs
[2023-07-14T19:37:34.450+0000] {logging_mixin.py:150} INFO - [2023-07-14T19:37:34.450+0000] {dag.py:3508} INFO - Setting next_dagrun for example_task_group_decorator to 2023-07-13T19:37:34.450312+00:00, run_after=2023-07-14T19:37:34.450312+00:00
[2023-07-14T19:37:34.479+0000] {processor.py:179} INFO - Processing /home/airflow/.local/lib/python3.7/site-packages/airflow/example_dags/example_task_group_decorator.py took 0.133 seconds
[2023-07-14T19:38:04.761+0000] {processor.py:157} INFO - Started process (PID=1104) to work on /home/airflow/.local/lib/python3.7/site-packages/airflow/example_dags/example_task_group_decorator.py
[2023-07-14T19:38:04.763+0000] {processor.py:826} INFO - Processing file /home/airflow/.local/lib/python3.7/site-packages/airflow/example_dags/example_task_group_decorator.py for tasks to queue
[2023-07-14T19:38:04.765+0000] {logging_mixin.py:150} INFO - [2023-07-14T19:38:04.765+0000] {dagbag.py:541} INFO - Filling up the DagBag from /home/airflow/.local/lib/python3.7/site-packages/airflow/example_dags/example_task_group_decorator.py
[2023-07-14T19:38:04.796+0000] {processor.py:836} INFO - DAG(s) dict_keys(['example_task_group_decorator']) retrieved from /home/airflow/.local/lib/python3.7/site-packages/airflow/example_dags/example_task_group_decorator.py
[2023-07-14T19:38:04.834+0000] {logging_mixin.py:150} INFO - [2023-07-14T19:38:04.834+0000] {dag.py:2742} INFO - Sync 1 DAGs
[2023-07-14T19:38:04.868+0000] {logging_mixin.py:150} INFO - [2023-07-14T19:38:04.868+0000] {dag.py:3508} INFO - Setting next_dagrun for example_task_group_decorator to 2023-07-13T19:38:04.868270+00:00, run_after=2023-07-14T19:38:04.868270+00:00
[2023-07-14T19:38:04.902+0000] {processor.py:179} INFO - Processing /home/airflow/.local/lib/python3.7/site-packages/airflow/example_dags/example_task_group_decorator.py took 0.147 seconds
[2023-07-14T19:38:35.933+0000] {processor.py:157} INFO - Started process (PID=1176) to work on /home/airflow/.local/lib/python3.7/site-packages/airflow/example_dags/example_task_group_decorator.py
[2023-07-14T19:38:35.935+0000] {processor.py:826} INFO - Processing file /home/airflow/.local/lib/python3.7/site-packages/airflow/example_dags/example_task_group_decorator.py for tasks to queue
[2023-07-14T19:38:35.937+0000] {logging_mixin.py:150} INFO - [2023-07-14T19:38:35.937+0000] {dagbag.py:541} INFO - Filling up the DagBag from /home/airflow/.local/lib/python3.7/site-packages/airflow/example_dags/example_task_group_decorator.py
[2023-07-14T19:38:35.959+0000] {processor.py:836} INFO - DAG(s) dict_keys(['example_task_group_decorator']) retrieved from /home/airflow/.local/lib/python3.7/site-packages/airflow/example_dags/example_task_group_decorator.py
[2023-07-14T19:38:35.993+0000] {logging_mixin.py:150} INFO - [2023-07-14T19:38:35.993+0000] {dag.py:2742} INFO - Sync 1 DAGs
[2023-07-14T19:38:36.031+0000] {logging_mixin.py:150} INFO - [2023-07-14T19:38:36.031+0000] {dag.py:3508} INFO - Setting next_dagrun for example_task_group_decorator to 2023-07-13T19:38:36.031060+00:00, run_after=2023-07-14T19:38:36.031060+00:00
[2023-07-14T19:38:36.060+0000] {processor.py:179} INFO - Processing /home/airflow/.local/lib/python3.7/site-packages/airflow/example_dags/example_task_group_decorator.py took 0.132 seconds
[2023-07-14T19:39:06.432+0000] {processor.py:157} INFO - Started process (PID=1246) to work on /home/airflow/.local/lib/python3.7/site-packages/airflow/example_dags/example_task_group_decorator.py
[2023-07-14T19:39:06.434+0000] {processor.py:826} INFO - Processing file /home/airflow/.local/lib/python3.7/site-packages/airflow/example_dags/example_task_group_decorator.py for tasks to queue
[2023-07-14T19:39:06.435+0000] {logging_mixin.py:150} INFO - [2023-07-14T19:39:06.435+0000] {dagbag.py:541} INFO - Filling up the DagBag from /home/airflow/.local/lib/python3.7/site-packages/airflow/example_dags/example_task_group_decorator.py
[2023-07-14T19:39:06.456+0000] {processor.py:836} INFO - DAG(s) dict_keys(['example_task_group_decorator']) retrieved from /home/airflow/.local/lib/python3.7/site-packages/airflow/example_dags/example_task_group_decorator.py
[2023-07-14T19:39:06.495+0000] {logging_mixin.py:150} INFO - [2023-07-14T19:39:06.494+0000] {dag.py:2742} INFO - Sync 1 DAGs
[2023-07-14T19:39:06.530+0000] {logging_mixin.py:150} INFO - [2023-07-14T19:39:06.530+0000] {dag.py:3508} INFO - Setting next_dagrun for example_task_group_decorator to 2023-07-13T19:39:06.529729+00:00, run_after=2023-07-14T19:39:06.529729+00:00
[2023-07-14T19:39:06.560+0000] {processor.py:179} INFO - Processing /home/airflow/.local/lib/python3.7/site-packages/airflow/example_dags/example_task_group_decorator.py took 0.133 seconds
