[2023-07-14T19:30:21.967+0000] {processor.py:157} INFO - Started process (PID=54) to work on /home/airflow/.local/lib/python3.7/site-packages/airflow/example_dags/example_branch_python_dop_operator_3.py
[2023-07-14T19:30:21.970+0000] {processor.py:826} INFO - Processing file /home/airflow/.local/lib/python3.7/site-packages/airflow/example_dags/example_branch_python_dop_operator_3.py for tasks to queue
[2023-07-14T19:30:21.973+0000] {logging_mixin.py:150} INFO - [2023-07-14T19:30:21.972+0000] {dagbag.py:541} INFO - Filling up the DagBag from /home/airflow/.local/lib/python3.7/site-packages/airflow/example_dags/example_branch_python_dop_operator_3.py
[2023-07-14T19:30:21.995+0000] {processor.py:836} INFO - DAG(s) dict_keys(['example_branch_dop_operator_v3']) retrieved from /home/airflow/.local/lib/python3.7/site-packages/airflow/example_dags/example_branch_python_dop_operator_3.py
[2023-07-14T19:30:22.390+0000] {logging_mixin.py:150} INFO - [2023-07-14T19:30:22.389+0000] {manager.py:504} INFO - Created Permission View: can read on DAG:example_branch_dop_operator_v3
[2023-07-14T19:30:22.477+0000] {logging_mixin.py:150} INFO - [2023-07-14T19:30:22.477+0000] {manager.py:504} INFO - Created Permission View: can edit on DAG:example_branch_dop_operator_v3
[2023-07-14T19:30:22.522+0000] {logging_mixin.py:150} INFO - [2023-07-14T19:30:22.522+0000] {manager.py:504} INFO - Created Permission View: can delete on DAG:example_branch_dop_operator_v3
[2023-07-14T19:30:22.602+0000] {logging_mixin.py:150} INFO - [2023-07-14T19:30:22.601+0000] {dag.py:2742} INFO - Sync 1 DAGs
[2023-07-14T19:30:22.640+0000] {logging_mixin.py:150} INFO - [2023-07-14T19:30:22.640+0000] {dag.py:2763} INFO - Creating ORM DAG for example_branch_dop_operator_v3
[2023-07-14T19:30:22.689+0000] {logging_mixin.py:150} INFO - [2023-07-14T19:30:22.688+0000] {dag.py:3508} INFO - Setting next_dagrun for example_branch_dop_operator_v3 to 2023-07-14T19:29:00+00:00, run_after=2023-07-14T19:30:00+00:00
[2023-07-14T19:30:22.754+0000] {processor.py:179} INFO - Processing /home/airflow/.local/lib/python3.7/site-packages/airflow/example_dags/example_branch_python_dop_operator_3.py took 0.794 seconds
[2023-07-14T19:30:53.078+0000] {processor.py:157} INFO - Started process (PID=131) to work on /home/airflow/.local/lib/python3.7/site-packages/airflow/example_dags/example_branch_python_dop_operator_3.py
[2023-07-14T19:30:53.081+0000] {processor.py:826} INFO - Processing file /home/airflow/.local/lib/python3.7/site-packages/airflow/example_dags/example_branch_python_dop_operator_3.py for tasks to queue
[2023-07-14T19:30:53.084+0000] {logging_mixin.py:150} INFO - [2023-07-14T19:30:53.084+0000] {dagbag.py:541} INFO - Filling up the DagBag from /home/airflow/.local/lib/python3.7/site-packages/airflow/example_dags/example_branch_python_dop_operator_3.py
[2023-07-14T19:30:53.105+0000] {processor.py:836} INFO - DAG(s) dict_keys(['example_branch_dop_operator_v3']) retrieved from /home/airflow/.local/lib/python3.7/site-packages/airflow/example_dags/example_branch_python_dop_operator_3.py
[2023-07-14T19:30:53.156+0000] {logging_mixin.py:150} INFO - [2023-07-14T19:30:53.155+0000] {dag.py:2742} INFO - Sync 1 DAGs
[2023-07-14T19:30:53.226+0000] {logging_mixin.py:150} INFO - [2023-07-14T19:30:53.226+0000] {dag.py:3508} INFO - Setting next_dagrun for example_branch_dop_operator_v3 to 2023-07-14T19:29:00+00:00, run_after=2023-07-14T19:30:00+00:00
[2023-07-14T19:30:53.266+0000] {processor.py:179} INFO - Processing /home/airflow/.local/lib/python3.7/site-packages/airflow/example_dags/example_branch_python_dop_operator_3.py took 0.194 seconds
[2023-07-14T19:31:24.104+0000] {processor.py:157} INFO - Started process (PID=201) to work on /home/airflow/.local/lib/python3.7/site-packages/airflow/example_dags/example_branch_python_dop_operator_3.py
[2023-07-14T19:31:24.105+0000] {processor.py:826} INFO - Processing file /home/airflow/.local/lib/python3.7/site-packages/airflow/example_dags/example_branch_python_dop_operator_3.py for tasks to queue
[2023-07-14T19:31:24.108+0000] {logging_mixin.py:150} INFO - [2023-07-14T19:31:24.107+0000] {dagbag.py:541} INFO - Filling up the DagBag from /home/airflow/.local/lib/python3.7/site-packages/airflow/example_dags/example_branch_python_dop_operator_3.py
[2023-07-14T19:31:24.117+0000] {processor.py:836} INFO - DAG(s) dict_keys(['example_branch_dop_operator_v3']) retrieved from /home/airflow/.local/lib/python3.7/site-packages/airflow/example_dags/example_branch_python_dop_operator_3.py
[2023-07-14T19:31:24.154+0000] {logging_mixin.py:150} INFO - [2023-07-14T19:31:24.154+0000] {dag.py:2742} INFO - Sync 1 DAGs
[2023-07-14T19:31:24.191+0000] {logging_mixin.py:150} INFO - [2023-07-14T19:31:24.191+0000] {dag.py:3508} INFO - Setting next_dagrun for example_branch_dop_operator_v3 to 2023-07-14T19:30:00+00:00, run_after=2023-07-14T19:31:00+00:00
[2023-07-14T19:31:24.226+0000] {processor.py:179} INFO - Processing /home/airflow/.local/lib/python3.7/site-packages/airflow/example_dags/example_branch_python_dop_operator_3.py took 0.127 seconds
[2023-07-14T19:31:54.813+0000] {processor.py:157} INFO - Started process (PID=271) to work on /home/airflow/.local/lib/python3.7/site-packages/airflow/example_dags/example_branch_python_dop_operator_3.py
[2023-07-14T19:31:54.815+0000] {processor.py:826} INFO - Processing file /home/airflow/.local/lib/python3.7/site-packages/airflow/example_dags/example_branch_python_dop_operator_3.py for tasks to queue
[2023-07-14T19:31:54.817+0000] {logging_mixin.py:150} INFO - [2023-07-14T19:31:54.816+0000] {dagbag.py:541} INFO - Filling up the DagBag from /home/airflow/.local/lib/python3.7/site-packages/airflow/example_dags/example_branch_python_dop_operator_3.py
[2023-07-14T19:31:54.827+0000] {processor.py:836} INFO - DAG(s) dict_keys(['example_branch_dop_operator_v3']) retrieved from /home/airflow/.local/lib/python3.7/site-packages/airflow/example_dags/example_branch_python_dop_operator_3.py
[2023-07-14T19:31:54.860+0000] {logging_mixin.py:150} INFO - [2023-07-14T19:31:54.860+0000] {dag.py:2742} INFO - Sync 1 DAGs
[2023-07-14T19:31:54.899+0000] {logging_mixin.py:150} INFO - [2023-07-14T19:31:54.899+0000] {dag.py:3508} INFO - Setting next_dagrun for example_branch_dop_operator_v3 to 2023-07-14T19:30:00+00:00, run_after=2023-07-14T19:31:00+00:00
[2023-07-14T19:31:54.935+0000] {processor.py:179} INFO - Processing /home/airflow/.local/lib/python3.7/site-packages/airflow/example_dags/example_branch_python_dop_operator_3.py took 0.125 seconds
[2023-07-14T19:32:25.712+0000] {processor.py:157} INFO - Started process (PID=341) to work on /home/airflow/.local/lib/python3.7/site-packages/airflow/example_dags/example_branch_python_dop_operator_3.py
[2023-07-14T19:32:25.714+0000] {processor.py:826} INFO - Processing file /home/airflow/.local/lib/python3.7/site-packages/airflow/example_dags/example_branch_python_dop_operator_3.py for tasks to queue
[2023-07-14T19:32:25.716+0000] {logging_mixin.py:150} INFO - [2023-07-14T19:32:25.716+0000] {dagbag.py:541} INFO - Filling up the DagBag from /home/airflow/.local/lib/python3.7/site-packages/airflow/example_dags/example_branch_python_dop_operator_3.py
[2023-07-14T19:32:25.732+0000] {processor.py:836} INFO - DAG(s) dict_keys(['example_branch_dop_operator_v3']) retrieved from /home/airflow/.local/lib/python3.7/site-packages/airflow/example_dags/example_branch_python_dop_operator_3.py
[2023-07-14T19:32:25.767+0000] {logging_mixin.py:150} INFO - [2023-07-14T19:32:25.767+0000] {dag.py:2742} INFO - Sync 1 DAGs
[2023-07-14T19:32:25.807+0000] {logging_mixin.py:150} INFO - [2023-07-14T19:32:25.806+0000] {dag.py:3508} INFO - Setting next_dagrun for example_branch_dop_operator_v3 to 2023-07-14T19:31:00+00:00, run_after=2023-07-14T19:32:00+00:00
[2023-07-14T19:32:25.843+0000] {processor.py:179} INFO - Processing /home/airflow/.local/lib/python3.7/site-packages/airflow/example_dags/example_branch_python_dop_operator_3.py took 0.136 seconds
[2023-07-14T19:32:56.810+0000] {processor.py:157} INFO - Started process (PID=411) to work on /home/airflow/.local/lib/python3.7/site-packages/airflow/example_dags/example_branch_python_dop_operator_3.py
[2023-07-14T19:32:56.812+0000] {processor.py:826} INFO - Processing file /home/airflow/.local/lib/python3.7/site-packages/airflow/example_dags/example_branch_python_dop_operator_3.py for tasks to queue
[2023-07-14T19:32:56.814+0000] {logging_mixin.py:150} INFO - [2023-07-14T19:32:56.814+0000] {dagbag.py:541} INFO - Filling up the DagBag from /home/airflow/.local/lib/python3.7/site-packages/airflow/example_dags/example_branch_python_dop_operator_3.py
[2023-07-14T19:32:56.831+0000] {processor.py:836} INFO - DAG(s) dict_keys(['example_branch_dop_operator_v3']) retrieved from /home/airflow/.local/lib/python3.7/site-packages/airflow/example_dags/example_branch_python_dop_operator_3.py
[2023-07-14T19:32:56.877+0000] {logging_mixin.py:150} INFO - [2023-07-14T19:32:56.877+0000] {dag.py:2742} INFO - Sync 1 DAGs
[2023-07-14T19:32:56.913+0000] {logging_mixin.py:150} INFO - [2023-07-14T19:32:56.913+0000] {dag.py:3508} INFO - Setting next_dagrun for example_branch_dop_operator_v3 to 2023-07-14T19:31:00+00:00, run_after=2023-07-14T19:32:00+00:00
[2023-07-14T19:32:56.942+0000] {processor.py:179} INFO - Processing /home/airflow/.local/lib/python3.7/site-packages/airflow/example_dags/example_branch_python_dop_operator_3.py took 0.137 seconds
[2023-07-14T19:33:27.167+0000] {processor.py:157} INFO - Started process (PID=480) to work on /home/airflow/.local/lib/python3.7/site-packages/airflow/example_dags/example_branch_python_dop_operator_3.py
[2023-07-14T19:33:27.169+0000] {processor.py:826} INFO - Processing file /home/airflow/.local/lib/python3.7/site-packages/airflow/example_dags/example_branch_python_dop_operator_3.py for tasks to queue
[2023-07-14T19:33:27.171+0000] {logging_mixin.py:150} INFO - [2023-07-14T19:33:27.170+0000] {dagbag.py:541} INFO - Filling up the DagBag from /home/airflow/.local/lib/python3.7/site-packages/airflow/example_dags/example_branch_python_dop_operator_3.py
[2023-07-14T19:33:27.181+0000] {processor.py:836} INFO - DAG(s) dict_keys(['example_branch_dop_operator_v3']) retrieved from /home/airflow/.local/lib/python3.7/site-packages/airflow/example_dags/example_branch_python_dop_operator_3.py
[2023-07-14T19:33:27.209+0000] {logging_mixin.py:150} INFO - [2023-07-14T19:33:27.209+0000] {dag.py:2742} INFO - Sync 1 DAGs
[2023-07-14T19:33:27.248+0000] {logging_mixin.py:150} INFO - [2023-07-14T19:33:27.248+0000] {dag.py:3508} INFO - Setting next_dagrun for example_branch_dop_operator_v3 to 2023-07-14T19:32:00+00:00, run_after=2023-07-14T19:33:00+00:00
[2023-07-14T19:33:27.275+0000] {processor.py:179} INFO - Processing /home/airflow/.local/lib/python3.7/site-packages/airflow/example_dags/example_branch_python_dop_operator_3.py took 0.116 seconds
[2023-07-14T19:33:57.612+0000] {processor.py:157} INFO - Started process (PID=549) to work on /home/airflow/.local/lib/python3.7/site-packages/airflow/example_dags/example_branch_python_dop_operator_3.py
[2023-07-14T19:33:57.616+0000] {processor.py:826} INFO - Processing file /home/airflow/.local/lib/python3.7/site-packages/airflow/example_dags/example_branch_python_dop_operator_3.py for tasks to queue
[2023-07-14T19:33:57.619+0000] {logging_mixin.py:150} INFO - [2023-07-14T19:33:57.618+0000] {dagbag.py:541} INFO - Filling up the DagBag from /home/airflow/.local/lib/python3.7/site-packages/airflow/example_dags/example_branch_python_dop_operator_3.py
[2023-07-14T19:33:57.646+0000] {processor.py:836} INFO - DAG(s) dict_keys(['example_branch_dop_operator_v3']) retrieved from /home/airflow/.local/lib/python3.7/site-packages/airflow/example_dags/example_branch_python_dop_operator_3.py
[2023-07-14T19:33:57.692+0000] {logging_mixin.py:150} INFO - [2023-07-14T19:33:57.692+0000] {dag.py:2742} INFO - Sync 1 DAGs
[2023-07-14T19:33:57.744+0000] {logging_mixin.py:150} INFO - [2023-07-14T19:33:57.744+0000] {dag.py:3508} INFO - Setting next_dagrun for example_branch_dop_operator_v3 to 2023-07-14T19:32:00+00:00, run_after=2023-07-14T19:33:00+00:00
[2023-07-14T19:33:57.778+0000] {processor.py:179} INFO - Processing /home/airflow/.local/lib/python3.7/site-packages/airflow/example_dags/example_branch_python_dop_operator_3.py took 0.172 seconds
[2023-07-14T19:34:28.961+0000] {processor.py:157} INFO - Started process (PID=620) to work on /home/airflow/.local/lib/python3.7/site-packages/airflow/example_dags/example_branch_python_dop_operator_3.py
[2023-07-14T19:34:28.963+0000] {processor.py:826} INFO - Processing file /home/airflow/.local/lib/python3.7/site-packages/airflow/example_dags/example_branch_python_dop_operator_3.py for tasks to queue
[2023-07-14T19:34:28.965+0000] {logging_mixin.py:150} INFO - [2023-07-14T19:34:28.964+0000] {dagbag.py:541} INFO - Filling up the DagBag from /home/airflow/.local/lib/python3.7/site-packages/airflow/example_dags/example_branch_python_dop_operator_3.py
[2023-07-14T19:34:28.976+0000] {processor.py:836} INFO - DAG(s) dict_keys(['example_branch_dop_operator_v3']) retrieved from /home/airflow/.local/lib/python3.7/site-packages/airflow/example_dags/example_branch_python_dop_operator_3.py
[2023-07-14T19:34:29.008+0000] {logging_mixin.py:150} INFO - [2023-07-14T19:34:29.007+0000] {dag.py:2742} INFO - Sync 1 DAGs
[2023-07-14T19:34:29.043+0000] {logging_mixin.py:150} INFO - [2023-07-14T19:34:29.043+0000] {dag.py:3508} INFO - Setting next_dagrun for example_branch_dop_operator_v3 to 2023-07-14T19:33:00+00:00, run_after=2023-07-14T19:34:00+00:00
[2023-07-14T19:34:29.074+0000] {processor.py:179} INFO - Processing /home/airflow/.local/lib/python3.7/site-packages/airflow/example_dags/example_branch_python_dop_operator_3.py took 0.116 seconds
[2023-07-14T19:34:59.479+0000] {processor.py:157} INFO - Started process (PID=682) to work on /home/airflow/.local/lib/python3.7/site-packages/airflow/example_dags/example_branch_python_dop_operator_3.py
[2023-07-14T19:34:59.481+0000] {processor.py:826} INFO - Processing file /home/airflow/.local/lib/python3.7/site-packages/airflow/example_dags/example_branch_python_dop_operator_3.py for tasks to queue
[2023-07-14T19:34:59.484+0000] {logging_mixin.py:150} INFO - [2023-07-14T19:34:59.483+0000] {dagbag.py:541} INFO - Filling up the DagBag from /home/airflow/.local/lib/python3.7/site-packages/airflow/example_dags/example_branch_python_dop_operator_3.py
[2023-07-14T19:34:59.500+0000] {processor.py:836} INFO - DAG(s) dict_keys(['example_branch_dop_operator_v3']) retrieved from /home/airflow/.local/lib/python3.7/site-packages/airflow/example_dags/example_branch_python_dop_operator_3.py
[2023-07-14T19:34:59.543+0000] {logging_mixin.py:150} INFO - [2023-07-14T19:34:59.543+0000] {dag.py:2742} INFO - Sync 1 DAGs
[2023-07-14T19:34:59.592+0000] {logging_mixin.py:150} INFO - [2023-07-14T19:34:59.592+0000] {dag.py:3508} INFO - Setting next_dagrun for example_branch_dop_operator_v3 to 2023-07-14T19:33:00+00:00, run_after=2023-07-14T19:34:00+00:00
[2023-07-14T19:34:59.656+0000] {processor.py:179} INFO - Processing /home/airflow/.local/lib/python3.7/site-packages/airflow/example_dags/example_branch_python_dop_operator_3.py took 0.182 seconds
[2023-07-14T19:35:30.162+0000] {processor.py:157} INFO - Started process (PID=751) to work on /home/airflow/.local/lib/python3.7/site-packages/airflow/example_dags/example_branch_python_dop_operator_3.py
[2023-07-14T19:35:30.164+0000] {processor.py:826} INFO - Processing file /home/airflow/.local/lib/python3.7/site-packages/airflow/example_dags/example_branch_python_dop_operator_3.py for tasks to queue
[2023-07-14T19:35:30.167+0000] {logging_mixin.py:150} INFO - [2023-07-14T19:35:30.166+0000] {dagbag.py:541} INFO - Filling up the DagBag from /home/airflow/.local/lib/python3.7/site-packages/airflow/example_dags/example_branch_python_dop_operator_3.py
[2023-07-14T19:35:30.177+0000] {processor.py:836} INFO - DAG(s) dict_keys(['example_branch_dop_operator_v3']) retrieved from /home/airflow/.local/lib/python3.7/site-packages/airflow/example_dags/example_branch_python_dop_operator_3.py
[2023-07-14T19:35:30.211+0000] {logging_mixin.py:150} INFO - [2023-07-14T19:35:30.210+0000] {dag.py:2742} INFO - Sync 1 DAGs
[2023-07-14T19:35:30.256+0000] {logging_mixin.py:150} INFO - [2023-07-14T19:35:30.255+0000] {dag.py:3508} INFO - Setting next_dagrun for example_branch_dop_operator_v3 to 2023-07-14T19:34:00+00:00, run_after=2023-07-14T19:35:00+00:00
[2023-07-14T19:35:30.288+0000] {processor.py:179} INFO - Processing /home/airflow/.local/lib/python3.7/site-packages/airflow/example_dags/example_branch_python_dop_operator_3.py took 0.129 seconds
[2023-07-14T19:36:00.512+0000] {processor.py:157} INFO - Started process (PID=820) to work on /home/airflow/.local/lib/python3.7/site-packages/airflow/example_dags/example_branch_python_dop_operator_3.py
[2023-07-14T19:36:00.514+0000] {processor.py:826} INFO - Processing file /home/airflow/.local/lib/python3.7/site-packages/airflow/example_dags/example_branch_python_dop_operator_3.py for tasks to queue
[2023-07-14T19:36:00.515+0000] {logging_mixin.py:150} INFO - [2023-07-14T19:36:00.515+0000] {dagbag.py:541} INFO - Filling up the DagBag from /home/airflow/.local/lib/python3.7/site-packages/airflow/example_dags/example_branch_python_dop_operator_3.py
[2023-07-14T19:36:00.526+0000] {processor.py:836} INFO - DAG(s) dict_keys(['example_branch_dop_operator_v3']) retrieved from /home/airflow/.local/lib/python3.7/site-packages/airflow/example_dags/example_branch_python_dop_operator_3.py
[2023-07-14T19:36:00.565+0000] {logging_mixin.py:150} INFO - [2023-07-14T19:36:00.565+0000] {dag.py:2742} INFO - Sync 1 DAGs
[2023-07-14T19:36:00.610+0000] {logging_mixin.py:150} INFO - [2023-07-14T19:36:00.610+0000] {dag.py:3508} INFO - Setting next_dagrun for example_branch_dop_operator_v3 to 2023-07-14T19:35:00+00:00, run_after=2023-07-14T19:36:00+00:00
[2023-07-14T19:36:00.636+0000] {processor.py:179} INFO - Processing /home/airflow/.local/lib/python3.7/site-packages/airflow/example_dags/example_branch_python_dop_operator_3.py took 0.128 seconds
[2023-07-14T19:36:30.827+0000] {processor.py:157} INFO - Started process (PID=891) to work on /home/airflow/.local/lib/python3.7/site-packages/airflow/example_dags/example_branch_python_dop_operator_3.py
[2023-07-14T19:36:30.829+0000] {processor.py:826} INFO - Processing file /home/airflow/.local/lib/python3.7/site-packages/airflow/example_dags/example_branch_python_dop_operator_3.py for tasks to queue
[2023-07-14T19:36:30.831+0000] {logging_mixin.py:150} INFO - [2023-07-14T19:36:30.830+0000] {dagbag.py:541} INFO - Filling up the DagBag from /home/airflow/.local/lib/python3.7/site-packages/airflow/example_dags/example_branch_python_dop_operator_3.py
[2023-07-14T19:36:30.841+0000] {processor.py:836} INFO - DAG(s) dict_keys(['example_branch_dop_operator_v3']) retrieved from /home/airflow/.local/lib/python3.7/site-packages/airflow/example_dags/example_branch_python_dop_operator_3.py
[2023-07-14T19:36:30.879+0000] {logging_mixin.py:150} INFO - [2023-07-14T19:36:30.879+0000] {dag.py:2742} INFO - Sync 1 DAGs
[2023-07-14T19:36:30.931+0000] {logging_mixin.py:150} INFO - [2023-07-14T19:36:30.931+0000] {dag.py:3508} INFO - Setting next_dagrun for example_branch_dop_operator_v3 to 2023-07-14T19:35:00+00:00, run_after=2023-07-14T19:36:00+00:00
[2023-07-14T19:36:30.972+0000] {processor.py:179} INFO - Processing /home/airflow/.local/lib/python3.7/site-packages/airflow/example_dags/example_branch_python_dop_operator_3.py took 0.151 seconds
[2023-07-14T19:37:01.365+0000] {processor.py:157} INFO - Started process (PID=961) to work on /home/airflow/.local/lib/python3.7/site-packages/airflow/example_dags/example_branch_python_dop_operator_3.py
[2023-07-14T19:37:01.367+0000] {processor.py:826} INFO - Processing file /home/airflow/.local/lib/python3.7/site-packages/airflow/example_dags/example_branch_python_dop_operator_3.py for tasks to queue
[2023-07-14T19:37:01.369+0000] {logging_mixin.py:150} INFO - [2023-07-14T19:37:01.368+0000] {dagbag.py:541} INFO - Filling up the DagBag from /home/airflow/.local/lib/python3.7/site-packages/airflow/example_dags/example_branch_python_dop_operator_3.py
[2023-07-14T19:37:01.379+0000] {processor.py:836} INFO - DAG(s) dict_keys(['example_branch_dop_operator_v3']) retrieved from /home/airflow/.local/lib/python3.7/site-packages/airflow/example_dags/example_branch_python_dop_operator_3.py
[2023-07-14T19:37:01.410+0000] {logging_mixin.py:150} INFO - [2023-07-14T19:37:01.409+0000] {dag.py:2742} INFO - Sync 1 DAGs
[2023-07-14T19:37:01.443+0000] {logging_mixin.py:150} INFO - [2023-07-14T19:37:01.443+0000] {dag.py:3508} INFO - Setting next_dagrun for example_branch_dop_operator_v3 to 2023-07-14T19:36:00+00:00, run_after=2023-07-14T19:37:00+00:00
[2023-07-14T19:37:01.473+0000] {processor.py:179} INFO - Processing /home/airflow/.local/lib/python3.7/site-packages/airflow/example_dags/example_branch_python_dop_operator_3.py took 0.112 seconds
[2023-07-14T19:37:32.135+0000] {processor.py:157} INFO - Started process (PID=1031) to work on /home/airflow/.local/lib/python3.7/site-packages/airflow/example_dags/example_branch_python_dop_operator_3.py
[2023-07-14T19:37:32.137+0000] {processor.py:826} INFO - Processing file /home/airflow/.local/lib/python3.7/site-packages/airflow/example_dags/example_branch_python_dop_operator_3.py for tasks to queue
[2023-07-14T19:37:32.139+0000] {logging_mixin.py:150} INFO - [2023-07-14T19:37:32.139+0000] {dagbag.py:541} INFO - Filling up the DagBag from /home/airflow/.local/lib/python3.7/site-packages/airflow/example_dags/example_branch_python_dop_operator_3.py
[2023-07-14T19:37:32.155+0000] {processor.py:836} INFO - DAG(s) dict_keys(['example_branch_dop_operator_v3']) retrieved from /home/airflow/.local/lib/python3.7/site-packages/airflow/example_dags/example_branch_python_dop_operator_3.py
[2023-07-14T19:37:32.190+0000] {logging_mixin.py:150} INFO - [2023-07-14T19:37:32.189+0000] {dag.py:2742} INFO - Sync 1 DAGs
[2023-07-14T19:37:32.228+0000] {logging_mixin.py:150} INFO - [2023-07-14T19:37:32.227+0000] {dag.py:3508} INFO - Setting next_dagrun for example_branch_dop_operator_v3 to 2023-07-14T19:36:00+00:00, run_after=2023-07-14T19:37:00+00:00
[2023-07-14T19:37:32.257+0000] {processor.py:179} INFO - Processing /home/airflow/.local/lib/python3.7/site-packages/airflow/example_dags/example_branch_python_dop_operator_3.py took 0.126 seconds
[2023-07-14T19:38:03.164+0000] {processor.py:157} INFO - Started process (PID=1101) to work on /home/airflow/.local/lib/python3.7/site-packages/airflow/example_dags/example_branch_python_dop_operator_3.py
[2023-07-14T19:38:03.165+0000] {processor.py:826} INFO - Processing file /home/airflow/.local/lib/python3.7/site-packages/airflow/example_dags/example_branch_python_dop_operator_3.py for tasks to queue
[2023-07-14T19:38:03.167+0000] {logging_mixin.py:150} INFO - [2023-07-14T19:38:03.167+0000] {dagbag.py:541} INFO - Filling up the DagBag from /home/airflow/.local/lib/python3.7/site-packages/airflow/example_dags/example_branch_python_dop_operator_3.py
[2023-07-14T19:38:03.177+0000] {processor.py:836} INFO - DAG(s) dict_keys(['example_branch_dop_operator_v3']) retrieved from /home/airflow/.local/lib/python3.7/site-packages/airflow/example_dags/example_branch_python_dop_operator_3.py
[2023-07-14T19:38:03.212+0000] {logging_mixin.py:150} INFO - [2023-07-14T19:38:03.211+0000] {dag.py:2742} INFO - Sync 1 DAGs
[2023-07-14T19:38:03.248+0000] {logging_mixin.py:150} INFO - [2023-07-14T19:38:03.248+0000] {dag.py:3508} INFO - Setting next_dagrun for example_branch_dop_operator_v3 to 2023-07-14T19:37:00+00:00, run_after=2023-07-14T19:38:00+00:00
[2023-07-14T19:38:03.275+0000] {processor.py:179} INFO - Processing /home/airflow/.local/lib/python3.7/site-packages/airflow/example_dags/example_branch_python_dop_operator_3.py took 0.117 seconds
[2023-07-14T19:38:33.391+0000] {processor.py:157} INFO - Started process (PID=1172) to work on /home/airflow/.local/lib/python3.7/site-packages/airflow/example_dags/example_branch_python_dop_operator_3.py
[2023-07-14T19:38:33.393+0000] {processor.py:826} INFO - Processing file /home/airflow/.local/lib/python3.7/site-packages/airflow/example_dags/example_branch_python_dop_operator_3.py for tasks to queue
[2023-07-14T19:38:33.395+0000] {logging_mixin.py:150} INFO - [2023-07-14T19:38:33.395+0000] {dagbag.py:541} INFO - Filling up the DagBag from /home/airflow/.local/lib/python3.7/site-packages/airflow/example_dags/example_branch_python_dop_operator_3.py
[2023-07-14T19:38:33.405+0000] {processor.py:836} INFO - DAG(s) dict_keys(['example_branch_dop_operator_v3']) retrieved from /home/airflow/.local/lib/python3.7/site-packages/airflow/example_dags/example_branch_python_dop_operator_3.py
[2023-07-14T19:38:33.441+0000] {logging_mixin.py:150} INFO - [2023-07-14T19:38:33.440+0000] {dag.py:2742} INFO - Sync 1 DAGs
[2023-07-14T19:38:33.481+0000] {logging_mixin.py:150} INFO - [2023-07-14T19:38:33.481+0000] {dag.py:3508} INFO - Setting next_dagrun for example_branch_dop_operator_v3 to 2023-07-14T19:37:00+00:00, run_after=2023-07-14T19:38:00+00:00
[2023-07-14T19:38:33.507+0000] {processor.py:179} INFO - Processing /home/airflow/.local/lib/python3.7/site-packages/airflow/example_dags/example_branch_python_dop_operator_3.py took 0.119 seconds
[2023-07-14T19:39:03.833+0000] {processor.py:157} INFO - Started process (PID=1242) to work on /home/airflow/.local/lib/python3.7/site-packages/airflow/example_dags/example_branch_python_dop_operator_3.py
[2023-07-14T19:39:03.835+0000] {processor.py:826} INFO - Processing file /home/airflow/.local/lib/python3.7/site-packages/airflow/example_dags/example_branch_python_dop_operator_3.py for tasks to queue
[2023-07-14T19:39:03.836+0000] {logging_mixin.py:150} INFO - [2023-07-14T19:39:03.836+0000] {dagbag.py:541} INFO - Filling up the DagBag from /home/airflow/.local/lib/python3.7/site-packages/airflow/example_dags/example_branch_python_dop_operator_3.py
[2023-07-14T19:39:03.847+0000] {processor.py:836} INFO - DAG(s) dict_keys(['example_branch_dop_operator_v3']) retrieved from /home/airflow/.local/lib/python3.7/site-packages/airflow/example_dags/example_branch_python_dop_operator_3.py
[2023-07-14T19:39:03.880+0000] {logging_mixin.py:150} INFO - [2023-07-14T19:39:03.879+0000] {dag.py:2742} INFO - Sync 1 DAGs
[2023-07-14T19:39:03.916+0000] {logging_mixin.py:150} INFO - [2023-07-14T19:39:03.915+0000] {dag.py:3508} INFO - Setting next_dagrun for example_branch_dop_operator_v3 to 2023-07-14T19:38:00+00:00, run_after=2023-07-14T19:39:00+00:00
[2023-07-14T19:39:03.943+0000] {processor.py:179} INFO - Processing /home/airflow/.local/lib/python3.7/site-packages/airflow/example_dags/example_branch_python_dop_operator_3.py took 0.115 seconds
