[2023-07-14T19:30:30.602+0000] {processor.py:157} INFO - Started process (PID=84) to work on /home/airflow/.local/lib/python3.7/site-packages/airflow/example_dags/example_python_operator.py
[2023-07-14T19:30:30.605+0000] {processor.py:826} INFO - Processing file /home/airflow/.local/lib/python3.7/site-packages/airflow/example_dags/example_python_operator.py for tasks to queue
[2023-07-14T19:30:30.609+0000] {logging_mixin.py:150} INFO - [2023-07-14T19:30:30.608+0000] {dagbag.py:541} INFO - Filling up the DagBag from /home/airflow/.local/lib/python3.7/site-packages/airflow/example_dags/example_python_operator.py
[2023-07-14T19:30:30.695+0000] {processor.py:836} INFO - DAG(s) dict_keys(['example_python_operator']) retrieved from /home/airflow/.local/lib/python3.7/site-packages/airflow/example_dags/example_python_operator.py
[2023-07-14T19:30:31.153+0000] {logging_mixin.py:150} INFO - [2023-07-14T19:30:31.153+0000] {manager.py:504} INFO - Created Permission View: can read on DAG:example_python_operator
[2023-07-14T19:30:31.230+0000] {logging_mixin.py:150} INFO - [2023-07-14T19:30:31.229+0000] {manager.py:504} INFO - Created Permission View: can edit on DAG:example_python_operator
[2023-07-14T19:30:31.256+0000] {logging_mixin.py:150} INFO - [2023-07-14T19:30:31.255+0000] {manager.py:504} INFO - Created Permission View: can delete on DAG:example_python_operator
[2023-07-14T19:30:31.287+0000] {logging_mixin.py:150} INFO - [2023-07-14T19:30:31.287+0000] {dag.py:2742} INFO - Sync 1 DAGs
[2023-07-14T19:30:31.312+0000] {logging_mixin.py:150} INFO - [2023-07-14T19:30:31.312+0000] {dag.py:2763} INFO - Creating ORM DAG for example_python_operator
[2023-07-14T19:30:31.339+0000] {logging_mixin.py:150} INFO - [2023-07-14T19:30:31.339+0000] {dag.py:3508} INFO - Setting next_dagrun for example_python_operator to None, run_after=None
[2023-07-14T19:30:31.381+0000] {processor.py:179} INFO - Processing /home/airflow/.local/lib/python3.7/site-packages/airflow/example_dags/example_python_operator.py took 0.789 seconds
[2023-07-14T19:31:01.642+0000] {processor.py:157} INFO - Started process (PID=154) to work on /home/airflow/.local/lib/python3.7/site-packages/airflow/example_dags/example_python_operator.py
[2023-07-14T19:31:01.644+0000] {processor.py:826} INFO - Processing file /home/airflow/.local/lib/python3.7/site-packages/airflow/example_dags/example_python_operator.py for tasks to queue
[2023-07-14T19:31:01.646+0000] {logging_mixin.py:150} INFO - [2023-07-14T19:31:01.645+0000] {dagbag.py:541} INFO - Filling up the DagBag from /home/airflow/.local/lib/python3.7/site-packages/airflow/example_dags/example_python_operator.py
[2023-07-14T19:31:01.662+0000] {processor.py:836} INFO - DAG(s) dict_keys(['example_python_operator']) retrieved from /home/airflow/.local/lib/python3.7/site-packages/airflow/example_dags/example_python_operator.py
[2023-07-14T19:31:01.726+0000] {logging_mixin.py:150} INFO - [2023-07-14T19:31:01.726+0000] {dag.py:2742} INFO - Sync 1 DAGs
[2023-07-14T19:31:01.773+0000] {logging_mixin.py:150} INFO - [2023-07-14T19:31:01.773+0000] {dag.py:3508} INFO - Setting next_dagrun for example_python_operator to None, run_after=None
[2023-07-14T19:31:01.812+0000] {processor.py:179} INFO - Processing /home/airflow/.local/lib/python3.7/site-packages/airflow/example_dags/example_python_operator.py took 0.173 seconds
[2023-07-14T19:31:32.340+0000] {processor.py:157} INFO - Started process (PID=224) to work on /home/airflow/.local/lib/python3.7/site-packages/airflow/example_dags/example_python_operator.py
[2023-07-14T19:31:32.343+0000] {processor.py:826} INFO - Processing file /home/airflow/.local/lib/python3.7/site-packages/airflow/example_dags/example_python_operator.py for tasks to queue
[2023-07-14T19:31:32.345+0000] {logging_mixin.py:150} INFO - [2023-07-14T19:31:32.345+0000] {dagbag.py:541} INFO - Filling up the DagBag from /home/airflow/.local/lib/python3.7/site-packages/airflow/example_dags/example_python_operator.py
[2023-07-14T19:31:32.371+0000] {processor.py:836} INFO - DAG(s) dict_keys(['example_python_operator']) retrieved from /home/airflow/.local/lib/python3.7/site-packages/airflow/example_dags/example_python_operator.py
[2023-07-14T19:31:32.434+0000] {logging_mixin.py:150} INFO - [2023-07-14T19:31:32.434+0000] {dag.py:2742} INFO - Sync 1 DAGs
[2023-07-14T19:31:32.510+0000] {logging_mixin.py:150} INFO - [2023-07-14T19:31:32.509+0000] {dag.py:3508} INFO - Setting next_dagrun for example_python_operator to None, run_after=None
[2023-07-14T19:31:32.555+0000] {processor.py:179} INFO - Processing /home/airflow/.local/lib/python3.7/site-packages/airflow/example_dags/example_python_operator.py took 0.222 seconds
[2023-07-14T19:32:02.946+0000] {processor.py:157} INFO - Started process (PID=294) to work on /home/airflow/.local/lib/python3.7/site-packages/airflow/example_dags/example_python_operator.py
[2023-07-14T19:32:02.952+0000] {processor.py:826} INFO - Processing file /home/airflow/.local/lib/python3.7/site-packages/airflow/example_dags/example_python_operator.py for tasks to queue
[2023-07-14T19:32:02.954+0000] {logging_mixin.py:150} INFO - [2023-07-14T19:32:02.954+0000] {dagbag.py:541} INFO - Filling up the DagBag from /home/airflow/.local/lib/python3.7/site-packages/airflow/example_dags/example_python_operator.py
[2023-07-14T19:32:02.983+0000] {processor.py:836} INFO - DAG(s) dict_keys(['example_python_operator']) retrieved from /home/airflow/.local/lib/python3.7/site-packages/airflow/example_dags/example_python_operator.py
[2023-07-14T19:32:03.037+0000] {logging_mixin.py:150} INFO - [2023-07-14T19:32:03.036+0000] {dag.py:2742} INFO - Sync 1 DAGs
[2023-07-14T19:32:03.086+0000] {logging_mixin.py:150} INFO - [2023-07-14T19:32:03.086+0000] {dag.py:3508} INFO - Setting next_dagrun for example_python_operator to None, run_after=None
[2023-07-14T19:32:03.131+0000] {processor.py:179} INFO - Processing /home/airflow/.local/lib/python3.7/site-packages/airflow/example_dags/example_python_operator.py took 0.192 seconds
[2023-07-14T19:32:33.175+0000] {processor.py:157} INFO - Started process (PID=363) to work on /home/airflow/.local/lib/python3.7/site-packages/airflow/example_dags/example_python_operator.py
[2023-07-14T19:32:33.176+0000] {processor.py:826} INFO - Processing file /home/airflow/.local/lib/python3.7/site-packages/airflow/example_dags/example_python_operator.py for tasks to queue
[2023-07-14T19:32:33.178+0000] {logging_mixin.py:150} INFO - [2023-07-14T19:32:33.178+0000] {dagbag.py:541} INFO - Filling up the DagBag from /home/airflow/.local/lib/python3.7/site-packages/airflow/example_dags/example_python_operator.py
[2023-07-14T19:32:33.198+0000] {processor.py:836} INFO - DAG(s) dict_keys(['example_python_operator']) retrieved from /home/airflow/.local/lib/python3.7/site-packages/airflow/example_dags/example_python_operator.py
[2023-07-14T19:32:33.251+0000] {logging_mixin.py:150} INFO - [2023-07-14T19:32:33.251+0000] {dag.py:2742} INFO - Sync 1 DAGs
[2023-07-14T19:32:33.290+0000] {logging_mixin.py:150} INFO - [2023-07-14T19:32:33.290+0000] {dag.py:3508} INFO - Setting next_dagrun for example_python_operator to None, run_after=None
[2023-07-14T19:32:33.328+0000] {processor.py:179} INFO - Processing /home/airflow/.local/lib/python3.7/site-packages/airflow/example_dags/example_python_operator.py took 0.158 seconds
[2023-07-14T19:33:04.093+0000] {processor.py:157} INFO - Started process (PID=434) to work on /home/airflow/.local/lib/python3.7/site-packages/airflow/example_dags/example_python_operator.py
[2023-07-14T19:33:04.095+0000] {processor.py:826} INFO - Processing file /home/airflow/.local/lib/python3.7/site-packages/airflow/example_dags/example_python_operator.py for tasks to queue
[2023-07-14T19:33:04.096+0000] {logging_mixin.py:150} INFO - [2023-07-14T19:33:04.096+0000] {dagbag.py:541} INFO - Filling up the DagBag from /home/airflow/.local/lib/python3.7/site-packages/airflow/example_dags/example_python_operator.py
[2023-07-14T19:33:04.110+0000] {processor.py:836} INFO - DAG(s) dict_keys(['example_python_operator']) retrieved from /home/airflow/.local/lib/python3.7/site-packages/airflow/example_dags/example_python_operator.py
[2023-07-14T19:33:04.144+0000] {logging_mixin.py:150} INFO - [2023-07-14T19:33:04.144+0000] {dag.py:2742} INFO - Sync 1 DAGs
[2023-07-14T19:33:04.179+0000] {logging_mixin.py:150} INFO - [2023-07-14T19:33:04.179+0000] {dag.py:3508} INFO - Setting next_dagrun for example_python_operator to None, run_after=None
[2023-07-14T19:33:04.218+0000] {processor.py:179} INFO - Processing /home/airflow/.local/lib/python3.7/site-packages/airflow/example_dags/example_python_operator.py took 0.128 seconds
[2023-07-14T19:33:34.468+0000] {processor.py:157} INFO - Started process (PID=504) to work on /home/airflow/.local/lib/python3.7/site-packages/airflow/example_dags/example_python_operator.py
[2023-07-14T19:33:34.470+0000] {processor.py:826} INFO - Processing file /home/airflow/.local/lib/python3.7/site-packages/airflow/example_dags/example_python_operator.py for tasks to queue
[2023-07-14T19:33:34.472+0000] {logging_mixin.py:150} INFO - [2023-07-14T19:33:34.471+0000] {dagbag.py:541} INFO - Filling up the DagBag from /home/airflow/.local/lib/python3.7/site-packages/airflow/example_dags/example_python_operator.py
[2023-07-14T19:33:34.484+0000] {processor.py:836} INFO - DAG(s) dict_keys(['example_python_operator']) retrieved from /home/airflow/.local/lib/python3.7/site-packages/airflow/example_dags/example_python_operator.py
[2023-07-14T19:33:34.519+0000] {logging_mixin.py:150} INFO - [2023-07-14T19:33:34.519+0000] {dag.py:2742} INFO - Sync 1 DAGs
[2023-07-14T19:33:34.552+0000] {logging_mixin.py:150} INFO - [2023-07-14T19:33:34.551+0000] {dag.py:3508} INFO - Setting next_dagrun for example_python_operator to None, run_after=None
[2023-07-14T19:33:34.592+0000] {processor.py:179} INFO - Processing /home/airflow/.local/lib/python3.7/site-packages/airflow/example_dags/example_python_operator.py took 0.128 seconds
[2023-07-14T19:34:04.994+0000] {processor.py:157} INFO - Started process (PID=574) to work on /home/airflow/.local/lib/python3.7/site-packages/airflow/example_dags/example_python_operator.py
[2023-07-14T19:34:04.996+0000] {processor.py:826} INFO - Processing file /home/airflow/.local/lib/python3.7/site-packages/airflow/example_dags/example_python_operator.py for tasks to queue
[2023-07-14T19:34:04.999+0000] {logging_mixin.py:150} INFO - [2023-07-14T19:34:04.998+0000] {dagbag.py:541} INFO - Filling up the DagBag from /home/airflow/.local/lib/python3.7/site-packages/airflow/example_dags/example_python_operator.py
[2023-07-14T19:34:05.014+0000] {processor.py:836} INFO - DAG(s) dict_keys(['example_python_operator']) retrieved from /home/airflow/.local/lib/python3.7/site-packages/airflow/example_dags/example_python_operator.py
[2023-07-14T19:34:05.050+0000] {logging_mixin.py:150} INFO - [2023-07-14T19:34:05.050+0000] {dag.py:2742} INFO - Sync 1 DAGs
[2023-07-14T19:34:05.085+0000] {logging_mixin.py:150} INFO - [2023-07-14T19:34:05.084+0000] {dag.py:3508} INFO - Setting next_dagrun for example_python_operator to None, run_after=None
[2023-07-14T19:34:05.117+0000] {processor.py:179} INFO - Processing /home/airflow/.local/lib/python3.7/site-packages/airflow/example_dags/example_python_operator.py took 0.127 seconds
[2023-07-14T19:34:35.378+0000] {processor.py:157} INFO - Started process (PID=644) to work on /home/airflow/.local/lib/python3.7/site-packages/airflow/example_dags/example_python_operator.py
[2023-07-14T19:34:35.380+0000] {processor.py:826} INFO - Processing file /home/airflow/.local/lib/python3.7/site-packages/airflow/example_dags/example_python_operator.py for tasks to queue
[2023-07-14T19:34:35.381+0000] {logging_mixin.py:150} INFO - [2023-07-14T19:34:35.381+0000] {dagbag.py:541} INFO - Filling up the DagBag from /home/airflow/.local/lib/python3.7/site-packages/airflow/example_dags/example_python_operator.py
[2023-07-14T19:34:35.394+0000] {processor.py:836} INFO - DAG(s) dict_keys(['example_python_operator']) retrieved from /home/airflow/.local/lib/python3.7/site-packages/airflow/example_dags/example_python_operator.py
[2023-07-14T19:34:35.428+0000] {logging_mixin.py:150} INFO - [2023-07-14T19:34:35.428+0000] {dag.py:2742} INFO - Sync 1 DAGs
[2023-07-14T19:34:35.462+0000] {logging_mixin.py:150} INFO - [2023-07-14T19:34:35.462+0000] {dag.py:3508} INFO - Setting next_dagrun for example_python_operator to None, run_after=None
[2023-07-14T19:34:35.495+0000] {processor.py:179} INFO - Processing /home/airflow/.local/lib/python3.7/site-packages/airflow/example_dags/example_python_operator.py took 0.121 seconds
[2023-07-14T19:35:06.188+0000] {processor.py:157} INFO - Started process (PID=714) to work on /home/airflow/.local/lib/python3.7/site-packages/airflow/example_dags/example_python_operator.py
[2023-07-14T19:35:06.190+0000] {processor.py:826} INFO - Processing file /home/airflow/.local/lib/python3.7/site-packages/airflow/example_dags/example_python_operator.py for tasks to queue
[2023-07-14T19:35:06.192+0000] {logging_mixin.py:150} INFO - [2023-07-14T19:35:06.192+0000] {dagbag.py:541} INFO - Filling up the DagBag from /home/airflow/.local/lib/python3.7/site-packages/airflow/example_dags/example_python_operator.py
[2023-07-14T19:35:06.206+0000] {processor.py:836} INFO - DAG(s) dict_keys(['example_python_operator']) retrieved from /home/airflow/.local/lib/python3.7/site-packages/airflow/example_dags/example_python_operator.py
[2023-07-14T19:35:06.247+0000] {logging_mixin.py:150} INFO - [2023-07-14T19:35:06.247+0000] {dag.py:2742} INFO - Sync 1 DAGs
[2023-07-14T19:35:06.286+0000] {logging_mixin.py:150} INFO - [2023-07-14T19:35:06.286+0000] {dag.py:3508} INFO - Setting next_dagrun for example_python_operator to None, run_after=None
[2023-07-14T19:35:06.325+0000] {processor.py:179} INFO - Processing /home/airflow/.local/lib/python3.7/site-packages/airflow/example_dags/example_python_operator.py took 0.141 seconds
[2023-07-14T19:35:37.015+0000] {processor.py:157} INFO - Started process (PID=784) to work on /home/airflow/.local/lib/python3.7/site-packages/airflow/example_dags/example_python_operator.py
[2023-07-14T19:35:37.017+0000] {processor.py:826} INFO - Processing file /home/airflow/.local/lib/python3.7/site-packages/airflow/example_dags/example_python_operator.py for tasks to queue
[2023-07-14T19:35:37.018+0000] {logging_mixin.py:150} INFO - [2023-07-14T19:35:37.018+0000] {dagbag.py:541} INFO - Filling up the DagBag from /home/airflow/.local/lib/python3.7/site-packages/airflow/example_dags/example_python_operator.py
[2023-07-14T19:35:37.030+0000] {processor.py:836} INFO - DAG(s) dict_keys(['example_python_operator']) retrieved from /home/airflow/.local/lib/python3.7/site-packages/airflow/example_dags/example_python_operator.py
[2023-07-14T19:35:37.060+0000] {logging_mixin.py:150} INFO - [2023-07-14T19:35:37.060+0000] {dag.py:2742} INFO - Sync 1 DAGs
[2023-07-14T19:35:37.092+0000] {logging_mixin.py:150} INFO - [2023-07-14T19:35:37.091+0000] {dag.py:3508} INFO - Setting next_dagrun for example_python_operator to None, run_after=None
[2023-07-14T19:35:37.125+0000] {processor.py:179} INFO - Processing /home/airflow/.local/lib/python3.7/site-packages/airflow/example_dags/example_python_operator.py took 0.113 seconds
[2023-07-14T19:36:07.453+0000] {processor.py:157} INFO - Started process (PID=854) to work on /home/airflow/.local/lib/python3.7/site-packages/airflow/example_dags/example_python_operator.py
[2023-07-14T19:36:07.454+0000] {processor.py:826} INFO - Processing file /home/airflow/.local/lib/python3.7/site-packages/airflow/example_dags/example_python_operator.py for tasks to queue
[2023-07-14T19:36:07.456+0000] {logging_mixin.py:150} INFO - [2023-07-14T19:36:07.456+0000] {dagbag.py:541} INFO - Filling up the DagBag from /home/airflow/.local/lib/python3.7/site-packages/airflow/example_dags/example_python_operator.py
[2023-07-14T19:36:07.473+0000] {processor.py:836} INFO - DAG(s) dict_keys(['example_python_operator']) retrieved from /home/airflow/.local/lib/python3.7/site-packages/airflow/example_dags/example_python_operator.py
[2023-07-14T19:36:07.509+0000] {logging_mixin.py:150} INFO - [2023-07-14T19:36:07.509+0000] {dag.py:2742} INFO - Sync 1 DAGs
[2023-07-14T19:36:07.545+0000] {logging_mixin.py:150} INFO - [2023-07-14T19:36:07.544+0000] {dag.py:3508} INFO - Setting next_dagrun for example_python_operator to None, run_after=None
[2023-07-14T19:36:07.586+0000] {processor.py:179} INFO - Processing /home/airflow/.local/lib/python3.7/site-packages/airflow/example_dags/example_python_operator.py took 0.138 seconds
[2023-07-14T19:36:38.238+0000] {processor.py:157} INFO - Started process (PID=925) to work on /home/airflow/.local/lib/python3.7/site-packages/airflow/example_dags/example_python_operator.py
[2023-07-14T19:36:38.240+0000] {processor.py:826} INFO - Processing file /home/airflow/.local/lib/python3.7/site-packages/airflow/example_dags/example_python_operator.py for tasks to queue
[2023-07-14T19:36:38.242+0000] {logging_mixin.py:150} INFO - [2023-07-14T19:36:38.242+0000] {dagbag.py:541} INFO - Filling up the DagBag from /home/airflow/.local/lib/python3.7/site-packages/airflow/example_dags/example_python_operator.py
[2023-07-14T19:36:38.254+0000] {processor.py:836} INFO - DAG(s) dict_keys(['example_python_operator']) retrieved from /home/airflow/.local/lib/python3.7/site-packages/airflow/example_dags/example_python_operator.py
[2023-07-14T19:36:38.289+0000] {logging_mixin.py:150} INFO - [2023-07-14T19:36:38.289+0000] {dag.py:2742} INFO - Sync 1 DAGs
[2023-07-14T19:36:38.321+0000] {logging_mixin.py:150} INFO - [2023-07-14T19:36:38.320+0000] {dag.py:3508} INFO - Setting next_dagrun for example_python_operator to None, run_after=None
[2023-07-14T19:36:38.352+0000] {processor.py:179} INFO - Processing /home/airflow/.local/lib/python3.7/site-packages/airflow/example_dags/example_python_operator.py took 0.117 seconds
[2023-07-14T19:37:09.004+0000] {processor.py:157} INFO - Started process (PID=995) to work on /home/airflow/.local/lib/python3.7/site-packages/airflow/example_dags/example_python_operator.py
[2023-07-14T19:37:09.006+0000] {processor.py:826} INFO - Processing file /home/airflow/.local/lib/python3.7/site-packages/airflow/example_dags/example_python_operator.py for tasks to queue
[2023-07-14T19:37:09.007+0000] {logging_mixin.py:150} INFO - [2023-07-14T19:37:09.007+0000] {dagbag.py:541} INFO - Filling up the DagBag from /home/airflow/.local/lib/python3.7/site-packages/airflow/example_dags/example_python_operator.py
[2023-07-14T19:37:09.022+0000] {processor.py:836} INFO - DAG(s) dict_keys(['example_python_operator']) retrieved from /home/airflow/.local/lib/python3.7/site-packages/airflow/example_dags/example_python_operator.py
[2023-07-14T19:37:09.055+0000] {logging_mixin.py:150} INFO - [2023-07-14T19:37:09.055+0000] {dag.py:2742} INFO - Sync 1 DAGs
[2023-07-14T19:37:09.084+0000] {logging_mixin.py:150} INFO - [2023-07-14T19:37:09.083+0000] {dag.py:3508} INFO - Setting next_dagrun for example_python_operator to None, run_after=None
[2023-07-14T19:37:09.116+0000] {processor.py:179} INFO - Processing /home/airflow/.local/lib/python3.7/site-packages/airflow/example_dags/example_python_operator.py took 0.116 seconds
[2023-07-14T19:37:39.826+0000] {processor.py:157} INFO - Started process (PID=1065) to work on /home/airflow/.local/lib/python3.7/site-packages/airflow/example_dags/example_python_operator.py
[2023-07-14T19:37:39.828+0000] {processor.py:826} INFO - Processing file /home/airflow/.local/lib/python3.7/site-packages/airflow/example_dags/example_python_operator.py for tasks to queue
[2023-07-14T19:37:39.830+0000] {logging_mixin.py:150} INFO - [2023-07-14T19:37:39.830+0000] {dagbag.py:541} INFO - Filling up the DagBag from /home/airflow/.local/lib/python3.7/site-packages/airflow/example_dags/example_python_operator.py
[2023-07-14T19:37:39.843+0000] {processor.py:836} INFO - DAG(s) dict_keys(['example_python_operator']) retrieved from /home/airflow/.local/lib/python3.7/site-packages/airflow/example_dags/example_python_operator.py
[2023-07-14T19:37:39.878+0000] {logging_mixin.py:150} INFO - [2023-07-14T19:37:39.878+0000] {dag.py:2742} INFO - Sync 1 DAGs
[2023-07-14T19:37:39.912+0000] {logging_mixin.py:150} INFO - [2023-07-14T19:37:39.912+0000] {dag.py:3508} INFO - Setting next_dagrun for example_python_operator to None, run_after=None
[2023-07-14T19:37:39.948+0000] {processor.py:179} INFO - Processing /home/airflow/.local/lib/python3.7/site-packages/airflow/example_dags/example_python_operator.py took 0.125 seconds
[2023-07-14T19:38:10.790+0000] {processor.py:157} INFO - Started process (PID=1135) to work on /home/airflow/.local/lib/python3.7/site-packages/airflow/example_dags/example_python_operator.py
[2023-07-14T19:38:10.791+0000] {processor.py:826} INFO - Processing file /home/airflow/.local/lib/python3.7/site-packages/airflow/example_dags/example_python_operator.py for tasks to queue
[2023-07-14T19:38:10.795+0000] {logging_mixin.py:150} INFO - [2023-07-14T19:38:10.792+0000] {dagbag.py:541} INFO - Filling up the DagBag from /home/airflow/.local/lib/python3.7/site-packages/airflow/example_dags/example_python_operator.py
[2023-07-14T19:38:10.810+0000] {processor.py:836} INFO - DAG(s) dict_keys(['example_python_operator']) retrieved from /home/airflow/.local/lib/python3.7/site-packages/airflow/example_dags/example_python_operator.py
[2023-07-14T19:38:10.845+0000] {logging_mixin.py:150} INFO - [2023-07-14T19:38:10.844+0000] {dag.py:2742} INFO - Sync 1 DAGs
[2023-07-14T19:38:10.879+0000] {logging_mixin.py:150} INFO - [2023-07-14T19:38:10.879+0000] {dag.py:3508} INFO - Setting next_dagrun for example_python_operator to None, run_after=None
[2023-07-14T19:38:10.917+0000] {processor.py:179} INFO - Processing /home/airflow/.local/lib/python3.7/site-packages/airflow/example_dags/example_python_operator.py took 0.131 seconds
[2023-07-14T19:38:41.586+0000] {processor.py:157} INFO - Started process (PID=1206) to work on /home/airflow/.local/lib/python3.7/site-packages/airflow/example_dags/example_python_operator.py
[2023-07-14T19:38:41.587+0000] {processor.py:826} INFO - Processing file /home/airflow/.local/lib/python3.7/site-packages/airflow/example_dags/example_python_operator.py for tasks to queue
[2023-07-14T19:38:41.589+0000] {logging_mixin.py:150} INFO - [2023-07-14T19:38:41.589+0000] {dagbag.py:541} INFO - Filling up the DagBag from /home/airflow/.local/lib/python3.7/site-packages/airflow/example_dags/example_python_operator.py
[2023-07-14T19:38:41.605+0000] {processor.py:836} INFO - DAG(s) dict_keys(['example_python_operator']) retrieved from /home/airflow/.local/lib/python3.7/site-packages/airflow/example_dags/example_python_operator.py
[2023-07-14T19:38:41.647+0000] {logging_mixin.py:150} INFO - [2023-07-14T19:38:41.646+0000] {dag.py:2742} INFO - Sync 1 DAGs
[2023-07-14T19:38:41.681+0000] {logging_mixin.py:150} INFO - [2023-07-14T19:38:41.681+0000] {dag.py:3508} INFO - Setting next_dagrun for example_python_operator to None, run_after=None
[2023-07-14T19:38:41.713+0000] {processor.py:179} INFO - Processing /home/airflow/.local/lib/python3.7/site-packages/airflow/example_dags/example_python_operator.py took 0.132 seconds
[2023-07-14T19:39:11.810+0000] {processor.py:157} INFO - Started process (PID=1276) to work on /home/airflow/.local/lib/python3.7/site-packages/airflow/example_dags/example_python_operator.py
[2023-07-14T19:39:11.811+0000] {processor.py:826} INFO - Processing file /home/airflow/.local/lib/python3.7/site-packages/airflow/example_dags/example_python_operator.py for tasks to queue
[2023-07-14T19:39:11.813+0000] {logging_mixin.py:150} INFO - [2023-07-14T19:39:11.813+0000] {dagbag.py:541} INFO - Filling up the DagBag from /home/airflow/.local/lib/python3.7/site-packages/airflow/example_dags/example_python_operator.py
[2023-07-14T19:39:11.826+0000] {processor.py:836} INFO - DAG(s) dict_keys(['example_python_operator']) retrieved from /home/airflow/.local/lib/python3.7/site-packages/airflow/example_dags/example_python_operator.py
[2023-07-14T19:39:11.864+0000] {logging_mixin.py:150} INFO - [2023-07-14T19:39:11.864+0000] {dag.py:2742} INFO - Sync 1 DAGs
[2023-07-14T19:39:11.900+0000] {logging_mixin.py:150} INFO - [2023-07-14T19:39:11.900+0000] {dag.py:3508} INFO - Setting next_dagrun for example_python_operator to None, run_after=None
[2023-07-14T19:39:11.936+0000] {processor.py:179} INFO - Processing /home/airflow/.local/lib/python3.7/site-packages/airflow/example_dags/example_python_operator.py took 0.130 seconds
