[2023-07-14T19:30:26.711+0000] {processor.py:157} INFO - Started process (PID=72) to work on /home/airflow/.local/lib/python3.7/site-packages/airflow/example_dags/example_subdag_operator.py
[2023-07-14T19:30:26.714+0000] {processor.py:826} INFO - Processing file /home/airflow/.local/lib/python3.7/site-packages/airflow/example_dags/example_subdag_operator.py for tasks to queue
[2023-07-14T19:30:26.718+0000] {logging_mixin.py:150} INFO - [2023-07-14T19:30:26.717+0000] {dagbag.py:541} INFO - Filling up the DagBag from /home/airflow/.local/lib/python3.7/site-packages/airflow/example_dags/example_subdag_operator.py
[2023-07-14T19:30:26.773+0000] {processor.py:836} INFO - DAG(s) dict_keys(['example_subdag_operator.section-1', 'example_subdag_operator.section-2', 'example_subdag_operator']) retrieved from /home/airflow/.local/lib/python3.7/site-packages/airflow/example_dags/example_subdag_operator.py
[2023-07-14T19:30:27.012+0000] {logging_mixin.py:150} INFO - [2023-07-14T19:30:27.011+0000] {manager.py:504} INFO - Created Permission View: can read on DAG:example_subdag_operator
[2023-07-14T19:30:27.041+0000] {logging_mixin.py:150} INFO - [2023-07-14T19:30:27.040+0000] {manager.py:504} INFO - Created Permission View: can edit on DAG:example_subdag_operator
[2023-07-14T19:30:27.062+0000] {logging_mixin.py:150} INFO - [2023-07-14T19:30:27.062+0000] {manager.py:504} INFO - Created Permission View: can delete on DAG:example_subdag_operator
[2023-07-14T19:30:27.101+0000] {logging_mixin.py:150} INFO - [2023-07-14T19:30:27.101+0000] {dag.py:2742} INFO - Sync 3 DAGs
[2023-07-14T19:30:27.135+0000] {logging_mixin.py:150} INFO - [2023-07-14T19:30:27.135+0000] {dag.py:2763} INFO - Creating ORM DAG for example_subdag_operator.section-1
[2023-07-14T19:30:27.137+0000] {logging_mixin.py:150} INFO - [2023-07-14T19:30:27.137+0000] {dag.py:2763} INFO - Creating ORM DAG for example_subdag_operator.section-2
[2023-07-14T19:30:27.140+0000] {logging_mixin.py:150} INFO - [2023-07-14T19:30:27.139+0000] {dag.py:2763} INFO - Creating ORM DAG for example_subdag_operator
[2023-07-14T19:30:27.164+0000] {logging_mixin.py:150} INFO - [2023-07-14T19:30:27.164+0000] {dag.py:3508} INFO - Setting next_dagrun for example_subdag_operator to 2022-01-01T00:00:00+00:00, run_after=2022-01-01T00:00:00+00:00
[2023-07-14T19:30:27.167+0000] {logging_mixin.py:150} INFO - [2023-07-14T19:30:27.166+0000] {dag.py:3508} INFO - Setting next_dagrun for example_subdag_operator.section-1 to None, run_after=None
[2023-07-14T19:30:27.169+0000] {logging_mixin.py:150} INFO - [2023-07-14T19:30:27.168+0000] {dag.py:3508} INFO - Setting next_dagrun for example_subdag_operator.section-2 to None, run_after=None
[2023-07-14T19:30:27.218+0000] {logging_mixin.py:150} INFO - [2023-07-14T19:30:27.217+0000] {dag.py:2742} INFO - Sync 2 DAGs
[2023-07-14T19:30:27.256+0000] {logging_mixin.py:150} INFO - [2023-07-14T19:30:27.256+0000] {dag.py:3508} INFO - Setting next_dagrun for example_subdag_operator.section-1 to None, run_after=None
[2023-07-14T19:30:27.266+0000] {logging_mixin.py:150} INFO - [2023-07-14T19:30:27.265+0000] {dag.py:3508} INFO - Setting next_dagrun for example_subdag_operator.section-2 to None, run_after=None
[2023-07-14T19:30:27.310+0000] {processor.py:179} INFO - Processing /home/airflow/.local/lib/python3.7/site-packages/airflow/example_dags/example_subdag_operator.py took 0.606 seconds
[2023-07-14T19:30:57.415+0000] {processor.py:157} INFO - Started process (PID=142) to work on /home/airflow/.local/lib/python3.7/site-packages/airflow/example_dags/example_subdag_operator.py
[2023-07-14T19:30:57.417+0000] {processor.py:826} INFO - Processing file /home/airflow/.local/lib/python3.7/site-packages/airflow/example_dags/example_subdag_operator.py for tasks to queue
[2023-07-14T19:30:57.420+0000] {logging_mixin.py:150} INFO - [2023-07-14T19:30:57.419+0000] {dagbag.py:541} INFO - Filling up the DagBag from /home/airflow/.local/lib/python3.7/site-packages/airflow/example_dags/example_subdag_operator.py
[2023-07-14T19:30:57.459+0000] {processor.py:836} INFO - DAG(s) dict_keys(['example_subdag_operator.section-1', 'example_subdag_operator.section-2', 'example_subdag_operator']) retrieved from /home/airflow/.local/lib/python3.7/site-packages/airflow/example_dags/example_subdag_operator.py
[2023-07-14T19:30:57.493+0000] {logging_mixin.py:150} INFO - [2023-07-14T19:30:57.493+0000] {dag.py:2742} INFO - Sync 3 DAGs
[2023-07-14T19:30:57.543+0000] {logging_mixin.py:150} INFO - [2023-07-14T19:30:57.543+0000] {dag.py:3508} INFO - Setting next_dagrun for example_subdag_operator to 2022-01-01T00:00:00+00:00, run_after=2022-01-01T00:00:00+00:00
[2023-07-14T19:30:57.549+0000] {logging_mixin.py:150} INFO - [2023-07-14T19:30:57.549+0000] {dag.py:3508} INFO - Setting next_dagrun for example_subdag_operator.section-1 to None, run_after=None
[2023-07-14T19:30:57.553+0000] {logging_mixin.py:150} INFO - [2023-07-14T19:30:57.552+0000] {dag.py:3508} INFO - Setting next_dagrun for example_subdag_operator.section-2 to None, run_after=None
[2023-07-14T19:30:57.568+0000] {logging_mixin.py:150} INFO - [2023-07-14T19:30:57.568+0000] {dag.py:2742} INFO - Sync 2 DAGs
[2023-07-14T19:30:57.583+0000] {logging_mixin.py:150} INFO - [2023-07-14T19:30:57.582+0000] {dag.py:3508} INFO - Setting next_dagrun for example_subdag_operator.section-1 to None, run_after=None
[2023-07-14T19:30:57.585+0000] {logging_mixin.py:150} INFO - [2023-07-14T19:30:57.584+0000] {dag.py:3508} INFO - Setting next_dagrun for example_subdag_operator.section-2 to None, run_after=None
[2023-07-14T19:30:57.612+0000] {processor.py:179} INFO - Processing /home/airflow/.local/lib/python3.7/site-packages/airflow/example_dags/example_subdag_operator.py took 0.201 seconds
[2023-07-14T19:31:28.165+0000] {processor.py:157} INFO - Started process (PID=212) to work on /home/airflow/.local/lib/python3.7/site-packages/airflow/example_dags/example_subdag_operator.py
[2023-07-14T19:31:28.166+0000] {processor.py:826} INFO - Processing file /home/airflow/.local/lib/python3.7/site-packages/airflow/example_dags/example_subdag_operator.py for tasks to queue
[2023-07-14T19:31:28.169+0000] {logging_mixin.py:150} INFO - [2023-07-14T19:31:28.168+0000] {dagbag.py:541} INFO - Filling up the DagBag from /home/airflow/.local/lib/python3.7/site-packages/airflow/example_dags/example_subdag_operator.py
[2023-07-14T19:31:28.199+0000] {processor.py:836} INFO - DAG(s) dict_keys(['example_subdag_operator.section-1', 'example_subdag_operator.section-2', 'example_subdag_operator']) retrieved from /home/airflow/.local/lib/python3.7/site-packages/airflow/example_dags/example_subdag_operator.py
[2023-07-14T19:31:28.226+0000] {logging_mixin.py:150} INFO - [2023-07-14T19:31:28.226+0000] {dag.py:2742} INFO - Sync 3 DAGs
[2023-07-14T19:31:28.257+0000] {logging_mixin.py:150} INFO - [2023-07-14T19:31:28.257+0000] {dag.py:3508} INFO - Setting next_dagrun for example_subdag_operator to 2022-01-01T00:00:00+00:00, run_after=2022-01-01T00:00:00+00:00
[2023-07-14T19:31:28.262+0000] {logging_mixin.py:150} INFO - [2023-07-14T19:31:28.262+0000] {dag.py:3508} INFO - Setting next_dagrun for example_subdag_operator.section-1 to None, run_after=None
[2023-07-14T19:31:28.264+0000] {logging_mixin.py:150} INFO - [2023-07-14T19:31:28.264+0000] {dag.py:3508} INFO - Setting next_dagrun for example_subdag_operator.section-2 to None, run_after=None
[2023-07-14T19:31:28.275+0000] {logging_mixin.py:150} INFO - [2023-07-14T19:31:28.275+0000] {dag.py:2742} INFO - Sync 2 DAGs
[2023-07-14T19:31:28.286+0000] {logging_mixin.py:150} INFO - [2023-07-14T19:31:28.286+0000] {dag.py:3508} INFO - Setting next_dagrun for example_subdag_operator.section-1 to None, run_after=None
[2023-07-14T19:31:28.287+0000] {logging_mixin.py:150} INFO - [2023-07-14T19:31:28.287+0000] {dag.py:3508} INFO - Setting next_dagrun for example_subdag_operator.section-2 to None, run_after=None
[2023-07-14T19:31:28.305+0000] {processor.py:179} INFO - Processing /home/airflow/.local/lib/python3.7/site-packages/airflow/example_dags/example_subdag_operator.py took 0.144 seconds
[2023-07-14T19:31:58.901+0000] {processor.py:157} INFO - Started process (PID=282) to work on /home/airflow/.local/lib/python3.7/site-packages/airflow/example_dags/example_subdag_operator.py
[2023-07-14T19:31:58.902+0000] {processor.py:826} INFO - Processing file /home/airflow/.local/lib/python3.7/site-packages/airflow/example_dags/example_subdag_operator.py for tasks to queue
[2023-07-14T19:31:58.904+0000] {logging_mixin.py:150} INFO - [2023-07-14T19:31:58.904+0000] {dagbag.py:541} INFO - Filling up the DagBag from /home/airflow/.local/lib/python3.7/site-packages/airflow/example_dags/example_subdag_operator.py
[2023-07-14T19:31:58.936+0000] {processor.py:836} INFO - DAG(s) dict_keys(['example_subdag_operator.section-1', 'example_subdag_operator.section-2', 'example_subdag_operator']) retrieved from /home/airflow/.local/lib/python3.7/site-packages/airflow/example_dags/example_subdag_operator.py
[2023-07-14T19:31:58.962+0000] {logging_mixin.py:150} INFO - [2023-07-14T19:31:58.962+0000] {dag.py:2742} INFO - Sync 3 DAGs
[2023-07-14T19:31:58.996+0000] {logging_mixin.py:150} INFO - [2023-07-14T19:31:58.996+0000] {dag.py:3508} INFO - Setting next_dagrun for example_subdag_operator to 2022-01-01T00:00:00+00:00, run_after=2022-01-01T00:00:00+00:00
[2023-07-14T19:31:59.001+0000] {logging_mixin.py:150} INFO - [2023-07-14T19:31:59.000+0000] {dag.py:3508} INFO - Setting next_dagrun for example_subdag_operator.section-1 to None, run_after=None
[2023-07-14T19:31:59.003+0000] {logging_mixin.py:150} INFO - [2023-07-14T19:31:59.003+0000] {dag.py:3508} INFO - Setting next_dagrun for example_subdag_operator.section-2 to None, run_after=None
[2023-07-14T19:31:59.013+0000] {logging_mixin.py:150} INFO - [2023-07-14T19:31:59.012+0000] {dag.py:2742} INFO - Sync 2 DAGs
[2023-07-14T19:31:59.020+0000] {logging_mixin.py:150} INFO - [2023-07-14T19:31:59.020+0000] {dag.py:3508} INFO - Setting next_dagrun for example_subdag_operator.section-1 to None, run_after=None
[2023-07-14T19:31:59.021+0000] {logging_mixin.py:150} INFO - [2023-07-14T19:31:59.021+0000] {dag.py:3508} INFO - Setting next_dagrun for example_subdag_operator.section-2 to None, run_after=None
[2023-07-14T19:31:59.041+0000] {processor.py:179} INFO - Processing /home/airflow/.local/lib/python3.7/site-packages/airflow/example_dags/example_subdag_operator.py took 0.144 seconds
[2023-07-14T19:32:29.292+0000] {processor.py:157} INFO - Started process (PID=352) to work on /home/airflow/.local/lib/python3.7/site-packages/airflow/example_dags/example_subdag_operator.py
[2023-07-14T19:32:29.294+0000] {processor.py:826} INFO - Processing file /home/airflow/.local/lib/python3.7/site-packages/airflow/example_dags/example_subdag_operator.py for tasks to queue
[2023-07-14T19:32:29.295+0000] {logging_mixin.py:150} INFO - [2023-07-14T19:32:29.295+0000] {dagbag.py:541} INFO - Filling up the DagBag from /home/airflow/.local/lib/python3.7/site-packages/airflow/example_dags/example_subdag_operator.py
[2023-07-14T19:32:29.335+0000] {processor.py:836} INFO - DAG(s) dict_keys(['example_subdag_operator.section-1', 'example_subdag_operator.section-2', 'example_subdag_operator']) retrieved from /home/airflow/.local/lib/python3.7/site-packages/airflow/example_dags/example_subdag_operator.py
[2023-07-14T19:32:29.364+0000] {logging_mixin.py:150} INFO - [2023-07-14T19:32:29.364+0000] {dag.py:2742} INFO - Sync 3 DAGs
[2023-07-14T19:32:29.403+0000] {logging_mixin.py:150} INFO - [2023-07-14T19:32:29.403+0000] {dag.py:3508} INFO - Setting next_dagrun for example_subdag_operator to 2022-01-01T00:00:00+00:00, run_after=2022-01-01T00:00:00+00:00
[2023-07-14T19:32:29.409+0000] {logging_mixin.py:150} INFO - [2023-07-14T19:32:29.408+0000] {dag.py:3508} INFO - Setting next_dagrun for example_subdag_operator.section-1 to None, run_after=None
[2023-07-14T19:32:29.411+0000] {logging_mixin.py:150} INFO - [2023-07-14T19:32:29.411+0000] {dag.py:3508} INFO - Setting next_dagrun for example_subdag_operator.section-2 to None, run_after=None
[2023-07-14T19:32:29.421+0000] {logging_mixin.py:150} INFO - [2023-07-14T19:32:29.420+0000] {dag.py:2742} INFO - Sync 2 DAGs
[2023-07-14T19:32:29.429+0000] {logging_mixin.py:150} INFO - [2023-07-14T19:32:29.428+0000] {dag.py:3508} INFO - Setting next_dagrun for example_subdag_operator.section-1 to None, run_after=None
[2023-07-14T19:32:29.430+0000] {logging_mixin.py:150} INFO - [2023-07-14T19:32:29.430+0000] {dag.py:3508} INFO - Setting next_dagrun for example_subdag_operator.section-2 to None, run_after=None
[2023-07-14T19:32:29.451+0000] {processor.py:179} INFO - Processing /home/airflow/.local/lib/python3.7/site-packages/airflow/example_dags/example_subdag_operator.py took 0.162 seconds
[2023-07-14T19:33:00.139+0000] {processor.py:157} INFO - Started process (PID=422) to work on /home/airflow/.local/lib/python3.7/site-packages/airflow/example_dags/example_subdag_operator.py
[2023-07-14T19:33:00.141+0000] {processor.py:826} INFO - Processing file /home/airflow/.local/lib/python3.7/site-packages/airflow/example_dags/example_subdag_operator.py for tasks to queue
[2023-07-14T19:33:00.143+0000] {logging_mixin.py:150} INFO - [2023-07-14T19:33:00.142+0000] {dagbag.py:541} INFO - Filling up the DagBag from /home/airflow/.local/lib/python3.7/site-packages/airflow/example_dags/example_subdag_operator.py
[2023-07-14T19:33:00.177+0000] {processor.py:836} INFO - DAG(s) dict_keys(['example_subdag_operator.section-1', 'example_subdag_operator.section-2', 'example_subdag_operator']) retrieved from /home/airflow/.local/lib/python3.7/site-packages/airflow/example_dags/example_subdag_operator.py
[2023-07-14T19:33:00.205+0000] {logging_mixin.py:150} INFO - [2023-07-14T19:33:00.205+0000] {dag.py:2742} INFO - Sync 3 DAGs
[2023-07-14T19:33:00.230+0000] {logging_mixin.py:150} INFO - [2023-07-14T19:33:00.230+0000] {dag.py:3508} INFO - Setting next_dagrun for example_subdag_operator to 2022-01-01T00:00:00+00:00, run_after=2022-01-01T00:00:00+00:00
[2023-07-14T19:33:00.235+0000] {logging_mixin.py:150} INFO - [2023-07-14T19:33:00.235+0000] {dag.py:3508} INFO - Setting next_dagrun for example_subdag_operator.section-1 to None, run_after=None
[2023-07-14T19:33:00.237+0000] {logging_mixin.py:150} INFO - [2023-07-14T19:33:00.237+0000] {dag.py:3508} INFO - Setting next_dagrun for example_subdag_operator.section-2 to None, run_after=None
[2023-07-14T19:33:00.246+0000] {logging_mixin.py:150} INFO - [2023-07-14T19:33:00.246+0000] {dag.py:2742} INFO - Sync 2 DAGs
[2023-07-14T19:33:00.254+0000] {logging_mixin.py:150} INFO - [2023-07-14T19:33:00.253+0000] {dag.py:3508} INFO - Setting next_dagrun for example_subdag_operator.section-1 to None, run_after=None
[2023-07-14T19:33:00.255+0000] {logging_mixin.py:150} INFO - [2023-07-14T19:33:00.255+0000] {dag.py:3508} INFO - Setting next_dagrun for example_subdag_operator.section-2 to None, run_after=None
[2023-07-14T19:33:00.278+0000] {processor.py:179} INFO - Processing /home/airflow/.local/lib/python3.7/site-packages/airflow/example_dags/example_subdag_operator.py took 0.144 seconds
[2023-07-14T19:33:30.426+0000] {processor.py:157} INFO - Started process (PID=492) to work on /home/airflow/.local/lib/python3.7/site-packages/airflow/example_dags/example_subdag_operator.py
[2023-07-14T19:33:30.428+0000] {processor.py:826} INFO - Processing file /home/airflow/.local/lib/python3.7/site-packages/airflow/example_dags/example_subdag_operator.py for tasks to queue
[2023-07-14T19:33:30.429+0000] {logging_mixin.py:150} INFO - [2023-07-14T19:33:30.429+0000] {dagbag.py:541} INFO - Filling up the DagBag from /home/airflow/.local/lib/python3.7/site-packages/airflow/example_dags/example_subdag_operator.py
[2023-07-14T19:33:30.460+0000] {processor.py:836} INFO - DAG(s) dict_keys(['example_subdag_operator.section-1', 'example_subdag_operator.section-2', 'example_subdag_operator']) retrieved from /home/airflow/.local/lib/python3.7/site-packages/airflow/example_dags/example_subdag_operator.py
[2023-07-14T19:33:30.488+0000] {logging_mixin.py:150} INFO - [2023-07-14T19:33:30.487+0000] {dag.py:2742} INFO - Sync 3 DAGs
[2023-07-14T19:33:30.514+0000] {logging_mixin.py:150} INFO - [2023-07-14T19:33:30.513+0000] {dag.py:3508} INFO - Setting next_dagrun for example_subdag_operator to 2022-01-01T00:00:00+00:00, run_after=2022-01-01T00:00:00+00:00
[2023-07-14T19:33:30.518+0000] {logging_mixin.py:150} INFO - [2023-07-14T19:33:30.518+0000] {dag.py:3508} INFO - Setting next_dagrun for example_subdag_operator.section-1 to None, run_after=None
[2023-07-14T19:33:30.521+0000] {logging_mixin.py:150} INFO - [2023-07-14T19:33:30.520+0000] {dag.py:3508} INFO - Setting next_dagrun for example_subdag_operator.section-2 to None, run_after=None
[2023-07-14T19:33:30.529+0000] {logging_mixin.py:150} INFO - [2023-07-14T19:33:30.529+0000] {dag.py:2742} INFO - Sync 2 DAGs
[2023-07-14T19:33:30.536+0000] {logging_mixin.py:150} INFO - [2023-07-14T19:33:30.535+0000] {dag.py:3508} INFO - Setting next_dagrun for example_subdag_operator.section-1 to None, run_after=None
[2023-07-14T19:33:30.537+0000] {logging_mixin.py:150} INFO - [2023-07-14T19:33:30.537+0000] {dag.py:3508} INFO - Setting next_dagrun for example_subdag_operator.section-2 to None, run_after=None
[2023-07-14T19:33:30.558+0000] {processor.py:179} INFO - Processing /home/airflow/.local/lib/python3.7/site-packages/airflow/example_dags/example_subdag_operator.py took 0.136 seconds
[2023-07-14T19:34:01.014+0000] {processor.py:157} INFO - Started process (PID=562) to work on /home/airflow/.local/lib/python3.7/site-packages/airflow/example_dags/example_subdag_operator.py
[2023-07-14T19:34:01.015+0000] {processor.py:826} INFO - Processing file /home/airflow/.local/lib/python3.7/site-packages/airflow/example_dags/example_subdag_operator.py for tasks to queue
[2023-07-14T19:34:01.017+0000] {logging_mixin.py:150} INFO - [2023-07-14T19:34:01.016+0000] {dagbag.py:541} INFO - Filling up the DagBag from /home/airflow/.local/lib/python3.7/site-packages/airflow/example_dags/example_subdag_operator.py
[2023-07-14T19:34:01.049+0000] {processor.py:836} INFO - DAG(s) dict_keys(['example_subdag_operator.section-1', 'example_subdag_operator.section-2', 'example_subdag_operator']) retrieved from /home/airflow/.local/lib/python3.7/site-packages/airflow/example_dags/example_subdag_operator.py
[2023-07-14T19:34:01.076+0000] {logging_mixin.py:150} INFO - [2023-07-14T19:34:01.076+0000] {dag.py:2742} INFO - Sync 3 DAGs
[2023-07-14T19:34:01.103+0000] {logging_mixin.py:150} INFO - [2023-07-14T19:34:01.103+0000] {dag.py:3508} INFO - Setting next_dagrun for example_subdag_operator to 2022-01-01T00:00:00+00:00, run_after=2022-01-01T00:00:00+00:00
[2023-07-14T19:34:01.108+0000] {logging_mixin.py:150} INFO - [2023-07-14T19:34:01.108+0000] {dag.py:3508} INFO - Setting next_dagrun for example_subdag_operator.section-1 to None, run_after=None
[2023-07-14T19:34:01.110+0000] {logging_mixin.py:150} INFO - [2023-07-14T19:34:01.110+0000] {dag.py:3508} INFO - Setting next_dagrun for example_subdag_operator.section-2 to None, run_after=None
[2023-07-14T19:34:01.119+0000] {logging_mixin.py:150} INFO - [2023-07-14T19:34:01.119+0000] {dag.py:2742} INFO - Sync 2 DAGs
[2023-07-14T19:34:01.126+0000] {logging_mixin.py:150} INFO - [2023-07-14T19:34:01.126+0000] {dag.py:3508} INFO - Setting next_dagrun for example_subdag_operator.section-1 to None, run_after=None
[2023-07-14T19:34:01.127+0000] {logging_mixin.py:150} INFO - [2023-07-14T19:34:01.127+0000] {dag.py:3508} INFO - Setting next_dagrun for example_subdag_operator.section-2 to None, run_after=None
[2023-07-14T19:34:01.149+0000] {processor.py:179} INFO - Processing /home/airflow/.local/lib/python3.7/site-packages/airflow/example_dags/example_subdag_operator.py took 0.140 seconds
[2023-07-14T19:34:31.305+0000] {processor.py:157} INFO - Started process (PID=632) to work on /home/airflow/.local/lib/python3.7/site-packages/airflow/example_dags/example_subdag_operator.py
[2023-07-14T19:34:31.306+0000] {processor.py:826} INFO - Processing file /home/airflow/.local/lib/python3.7/site-packages/airflow/example_dags/example_subdag_operator.py for tasks to queue
[2023-07-14T19:34:31.308+0000] {logging_mixin.py:150} INFO - [2023-07-14T19:34:31.308+0000] {dagbag.py:541} INFO - Filling up the DagBag from /home/airflow/.local/lib/python3.7/site-packages/airflow/example_dags/example_subdag_operator.py
[2023-07-14T19:34:31.349+0000] {processor.py:836} INFO - DAG(s) dict_keys(['example_subdag_operator.section-1', 'example_subdag_operator.section-2', 'example_subdag_operator']) retrieved from /home/airflow/.local/lib/python3.7/site-packages/airflow/example_dags/example_subdag_operator.py
[2023-07-14T19:34:31.375+0000] {logging_mixin.py:150} INFO - [2023-07-14T19:34:31.375+0000] {dag.py:2742} INFO - Sync 3 DAGs
[2023-07-14T19:34:31.403+0000] {logging_mixin.py:150} INFO - [2023-07-14T19:34:31.403+0000] {dag.py:3508} INFO - Setting next_dagrun for example_subdag_operator to 2022-01-01T00:00:00+00:00, run_after=2022-01-01T00:00:00+00:00
[2023-07-14T19:34:31.408+0000] {logging_mixin.py:150} INFO - [2023-07-14T19:34:31.408+0000] {dag.py:3508} INFO - Setting next_dagrun for example_subdag_operator.section-1 to None, run_after=None
[2023-07-14T19:34:31.410+0000] {logging_mixin.py:150} INFO - [2023-07-14T19:34:31.410+0000] {dag.py:3508} INFO - Setting next_dagrun for example_subdag_operator.section-2 to None, run_after=None
[2023-07-14T19:34:31.419+0000] {logging_mixin.py:150} INFO - [2023-07-14T19:34:31.419+0000] {dag.py:2742} INFO - Sync 2 DAGs
[2023-07-14T19:34:31.426+0000] {logging_mixin.py:150} INFO - [2023-07-14T19:34:31.425+0000] {dag.py:3508} INFO - Setting next_dagrun for example_subdag_operator.section-1 to None, run_after=None
[2023-07-14T19:34:31.427+0000] {logging_mixin.py:150} INFO - [2023-07-14T19:34:31.427+0000] {dag.py:3508} INFO - Setting next_dagrun for example_subdag_operator.section-2 to None, run_after=None
[2023-07-14T19:34:31.442+0000] {processor.py:179} INFO - Processing /home/airflow/.local/lib/python3.7/site-packages/airflow/example_dags/example_subdag_operator.py took 0.140 seconds
[2023-07-14T19:35:02.221+0000] {processor.py:157} INFO - Started process (PID=702) to work on /home/airflow/.local/lib/python3.7/site-packages/airflow/example_dags/example_subdag_operator.py
[2023-07-14T19:35:02.223+0000] {processor.py:826} INFO - Processing file /home/airflow/.local/lib/python3.7/site-packages/airflow/example_dags/example_subdag_operator.py for tasks to queue
[2023-07-14T19:35:02.225+0000] {logging_mixin.py:150} INFO - [2023-07-14T19:35:02.224+0000] {dagbag.py:541} INFO - Filling up the DagBag from /home/airflow/.local/lib/python3.7/site-packages/airflow/example_dags/example_subdag_operator.py
[2023-07-14T19:35:02.261+0000] {processor.py:836} INFO - DAG(s) dict_keys(['example_subdag_operator.section-1', 'example_subdag_operator.section-2', 'example_subdag_operator']) retrieved from /home/airflow/.local/lib/python3.7/site-packages/airflow/example_dags/example_subdag_operator.py
[2023-07-14T19:35:02.286+0000] {logging_mixin.py:150} INFO - [2023-07-14T19:35:02.286+0000] {dag.py:2742} INFO - Sync 3 DAGs
[2023-07-14T19:35:02.330+0000] {logging_mixin.py:150} INFO - [2023-07-14T19:35:02.330+0000] {dag.py:3508} INFO - Setting next_dagrun for example_subdag_operator to 2022-01-01T00:00:00+00:00, run_after=2022-01-01T00:00:00+00:00
[2023-07-14T19:35:02.337+0000] {logging_mixin.py:150} INFO - [2023-07-14T19:35:02.337+0000] {dag.py:3508} INFO - Setting next_dagrun for example_subdag_operator.section-1 to None, run_after=None
[2023-07-14T19:35:02.339+0000] {logging_mixin.py:150} INFO - [2023-07-14T19:35:02.339+0000] {dag.py:3508} INFO - Setting next_dagrun for example_subdag_operator.section-2 to None, run_after=None
[2023-07-14T19:35:02.351+0000] {logging_mixin.py:150} INFO - [2023-07-14T19:35:02.351+0000] {dag.py:2742} INFO - Sync 2 DAGs
[2023-07-14T19:35:02.361+0000] {logging_mixin.py:150} INFO - [2023-07-14T19:35:02.361+0000] {dag.py:3508} INFO - Setting next_dagrun for example_subdag_operator.section-1 to None, run_after=None
[2023-07-14T19:35:02.362+0000] {logging_mixin.py:150} INFO - [2023-07-14T19:35:02.362+0000] {dag.py:3508} INFO - Setting next_dagrun for example_subdag_operator.section-2 to None, run_after=None
[2023-07-14T19:35:02.383+0000] {processor.py:179} INFO - Processing /home/airflow/.local/lib/python3.7/site-packages/airflow/example_dags/example_subdag_operator.py took 0.166 seconds
[2023-07-14T19:35:33.006+0000] {processor.py:157} INFO - Started process (PID=772) to work on /home/airflow/.local/lib/python3.7/site-packages/airflow/example_dags/example_subdag_operator.py
[2023-07-14T19:35:33.008+0000] {processor.py:826} INFO - Processing file /home/airflow/.local/lib/python3.7/site-packages/airflow/example_dags/example_subdag_operator.py for tasks to queue
[2023-07-14T19:35:33.009+0000] {logging_mixin.py:150} INFO - [2023-07-14T19:35:33.009+0000] {dagbag.py:541} INFO - Filling up the DagBag from /home/airflow/.local/lib/python3.7/site-packages/airflow/example_dags/example_subdag_operator.py
[2023-07-14T19:35:33.041+0000] {processor.py:836} INFO - DAG(s) dict_keys(['example_subdag_operator.section-1', 'example_subdag_operator.section-2', 'example_subdag_operator']) retrieved from /home/airflow/.local/lib/python3.7/site-packages/airflow/example_dags/example_subdag_operator.py
[2023-07-14T19:35:33.086+0000] {logging_mixin.py:150} INFO - [2023-07-14T19:35:33.085+0000] {dag.py:2742} INFO - Sync 3 DAGs
[2023-07-14T19:35:33.120+0000] {logging_mixin.py:150} INFO - [2023-07-14T19:35:33.120+0000] {dag.py:3508} INFO - Setting next_dagrun for example_subdag_operator to 2022-01-01T00:00:00+00:00, run_after=2022-01-01T00:00:00+00:00
[2023-07-14T19:35:33.126+0000] {logging_mixin.py:150} INFO - [2023-07-14T19:35:33.126+0000] {dag.py:3508} INFO - Setting next_dagrun for example_subdag_operator.section-1 to None, run_after=None
[2023-07-14T19:35:33.129+0000] {logging_mixin.py:150} INFO - [2023-07-14T19:35:33.129+0000] {dag.py:3508} INFO - Setting next_dagrun for example_subdag_operator.section-2 to None, run_after=None
[2023-07-14T19:35:33.141+0000] {logging_mixin.py:150} INFO - [2023-07-14T19:35:33.140+0000] {dag.py:2742} INFO - Sync 2 DAGs
[2023-07-14T19:35:33.148+0000] {logging_mixin.py:150} INFO - [2023-07-14T19:35:33.148+0000] {dag.py:3508} INFO - Setting next_dagrun for example_subdag_operator.section-1 to None, run_after=None
[2023-07-14T19:35:33.150+0000] {logging_mixin.py:150} INFO - [2023-07-14T19:35:33.149+0000] {dag.py:3508} INFO - Setting next_dagrun for example_subdag_operator.section-2 to None, run_after=None
[2023-07-14T19:35:33.169+0000] {processor.py:179} INFO - Processing /home/airflow/.local/lib/python3.7/site-packages/airflow/example_dags/example_subdag_operator.py took 0.168 seconds
[2023-07-14T19:36:03.550+0000] {processor.py:157} INFO - Started process (PID=842) to work on /home/airflow/.local/lib/python3.7/site-packages/airflow/example_dags/example_subdag_operator.py
[2023-07-14T19:36:03.552+0000] {processor.py:826} INFO - Processing file /home/airflow/.local/lib/python3.7/site-packages/airflow/example_dags/example_subdag_operator.py for tasks to queue
[2023-07-14T19:36:03.553+0000] {logging_mixin.py:150} INFO - [2023-07-14T19:36:03.553+0000] {dagbag.py:541} INFO - Filling up the DagBag from /home/airflow/.local/lib/python3.7/site-packages/airflow/example_dags/example_subdag_operator.py
[2023-07-14T19:36:03.587+0000] {processor.py:836} INFO - DAG(s) dict_keys(['example_subdag_operator.section-1', 'example_subdag_operator.section-2', 'example_subdag_operator']) retrieved from /home/airflow/.local/lib/python3.7/site-packages/airflow/example_dags/example_subdag_operator.py
[2023-07-14T19:36:03.611+0000] {logging_mixin.py:150} INFO - [2023-07-14T19:36:03.611+0000] {dag.py:2742} INFO - Sync 3 DAGs
[2023-07-14T19:36:03.650+0000] {logging_mixin.py:150} INFO - [2023-07-14T19:36:03.649+0000] {dag.py:3508} INFO - Setting next_dagrun for example_subdag_operator to 2022-01-01T00:00:00+00:00, run_after=2022-01-01T00:00:00+00:00
[2023-07-14T19:36:03.654+0000] {logging_mixin.py:150} INFO - [2023-07-14T19:36:03.654+0000] {dag.py:3508} INFO - Setting next_dagrun for example_subdag_operator.section-1 to None, run_after=None
[2023-07-14T19:36:03.657+0000] {logging_mixin.py:150} INFO - [2023-07-14T19:36:03.657+0000] {dag.py:3508} INFO - Setting next_dagrun for example_subdag_operator.section-2 to None, run_after=None
[2023-07-14T19:36:03.667+0000] {logging_mixin.py:150} INFO - [2023-07-14T19:36:03.667+0000] {dag.py:2742} INFO - Sync 2 DAGs
[2023-07-14T19:36:03.676+0000] {logging_mixin.py:150} INFO - [2023-07-14T19:36:03.675+0000] {dag.py:3508} INFO - Setting next_dagrun for example_subdag_operator.section-1 to None, run_after=None
[2023-07-14T19:36:03.678+0000] {logging_mixin.py:150} INFO - [2023-07-14T19:36:03.677+0000] {dag.py:3508} INFO - Setting next_dagrun for example_subdag_operator.section-2 to None, run_after=None
[2023-07-14T19:36:03.700+0000] {processor.py:179} INFO - Processing /home/airflow/.local/lib/python3.7/site-packages/airflow/example_dags/example_subdag_operator.py took 0.154 seconds
[2023-07-14T19:36:34.438+0000] {processor.py:157} INFO - Started process (PID=913) to work on /home/airflow/.local/lib/python3.7/site-packages/airflow/example_dags/example_subdag_operator.py
[2023-07-14T19:36:34.439+0000] {processor.py:826} INFO - Processing file /home/airflow/.local/lib/python3.7/site-packages/airflow/example_dags/example_subdag_operator.py for tasks to queue
[2023-07-14T19:36:34.441+0000] {logging_mixin.py:150} INFO - [2023-07-14T19:36:34.441+0000] {dagbag.py:541} INFO - Filling up the DagBag from /home/airflow/.local/lib/python3.7/site-packages/airflow/example_dags/example_subdag_operator.py
[2023-07-14T19:36:34.472+0000] {processor.py:836} INFO - DAG(s) dict_keys(['example_subdag_operator.section-1', 'example_subdag_operator.section-2', 'example_subdag_operator']) retrieved from /home/airflow/.local/lib/python3.7/site-packages/airflow/example_dags/example_subdag_operator.py
[2023-07-14T19:36:34.498+0000] {logging_mixin.py:150} INFO - [2023-07-14T19:36:34.498+0000] {dag.py:2742} INFO - Sync 3 DAGs
[2023-07-14T19:36:34.527+0000] {logging_mixin.py:150} INFO - [2023-07-14T19:36:34.527+0000] {dag.py:3508} INFO - Setting next_dagrun for example_subdag_operator to 2022-01-01T00:00:00+00:00, run_after=2022-01-01T00:00:00+00:00
[2023-07-14T19:36:34.532+0000] {logging_mixin.py:150} INFO - [2023-07-14T19:36:34.532+0000] {dag.py:3508} INFO - Setting next_dagrun for example_subdag_operator.section-1 to None, run_after=None
[2023-07-14T19:36:34.534+0000] {logging_mixin.py:150} INFO - [2023-07-14T19:36:34.534+0000] {dag.py:3508} INFO - Setting next_dagrun for example_subdag_operator.section-2 to None, run_after=None
[2023-07-14T19:36:34.543+0000] {logging_mixin.py:150} INFO - [2023-07-14T19:36:34.543+0000] {dag.py:2742} INFO - Sync 2 DAGs
[2023-07-14T19:36:34.552+0000] {logging_mixin.py:150} INFO - [2023-07-14T19:36:34.552+0000] {dag.py:3508} INFO - Setting next_dagrun for example_subdag_operator.section-1 to None, run_after=None
[2023-07-14T19:36:34.554+0000] {logging_mixin.py:150} INFO - [2023-07-14T19:36:34.554+0000] {dag.py:3508} INFO - Setting next_dagrun for example_subdag_operator.section-2 to None, run_after=None
[2023-07-14T19:36:34.576+0000] {processor.py:179} INFO - Processing /home/airflow/.local/lib/python3.7/site-packages/airflow/example_dags/example_subdag_operator.py took 0.141 seconds
[2023-07-14T19:37:05.126+0000] {processor.py:157} INFO - Started process (PID=983) to work on /home/airflow/.local/lib/python3.7/site-packages/airflow/example_dags/example_subdag_operator.py
[2023-07-14T19:37:05.127+0000] {processor.py:826} INFO - Processing file /home/airflow/.local/lib/python3.7/site-packages/airflow/example_dags/example_subdag_operator.py for tasks to queue
[2023-07-14T19:37:05.129+0000] {logging_mixin.py:150} INFO - [2023-07-14T19:37:05.129+0000] {dagbag.py:541} INFO - Filling up the DagBag from /home/airflow/.local/lib/python3.7/site-packages/airflow/example_dags/example_subdag_operator.py
[2023-07-14T19:37:05.165+0000] {processor.py:836} INFO - DAG(s) dict_keys(['example_subdag_operator.section-1', 'example_subdag_operator.section-2', 'example_subdag_operator']) retrieved from /home/airflow/.local/lib/python3.7/site-packages/airflow/example_dags/example_subdag_operator.py
[2023-07-14T19:37:05.194+0000] {logging_mixin.py:150} INFO - [2023-07-14T19:37:05.194+0000] {dag.py:2742} INFO - Sync 3 DAGs
[2023-07-14T19:37:05.225+0000] {logging_mixin.py:150} INFO - [2023-07-14T19:37:05.224+0000] {dag.py:3508} INFO - Setting next_dagrun for example_subdag_operator to 2022-01-01T00:00:00+00:00, run_after=2022-01-01T00:00:00+00:00
[2023-07-14T19:37:05.230+0000] {logging_mixin.py:150} INFO - [2023-07-14T19:37:05.230+0000] {dag.py:3508} INFO - Setting next_dagrun for example_subdag_operator.section-1 to None, run_after=None
[2023-07-14T19:37:05.233+0000] {logging_mixin.py:150} INFO - [2023-07-14T19:37:05.232+0000] {dag.py:3508} INFO - Setting next_dagrun for example_subdag_operator.section-2 to None, run_after=None
[2023-07-14T19:37:05.246+0000] {logging_mixin.py:150} INFO - [2023-07-14T19:37:05.246+0000] {dag.py:2742} INFO - Sync 2 DAGs
[2023-07-14T19:37:05.255+0000] {logging_mixin.py:150} INFO - [2023-07-14T19:37:05.254+0000] {dag.py:3508} INFO - Setting next_dagrun for example_subdag_operator.section-1 to None, run_after=None
[2023-07-14T19:37:05.256+0000] {logging_mixin.py:150} INFO - [2023-07-14T19:37:05.256+0000] {dag.py:3508} INFO - Setting next_dagrun for example_subdag_operator.section-2 to None, run_after=None
[2023-07-14T19:37:05.279+0000] {processor.py:179} INFO - Processing /home/airflow/.local/lib/python3.7/site-packages/airflow/example_dags/example_subdag_operator.py took 0.157 seconds
[2023-07-14T19:37:35.781+0000] {processor.py:157} INFO - Started process (PID=1053) to work on /home/airflow/.local/lib/python3.7/site-packages/airflow/example_dags/example_subdag_operator.py
[2023-07-14T19:37:35.782+0000] {processor.py:826} INFO - Processing file /home/airflow/.local/lib/python3.7/site-packages/airflow/example_dags/example_subdag_operator.py for tasks to queue
[2023-07-14T19:37:35.784+0000] {logging_mixin.py:150} INFO - [2023-07-14T19:37:35.784+0000] {dagbag.py:541} INFO - Filling up the DagBag from /home/airflow/.local/lib/python3.7/site-packages/airflow/example_dags/example_subdag_operator.py
[2023-07-14T19:37:35.815+0000] {processor.py:836} INFO - DAG(s) dict_keys(['example_subdag_operator.section-1', 'example_subdag_operator.section-2', 'example_subdag_operator']) retrieved from /home/airflow/.local/lib/python3.7/site-packages/airflow/example_dags/example_subdag_operator.py
[2023-07-14T19:37:35.842+0000] {logging_mixin.py:150} INFO - [2023-07-14T19:37:35.842+0000] {dag.py:2742} INFO - Sync 3 DAGs
[2023-07-14T19:37:35.872+0000] {logging_mixin.py:150} INFO - [2023-07-14T19:37:35.872+0000] {dag.py:3508} INFO - Setting next_dagrun for example_subdag_operator to 2022-01-01T00:00:00+00:00, run_after=2022-01-01T00:00:00+00:00
[2023-07-14T19:37:35.877+0000] {logging_mixin.py:150} INFO - [2023-07-14T19:37:35.877+0000] {dag.py:3508} INFO - Setting next_dagrun for example_subdag_operator.section-1 to None, run_after=None
[2023-07-14T19:37:35.880+0000] {logging_mixin.py:150} INFO - [2023-07-14T19:37:35.880+0000] {dag.py:3508} INFO - Setting next_dagrun for example_subdag_operator.section-2 to None, run_after=None
[2023-07-14T19:37:35.891+0000] {logging_mixin.py:150} INFO - [2023-07-14T19:37:35.890+0000] {dag.py:2742} INFO - Sync 2 DAGs
[2023-07-14T19:37:35.902+0000] {logging_mixin.py:150} INFO - [2023-07-14T19:37:35.901+0000] {dag.py:3508} INFO - Setting next_dagrun for example_subdag_operator.section-1 to None, run_after=None
[2023-07-14T19:37:35.903+0000] {logging_mixin.py:150} INFO - [2023-07-14T19:37:35.903+0000] {dag.py:3508} INFO - Setting next_dagrun for example_subdag_operator.section-2 to None, run_after=None
[2023-07-14T19:37:35.923+0000] {processor.py:179} INFO - Processing /home/airflow/.local/lib/python3.7/site-packages/airflow/example_dags/example_subdag_operator.py took 0.147 seconds
[2023-07-14T19:38:06.007+0000] {processor.py:157} INFO - Started process (PID=1114) to work on /home/airflow/.local/lib/python3.7/site-packages/airflow/example_dags/example_subdag_operator.py
[2023-07-14T19:38:06.009+0000] {processor.py:826} INFO - Processing file /home/airflow/.local/lib/python3.7/site-packages/airflow/example_dags/example_subdag_operator.py for tasks to queue
[2023-07-14T19:38:06.012+0000] {logging_mixin.py:150} INFO - [2023-07-14T19:38:06.011+0000] {dagbag.py:541} INFO - Filling up the DagBag from /home/airflow/.local/lib/python3.7/site-packages/airflow/example_dags/example_subdag_operator.py
[2023-07-14T19:38:06.049+0000] {processor.py:836} INFO - DAG(s) dict_keys(['example_subdag_operator.section-1', 'example_subdag_operator.section-2', 'example_subdag_operator']) retrieved from /home/airflow/.local/lib/python3.7/site-packages/airflow/example_dags/example_subdag_operator.py
[2023-07-14T19:38:06.081+0000] {logging_mixin.py:150} INFO - [2023-07-14T19:38:06.081+0000] {dag.py:2742} INFO - Sync 3 DAGs
[2023-07-14T19:38:06.114+0000] {logging_mixin.py:150} INFO - [2023-07-14T19:38:06.114+0000] {dag.py:3508} INFO - Setting next_dagrun for example_subdag_operator to 2022-01-01T00:00:00+00:00, run_after=2022-01-01T00:00:00+00:00
[2023-07-14T19:38:06.120+0000] {logging_mixin.py:150} INFO - [2023-07-14T19:38:06.120+0000] {dag.py:3508} INFO - Setting next_dagrun for example_subdag_operator.section-1 to None, run_after=None
[2023-07-14T19:38:06.123+0000] {logging_mixin.py:150} INFO - [2023-07-14T19:38:06.123+0000] {dag.py:3508} INFO - Setting next_dagrun for example_subdag_operator.section-2 to None, run_after=None
[2023-07-14T19:38:06.134+0000] {logging_mixin.py:150} INFO - [2023-07-14T19:38:06.134+0000] {dag.py:2742} INFO - Sync 2 DAGs
[2023-07-14T19:38:06.141+0000] {logging_mixin.py:150} INFO - [2023-07-14T19:38:06.141+0000] {dag.py:3508} INFO - Setting next_dagrun for example_subdag_operator.section-1 to None, run_after=None
[2023-07-14T19:38:06.143+0000] {logging_mixin.py:150} INFO - [2023-07-14T19:38:06.143+0000] {dag.py:3508} INFO - Setting next_dagrun for example_subdag_operator.section-2 to None, run_after=None
[2023-07-14T19:38:06.161+0000] {processor.py:179} INFO - Processing /home/airflow/.local/lib/python3.7/site-packages/airflow/example_dags/example_subdag_operator.py took 0.158 seconds
[2023-07-14T19:38:36.900+0000] {processor.py:157} INFO - Started process (PID=1185) to work on /home/airflow/.local/lib/python3.7/site-packages/airflow/example_dags/example_subdag_operator.py
[2023-07-14T19:38:36.901+0000] {processor.py:826} INFO - Processing file /home/airflow/.local/lib/python3.7/site-packages/airflow/example_dags/example_subdag_operator.py for tasks to queue
[2023-07-14T19:38:36.903+0000] {logging_mixin.py:150} INFO - [2023-07-14T19:38:36.903+0000] {dagbag.py:541} INFO - Filling up the DagBag from /home/airflow/.local/lib/python3.7/site-packages/airflow/example_dags/example_subdag_operator.py
[2023-07-14T19:38:36.936+0000] {processor.py:836} INFO - DAG(s) dict_keys(['example_subdag_operator.section-1', 'example_subdag_operator.section-2', 'example_subdag_operator']) retrieved from /home/airflow/.local/lib/python3.7/site-packages/airflow/example_dags/example_subdag_operator.py
[2023-07-14T19:38:36.961+0000] {logging_mixin.py:150} INFO - [2023-07-14T19:38:36.961+0000] {dag.py:2742} INFO - Sync 3 DAGs
[2023-07-14T19:38:36.993+0000] {logging_mixin.py:150} INFO - [2023-07-14T19:38:36.993+0000] {dag.py:3508} INFO - Setting next_dagrun for example_subdag_operator to 2022-01-01T00:00:00+00:00, run_after=2022-01-01T00:00:00+00:00
[2023-07-14T19:38:36.998+0000] {logging_mixin.py:150} INFO - [2023-07-14T19:38:36.998+0000] {dag.py:3508} INFO - Setting next_dagrun for example_subdag_operator.section-1 to None, run_after=None
[2023-07-14T19:38:37.000+0000] {logging_mixin.py:150} INFO - [2023-07-14T19:38:37.000+0000] {dag.py:3508} INFO - Setting next_dagrun for example_subdag_operator.section-2 to None, run_after=None
[2023-07-14T19:38:37.010+0000] {logging_mixin.py:150} INFO - [2023-07-14T19:38:37.009+0000] {dag.py:2742} INFO - Sync 2 DAGs
[2023-07-14T19:38:37.017+0000] {logging_mixin.py:150} INFO - [2023-07-14T19:38:37.017+0000] {dag.py:3508} INFO - Setting next_dagrun for example_subdag_operator.section-1 to None, run_after=None
[2023-07-14T19:38:37.018+0000] {logging_mixin.py:150} INFO - [2023-07-14T19:38:37.018+0000] {dag.py:3508} INFO - Setting next_dagrun for example_subdag_operator.section-2 to None, run_after=None
[2023-07-14T19:38:37.035+0000] {processor.py:179} INFO - Processing /home/airflow/.local/lib/python3.7/site-packages/airflow/example_dags/example_subdag_operator.py took 0.140 seconds
[2023-07-14T19:39:07.215+0000] {processor.py:157} INFO - Started process (PID=1255) to work on /home/airflow/.local/lib/python3.7/site-packages/airflow/example_dags/example_subdag_operator.py
[2023-07-14T19:39:07.217+0000] {processor.py:826} INFO - Processing file /home/airflow/.local/lib/python3.7/site-packages/airflow/example_dags/example_subdag_operator.py for tasks to queue
[2023-07-14T19:39:07.219+0000] {logging_mixin.py:150} INFO - [2023-07-14T19:39:07.218+0000] {dagbag.py:541} INFO - Filling up the DagBag from /home/airflow/.local/lib/python3.7/site-packages/airflow/example_dags/example_subdag_operator.py
[2023-07-14T19:39:07.254+0000] {processor.py:836} INFO - DAG(s) dict_keys(['example_subdag_operator.section-1', 'example_subdag_operator.section-2', 'example_subdag_operator']) retrieved from /home/airflow/.local/lib/python3.7/site-packages/airflow/example_dags/example_subdag_operator.py
[2023-07-14T19:39:07.280+0000] {logging_mixin.py:150} INFO - [2023-07-14T19:39:07.280+0000] {dag.py:2742} INFO - Sync 3 DAGs
[2023-07-14T19:39:07.312+0000] {logging_mixin.py:150} INFO - [2023-07-14T19:39:07.312+0000] {dag.py:3508} INFO - Setting next_dagrun for example_subdag_operator to 2022-01-01T00:00:00+00:00, run_after=2022-01-01T00:00:00+00:00
[2023-07-14T19:39:07.317+0000] {logging_mixin.py:150} INFO - [2023-07-14T19:39:07.317+0000] {dag.py:3508} INFO - Setting next_dagrun for example_subdag_operator.section-1 to None, run_after=None
[2023-07-14T19:39:07.320+0000] {logging_mixin.py:150} INFO - [2023-07-14T19:39:07.319+0000] {dag.py:3508} INFO - Setting next_dagrun for example_subdag_operator.section-2 to None, run_after=None
[2023-07-14T19:39:07.331+0000] {logging_mixin.py:150} INFO - [2023-07-14T19:39:07.330+0000] {dag.py:2742} INFO - Sync 2 DAGs
[2023-07-14T19:39:07.339+0000] {logging_mixin.py:150} INFO - [2023-07-14T19:39:07.338+0000] {dag.py:3508} INFO - Setting next_dagrun for example_subdag_operator.section-1 to None, run_after=None
[2023-07-14T19:39:07.340+0000] {logging_mixin.py:150} INFO - [2023-07-14T19:39:07.340+0000] {dag.py:3508} INFO - Setting next_dagrun for example_subdag_operator.section-2 to None, run_after=None
[2023-07-14T19:39:07.359+0000] {processor.py:179} INFO - Processing /home/airflow/.local/lib/python3.7/site-packages/airflow/example_dags/example_subdag_operator.py took 0.148 seconds
