[2023-07-14T19:30:28.609+0000] {processor.py:157} INFO - Started process (PID=78) to work on /home/airflow/.local/lib/python3.7/site-packages/airflow/example_dags/example_external_task_marker_dag.py
[2023-07-14T19:30:28.612+0000] {processor.py:826} INFO - Processing file /home/airflow/.local/lib/python3.7/site-packages/airflow/example_dags/example_external_task_marker_dag.py for tasks to queue
[2023-07-14T19:30:28.616+0000] {logging_mixin.py:150} INFO - [2023-07-14T19:30:28.615+0000] {dagbag.py:541} INFO - Filling up the DagBag from /home/airflow/.local/lib/python3.7/site-packages/airflow/example_dags/example_external_task_marker_dag.py
[2023-07-14T19:30:28.632+0000] {processor.py:836} INFO - DAG(s) dict_keys(['example_external_task_marker_parent', 'example_external_task_marker_child']) retrieved from /home/airflow/.local/lib/python3.7/site-packages/airflow/example_dags/example_external_task_marker_dag.py
[2023-07-14T19:30:28.898+0000] {logging_mixin.py:150} INFO - [2023-07-14T19:30:28.898+0000] {manager.py:504} INFO - Created Permission View: can read on DAG:example_external_task_marker_parent
[2023-07-14T19:30:28.919+0000] {logging_mixin.py:150} INFO - [2023-07-14T19:30:28.919+0000] {manager.py:504} INFO - Created Permission View: can edit on DAG:example_external_task_marker_parent
[2023-07-14T19:30:28.935+0000] {logging_mixin.py:150} INFO - [2023-07-14T19:30:28.935+0000] {manager.py:504} INFO - Created Permission View: can delete on DAG:example_external_task_marker_parent
[2023-07-14T19:30:28.990+0000] {logging_mixin.py:150} INFO - [2023-07-14T19:30:28.989+0000] {manager.py:504} INFO - Created Permission View: can read on DAG:example_external_task_marker_child
[2023-07-14T19:30:29.007+0000] {logging_mixin.py:150} INFO - [2023-07-14T19:30:29.007+0000] {manager.py:504} INFO - Created Permission View: can edit on DAG:example_external_task_marker_child
[2023-07-14T19:30:29.024+0000] {logging_mixin.py:150} INFO - [2023-07-14T19:30:29.024+0000] {manager.py:504} INFO - Created Permission View: can delete on DAG:example_external_task_marker_child
[2023-07-14T19:30:29.042+0000] {logging_mixin.py:150} INFO - [2023-07-14T19:30:29.041+0000] {dag.py:2742} INFO - Sync 2 DAGs
[2023-07-14T19:30:29.064+0000] {logging_mixin.py:150} INFO - [2023-07-14T19:30:29.064+0000] {dag.py:2763} INFO - Creating ORM DAG for example_external_task_marker_child
[2023-07-14T19:30:29.067+0000] {logging_mixin.py:150} INFO - [2023-07-14T19:30:29.066+0000] {dag.py:2763} INFO - Creating ORM DAG for example_external_task_marker_parent
[2023-07-14T19:30:29.090+0000] {logging_mixin.py:150} INFO - [2023-07-14T19:30:29.089+0000] {dag.py:3508} INFO - Setting next_dagrun for example_external_task_marker_child to None, run_after=None
[2023-07-14T19:30:29.092+0000] {logging_mixin.py:150} INFO - [2023-07-14T19:30:29.091+0000] {dag.py:3508} INFO - Setting next_dagrun for example_external_task_marker_parent to None, run_after=None
[2023-07-14T19:30:29.133+0000] {processor.py:179} INFO - Processing /home/airflow/.local/lib/python3.7/site-packages/airflow/example_dags/example_external_task_marker_dag.py took 0.531 seconds
[2023-07-14T19:31:00.156+0000] {processor.py:157} INFO - Started process (PID=148) to work on /home/airflow/.local/lib/python3.7/site-packages/airflow/example_dags/example_external_task_marker_dag.py
[2023-07-14T19:31:00.158+0000] {processor.py:826} INFO - Processing file /home/airflow/.local/lib/python3.7/site-packages/airflow/example_dags/example_external_task_marker_dag.py for tasks to queue
[2023-07-14T19:31:00.159+0000] {logging_mixin.py:150} INFO - [2023-07-14T19:31:00.159+0000] {dagbag.py:541} INFO - Filling up the DagBag from /home/airflow/.local/lib/python3.7/site-packages/airflow/example_dags/example_external_task_marker_dag.py
[2023-07-14T19:31:00.178+0000] {processor.py:836} INFO - DAG(s) dict_keys(['example_external_task_marker_parent', 'example_external_task_marker_child']) retrieved from /home/airflow/.local/lib/python3.7/site-packages/airflow/example_dags/example_external_task_marker_dag.py
[2023-07-14T19:31:00.236+0000] {logging_mixin.py:150} INFO - [2023-07-14T19:31:00.236+0000] {dag.py:2742} INFO - Sync 2 DAGs
[2023-07-14T19:31:00.298+0000] {logging_mixin.py:150} INFO - [2023-07-14T19:31:00.297+0000] {dag.py:3508} INFO - Setting next_dagrun for example_external_task_marker_child to None, run_after=None
[2023-07-14T19:31:00.308+0000] {logging_mixin.py:150} INFO - [2023-07-14T19:31:00.308+0000] {dag.py:3508} INFO - Setting next_dagrun for example_external_task_marker_parent to None, run_after=None
[2023-07-14T19:31:00.355+0000] {processor.py:179} INFO - Processing /home/airflow/.local/lib/python3.7/site-packages/airflow/example_dags/example_external_task_marker_dag.py took 0.203 seconds
[2023-07-14T19:31:30.796+0000] {processor.py:157} INFO - Started process (PID=218) to work on /home/airflow/.local/lib/python3.7/site-packages/airflow/example_dags/example_external_task_marker_dag.py
[2023-07-14T19:31:30.799+0000] {processor.py:826} INFO - Processing file /home/airflow/.local/lib/python3.7/site-packages/airflow/example_dags/example_external_task_marker_dag.py for tasks to queue
[2023-07-14T19:31:30.801+0000] {logging_mixin.py:150} INFO - [2023-07-14T19:31:30.801+0000] {dagbag.py:541} INFO - Filling up the DagBag from /home/airflow/.local/lib/python3.7/site-packages/airflow/example_dags/example_external_task_marker_dag.py
[2023-07-14T19:31:30.810+0000] {processor.py:836} INFO - DAG(s) dict_keys(['example_external_task_marker_parent', 'example_external_task_marker_child']) retrieved from /home/airflow/.local/lib/python3.7/site-packages/airflow/example_dags/example_external_task_marker_dag.py
[2023-07-14T19:31:30.855+0000] {logging_mixin.py:150} INFO - [2023-07-14T19:31:30.855+0000] {dag.py:2742} INFO - Sync 2 DAGs
[2023-07-14T19:31:30.891+0000] {logging_mixin.py:150} INFO - [2023-07-14T19:31:30.890+0000] {dag.py:3508} INFO - Setting next_dagrun for example_external_task_marker_child to None, run_after=None
[2023-07-14T19:31:30.896+0000] {logging_mixin.py:150} INFO - [2023-07-14T19:31:30.896+0000] {dag.py:3508} INFO - Setting next_dagrun for example_external_task_marker_parent to None, run_after=None
[2023-07-14T19:31:30.930+0000] {processor.py:179} INFO - Processing /home/airflow/.local/lib/python3.7/site-packages/airflow/example_dags/example_external_task_marker_dag.py took 0.140 seconds
[2023-07-14T19:32:01.385+0000] {processor.py:157} INFO - Started process (PID=288) to work on /home/airflow/.local/lib/python3.7/site-packages/airflow/example_dags/example_external_task_marker_dag.py
[2023-07-14T19:32:01.387+0000] {processor.py:826} INFO - Processing file /home/airflow/.local/lib/python3.7/site-packages/airflow/example_dags/example_external_task_marker_dag.py for tasks to queue
[2023-07-14T19:32:01.389+0000] {logging_mixin.py:150} INFO - [2023-07-14T19:32:01.388+0000] {dagbag.py:541} INFO - Filling up the DagBag from /home/airflow/.local/lib/python3.7/site-packages/airflow/example_dags/example_external_task_marker_dag.py
[2023-07-14T19:32:01.396+0000] {processor.py:836} INFO - DAG(s) dict_keys(['example_external_task_marker_parent', 'example_external_task_marker_child']) retrieved from /home/airflow/.local/lib/python3.7/site-packages/airflow/example_dags/example_external_task_marker_dag.py
[2023-07-14T19:32:01.439+0000] {logging_mixin.py:150} INFO - [2023-07-14T19:32:01.439+0000] {dag.py:2742} INFO - Sync 2 DAGs
[2023-07-14T19:32:01.473+0000] {logging_mixin.py:150} INFO - [2023-07-14T19:32:01.473+0000] {dag.py:3508} INFO - Setting next_dagrun for example_external_task_marker_child to None, run_after=None
[2023-07-14T19:32:01.479+0000] {logging_mixin.py:150} INFO - [2023-07-14T19:32:01.479+0000] {dag.py:3508} INFO - Setting next_dagrun for example_external_task_marker_parent to None, run_after=None
[2023-07-14T19:32:01.515+0000] {processor.py:179} INFO - Processing /home/airflow/.local/lib/python3.7/site-packages/airflow/example_dags/example_external_task_marker_dag.py took 0.135 seconds
[2023-07-14T19:32:31.806+0000] {processor.py:157} INFO - Started process (PID=358) to work on /home/airflow/.local/lib/python3.7/site-packages/airflow/example_dags/example_external_task_marker_dag.py
[2023-07-14T19:32:31.807+0000] {processor.py:826} INFO - Processing file /home/airflow/.local/lib/python3.7/site-packages/airflow/example_dags/example_external_task_marker_dag.py for tasks to queue
[2023-07-14T19:32:31.809+0000] {logging_mixin.py:150} INFO - [2023-07-14T19:32:31.809+0000] {dagbag.py:541} INFO - Filling up the DagBag from /home/airflow/.local/lib/python3.7/site-packages/airflow/example_dags/example_external_task_marker_dag.py
[2023-07-14T19:32:31.818+0000] {processor.py:836} INFO - DAG(s) dict_keys(['example_external_task_marker_parent', 'example_external_task_marker_child']) retrieved from /home/airflow/.local/lib/python3.7/site-packages/airflow/example_dags/example_external_task_marker_dag.py
[2023-07-14T19:32:31.865+0000] {logging_mixin.py:150} INFO - [2023-07-14T19:32:31.865+0000] {dag.py:2742} INFO - Sync 2 DAGs
[2023-07-14T19:32:31.904+0000] {logging_mixin.py:150} INFO - [2023-07-14T19:32:31.903+0000] {dag.py:3508} INFO - Setting next_dagrun for example_external_task_marker_child to None, run_after=None
[2023-07-14T19:32:31.910+0000] {logging_mixin.py:150} INFO - [2023-07-14T19:32:31.909+0000] {dag.py:3508} INFO - Setting next_dagrun for example_external_task_marker_parent to None, run_after=None
[2023-07-14T19:32:31.937+0000] {processor.py:179} INFO - Processing /home/airflow/.local/lib/python3.7/site-packages/airflow/example_dags/example_external_task_marker_dag.py took 0.136 seconds
[2023-07-14T19:33:02.573+0000] {processor.py:157} INFO - Started process (PID=428) to work on /home/airflow/.local/lib/python3.7/site-packages/airflow/example_dags/example_external_task_marker_dag.py
[2023-07-14T19:33:02.574+0000] {processor.py:826} INFO - Processing file /home/airflow/.local/lib/python3.7/site-packages/airflow/example_dags/example_external_task_marker_dag.py for tasks to queue
[2023-07-14T19:33:02.576+0000] {logging_mixin.py:150} INFO - [2023-07-14T19:33:02.576+0000] {dagbag.py:541} INFO - Filling up the DagBag from /home/airflow/.local/lib/python3.7/site-packages/airflow/example_dags/example_external_task_marker_dag.py
[2023-07-14T19:33:02.584+0000] {processor.py:836} INFO - DAG(s) dict_keys(['example_external_task_marker_parent', 'example_external_task_marker_child']) retrieved from /home/airflow/.local/lib/python3.7/site-packages/airflow/example_dags/example_external_task_marker_dag.py
[2023-07-14T19:33:02.626+0000] {logging_mixin.py:150} INFO - [2023-07-14T19:33:02.625+0000] {dag.py:2742} INFO - Sync 2 DAGs
[2023-07-14T19:33:02.655+0000] {logging_mixin.py:150} INFO - [2023-07-14T19:33:02.654+0000] {dag.py:3508} INFO - Setting next_dagrun for example_external_task_marker_child to None, run_after=None
[2023-07-14T19:33:02.660+0000] {logging_mixin.py:150} INFO - [2023-07-14T19:33:02.660+0000] {dag.py:3508} INFO - Setting next_dagrun for example_external_task_marker_parent to None, run_after=None
[2023-07-14T19:33:02.688+0000] {processor.py:179} INFO - Processing /home/airflow/.local/lib/python3.7/site-packages/airflow/example_dags/example_external_task_marker_dag.py took 0.119 seconds
[2023-07-14T19:33:32.937+0000] {processor.py:157} INFO - Started process (PID=498) to work on /home/airflow/.local/lib/python3.7/site-packages/airflow/example_dags/example_external_task_marker_dag.py
[2023-07-14T19:33:32.939+0000] {processor.py:826} INFO - Processing file /home/airflow/.local/lib/python3.7/site-packages/airflow/example_dags/example_external_task_marker_dag.py for tasks to queue
[2023-07-14T19:33:32.941+0000] {logging_mixin.py:150} INFO - [2023-07-14T19:33:32.940+0000] {dagbag.py:541} INFO - Filling up the DagBag from /home/airflow/.local/lib/python3.7/site-packages/airflow/example_dags/example_external_task_marker_dag.py
[2023-07-14T19:33:32.947+0000] {processor.py:836} INFO - DAG(s) dict_keys(['example_external_task_marker_parent', 'example_external_task_marker_child']) retrieved from /home/airflow/.local/lib/python3.7/site-packages/airflow/example_dags/example_external_task_marker_dag.py
[2023-07-14T19:33:32.986+0000] {logging_mixin.py:150} INFO - [2023-07-14T19:33:32.986+0000] {dag.py:2742} INFO - Sync 2 DAGs
[2023-07-14T19:33:33.025+0000] {logging_mixin.py:150} INFO - [2023-07-14T19:33:33.025+0000] {dag.py:3508} INFO - Setting next_dagrun for example_external_task_marker_child to None, run_after=None
[2023-07-14T19:33:33.031+0000] {logging_mixin.py:150} INFO - [2023-07-14T19:33:33.031+0000] {dag.py:3508} INFO - Setting next_dagrun for example_external_task_marker_parent to None, run_after=None
[2023-07-14T19:33:33.061+0000] {processor.py:179} INFO - Processing /home/airflow/.local/lib/python3.7/site-packages/airflow/example_dags/example_external_task_marker_dag.py took 0.130 seconds
[2023-07-14T19:34:03.420+0000] {processor.py:157} INFO - Started process (PID=568) to work on /home/airflow/.local/lib/python3.7/site-packages/airflow/example_dags/example_external_task_marker_dag.py
[2023-07-14T19:34:03.422+0000] {processor.py:826} INFO - Processing file /home/airflow/.local/lib/python3.7/site-packages/airflow/example_dags/example_external_task_marker_dag.py for tasks to queue
[2023-07-14T19:34:03.423+0000] {logging_mixin.py:150} INFO - [2023-07-14T19:34:03.423+0000] {dagbag.py:541} INFO - Filling up the DagBag from /home/airflow/.local/lib/python3.7/site-packages/airflow/example_dags/example_external_task_marker_dag.py
[2023-07-14T19:34:03.432+0000] {processor.py:836} INFO - DAG(s) dict_keys(['example_external_task_marker_child', 'example_external_task_marker_parent']) retrieved from /home/airflow/.local/lib/python3.7/site-packages/airflow/example_dags/example_external_task_marker_dag.py
[2023-07-14T19:34:03.473+0000] {logging_mixin.py:150} INFO - [2023-07-14T19:34:03.473+0000] {dag.py:2742} INFO - Sync 2 DAGs
[2023-07-14T19:34:03.505+0000] {logging_mixin.py:150} INFO - [2023-07-14T19:34:03.505+0000] {dag.py:3508} INFO - Setting next_dagrun for example_external_task_marker_child to None, run_after=None
[2023-07-14T19:34:03.510+0000] {logging_mixin.py:150} INFO - [2023-07-14T19:34:03.510+0000] {dag.py:3508} INFO - Setting next_dagrun for example_external_task_marker_parent to None, run_after=None
[2023-07-14T19:34:03.538+0000] {processor.py:179} INFO - Processing /home/airflow/.local/lib/python3.7/site-packages/airflow/example_dags/example_external_task_marker_dag.py took 0.122 seconds
[2023-07-14T19:34:33.856+0000] {processor.py:157} INFO - Started process (PID=638) to work on /home/airflow/.local/lib/python3.7/site-packages/airflow/example_dags/example_external_task_marker_dag.py
[2023-07-14T19:34:33.857+0000] {processor.py:826} INFO - Processing file /home/airflow/.local/lib/python3.7/site-packages/airflow/example_dags/example_external_task_marker_dag.py for tasks to queue
[2023-07-14T19:34:33.859+0000] {logging_mixin.py:150} INFO - [2023-07-14T19:34:33.859+0000] {dagbag.py:541} INFO - Filling up the DagBag from /home/airflow/.local/lib/python3.7/site-packages/airflow/example_dags/example_external_task_marker_dag.py
[2023-07-14T19:34:33.866+0000] {processor.py:836} INFO - DAG(s) dict_keys(['example_external_task_marker_child', 'example_external_task_marker_parent']) retrieved from /home/airflow/.local/lib/python3.7/site-packages/airflow/example_dags/example_external_task_marker_dag.py
[2023-07-14T19:34:33.905+0000] {logging_mixin.py:150} INFO - [2023-07-14T19:34:33.905+0000] {dag.py:2742} INFO - Sync 2 DAGs
[2023-07-14T19:34:33.936+0000] {logging_mixin.py:150} INFO - [2023-07-14T19:34:33.935+0000] {dag.py:3508} INFO - Setting next_dagrun for example_external_task_marker_child to None, run_after=None
[2023-07-14T19:34:33.941+0000] {logging_mixin.py:150} INFO - [2023-07-14T19:34:33.941+0000] {dag.py:3508} INFO - Setting next_dagrun for example_external_task_marker_parent to None, run_after=None
[2023-07-14T19:34:33.969+0000] {processor.py:179} INFO - Processing /home/airflow/.local/lib/python3.7/site-packages/airflow/example_dags/example_external_task_marker_dag.py took 0.117 seconds
[2023-07-14T19:35:04.629+0000] {processor.py:157} INFO - Started process (PID=708) to work on /home/airflow/.local/lib/python3.7/site-packages/airflow/example_dags/example_external_task_marker_dag.py
[2023-07-14T19:35:04.631+0000] {processor.py:826} INFO - Processing file /home/airflow/.local/lib/python3.7/site-packages/airflow/example_dags/example_external_task_marker_dag.py for tasks to queue
[2023-07-14T19:35:04.633+0000] {logging_mixin.py:150} INFO - [2023-07-14T19:35:04.633+0000] {dagbag.py:541} INFO - Filling up the DagBag from /home/airflow/.local/lib/python3.7/site-packages/airflow/example_dags/example_external_task_marker_dag.py
[2023-07-14T19:35:04.644+0000] {processor.py:836} INFO - DAG(s) dict_keys(['example_external_task_marker_parent', 'example_external_task_marker_child']) retrieved from /home/airflow/.local/lib/python3.7/site-packages/airflow/example_dags/example_external_task_marker_dag.py
[2023-07-14T19:35:04.686+0000] {logging_mixin.py:150} INFO - [2023-07-14T19:35:04.686+0000] {dag.py:2742} INFO - Sync 2 DAGs
[2023-07-14T19:35:04.717+0000] {logging_mixin.py:150} INFO - [2023-07-14T19:35:04.717+0000] {dag.py:3508} INFO - Setting next_dagrun for example_external_task_marker_child to None, run_after=None
[2023-07-14T19:35:04.724+0000] {logging_mixin.py:150} INFO - [2023-07-14T19:35:04.724+0000] {dag.py:3508} INFO - Setting next_dagrun for example_external_task_marker_parent to None, run_after=None
[2023-07-14T19:35:04.753+0000] {processor.py:179} INFO - Processing /home/airflow/.local/lib/python3.7/site-packages/airflow/example_dags/example_external_task_marker_dag.py took 0.131 seconds
[2023-07-14T19:35:35.543+0000] {processor.py:157} INFO - Started process (PID=778) to work on /home/airflow/.local/lib/python3.7/site-packages/airflow/example_dags/example_external_task_marker_dag.py
[2023-07-14T19:35:35.545+0000] {processor.py:826} INFO - Processing file /home/airflow/.local/lib/python3.7/site-packages/airflow/example_dags/example_external_task_marker_dag.py for tasks to queue
[2023-07-14T19:35:35.546+0000] {logging_mixin.py:150} INFO - [2023-07-14T19:35:35.546+0000] {dagbag.py:541} INFO - Filling up the DagBag from /home/airflow/.local/lib/python3.7/site-packages/airflow/example_dags/example_external_task_marker_dag.py
[2023-07-14T19:35:35.555+0000] {processor.py:836} INFO - DAG(s) dict_keys(['example_external_task_marker_child', 'example_external_task_marker_parent']) retrieved from /home/airflow/.local/lib/python3.7/site-packages/airflow/example_dags/example_external_task_marker_dag.py
[2023-07-14T19:35:35.588+0000] {logging_mixin.py:150} INFO - [2023-07-14T19:35:35.588+0000] {dag.py:2742} INFO - Sync 2 DAGs
[2023-07-14T19:35:35.616+0000] {logging_mixin.py:150} INFO - [2023-07-14T19:35:35.616+0000] {dag.py:3508} INFO - Setting next_dagrun for example_external_task_marker_child to None, run_after=None
[2023-07-14T19:35:35.620+0000] {logging_mixin.py:150} INFO - [2023-07-14T19:35:35.620+0000] {dag.py:3508} INFO - Setting next_dagrun for example_external_task_marker_parent to None, run_after=None
[2023-07-14T19:35:35.646+0000] {processor.py:179} INFO - Processing /home/airflow/.local/lib/python3.7/site-packages/airflow/example_dags/example_external_task_marker_dag.py took 0.108 seconds
[2023-07-14T19:36:06.047+0000] {processor.py:157} INFO - Started process (PID=848) to work on /home/airflow/.local/lib/python3.7/site-packages/airflow/example_dags/example_external_task_marker_dag.py
[2023-07-14T19:36:06.049+0000] {processor.py:826} INFO - Processing file /home/airflow/.local/lib/python3.7/site-packages/airflow/example_dags/example_external_task_marker_dag.py for tasks to queue
[2023-07-14T19:36:06.051+0000] {logging_mixin.py:150} INFO - [2023-07-14T19:36:06.050+0000] {dagbag.py:541} INFO - Filling up the DagBag from /home/airflow/.local/lib/python3.7/site-packages/airflow/example_dags/example_external_task_marker_dag.py
[2023-07-14T19:36:06.062+0000] {processor.py:836} INFO - DAG(s) dict_keys(['example_external_task_marker_parent', 'example_external_task_marker_child']) retrieved from /home/airflow/.local/lib/python3.7/site-packages/airflow/example_dags/example_external_task_marker_dag.py
[2023-07-14T19:36:06.104+0000] {logging_mixin.py:150} INFO - [2023-07-14T19:36:06.104+0000] {dag.py:2742} INFO - Sync 2 DAGs
[2023-07-14T19:36:06.137+0000] {logging_mixin.py:150} INFO - [2023-07-14T19:36:06.137+0000] {dag.py:3508} INFO - Setting next_dagrun for example_external_task_marker_child to None, run_after=None
[2023-07-14T19:36:06.144+0000] {logging_mixin.py:150} INFO - [2023-07-14T19:36:06.144+0000] {dag.py:3508} INFO - Setting next_dagrun for example_external_task_marker_parent to None, run_after=None
[2023-07-14T19:36:06.170+0000] {processor.py:179} INFO - Processing /home/airflow/.local/lib/python3.7/site-packages/airflow/example_dags/example_external_task_marker_dag.py took 0.126 seconds
[2023-07-14T19:36:36.782+0000] {processor.py:157} INFO - Started process (PID=919) to work on /home/airflow/.local/lib/python3.7/site-packages/airflow/example_dags/example_external_task_marker_dag.py
[2023-07-14T19:36:36.784+0000] {processor.py:826} INFO - Processing file /home/airflow/.local/lib/python3.7/site-packages/airflow/example_dags/example_external_task_marker_dag.py for tasks to queue
[2023-07-14T19:36:36.785+0000] {logging_mixin.py:150} INFO - [2023-07-14T19:36:36.785+0000] {dagbag.py:541} INFO - Filling up the DagBag from /home/airflow/.local/lib/python3.7/site-packages/airflow/example_dags/example_external_task_marker_dag.py
[2023-07-14T19:36:36.792+0000] {processor.py:836} INFO - DAG(s) dict_keys(['example_external_task_marker_child', 'example_external_task_marker_parent']) retrieved from /home/airflow/.local/lib/python3.7/site-packages/airflow/example_dags/example_external_task_marker_dag.py
[2023-07-14T19:36:36.831+0000] {logging_mixin.py:150} INFO - [2023-07-14T19:36:36.831+0000] {dag.py:2742} INFO - Sync 2 DAGs
[2023-07-14T19:36:36.862+0000] {logging_mixin.py:150} INFO - [2023-07-14T19:36:36.862+0000] {dag.py:3508} INFO - Setting next_dagrun for example_external_task_marker_child to None, run_after=None
[2023-07-14T19:36:36.866+0000] {logging_mixin.py:150} INFO - [2023-07-14T19:36:36.866+0000] {dag.py:3508} INFO - Setting next_dagrun for example_external_task_marker_parent to None, run_after=None
[2023-07-14T19:36:36.892+0000] {processor.py:179} INFO - Processing /home/airflow/.local/lib/python3.7/site-packages/airflow/example_dags/example_external_task_marker_dag.py took 0.115 seconds
[2023-07-14T19:37:07.561+0000] {processor.py:157} INFO - Started process (PID=989) to work on /home/airflow/.local/lib/python3.7/site-packages/airflow/example_dags/example_external_task_marker_dag.py
[2023-07-14T19:37:07.563+0000] {processor.py:826} INFO - Processing file /home/airflow/.local/lib/python3.7/site-packages/airflow/example_dags/example_external_task_marker_dag.py for tasks to queue
[2023-07-14T19:37:07.565+0000] {logging_mixin.py:150} INFO - [2023-07-14T19:37:07.565+0000] {dagbag.py:541} INFO - Filling up the DagBag from /home/airflow/.local/lib/python3.7/site-packages/airflow/example_dags/example_external_task_marker_dag.py
[2023-07-14T19:37:07.573+0000] {processor.py:836} INFO - DAG(s) dict_keys(['example_external_task_marker_parent', 'example_external_task_marker_child']) retrieved from /home/airflow/.local/lib/python3.7/site-packages/airflow/example_dags/example_external_task_marker_dag.py
[2023-07-14T19:37:07.613+0000] {logging_mixin.py:150} INFO - [2023-07-14T19:37:07.613+0000] {dag.py:2742} INFO - Sync 2 DAGs
[2023-07-14T19:37:07.644+0000] {logging_mixin.py:150} INFO - [2023-07-14T19:37:07.644+0000] {dag.py:3508} INFO - Setting next_dagrun for example_external_task_marker_child to None, run_after=None
[2023-07-14T19:37:07.650+0000] {logging_mixin.py:150} INFO - [2023-07-14T19:37:07.649+0000] {dag.py:3508} INFO - Setting next_dagrun for example_external_task_marker_parent to None, run_after=None
[2023-07-14T19:37:07.677+0000] {processor.py:179} INFO - Processing /home/airflow/.local/lib/python3.7/site-packages/airflow/example_dags/example_external_task_marker_dag.py took 0.121 seconds
[2023-07-14T19:37:38.297+0000] {processor.py:157} INFO - Started process (PID=1059) to work on /home/airflow/.local/lib/python3.7/site-packages/airflow/example_dags/example_external_task_marker_dag.py
[2023-07-14T19:37:38.299+0000] {processor.py:826} INFO - Processing file /home/airflow/.local/lib/python3.7/site-packages/airflow/example_dags/example_external_task_marker_dag.py for tasks to queue
[2023-07-14T19:37:38.300+0000] {logging_mixin.py:150} INFO - [2023-07-14T19:37:38.300+0000] {dagbag.py:541} INFO - Filling up the DagBag from /home/airflow/.local/lib/python3.7/site-packages/airflow/example_dags/example_external_task_marker_dag.py
[2023-07-14T19:37:38.307+0000] {processor.py:836} INFO - DAG(s) dict_keys(['example_external_task_marker_parent', 'example_external_task_marker_child']) retrieved from /home/airflow/.local/lib/python3.7/site-packages/airflow/example_dags/example_external_task_marker_dag.py
[2023-07-14T19:37:38.345+0000] {logging_mixin.py:150} INFO - [2023-07-14T19:37:38.345+0000] {dag.py:2742} INFO - Sync 2 DAGs
[2023-07-14T19:37:38.382+0000] {logging_mixin.py:150} INFO - [2023-07-14T19:37:38.382+0000] {dag.py:3508} INFO - Setting next_dagrun for example_external_task_marker_child to None, run_after=None
[2023-07-14T19:37:38.389+0000] {logging_mixin.py:150} INFO - [2023-07-14T19:37:38.389+0000] {dag.py:3508} INFO - Setting next_dagrun for example_external_task_marker_parent to None, run_after=None
[2023-07-14T19:37:38.421+0000] {processor.py:179} INFO - Processing /home/airflow/.local/lib/python3.7/site-packages/airflow/example_dags/example_external_task_marker_dag.py took 0.126 seconds
[2023-07-14T19:38:09.243+0000] {processor.py:157} INFO - Started process (PID=1129) to work on /home/airflow/.local/lib/python3.7/site-packages/airflow/example_dags/example_external_task_marker_dag.py
[2023-07-14T19:38:09.245+0000] {processor.py:826} INFO - Processing file /home/airflow/.local/lib/python3.7/site-packages/airflow/example_dags/example_external_task_marker_dag.py for tasks to queue
[2023-07-14T19:38:09.247+0000] {logging_mixin.py:150} INFO - [2023-07-14T19:38:09.247+0000] {dagbag.py:541} INFO - Filling up the DagBag from /home/airflow/.local/lib/python3.7/site-packages/airflow/example_dags/example_external_task_marker_dag.py
[2023-07-14T19:38:09.257+0000] {processor.py:836} INFO - DAG(s) dict_keys(['example_external_task_marker_parent', 'example_external_task_marker_child']) retrieved from /home/airflow/.local/lib/python3.7/site-packages/airflow/example_dags/example_external_task_marker_dag.py
[2023-07-14T19:38:09.304+0000] {logging_mixin.py:150} INFO - [2023-07-14T19:38:09.303+0000] {dag.py:2742} INFO - Sync 2 DAGs
[2023-07-14T19:38:09.338+0000] {logging_mixin.py:150} INFO - [2023-07-14T19:38:09.338+0000] {dag.py:3508} INFO - Setting next_dagrun for example_external_task_marker_child to None, run_after=None
[2023-07-14T19:38:09.344+0000] {logging_mixin.py:150} INFO - [2023-07-14T19:38:09.344+0000] {dag.py:3508} INFO - Setting next_dagrun for example_external_task_marker_parent to None, run_after=None
[2023-07-14T19:38:09.372+0000] {processor.py:179} INFO - Processing /home/airflow/.local/lib/python3.7/site-packages/airflow/example_dags/example_external_task_marker_dag.py took 0.134 seconds
[2023-07-14T19:38:40.089+0000] {processor.py:157} INFO - Started process (PID=1200) to work on /home/airflow/.local/lib/python3.7/site-packages/airflow/example_dags/example_external_task_marker_dag.py
[2023-07-14T19:38:40.090+0000] {processor.py:826} INFO - Processing file /home/airflow/.local/lib/python3.7/site-packages/airflow/example_dags/example_external_task_marker_dag.py for tasks to queue
[2023-07-14T19:38:40.092+0000] {logging_mixin.py:150} INFO - [2023-07-14T19:38:40.091+0000] {dagbag.py:541} INFO - Filling up the DagBag from /home/airflow/.local/lib/python3.7/site-packages/airflow/example_dags/example_external_task_marker_dag.py
[2023-07-14T19:38:40.098+0000] {processor.py:836} INFO - DAG(s) dict_keys(['example_external_task_marker_child', 'example_external_task_marker_parent']) retrieved from /home/airflow/.local/lib/python3.7/site-packages/airflow/example_dags/example_external_task_marker_dag.py
[2023-07-14T19:38:40.136+0000] {logging_mixin.py:150} INFO - [2023-07-14T19:38:40.136+0000] {dag.py:2742} INFO - Sync 2 DAGs
[2023-07-14T19:38:40.166+0000] {logging_mixin.py:150} INFO - [2023-07-14T19:38:40.165+0000] {dag.py:3508} INFO - Setting next_dagrun for example_external_task_marker_child to None, run_after=None
[2023-07-14T19:38:40.170+0000] {logging_mixin.py:150} INFO - [2023-07-14T19:38:40.170+0000] {dag.py:3508} INFO - Setting next_dagrun for example_external_task_marker_parent to None, run_after=None
[2023-07-14T19:38:40.194+0000] {processor.py:179} INFO - Processing /home/airflow/.local/lib/python3.7/site-packages/airflow/example_dags/example_external_task_marker_dag.py took 0.109 seconds
[2023-07-14T19:39:10.276+0000] {processor.py:157} INFO - Started process (PID=1270) to work on /home/airflow/.local/lib/python3.7/site-packages/airflow/example_dags/example_external_task_marker_dag.py
[2023-07-14T19:39:10.278+0000] {processor.py:826} INFO - Processing file /home/airflow/.local/lib/python3.7/site-packages/airflow/example_dags/example_external_task_marker_dag.py for tasks to queue
[2023-07-14T19:39:10.280+0000] {logging_mixin.py:150} INFO - [2023-07-14T19:39:10.279+0000] {dagbag.py:541} INFO - Filling up the DagBag from /home/airflow/.local/lib/python3.7/site-packages/airflow/example_dags/example_external_task_marker_dag.py
[2023-07-14T19:39:10.288+0000] {processor.py:836} INFO - DAG(s) dict_keys(['example_external_task_marker_child', 'example_external_task_marker_parent']) retrieved from /home/airflow/.local/lib/python3.7/site-packages/airflow/example_dags/example_external_task_marker_dag.py
[2023-07-14T19:39:10.330+0000] {logging_mixin.py:150} INFO - [2023-07-14T19:39:10.329+0000] {dag.py:2742} INFO - Sync 2 DAGs
[2023-07-14T19:39:10.365+0000] {logging_mixin.py:150} INFO - [2023-07-14T19:39:10.364+0000] {dag.py:3508} INFO - Setting next_dagrun for example_external_task_marker_child to None, run_after=None
[2023-07-14T19:39:10.370+0000] {logging_mixin.py:150} INFO - [2023-07-14T19:39:10.370+0000] {dag.py:3508} INFO - Setting next_dagrun for example_external_task_marker_parent to None, run_after=None
[2023-07-14T19:39:10.401+0000] {processor.py:179} INFO - Processing /home/airflow/.local/lib/python3.7/site-packages/airflow/example_dags/example_external_task_marker_dag.py took 0.130 seconds
