[2023-07-14T19:30:13.683+0000] {processor.py:157} INFO - Started process (PID=32) to work on /home/airflow/.local/lib/python3.7/site-packages/airflow/example_dags/example_task_group.py
[2023-07-14T19:30:13.688+0000] {processor.py:826} INFO - Processing file /home/airflow/.local/lib/python3.7/site-packages/airflow/example_dags/example_task_group.py for tasks to queue
[2023-07-14T19:30:13.692+0000] {logging_mixin.py:150} INFO - [2023-07-14T19:30:13.691+0000] {dagbag.py:541} INFO - Filling up the DagBag from /home/airflow/.local/lib/python3.7/site-packages/airflow/example_dags/example_task_group.py
[2023-07-14T19:30:13.809+0000] {processor.py:836} INFO - DAG(s) dict_keys(['example_task_group']) retrieved from /home/airflow/.local/lib/python3.7/site-packages/airflow/example_dags/example_task_group.py
[2023-07-14T19:30:14.677+0000] {logging_mixin.py:150} INFO - [2023-07-14T19:30:14.677+0000] {manager.py:504} INFO - Created Permission View: can read on DAG:example_task_group
[2023-07-14T19:30:14.717+0000] {logging_mixin.py:150} INFO - [2023-07-14T19:30:14.717+0000] {manager.py:504} INFO - Created Permission View: can edit on DAG:example_task_group
[2023-07-14T19:30:14.742+0000] {logging_mixin.py:150} INFO - [2023-07-14T19:30:14.742+0000] {manager.py:504} INFO - Created Permission View: can delete on DAG:example_task_group
[2023-07-14T19:30:14.790+0000] {logging_mixin.py:150} INFO - [2023-07-14T19:30:14.790+0000] {dag.py:2742} INFO - Sync 1 DAGs
[2023-07-14T19:30:14.851+0000] {logging_mixin.py:150} INFO - [2023-07-14T19:30:14.851+0000] {dag.py:2763} INFO - Creating ORM DAG for example_task_group
[2023-07-14T19:30:14.893+0000] {logging_mixin.py:150} INFO - [2023-07-14T19:30:14.892+0000] {dag.py:3508} INFO - Setting next_dagrun for example_task_group to 2023-07-13T19:30:14.892331+00:00, run_after=2023-07-14T19:30:14.892331+00:00
[2023-07-14T19:30:14.958+0000] {processor.py:179} INFO - Processing /home/airflow/.local/lib/python3.7/site-packages/airflow/example_dags/example_task_group.py took 1.285 seconds
[2023-07-14T19:30:45.189+0000] {processor.py:157} INFO - Started process (PID=101) to work on /home/airflow/.local/lib/python3.7/site-packages/airflow/example_dags/example_task_group.py
[2023-07-14T19:30:45.192+0000] {processor.py:826} INFO - Processing file /home/airflow/.local/lib/python3.7/site-packages/airflow/example_dags/example_task_group.py for tasks to queue
[2023-07-14T19:30:45.194+0000] {logging_mixin.py:150} INFO - [2023-07-14T19:30:45.193+0000] {dagbag.py:541} INFO - Filling up the DagBag from /home/airflow/.local/lib/python3.7/site-packages/airflow/example_dags/example_task_group.py
[2023-07-14T19:30:45.210+0000] {processor.py:836} INFO - DAG(s) dict_keys(['example_task_group']) retrieved from /home/airflow/.local/lib/python3.7/site-packages/airflow/example_dags/example_task_group.py
[2023-07-14T19:30:45.256+0000] {logging_mixin.py:150} INFO - [2023-07-14T19:30:45.255+0000] {dag.py:2742} INFO - Sync 1 DAGs
[2023-07-14T19:30:45.291+0000] {logging_mixin.py:150} INFO - [2023-07-14T19:30:45.291+0000] {dag.py:3508} INFO - Setting next_dagrun for example_task_group to 2023-07-13T19:30:45.291152+00:00, run_after=2023-07-14T19:30:45.291152+00:00
[2023-07-14T19:30:45.322+0000] {processor.py:179} INFO - Processing /home/airflow/.local/lib/python3.7/site-packages/airflow/example_dags/example_task_group.py took 0.139 seconds
[2023-07-14T19:31:15.688+0000] {processor.py:157} INFO - Started process (PID=171) to work on /home/airflow/.local/lib/python3.7/site-packages/airflow/example_dags/example_task_group.py
[2023-07-14T19:31:15.690+0000] {processor.py:826} INFO - Processing file /home/airflow/.local/lib/python3.7/site-packages/airflow/example_dags/example_task_group.py for tasks to queue
[2023-07-14T19:31:15.692+0000] {logging_mixin.py:150} INFO - [2023-07-14T19:31:15.691+0000] {dagbag.py:541} INFO - Filling up the DagBag from /home/airflow/.local/lib/python3.7/site-packages/airflow/example_dags/example_task_group.py
[2023-07-14T19:31:15.700+0000] {processor.py:836} INFO - DAG(s) dict_keys(['example_task_group']) retrieved from /home/airflow/.local/lib/python3.7/site-packages/airflow/example_dags/example_task_group.py
[2023-07-14T19:31:15.755+0000] {logging_mixin.py:150} INFO - [2023-07-14T19:31:15.755+0000] {dag.py:2742} INFO - Sync 1 DAGs
[2023-07-14T19:31:15.789+0000] {logging_mixin.py:150} INFO - [2023-07-14T19:31:15.789+0000] {dag.py:3508} INFO - Setting next_dagrun for example_task_group to 2023-07-13T19:31:15.789060+00:00, run_after=2023-07-14T19:31:15.789060+00:00
[2023-07-14T19:31:15.817+0000] {processor.py:179} INFO - Processing /home/airflow/.local/lib/python3.7/site-packages/airflow/example_dags/example_task_group.py took 0.132 seconds
[2023-07-14T19:31:46.193+0000] {processor.py:157} INFO - Started process (PID=241) to work on /home/airflow/.local/lib/python3.7/site-packages/airflow/example_dags/example_task_group.py
[2023-07-14T19:31:46.194+0000] {processor.py:826} INFO - Processing file /home/airflow/.local/lib/python3.7/site-packages/airflow/example_dags/example_task_group.py for tasks to queue
[2023-07-14T19:31:46.197+0000] {logging_mixin.py:150} INFO - [2023-07-14T19:31:46.196+0000] {dagbag.py:541} INFO - Filling up the DagBag from /home/airflow/.local/lib/python3.7/site-packages/airflow/example_dags/example_task_group.py
[2023-07-14T19:31:46.213+0000] {processor.py:836} INFO - DAG(s) dict_keys(['example_task_group']) retrieved from /home/airflow/.local/lib/python3.7/site-packages/airflow/example_dags/example_task_group.py
[2023-07-14T19:31:46.242+0000] {logging_mixin.py:150} INFO - [2023-07-14T19:31:46.242+0000] {dag.py:2742} INFO - Sync 1 DAGs
[2023-07-14T19:31:46.270+0000] {logging_mixin.py:150} INFO - [2023-07-14T19:31:46.270+0000] {dag.py:3508} INFO - Setting next_dagrun for example_task_group to 2023-07-13T19:31:46.270241+00:00, run_after=2023-07-14T19:31:46.270241+00:00
[2023-07-14T19:31:46.297+0000] {processor.py:179} INFO - Processing /home/airflow/.local/lib/python3.7/site-packages/airflow/example_dags/example_task_group.py took 0.108 seconds
[2023-07-14T19:32:16.720+0000] {processor.py:157} INFO - Started process (PID=311) to work on /home/airflow/.local/lib/python3.7/site-packages/airflow/example_dags/example_task_group.py
[2023-07-14T19:32:16.721+0000] {processor.py:826} INFO - Processing file /home/airflow/.local/lib/python3.7/site-packages/airflow/example_dags/example_task_group.py for tasks to queue
[2023-07-14T19:32:16.722+0000] {logging_mixin.py:150} INFO - [2023-07-14T19:32:16.722+0000] {dagbag.py:541} INFO - Filling up the DagBag from /home/airflow/.local/lib/python3.7/site-packages/airflow/example_dags/example_task_group.py
[2023-07-14T19:32:16.732+0000] {processor.py:836} INFO - DAG(s) dict_keys(['example_task_group']) retrieved from /home/airflow/.local/lib/python3.7/site-packages/airflow/example_dags/example_task_group.py
[2023-07-14T19:32:16.771+0000] {logging_mixin.py:150} INFO - [2023-07-14T19:32:16.771+0000] {dag.py:2742} INFO - Sync 1 DAGs
[2023-07-14T19:32:16.812+0000] {logging_mixin.py:150} INFO - [2023-07-14T19:32:16.812+0000] {dag.py:3508} INFO - Setting next_dagrun for example_task_group to 2023-07-13T19:32:16.812171+00:00, run_after=2023-07-14T19:32:16.812171+00:00
[2023-07-14T19:32:16.847+0000] {processor.py:179} INFO - Processing /home/airflow/.local/lib/python3.7/site-packages/airflow/example_dags/example_task_group.py took 0.131 seconds
[2023-07-14T19:32:47.154+0000] {processor.py:157} INFO - Started process (PID=381) to work on /home/airflow/.local/lib/python3.7/site-packages/airflow/example_dags/example_task_group.py
[2023-07-14T19:32:47.156+0000] {processor.py:826} INFO - Processing file /home/airflow/.local/lib/python3.7/site-packages/airflow/example_dags/example_task_group.py for tasks to queue
[2023-07-14T19:32:47.159+0000] {logging_mixin.py:150} INFO - [2023-07-14T19:32:47.158+0000] {dagbag.py:541} INFO - Filling up the DagBag from /home/airflow/.local/lib/python3.7/site-packages/airflow/example_dags/example_task_group.py
[2023-07-14T19:32:47.172+0000] {processor.py:836} INFO - DAG(s) dict_keys(['example_task_group']) retrieved from /home/airflow/.local/lib/python3.7/site-packages/airflow/example_dags/example_task_group.py
[2023-07-14T19:32:47.200+0000] {logging_mixin.py:150} INFO - [2023-07-14T19:32:47.199+0000] {dag.py:2742} INFO - Sync 1 DAGs
[2023-07-14T19:32:47.228+0000] {logging_mixin.py:150} INFO - [2023-07-14T19:32:47.228+0000] {dag.py:3508} INFO - Setting next_dagrun for example_task_group to 2023-07-13T19:32:47.227980+00:00, run_after=2023-07-14T19:32:47.227980+00:00
[2023-07-14T19:32:47.257+0000] {processor.py:179} INFO - Processing /home/airflow/.local/lib/python3.7/site-packages/airflow/example_dags/example_task_group.py took 0.109 seconds
[2023-07-14T19:33:17.402+0000] {processor.py:157} INFO - Started process (PID=451) to work on /home/airflow/.local/lib/python3.7/site-packages/airflow/example_dags/example_task_group.py
[2023-07-14T19:33:17.403+0000] {processor.py:826} INFO - Processing file /home/airflow/.local/lib/python3.7/site-packages/airflow/example_dags/example_task_group.py for tasks to queue
[2023-07-14T19:33:17.405+0000] {logging_mixin.py:150} INFO - [2023-07-14T19:33:17.404+0000] {dagbag.py:541} INFO - Filling up the DagBag from /home/airflow/.local/lib/python3.7/site-packages/airflow/example_dags/example_task_group.py
[2023-07-14T19:33:17.413+0000] {processor.py:836} INFO - DAG(s) dict_keys(['example_task_group']) retrieved from /home/airflow/.local/lib/python3.7/site-packages/airflow/example_dags/example_task_group.py
[2023-07-14T19:33:17.440+0000] {logging_mixin.py:150} INFO - [2023-07-14T19:33:17.440+0000] {dag.py:2742} INFO - Sync 1 DAGs
[2023-07-14T19:33:17.465+0000] {logging_mixin.py:150} INFO - [2023-07-14T19:33:17.465+0000] {dag.py:3508} INFO - Setting next_dagrun for example_task_group to 2023-07-13T19:33:17.465432+00:00, run_after=2023-07-14T19:33:17.465432+00:00
[2023-07-14T19:33:17.500+0000] {processor.py:179} INFO - Processing /home/airflow/.local/lib/python3.7/site-packages/airflow/example_dags/example_task_group.py took 0.102 seconds
[2023-07-14T19:33:48.138+0000] {processor.py:157} INFO - Started process (PID=521) to work on /home/airflow/.local/lib/python3.7/site-packages/airflow/example_dags/example_task_group.py
[2023-07-14T19:33:48.140+0000] {processor.py:826} INFO - Processing file /home/airflow/.local/lib/python3.7/site-packages/airflow/example_dags/example_task_group.py for tasks to queue
[2023-07-14T19:33:48.142+0000] {logging_mixin.py:150} INFO - [2023-07-14T19:33:48.141+0000] {dagbag.py:541} INFO - Filling up the DagBag from /home/airflow/.local/lib/python3.7/site-packages/airflow/example_dags/example_task_group.py
[2023-07-14T19:33:48.156+0000] {processor.py:836} INFO - DAG(s) dict_keys(['example_task_group']) retrieved from /home/airflow/.local/lib/python3.7/site-packages/airflow/example_dags/example_task_group.py
[2023-07-14T19:33:48.203+0000] {logging_mixin.py:150} INFO - [2023-07-14T19:33:48.203+0000] {dag.py:2742} INFO - Sync 1 DAGs
[2023-07-14T19:33:48.240+0000] {logging_mixin.py:150} INFO - [2023-07-14T19:33:48.239+0000] {dag.py:3508} INFO - Setting next_dagrun for example_task_group to 2023-07-13T19:33:48.239552+00:00, run_after=2023-07-14T19:33:48.239552+00:00
[2023-07-14T19:33:48.271+0000] {processor.py:179} INFO - Processing /home/airflow/.local/lib/python3.7/site-packages/airflow/example_dags/example_task_group.py took 0.138 seconds
[2023-07-14T19:34:18.887+0000] {processor.py:157} INFO - Started process (PID=591) to work on /home/airflow/.local/lib/python3.7/site-packages/airflow/example_dags/example_task_group.py
[2023-07-14T19:34:18.888+0000] {processor.py:826} INFO - Processing file /home/airflow/.local/lib/python3.7/site-packages/airflow/example_dags/example_task_group.py for tasks to queue
[2023-07-14T19:34:18.890+0000] {logging_mixin.py:150} INFO - [2023-07-14T19:34:18.890+0000] {dagbag.py:541} INFO - Filling up the DagBag from /home/airflow/.local/lib/python3.7/site-packages/airflow/example_dags/example_task_group.py
[2023-07-14T19:34:18.899+0000] {processor.py:836} INFO - DAG(s) dict_keys(['example_task_group']) retrieved from /home/airflow/.local/lib/python3.7/site-packages/airflow/example_dags/example_task_group.py
[2023-07-14T19:34:18.929+0000] {logging_mixin.py:150} INFO - [2023-07-14T19:34:18.929+0000] {dag.py:2742} INFO - Sync 1 DAGs
[2023-07-14T19:34:18.958+0000] {logging_mixin.py:150} INFO - [2023-07-14T19:34:18.957+0000] {dag.py:3508} INFO - Setting next_dagrun for example_task_group to 2023-07-13T19:34:18.957491+00:00, run_after=2023-07-14T19:34:18.957491+00:00
[2023-07-14T19:34:18.985+0000] {processor.py:179} INFO - Processing /home/airflow/.local/lib/python3.7/site-packages/airflow/example_dags/example_task_group.py took 0.102 seconds
[2023-07-14T19:34:49.134+0000] {processor.py:157} INFO - Started process (PID=661) to work on /home/airflow/.local/lib/python3.7/site-packages/airflow/example_dags/example_task_group.py
[2023-07-14T19:34:49.136+0000] {processor.py:826} INFO - Processing file /home/airflow/.local/lib/python3.7/site-packages/airflow/example_dags/example_task_group.py for tasks to queue
[2023-07-14T19:34:49.138+0000] {logging_mixin.py:150} INFO - [2023-07-14T19:34:49.137+0000] {dagbag.py:541} INFO - Filling up the DagBag from /home/airflow/.local/lib/python3.7/site-packages/airflow/example_dags/example_task_group.py
[2023-07-14T19:34:49.151+0000] {processor.py:836} INFO - DAG(s) dict_keys(['example_task_group']) retrieved from /home/airflow/.local/lib/python3.7/site-packages/airflow/example_dags/example_task_group.py
[2023-07-14T19:34:49.185+0000] {logging_mixin.py:150} INFO - [2023-07-14T19:34:49.185+0000] {dag.py:2742} INFO - Sync 1 DAGs
[2023-07-14T19:34:49.213+0000] {logging_mixin.py:150} INFO - [2023-07-14T19:34:49.212+0000] {dag.py:3508} INFO - Setting next_dagrun for example_task_group to 2023-07-13T19:34:49.212594+00:00, run_after=2023-07-14T19:34:49.212594+00:00
[2023-07-14T19:34:49.242+0000] {processor.py:179} INFO - Processing /home/airflow/.local/lib/python3.7/site-packages/airflow/example_dags/example_task_group.py took 0.111 seconds
[2023-07-14T19:35:19.313+0000] {processor.py:157} INFO - Started process (PID=731) to work on /home/airflow/.local/lib/python3.7/site-packages/airflow/example_dags/example_task_group.py
[2023-07-14T19:35:19.315+0000] {processor.py:826} INFO - Processing file /home/airflow/.local/lib/python3.7/site-packages/airflow/example_dags/example_task_group.py for tasks to queue
[2023-07-14T19:35:19.317+0000] {logging_mixin.py:150} INFO - [2023-07-14T19:35:19.316+0000] {dagbag.py:541} INFO - Filling up the DagBag from /home/airflow/.local/lib/python3.7/site-packages/airflow/example_dags/example_task_group.py
[2023-07-14T19:35:19.326+0000] {processor.py:836} INFO - DAG(s) dict_keys(['example_task_group']) retrieved from /home/airflow/.local/lib/python3.7/site-packages/airflow/example_dags/example_task_group.py
[2023-07-14T19:35:19.358+0000] {logging_mixin.py:150} INFO - [2023-07-14T19:35:19.358+0000] {dag.py:2742} INFO - Sync 1 DAGs
[2023-07-14T19:35:19.400+0000] {logging_mixin.py:150} INFO - [2023-07-14T19:35:19.400+0000] {dag.py:3508} INFO - Setting next_dagrun for example_task_group to 2023-07-13T19:35:19.400126+00:00, run_after=2023-07-14T19:35:19.400126+00:00
[2023-07-14T19:35:19.438+0000] {processor.py:179} INFO - Processing /home/airflow/.local/lib/python3.7/site-packages/airflow/example_dags/example_task_group.py took 0.129 seconds
[2023-07-14T19:35:49.748+0000] {processor.py:157} INFO - Started process (PID=801) to work on /home/airflow/.local/lib/python3.7/site-packages/airflow/example_dags/example_task_group.py
[2023-07-14T19:35:49.749+0000] {processor.py:826} INFO - Processing file /home/airflow/.local/lib/python3.7/site-packages/airflow/example_dags/example_task_group.py for tasks to queue
[2023-07-14T19:35:49.751+0000] {logging_mixin.py:150} INFO - [2023-07-14T19:35:49.751+0000] {dagbag.py:541} INFO - Filling up the DagBag from /home/airflow/.local/lib/python3.7/site-packages/airflow/example_dags/example_task_group.py
[2023-07-14T19:35:49.760+0000] {processor.py:836} INFO - DAG(s) dict_keys(['example_task_group']) retrieved from /home/airflow/.local/lib/python3.7/site-packages/airflow/example_dags/example_task_group.py
[2023-07-14T19:35:49.790+0000] {logging_mixin.py:150} INFO - [2023-07-14T19:35:49.790+0000] {dag.py:2742} INFO - Sync 1 DAGs
[2023-07-14T19:35:49.818+0000] {logging_mixin.py:150} INFO - [2023-07-14T19:35:49.817+0000] {dag.py:3508} INFO - Setting next_dagrun for example_task_group to 2023-07-13T19:35:49.817576+00:00, run_after=2023-07-14T19:35:49.817576+00:00
[2023-07-14T19:35:49.840+0000] {processor.py:179} INFO - Processing /home/airflow/.local/lib/python3.7/site-packages/airflow/example_dags/example_task_group.py took 0.095 seconds
[2023-07-14T19:36:19.935+0000] {processor.py:157} INFO - Started process (PID=871) to work on /home/airflow/.local/lib/python3.7/site-packages/airflow/example_dags/example_task_group.py
[2023-07-14T19:36:19.937+0000] {processor.py:826} INFO - Processing file /home/airflow/.local/lib/python3.7/site-packages/airflow/example_dags/example_task_group.py for tasks to queue
[2023-07-14T19:36:19.940+0000] {logging_mixin.py:150} INFO - [2023-07-14T19:36:19.939+0000] {dagbag.py:541} INFO - Filling up the DagBag from /home/airflow/.local/lib/python3.7/site-packages/airflow/example_dags/example_task_group.py
[2023-07-14T19:36:19.955+0000] {processor.py:836} INFO - DAG(s) dict_keys(['example_task_group']) retrieved from /home/airflow/.local/lib/python3.7/site-packages/airflow/example_dags/example_task_group.py
[2023-07-14T19:36:19.995+0000] {logging_mixin.py:150} INFO - [2023-07-14T19:36:19.995+0000] {dag.py:2742} INFO - Sync 1 DAGs
[2023-07-14T19:36:20.035+0000] {logging_mixin.py:150} INFO - [2023-07-14T19:36:20.035+0000] {dag.py:3508} INFO - Setting next_dagrun for example_task_group to 2023-07-13T19:36:20.035130+00:00, run_after=2023-07-14T19:36:20.035130+00:00
[2023-07-14T19:36:20.074+0000] {processor.py:179} INFO - Processing /home/airflow/.local/lib/python3.7/site-packages/airflow/example_dags/example_task_group.py took 0.144 seconds
[2023-07-14T19:36:50.599+0000] {processor.py:157} INFO - Started process (PID=942) to work on /home/airflow/.local/lib/python3.7/site-packages/airflow/example_dags/example_task_group.py
[2023-07-14T19:36:50.601+0000] {processor.py:826} INFO - Processing file /home/airflow/.local/lib/python3.7/site-packages/airflow/example_dags/example_task_group.py for tasks to queue
[2023-07-14T19:36:50.602+0000] {logging_mixin.py:150} INFO - [2023-07-14T19:36:50.602+0000] {dagbag.py:541} INFO - Filling up the DagBag from /home/airflow/.local/lib/python3.7/site-packages/airflow/example_dags/example_task_group.py
[2023-07-14T19:36:50.611+0000] {processor.py:836} INFO - DAG(s) dict_keys(['example_task_group']) retrieved from /home/airflow/.local/lib/python3.7/site-packages/airflow/example_dags/example_task_group.py
[2023-07-14T19:36:50.638+0000] {logging_mixin.py:150} INFO - [2023-07-14T19:36:50.638+0000] {dag.py:2742} INFO - Sync 1 DAGs
[2023-07-14T19:36:50.664+0000] {logging_mixin.py:150} INFO - [2023-07-14T19:36:50.664+0000] {dag.py:3508} INFO - Setting next_dagrun for example_task_group to 2023-07-13T19:36:50.663773+00:00, run_after=2023-07-14T19:36:50.663773+00:00
[2023-07-14T19:36:50.686+0000] {processor.py:179} INFO - Processing /home/airflow/.local/lib/python3.7/site-packages/airflow/example_dags/example_task_group.py took 0.090 seconds
[2023-07-14T19:37:21.418+0000] {processor.py:157} INFO - Started process (PID=1012) to work on /home/airflow/.local/lib/python3.7/site-packages/airflow/example_dags/example_task_group.py
[2023-07-14T19:37:21.420+0000] {processor.py:826} INFO - Processing file /home/airflow/.local/lib/python3.7/site-packages/airflow/example_dags/example_task_group.py for tasks to queue
[2023-07-14T19:37:21.421+0000] {logging_mixin.py:150} INFO - [2023-07-14T19:37:21.421+0000] {dagbag.py:541} INFO - Filling up the DagBag from /home/airflow/.local/lib/python3.7/site-packages/airflow/example_dags/example_task_group.py
[2023-07-14T19:37:21.431+0000] {processor.py:836} INFO - DAG(s) dict_keys(['example_task_group']) retrieved from /home/airflow/.local/lib/python3.7/site-packages/airflow/example_dags/example_task_group.py
[2023-07-14T19:37:21.482+0000] {logging_mixin.py:150} INFO - [2023-07-14T19:37:21.482+0000] {dag.py:2742} INFO - Sync 1 DAGs
[2023-07-14T19:37:21.518+0000] {logging_mixin.py:150} INFO - [2023-07-14T19:37:21.518+0000] {dag.py:3508} INFO - Setting next_dagrun for example_task_group to 2023-07-13T19:37:21.517959+00:00, run_after=2023-07-14T19:37:21.517959+00:00
[2023-07-14T19:37:21.545+0000] {processor.py:179} INFO - Processing /home/airflow/.local/lib/python3.7/site-packages/airflow/example_dags/example_task_group.py took 0.131 seconds
[2023-07-14T19:37:52.310+0000] {processor.py:157} INFO - Started process (PID=1082) to work on /home/airflow/.local/lib/python3.7/site-packages/airflow/example_dags/example_task_group.py
[2023-07-14T19:37:52.312+0000] {processor.py:826} INFO - Processing file /home/airflow/.local/lib/python3.7/site-packages/airflow/example_dags/example_task_group.py for tasks to queue
[2023-07-14T19:37:52.313+0000] {logging_mixin.py:150} INFO - [2023-07-14T19:37:52.313+0000] {dagbag.py:541} INFO - Filling up the DagBag from /home/airflow/.local/lib/python3.7/site-packages/airflow/example_dags/example_task_group.py
[2023-07-14T19:37:52.324+0000] {processor.py:836} INFO - DAG(s) dict_keys(['example_task_group']) retrieved from /home/airflow/.local/lib/python3.7/site-packages/airflow/example_dags/example_task_group.py
[2023-07-14T19:37:52.353+0000] {logging_mixin.py:150} INFO - [2023-07-14T19:37:52.352+0000] {dag.py:2742} INFO - Sync 1 DAGs
[2023-07-14T19:37:52.382+0000] {logging_mixin.py:150} INFO - [2023-07-14T19:37:52.382+0000] {dag.py:3508} INFO - Setting next_dagrun for example_task_group to 2023-07-13T19:37:52.382361+00:00, run_after=2023-07-14T19:37:52.382361+00:00
[2023-07-14T19:37:52.416+0000] {processor.py:179} INFO - Processing /home/airflow/.local/lib/python3.7/site-packages/airflow/example_dags/example_task_group.py took 0.109 seconds
[2023-07-14T19:38:22.538+0000] {processor.py:157} INFO - Started process (PID=1152) to work on /home/airflow/.local/lib/python3.7/site-packages/airflow/example_dags/example_task_group.py
[2023-07-14T19:38:22.540+0000] {processor.py:826} INFO - Processing file /home/airflow/.local/lib/python3.7/site-packages/airflow/example_dags/example_task_group.py for tasks to queue
[2023-07-14T19:38:22.541+0000] {logging_mixin.py:150} INFO - [2023-07-14T19:38:22.541+0000] {dagbag.py:541} INFO - Filling up the DagBag from /home/airflow/.local/lib/python3.7/site-packages/airflow/example_dags/example_task_group.py
[2023-07-14T19:38:22.550+0000] {processor.py:836} INFO - DAG(s) dict_keys(['example_task_group']) retrieved from /home/airflow/.local/lib/python3.7/site-packages/airflow/example_dags/example_task_group.py
[2023-07-14T19:38:22.581+0000] {logging_mixin.py:150} INFO - [2023-07-14T19:38:22.581+0000] {dag.py:2742} INFO - Sync 1 DAGs
[2023-07-14T19:38:22.615+0000] {logging_mixin.py:150} INFO - [2023-07-14T19:38:22.615+0000] {dag.py:3508} INFO - Setting next_dagrun for example_task_group to 2023-07-13T19:38:22.615147+00:00, run_after=2023-07-14T19:38:22.615147+00:00
[2023-07-14T19:38:22.649+0000] {processor.py:179} INFO - Processing /home/airflow/.local/lib/python3.7/site-packages/airflow/example_dags/example_task_group.py took 0.114 seconds
[2023-07-14T19:38:53.031+0000] {processor.py:157} INFO - Started process (PID=1223) to work on /home/airflow/.local/lib/python3.7/site-packages/airflow/example_dags/example_task_group.py
[2023-07-14T19:38:53.032+0000] {processor.py:826} INFO - Processing file /home/airflow/.local/lib/python3.7/site-packages/airflow/example_dags/example_task_group.py for tasks to queue
[2023-07-14T19:38:53.034+0000] {logging_mixin.py:150} INFO - [2023-07-14T19:38:53.034+0000] {dagbag.py:541} INFO - Filling up the DagBag from /home/airflow/.local/lib/python3.7/site-packages/airflow/example_dags/example_task_group.py
[2023-07-14T19:38:53.044+0000] {processor.py:836} INFO - DAG(s) dict_keys(['example_task_group']) retrieved from /home/airflow/.local/lib/python3.7/site-packages/airflow/example_dags/example_task_group.py
[2023-07-14T19:38:53.073+0000] {logging_mixin.py:150} INFO - [2023-07-14T19:38:53.072+0000] {dag.py:2742} INFO - Sync 1 DAGs
[2023-07-14T19:38:53.102+0000] {logging_mixin.py:150} INFO - [2023-07-14T19:38:53.102+0000] {dag.py:3508} INFO - Setting next_dagrun for example_task_group to 2023-07-13T19:38:53.102280+00:00, run_after=2023-07-14T19:38:53.102280+00:00
[2023-07-14T19:38:53.127+0000] {processor.py:179} INFO - Processing /home/airflow/.local/lib/python3.7/site-packages/airflow/example_dags/example_task_group.py took 0.100 seconds
