[2023-07-14T19:30:15.160+0000] {processor.py:157} INFO - Started process (PID=40) to work on /home/airflow/.local/lib/python3.7/site-packages/airflow/example_dags/example_params_trigger_ui.py
[2023-07-14T19:30:15.163+0000] {processor.py:826} INFO - Processing file /home/airflow/.local/lib/python3.7/site-packages/airflow/example_dags/example_params_trigger_ui.py for tasks to queue
[2023-07-14T19:30:15.166+0000] {logging_mixin.py:150} INFO - [2023-07-14T19:30:15.165+0000] {dagbag.py:541} INFO - Filling up the DagBag from /home/airflow/.local/lib/python3.7/site-packages/airflow/example_dags/example_params_trigger_ui.py
[2023-07-14T19:30:15.251+0000] {processor.py:836} INFO - DAG(s) dict_keys(['example_params_trigger_ui']) retrieved from /home/airflow/.local/lib/python3.7/site-packages/airflow/example_dags/example_params_trigger_ui.py
[2023-07-14T19:30:15.808+0000] {logging_mixin.py:150} INFO - [2023-07-14T19:30:15.808+0000] {manager.py:504} INFO - Created Permission View: can read on DAG:example_params_trigger_ui
[2023-07-14T19:30:15.833+0000] {logging_mixin.py:150} INFO - [2023-07-14T19:30:15.833+0000] {manager.py:504} INFO - Created Permission View: can edit on DAG:example_params_trigger_ui
[2023-07-14T19:30:15.851+0000] {logging_mixin.py:150} INFO - [2023-07-14T19:30:15.851+0000] {manager.py:504} INFO - Created Permission View: can delete on DAG:example_params_trigger_ui
[2023-07-14T19:30:15.897+0000] {logging_mixin.py:150} INFO - [2023-07-14T19:30:15.897+0000] {dag.py:2742} INFO - Sync 1 DAGs
[2023-07-14T19:30:15.934+0000] {logging_mixin.py:150} INFO - [2023-07-14T19:30:15.933+0000] {dag.py:2763} INFO - Creating ORM DAG for example_params_trigger_ui
[2023-07-14T19:30:15.959+0000] {logging_mixin.py:150} INFO - [2023-07-14T19:30:15.959+0000] {dag.py:3508} INFO - Setting next_dagrun for example_params_trigger_ui to None, run_after=None
[2023-07-14T19:30:16.007+0000] {processor.py:179} INFO - Processing /home/airflow/.local/lib/python3.7/site-packages/airflow/example_dags/example_params_trigger_ui.py took 0.857 seconds
[2023-07-14T19:30:46.217+0000] {processor.py:157} INFO - Started process (PID=102) to work on /home/airflow/.local/lib/python3.7/site-packages/airflow/example_dags/example_params_trigger_ui.py
[2023-07-14T19:30:46.220+0000] {processor.py:826} INFO - Processing file /home/airflow/.local/lib/python3.7/site-packages/airflow/example_dags/example_params_trigger_ui.py for tasks to queue
[2023-07-14T19:30:46.224+0000] {logging_mixin.py:150} INFO - [2023-07-14T19:30:46.223+0000] {dagbag.py:541} INFO - Filling up the DagBag from /home/airflow/.local/lib/python3.7/site-packages/airflow/example_dags/example_params_trigger_ui.py
[2023-07-14T19:30:46.285+0000] {processor.py:836} INFO - DAG(s) dict_keys(['example_params_trigger_ui']) retrieved from /home/airflow/.local/lib/python3.7/site-packages/airflow/example_dags/example_params_trigger_ui.py
[2023-07-14T19:30:46.422+0000] {logging_mixin.py:150} INFO - [2023-07-14T19:30:46.422+0000] {dag.py:2742} INFO - Sync 1 DAGs
[2023-07-14T19:30:46.452+0000] {logging_mixin.py:150} INFO - [2023-07-14T19:30:46.452+0000] {dag.py:3508} INFO - Setting next_dagrun for example_params_trigger_ui to None, run_after=None
[2023-07-14T19:30:46.501+0000] {processor.py:179} INFO - Processing /home/airflow/.local/lib/python3.7/site-packages/airflow/example_dags/example_params_trigger_ui.py took 0.293 seconds
[2023-07-14T19:31:16.707+0000] {processor.py:157} INFO - Started process (PID=172) to work on /home/airflow/.local/lib/python3.7/site-packages/airflow/example_dags/example_params_trigger_ui.py
[2023-07-14T19:31:16.708+0000] {processor.py:826} INFO - Processing file /home/airflow/.local/lib/python3.7/site-packages/airflow/example_dags/example_params_trigger_ui.py for tasks to queue
[2023-07-14T19:31:16.710+0000] {logging_mixin.py:150} INFO - [2023-07-14T19:31:16.710+0000] {dagbag.py:541} INFO - Filling up the DagBag from /home/airflow/.local/lib/python3.7/site-packages/airflow/example_dags/example_params_trigger_ui.py
[2023-07-14T19:31:16.742+0000] {processor.py:836} INFO - DAG(s) dict_keys(['example_params_trigger_ui']) retrieved from /home/airflow/.local/lib/python3.7/site-packages/airflow/example_dags/example_params_trigger_ui.py
[2023-07-14T19:31:16.849+0000] {logging_mixin.py:150} INFO - [2023-07-14T19:31:16.849+0000] {dag.py:2742} INFO - Sync 1 DAGs
[2023-07-14T19:31:16.875+0000] {logging_mixin.py:150} INFO - [2023-07-14T19:31:16.875+0000] {dag.py:3508} INFO - Setting next_dagrun for example_params_trigger_ui to None, run_after=None
[2023-07-14T19:31:16.902+0000] {processor.py:179} INFO - Processing /home/airflow/.local/lib/python3.7/site-packages/airflow/example_dags/example_params_trigger_ui.py took 0.200 seconds
[2023-07-14T19:31:47.205+0000] {processor.py:157} INFO - Started process (PID=242) to work on /home/airflow/.local/lib/python3.7/site-packages/airflow/example_dags/example_params_trigger_ui.py
[2023-07-14T19:31:47.207+0000] {processor.py:826} INFO - Processing file /home/airflow/.local/lib/python3.7/site-packages/airflow/example_dags/example_params_trigger_ui.py for tasks to queue
[2023-07-14T19:31:47.209+0000] {logging_mixin.py:150} INFO - [2023-07-14T19:31:47.208+0000] {dagbag.py:541} INFO - Filling up the DagBag from /home/airflow/.local/lib/python3.7/site-packages/airflow/example_dags/example_params_trigger_ui.py
[2023-07-14T19:31:47.241+0000] {processor.py:836} INFO - DAG(s) dict_keys(['example_params_trigger_ui']) retrieved from /home/airflow/.local/lib/python3.7/site-packages/airflow/example_dags/example_params_trigger_ui.py
[2023-07-14T19:31:47.333+0000] {logging_mixin.py:150} INFO - [2023-07-14T19:31:47.332+0000] {dag.py:2742} INFO - Sync 1 DAGs
[2023-07-14T19:31:47.359+0000] {logging_mixin.py:150} INFO - [2023-07-14T19:31:47.358+0000] {dag.py:3508} INFO - Setting next_dagrun for example_params_trigger_ui to None, run_after=None
[2023-07-14T19:31:47.386+0000] {processor.py:179} INFO - Processing /home/airflow/.local/lib/python3.7/site-packages/airflow/example_dags/example_params_trigger_ui.py took 0.185 seconds
[2023-07-14T19:32:17.738+0000] {processor.py:157} INFO - Started process (PID=312) to work on /home/airflow/.local/lib/python3.7/site-packages/airflow/example_dags/example_params_trigger_ui.py
[2023-07-14T19:32:17.740+0000] {processor.py:826} INFO - Processing file /home/airflow/.local/lib/python3.7/site-packages/airflow/example_dags/example_params_trigger_ui.py for tasks to queue
[2023-07-14T19:32:17.742+0000] {logging_mixin.py:150} INFO - [2023-07-14T19:32:17.742+0000] {dagbag.py:541} INFO - Filling up the DagBag from /home/airflow/.local/lib/python3.7/site-packages/airflow/example_dags/example_params_trigger_ui.py
[2023-07-14T19:32:17.771+0000] {processor.py:836} INFO - DAG(s) dict_keys(['example_params_trigger_ui']) retrieved from /home/airflow/.local/lib/python3.7/site-packages/airflow/example_dags/example_params_trigger_ui.py
[2023-07-14T19:32:17.871+0000] {logging_mixin.py:150} INFO - [2023-07-14T19:32:17.871+0000] {dag.py:2742} INFO - Sync 1 DAGs
[2023-07-14T19:32:17.899+0000] {logging_mixin.py:150} INFO - [2023-07-14T19:32:17.899+0000] {dag.py:3508} INFO - Setting next_dagrun for example_params_trigger_ui to None, run_after=None
[2023-07-14T19:32:17.933+0000] {processor.py:179} INFO - Processing /home/airflow/.local/lib/python3.7/site-packages/airflow/example_dags/example_params_trigger_ui.py took 0.198 seconds
[2023-07-14T19:32:48.163+0000] {processor.py:157} INFO - Started process (PID=382) to work on /home/airflow/.local/lib/python3.7/site-packages/airflow/example_dags/example_params_trigger_ui.py
[2023-07-14T19:32:48.165+0000] {processor.py:826} INFO - Processing file /home/airflow/.local/lib/python3.7/site-packages/airflow/example_dags/example_params_trigger_ui.py for tasks to queue
[2023-07-14T19:32:48.167+0000] {logging_mixin.py:150} INFO - [2023-07-14T19:32:48.166+0000] {dagbag.py:541} INFO - Filling up the DagBag from /home/airflow/.local/lib/python3.7/site-packages/airflow/example_dags/example_params_trigger_ui.py
[2023-07-14T19:32:48.198+0000] {processor.py:836} INFO - DAG(s) dict_keys(['example_params_trigger_ui']) retrieved from /home/airflow/.local/lib/python3.7/site-packages/airflow/example_dags/example_params_trigger_ui.py
[2023-07-14T19:32:48.299+0000] {logging_mixin.py:150} INFO - [2023-07-14T19:32:48.299+0000] {dag.py:2742} INFO - Sync 1 DAGs
[2023-07-14T19:32:48.325+0000] {logging_mixin.py:150} INFO - [2023-07-14T19:32:48.325+0000] {dag.py:3508} INFO - Setting next_dagrun for example_params_trigger_ui to None, run_after=None
[2023-07-14T19:32:48.356+0000] {processor.py:179} INFO - Processing /home/airflow/.local/lib/python3.7/site-packages/airflow/example_dags/example_params_trigger_ui.py took 0.197 seconds
[2023-07-14T19:33:18.416+0000] {processor.py:157} INFO - Started process (PID=452) to work on /home/airflow/.local/lib/python3.7/site-packages/airflow/example_dags/example_params_trigger_ui.py
[2023-07-14T19:33:18.418+0000] {processor.py:826} INFO - Processing file /home/airflow/.local/lib/python3.7/site-packages/airflow/example_dags/example_params_trigger_ui.py for tasks to queue
[2023-07-14T19:33:18.419+0000] {logging_mixin.py:150} INFO - [2023-07-14T19:33:18.419+0000] {dagbag.py:541} INFO - Filling up the DagBag from /home/airflow/.local/lib/python3.7/site-packages/airflow/example_dags/example_params_trigger_ui.py
[2023-07-14T19:33:18.449+0000] {processor.py:836} INFO - DAG(s) dict_keys(['example_params_trigger_ui']) retrieved from /home/airflow/.local/lib/python3.7/site-packages/airflow/example_dags/example_params_trigger_ui.py
[2023-07-14T19:33:18.543+0000] {logging_mixin.py:150} INFO - [2023-07-14T19:33:18.543+0000] {dag.py:2742} INFO - Sync 1 DAGs
[2023-07-14T19:33:18.571+0000] {logging_mixin.py:150} INFO - [2023-07-14T19:33:18.570+0000] {dag.py:3508} INFO - Setting next_dagrun for example_params_trigger_ui to None, run_after=None
[2023-07-14T19:33:18.597+0000] {processor.py:179} INFO - Processing /home/airflow/.local/lib/python3.7/site-packages/airflow/example_dags/example_params_trigger_ui.py took 0.184 seconds
[2023-07-14T19:33:49.231+0000] {processor.py:157} INFO - Started process (PID=522) to work on /home/airflow/.local/lib/python3.7/site-packages/airflow/example_dags/example_params_trigger_ui.py
[2023-07-14T19:33:49.233+0000] {processor.py:826} INFO - Processing file /home/airflow/.local/lib/python3.7/site-packages/airflow/example_dags/example_params_trigger_ui.py for tasks to queue
[2023-07-14T19:33:49.234+0000] {logging_mixin.py:150} INFO - [2023-07-14T19:33:49.234+0000] {dagbag.py:541} INFO - Filling up the DagBag from /home/airflow/.local/lib/python3.7/site-packages/airflow/example_dags/example_params_trigger_ui.py
[2023-07-14T19:33:49.265+0000] {processor.py:836} INFO - DAG(s) dict_keys(['example_params_trigger_ui']) retrieved from /home/airflow/.local/lib/python3.7/site-packages/airflow/example_dags/example_params_trigger_ui.py
[2023-07-14T19:33:49.390+0000] {logging_mixin.py:150} INFO - [2023-07-14T19:33:49.390+0000] {dag.py:2742} INFO - Sync 1 DAGs
[2023-07-14T19:33:49.437+0000] {logging_mixin.py:150} INFO - [2023-07-14T19:33:49.436+0000] {dag.py:3508} INFO - Setting next_dagrun for example_params_trigger_ui to None, run_after=None
[2023-07-14T19:33:49.466+0000] {processor.py:179} INFO - Processing /home/airflow/.local/lib/python3.7/site-packages/airflow/example_dags/example_params_trigger_ui.py took 0.238 seconds
[2023-07-14T19:34:19.881+0000] {processor.py:157} INFO - Started process (PID=592) to work on /home/airflow/.local/lib/python3.7/site-packages/airflow/example_dags/example_params_trigger_ui.py
[2023-07-14T19:34:19.883+0000] {processor.py:826} INFO - Processing file /home/airflow/.local/lib/python3.7/site-packages/airflow/example_dags/example_params_trigger_ui.py for tasks to queue
[2023-07-14T19:34:19.885+0000] {logging_mixin.py:150} INFO - [2023-07-14T19:34:19.884+0000] {dagbag.py:541} INFO - Filling up the DagBag from /home/airflow/.local/lib/python3.7/site-packages/airflow/example_dags/example_params_trigger_ui.py
[2023-07-14T19:34:19.913+0000] {processor.py:836} INFO - DAG(s) dict_keys(['example_params_trigger_ui']) retrieved from /home/airflow/.local/lib/python3.7/site-packages/airflow/example_dags/example_params_trigger_ui.py
[2023-07-14T19:34:20.017+0000] {logging_mixin.py:150} INFO - [2023-07-14T19:34:20.017+0000] {dag.py:2742} INFO - Sync 1 DAGs
[2023-07-14T19:34:20.045+0000] {logging_mixin.py:150} INFO - [2023-07-14T19:34:20.045+0000] {dag.py:3508} INFO - Setting next_dagrun for example_params_trigger_ui to None, run_after=None
[2023-07-14T19:34:20.075+0000] {processor.py:179} INFO - Processing /home/airflow/.local/lib/python3.7/site-packages/airflow/example_dags/example_params_trigger_ui.py took 0.197 seconds
[2023-07-14T19:34:50.131+0000] {processor.py:157} INFO - Started process (PID=662) to work on /home/airflow/.local/lib/python3.7/site-packages/airflow/example_dags/example_params_trigger_ui.py
[2023-07-14T19:34:50.133+0000] {processor.py:826} INFO - Processing file /home/airflow/.local/lib/python3.7/site-packages/airflow/example_dags/example_params_trigger_ui.py for tasks to queue
[2023-07-14T19:34:50.135+0000] {logging_mixin.py:150} INFO - [2023-07-14T19:34:50.134+0000] {dagbag.py:541} INFO - Filling up the DagBag from /home/airflow/.local/lib/python3.7/site-packages/airflow/example_dags/example_params_trigger_ui.py
[2023-07-14T19:34:50.160+0000] {processor.py:836} INFO - DAG(s) dict_keys(['example_params_trigger_ui']) retrieved from /home/airflow/.local/lib/python3.7/site-packages/airflow/example_dags/example_params_trigger_ui.py
[2023-07-14T19:34:50.253+0000] {logging_mixin.py:150} INFO - [2023-07-14T19:34:50.253+0000] {dag.py:2742} INFO - Sync 1 DAGs
[2023-07-14T19:34:50.280+0000] {logging_mixin.py:150} INFO - [2023-07-14T19:34:50.280+0000] {dag.py:3508} INFO - Setting next_dagrun for example_params_trigger_ui to None, run_after=None
[2023-07-14T19:34:50.303+0000] {processor.py:179} INFO - Processing /home/airflow/.local/lib/python3.7/site-packages/airflow/example_dags/example_params_trigger_ui.py took 0.178 seconds
[2023-07-14T19:35:20.388+0000] {processor.py:157} INFO - Started process (PID=733) to work on /home/airflow/.local/lib/python3.7/site-packages/airflow/example_dags/example_params_trigger_ui.py
[2023-07-14T19:35:20.390+0000] {processor.py:826} INFO - Processing file /home/airflow/.local/lib/python3.7/site-packages/airflow/example_dags/example_params_trigger_ui.py for tasks to queue
[2023-07-14T19:35:20.391+0000] {logging_mixin.py:150} INFO - [2023-07-14T19:35:20.391+0000] {dagbag.py:541} INFO - Filling up the DagBag from /home/airflow/.local/lib/python3.7/site-packages/airflow/example_dags/example_params_trigger_ui.py
[2023-07-14T19:35:20.414+0000] {processor.py:836} INFO - DAG(s) dict_keys(['example_params_trigger_ui']) retrieved from /home/airflow/.local/lib/python3.7/site-packages/airflow/example_dags/example_params_trigger_ui.py
[2023-07-14T19:35:20.505+0000] {logging_mixin.py:150} INFO - [2023-07-14T19:35:20.505+0000] {dag.py:2742} INFO - Sync 1 DAGs
[2023-07-14T19:35:20.531+0000] {logging_mixin.py:150} INFO - [2023-07-14T19:35:20.531+0000] {dag.py:3508} INFO - Setting next_dagrun for example_params_trigger_ui to None, run_after=None
[2023-07-14T19:35:20.555+0000] {processor.py:179} INFO - Processing /home/airflow/.local/lib/python3.7/site-packages/airflow/example_dags/example_params_trigger_ui.py took 0.170 seconds
[2023-07-14T19:35:50.737+0000] {processor.py:157} INFO - Started process (PID=802) to work on /home/airflow/.local/lib/python3.7/site-packages/airflow/example_dags/example_params_trigger_ui.py
[2023-07-14T19:35:50.738+0000] {processor.py:826} INFO - Processing file /home/airflow/.local/lib/python3.7/site-packages/airflow/example_dags/example_params_trigger_ui.py for tasks to queue
[2023-07-14T19:35:50.740+0000] {logging_mixin.py:150} INFO - [2023-07-14T19:35:50.739+0000] {dagbag.py:541} INFO - Filling up the DagBag from /home/airflow/.local/lib/python3.7/site-packages/airflow/example_dags/example_params_trigger_ui.py
[2023-07-14T19:35:50.769+0000] {processor.py:836} INFO - DAG(s) dict_keys(['example_params_trigger_ui']) retrieved from /home/airflow/.local/lib/python3.7/site-packages/airflow/example_dags/example_params_trigger_ui.py
[2023-07-14T19:35:50.864+0000] {logging_mixin.py:150} INFO - [2023-07-14T19:35:50.864+0000] {dag.py:2742} INFO - Sync 1 DAGs
[2023-07-14T19:35:50.889+0000] {logging_mixin.py:150} INFO - [2023-07-14T19:35:50.889+0000] {dag.py:3508} INFO - Setting next_dagrun for example_params_trigger_ui to None, run_after=None
[2023-07-14T19:35:50.913+0000] {processor.py:179} INFO - Processing /home/airflow/.local/lib/python3.7/site-packages/airflow/example_dags/example_params_trigger_ui.py took 0.181 seconds
[2023-07-14T19:36:21.029+0000] {processor.py:157} INFO - Started process (PID=873) to work on /home/airflow/.local/lib/python3.7/site-packages/airflow/example_dags/example_params_trigger_ui.py
[2023-07-14T19:36:21.031+0000] {processor.py:826} INFO - Processing file /home/airflow/.local/lib/python3.7/site-packages/airflow/example_dags/example_params_trigger_ui.py for tasks to queue
[2023-07-14T19:36:21.033+0000] {logging_mixin.py:150} INFO - [2023-07-14T19:36:21.033+0000] {dagbag.py:541} INFO - Filling up the DagBag from /home/airflow/.local/lib/python3.7/site-packages/airflow/example_dags/example_params_trigger_ui.py
[2023-07-14T19:36:21.065+0000] {processor.py:836} INFO - DAG(s) dict_keys(['example_params_trigger_ui']) retrieved from /home/airflow/.local/lib/python3.7/site-packages/airflow/example_dags/example_params_trigger_ui.py
[2023-07-14T19:36:21.187+0000] {logging_mixin.py:150} INFO - [2023-07-14T19:36:21.186+0000] {dag.py:2742} INFO - Sync 1 DAGs
[2023-07-14T19:36:21.223+0000] {logging_mixin.py:150} INFO - [2023-07-14T19:36:21.223+0000] {dag.py:3508} INFO - Setting next_dagrun for example_params_trigger_ui to None, run_after=None
[2023-07-14T19:36:21.255+0000] {processor.py:179} INFO - Processing /home/airflow/.local/lib/python3.7/site-packages/airflow/example_dags/example_params_trigger_ui.py took 0.229 seconds
[2023-07-14T19:36:51.608+0000] {processor.py:157} INFO - Started process (PID=943) to work on /home/airflow/.local/lib/python3.7/site-packages/airflow/example_dags/example_params_trigger_ui.py
[2023-07-14T19:36:51.610+0000] {processor.py:826} INFO - Processing file /home/airflow/.local/lib/python3.7/site-packages/airflow/example_dags/example_params_trigger_ui.py for tasks to queue
[2023-07-14T19:36:51.612+0000] {logging_mixin.py:150} INFO - [2023-07-14T19:36:51.611+0000] {dagbag.py:541} INFO - Filling up the DagBag from /home/airflow/.local/lib/python3.7/site-packages/airflow/example_dags/example_params_trigger_ui.py
[2023-07-14T19:36:51.640+0000] {processor.py:836} INFO - DAG(s) dict_keys(['example_params_trigger_ui']) retrieved from /home/airflow/.local/lib/python3.7/site-packages/airflow/example_dags/example_params_trigger_ui.py
[2023-07-14T19:36:51.735+0000] {logging_mixin.py:150} INFO - [2023-07-14T19:36:51.735+0000] {dag.py:2742} INFO - Sync 1 DAGs
[2023-07-14T19:36:51.760+0000] {logging_mixin.py:150} INFO - [2023-07-14T19:36:51.760+0000] {dag.py:3508} INFO - Setting next_dagrun for example_params_trigger_ui to None, run_after=None
[2023-07-14T19:36:51.783+0000] {processor.py:179} INFO - Processing /home/airflow/.local/lib/python3.7/site-packages/airflow/example_dags/example_params_trigger_ui.py took 0.180 seconds
[2023-07-14T19:37:22.421+0000] {processor.py:157} INFO - Started process (PID=1013) to work on /home/airflow/.local/lib/python3.7/site-packages/airflow/example_dags/example_params_trigger_ui.py
[2023-07-14T19:37:22.423+0000] {processor.py:826} INFO - Processing file /home/airflow/.local/lib/python3.7/site-packages/airflow/example_dags/example_params_trigger_ui.py for tasks to queue
[2023-07-14T19:37:22.425+0000] {logging_mixin.py:150} INFO - [2023-07-14T19:37:22.424+0000] {dagbag.py:541} INFO - Filling up the DagBag from /home/airflow/.local/lib/python3.7/site-packages/airflow/example_dags/example_params_trigger_ui.py
[2023-07-14T19:37:22.454+0000] {processor.py:836} INFO - DAG(s) dict_keys(['example_params_trigger_ui']) retrieved from /home/airflow/.local/lib/python3.7/site-packages/airflow/example_dags/example_params_trigger_ui.py
[2023-07-14T19:37:22.552+0000] {logging_mixin.py:150} INFO - [2023-07-14T19:37:22.552+0000] {dag.py:2742} INFO - Sync 1 DAGs
[2023-07-14T19:37:22.593+0000] {logging_mixin.py:150} INFO - [2023-07-14T19:37:22.592+0000] {dag.py:3508} INFO - Setting next_dagrun for example_params_trigger_ui to None, run_after=None
[2023-07-14T19:37:22.631+0000] {processor.py:179} INFO - Processing /home/airflow/.local/lib/python3.7/site-packages/airflow/example_dags/example_params_trigger_ui.py took 0.212 seconds
[2023-07-14T19:37:53.299+0000] {processor.py:157} INFO - Started process (PID=1083) to work on /home/airflow/.local/lib/python3.7/site-packages/airflow/example_dags/example_params_trigger_ui.py
[2023-07-14T19:37:53.301+0000] {processor.py:826} INFO - Processing file /home/airflow/.local/lib/python3.7/site-packages/airflow/example_dags/example_params_trigger_ui.py for tasks to queue
[2023-07-14T19:37:53.302+0000] {logging_mixin.py:150} INFO - [2023-07-14T19:37:53.302+0000] {dagbag.py:541} INFO - Filling up the DagBag from /home/airflow/.local/lib/python3.7/site-packages/airflow/example_dags/example_params_trigger_ui.py
[2023-07-14T19:37:53.331+0000] {processor.py:836} INFO - DAG(s) dict_keys(['example_params_trigger_ui']) retrieved from /home/airflow/.local/lib/python3.7/site-packages/airflow/example_dags/example_params_trigger_ui.py
[2023-07-14T19:37:53.431+0000] {logging_mixin.py:150} INFO - [2023-07-14T19:37:53.431+0000] {dag.py:2742} INFO - Sync 1 DAGs
[2023-07-14T19:37:53.467+0000] {logging_mixin.py:150} INFO - [2023-07-14T19:37:53.466+0000] {dag.py:3508} INFO - Setting next_dagrun for example_params_trigger_ui to None, run_after=None
[2023-07-14T19:37:53.497+0000] {processor.py:179} INFO - Processing /home/airflow/.local/lib/python3.7/site-packages/airflow/example_dags/example_params_trigger_ui.py took 0.201 seconds
[2023-07-14T19:38:23.554+0000] {processor.py:157} INFO - Started process (PID=1153) to work on /home/airflow/.local/lib/python3.7/site-packages/airflow/example_dags/example_params_trigger_ui.py
[2023-07-14T19:38:23.556+0000] {processor.py:826} INFO - Processing file /home/airflow/.local/lib/python3.7/site-packages/airflow/example_dags/example_params_trigger_ui.py for tasks to queue
[2023-07-14T19:38:23.557+0000] {logging_mixin.py:150} INFO - [2023-07-14T19:38:23.557+0000] {dagbag.py:541} INFO - Filling up the DagBag from /home/airflow/.local/lib/python3.7/site-packages/airflow/example_dags/example_params_trigger_ui.py
[2023-07-14T19:38:23.586+0000] {processor.py:836} INFO - DAG(s) dict_keys(['example_params_trigger_ui']) retrieved from /home/airflow/.local/lib/python3.7/site-packages/airflow/example_dags/example_params_trigger_ui.py
[2023-07-14T19:38:23.676+0000] {logging_mixin.py:150} INFO - [2023-07-14T19:38:23.676+0000] {dag.py:2742} INFO - Sync 1 DAGs
[2023-07-14T19:38:23.703+0000] {logging_mixin.py:150} INFO - [2023-07-14T19:38:23.702+0000] {dag.py:3508} INFO - Setting next_dagrun for example_params_trigger_ui to None, run_after=None
[2023-07-14T19:38:23.726+0000] {processor.py:179} INFO - Processing /home/airflow/.local/lib/python3.7/site-packages/airflow/example_dags/example_params_trigger_ui.py took 0.174 seconds
[2023-07-14T19:38:54.019+0000] {processor.py:157} INFO - Started process (PID=1224) to work on /home/airflow/.local/lib/python3.7/site-packages/airflow/example_dags/example_params_trigger_ui.py
[2023-07-14T19:38:54.020+0000] {processor.py:826} INFO - Processing file /home/airflow/.local/lib/python3.7/site-packages/airflow/example_dags/example_params_trigger_ui.py for tasks to queue
[2023-07-14T19:38:54.022+0000] {logging_mixin.py:150} INFO - [2023-07-14T19:38:54.022+0000] {dagbag.py:541} INFO - Filling up the DagBag from /home/airflow/.local/lib/python3.7/site-packages/airflow/example_dags/example_params_trigger_ui.py
[2023-07-14T19:38:54.054+0000] {processor.py:836} INFO - DAG(s) dict_keys(['example_params_trigger_ui']) retrieved from /home/airflow/.local/lib/python3.7/site-packages/airflow/example_dags/example_params_trigger_ui.py
[2023-07-14T19:38:54.166+0000] {logging_mixin.py:150} INFO - [2023-07-14T19:38:54.166+0000] {dag.py:2742} INFO - Sync 1 DAGs
[2023-07-14T19:38:54.196+0000] {logging_mixin.py:150} INFO - [2023-07-14T19:38:54.196+0000] {dag.py:3508} INFO - Setting next_dagrun for example_params_trigger_ui to None, run_after=None
[2023-07-14T19:38:54.231+0000] {processor.py:179} INFO - Processing /home/airflow/.local/lib/python3.7/site-packages/airflow/example_dags/example_params_trigger_ui.py took 0.216 seconds
