[2023-07-14T19:30:20.184+0000] {processor.py:157} INFO - Started process (PID=50) to work on /home/airflow/.local/lib/python3.7/site-packages/airflow/example_dags/example_short_circuit_operator.py
[2023-07-14T19:30:20.187+0000] {processor.py:826} INFO - Processing file /home/airflow/.local/lib/python3.7/site-packages/airflow/example_dags/example_short_circuit_operator.py for tasks to queue
[2023-07-14T19:30:20.190+0000] {logging_mixin.py:150} INFO - [2023-07-14T19:30:20.189+0000] {dagbag.py:541} INFO - Filling up the DagBag from /home/airflow/.local/lib/python3.7/site-packages/airflow/example_dags/example_short_circuit_operator.py
[2023-07-14T19:30:20.227+0000] {processor.py:836} INFO - DAG(s) dict_keys(['example_short_circuit_operator']) retrieved from /home/airflow/.local/lib/python3.7/site-packages/airflow/example_dags/example_short_circuit_operator.py
[2023-07-14T19:30:20.540+0000] {logging_mixin.py:150} INFO - [2023-07-14T19:30:20.540+0000] {manager.py:504} INFO - Created Permission View: can read on DAG:example_short_circuit_operator
[2023-07-14T19:30:20.575+0000] {logging_mixin.py:150} INFO - [2023-07-14T19:30:20.575+0000] {manager.py:504} INFO - Created Permission View: can edit on DAG:example_short_circuit_operator
[2023-07-14T19:30:20.597+0000] {logging_mixin.py:150} INFO - [2023-07-14T19:30:20.597+0000] {manager.py:504} INFO - Created Permission View: can delete on DAG:example_short_circuit_operator
[2023-07-14T19:30:20.636+0000] {logging_mixin.py:150} INFO - [2023-07-14T19:30:20.636+0000] {dag.py:2742} INFO - Sync 1 DAGs
[2023-07-14T19:30:20.672+0000] {logging_mixin.py:150} INFO - [2023-07-14T19:30:20.672+0000] {dag.py:2763} INFO - Creating ORM DAG for example_short_circuit_operator
[2023-07-14T19:30:20.702+0000] {logging_mixin.py:150} INFO - [2023-07-14T19:30:20.702+0000] {dag.py:3508} INFO - Setting next_dagrun for example_short_circuit_operator to 2023-07-13T19:30:20.701593+00:00, run_after=2023-07-14T19:30:20.701593+00:00
[2023-07-14T19:30:20.753+0000] {processor.py:179} INFO - Processing /home/airflow/.local/lib/python3.7/site-packages/airflow/example_dags/example_short_circuit_operator.py took 0.577 seconds
[2023-07-14T19:30:51.042+0000] {processor.py:157} INFO - Started process (PID=120) to work on /home/airflow/.local/lib/python3.7/site-packages/airflow/example_dags/example_short_circuit_operator.py
[2023-07-14T19:30:51.044+0000] {processor.py:826} INFO - Processing file /home/airflow/.local/lib/python3.7/site-packages/airflow/example_dags/example_short_circuit_operator.py for tasks to queue
[2023-07-14T19:30:51.046+0000] {logging_mixin.py:150} INFO - [2023-07-14T19:30:51.046+0000] {dagbag.py:541} INFO - Filling up the DagBag from /home/airflow/.local/lib/python3.7/site-packages/airflow/example_dags/example_short_circuit_operator.py
[2023-07-14T19:30:51.062+0000] {processor.py:836} INFO - DAG(s) dict_keys(['example_short_circuit_operator']) retrieved from /home/airflow/.local/lib/python3.7/site-packages/airflow/example_dags/example_short_circuit_operator.py
[2023-07-14T19:30:51.111+0000] {logging_mixin.py:150} INFO - [2023-07-14T19:30:51.110+0000] {dag.py:2742} INFO - Sync 1 DAGs
[2023-07-14T19:30:51.158+0000] {logging_mixin.py:150} INFO - [2023-07-14T19:30:51.158+0000] {dag.py:3508} INFO - Setting next_dagrun for example_short_circuit_operator to 2023-07-13T19:30:51.157839+00:00, run_after=2023-07-14T19:30:51.157839+00:00
[2023-07-14T19:30:51.199+0000] {processor.py:179} INFO - Processing /home/airflow/.local/lib/python3.7/site-packages/airflow/example_dags/example_short_circuit_operator.py took 0.163 seconds
[2023-07-14T19:31:22.081+0000] {processor.py:157} INFO - Started process (PID=190) to work on /home/airflow/.local/lib/python3.7/site-packages/airflow/example_dags/example_short_circuit_operator.py
[2023-07-14T19:31:22.083+0000] {processor.py:826} INFO - Processing file /home/airflow/.local/lib/python3.7/site-packages/airflow/example_dags/example_short_circuit_operator.py for tasks to queue
[2023-07-14T19:31:22.085+0000] {logging_mixin.py:150} INFO - [2023-07-14T19:31:22.084+0000] {dagbag.py:541} INFO - Filling up the DagBag from /home/airflow/.local/lib/python3.7/site-packages/airflow/example_dags/example_short_circuit_operator.py
[2023-07-14T19:31:22.097+0000] {processor.py:836} INFO - DAG(s) dict_keys(['example_short_circuit_operator']) retrieved from /home/airflow/.local/lib/python3.7/site-packages/airflow/example_dags/example_short_circuit_operator.py
[2023-07-14T19:31:22.151+0000] {logging_mixin.py:150} INFO - [2023-07-14T19:31:22.151+0000] {dag.py:2742} INFO - Sync 1 DAGs
[2023-07-14T19:31:22.215+0000] {logging_mixin.py:150} INFO - [2023-07-14T19:31:22.215+0000] {dag.py:3508} INFO - Setting next_dagrun for example_short_circuit_operator to 2023-07-13T19:31:22.214872+00:00, run_after=2023-07-14T19:31:22.214872+00:00
[2023-07-14T19:31:22.287+0000] {processor.py:179} INFO - Processing /home/airflow/.local/lib/python3.7/site-packages/airflow/example_dags/example_short_circuit_operator.py took 0.210 seconds
[2023-07-14T19:31:52.464+0000] {processor.py:157} INFO - Started process (PID=259) to work on /home/airflow/.local/lib/python3.7/site-packages/airflow/example_dags/example_short_circuit_operator.py
[2023-07-14T19:31:52.466+0000] {processor.py:826} INFO - Processing file /home/airflow/.local/lib/python3.7/site-packages/airflow/example_dags/example_short_circuit_operator.py for tasks to queue
[2023-07-14T19:31:52.467+0000] {logging_mixin.py:150} INFO - [2023-07-14T19:31:52.467+0000] {dagbag.py:541} INFO - Filling up the DagBag from /home/airflow/.local/lib/python3.7/site-packages/airflow/example_dags/example_short_circuit_operator.py
[2023-07-14T19:31:52.477+0000] {processor.py:836} INFO - DAG(s) dict_keys(['example_short_circuit_operator']) retrieved from /home/airflow/.local/lib/python3.7/site-packages/airflow/example_dags/example_short_circuit_operator.py
[2023-07-14T19:31:52.532+0000] {logging_mixin.py:150} INFO - [2023-07-14T19:31:52.532+0000] {dag.py:2742} INFO - Sync 1 DAGs
[2023-07-14T19:31:52.567+0000] {logging_mixin.py:150} INFO - [2023-07-14T19:31:52.567+0000] {dag.py:3508} INFO - Setting next_dagrun for example_short_circuit_operator to 2023-07-13T19:31:52.567169+00:00, run_after=2023-07-14T19:31:52.567169+00:00
[2023-07-14T19:31:52.604+0000] {processor.py:179} INFO - Processing /home/airflow/.local/lib/python3.7/site-packages/airflow/example_dags/example_short_circuit_operator.py took 0.143 seconds
[2023-07-14T19:32:23.293+0000] {processor.py:157} INFO - Started process (PID=327) to work on /home/airflow/.local/lib/python3.7/site-packages/airflow/example_dags/example_short_circuit_operator.py
[2023-07-14T19:32:23.295+0000] {processor.py:826} INFO - Processing file /home/airflow/.local/lib/python3.7/site-packages/airflow/example_dags/example_short_circuit_operator.py for tasks to queue
[2023-07-14T19:32:23.298+0000] {logging_mixin.py:150} INFO - [2023-07-14T19:32:23.297+0000] {dagbag.py:541} INFO - Filling up the DagBag from /home/airflow/.local/lib/python3.7/site-packages/airflow/example_dags/example_short_circuit_operator.py
[2023-07-14T19:32:23.315+0000] {processor.py:836} INFO - DAG(s) dict_keys(['example_short_circuit_operator']) retrieved from /home/airflow/.local/lib/python3.7/site-packages/airflow/example_dags/example_short_circuit_operator.py
[2023-07-14T19:32:23.354+0000] {logging_mixin.py:150} INFO - [2023-07-14T19:32:23.354+0000] {dag.py:2742} INFO - Sync 1 DAGs
[2023-07-14T19:32:23.400+0000] {logging_mixin.py:150} INFO - [2023-07-14T19:32:23.400+0000] {dag.py:3508} INFO - Setting next_dagrun for example_short_circuit_operator to 2023-07-13T19:32:23.399707+00:00, run_after=2023-07-14T19:32:23.399707+00:00
[2023-07-14T19:32:23.494+0000] {processor.py:179} INFO - Processing /home/airflow/.local/lib/python3.7/site-packages/airflow/example_dags/example_short_circuit_operator.py took 0.211 seconds
[2023-07-14T19:32:53.662+0000] {processor.py:157} INFO - Started process (PID=397) to work on /home/airflow/.local/lib/python3.7/site-packages/airflow/example_dags/example_short_circuit_operator.py
[2023-07-14T19:32:53.663+0000] {processor.py:826} INFO - Processing file /home/airflow/.local/lib/python3.7/site-packages/airflow/example_dags/example_short_circuit_operator.py for tasks to queue
[2023-07-14T19:32:53.665+0000] {logging_mixin.py:150} INFO - [2023-07-14T19:32:53.665+0000] {dagbag.py:541} INFO - Filling up the DagBag from /home/airflow/.local/lib/python3.7/site-packages/airflow/example_dags/example_short_circuit_operator.py
[2023-07-14T19:32:53.674+0000] {processor.py:836} INFO - DAG(s) dict_keys(['example_short_circuit_operator']) retrieved from /home/airflow/.local/lib/python3.7/site-packages/airflow/example_dags/example_short_circuit_operator.py
[2023-07-14T19:32:53.707+0000] {logging_mixin.py:150} INFO - [2023-07-14T19:32:53.707+0000] {dag.py:2742} INFO - Sync 1 DAGs
[2023-07-14T19:32:53.733+0000] {logging_mixin.py:150} INFO - [2023-07-14T19:32:53.733+0000] {dag.py:3508} INFO - Setting next_dagrun for example_short_circuit_operator to 2023-07-13T19:32:53.733512+00:00, run_after=2023-07-14T19:32:53.733512+00:00
[2023-07-14T19:32:53.759+0000] {processor.py:179} INFO - Processing /home/airflow/.local/lib/python3.7/site-packages/airflow/example_dags/example_short_circuit_operator.py took 0.100 seconds
[2023-07-14T19:33:23.901+0000] {processor.py:157} INFO - Started process (PID=467) to work on /home/airflow/.local/lib/python3.7/site-packages/airflow/example_dags/example_short_circuit_operator.py
[2023-07-14T19:33:23.902+0000] {processor.py:826} INFO - Processing file /home/airflow/.local/lib/python3.7/site-packages/airflow/example_dags/example_short_circuit_operator.py for tasks to queue
[2023-07-14T19:33:23.904+0000] {logging_mixin.py:150} INFO - [2023-07-14T19:33:23.903+0000] {dagbag.py:541} INFO - Filling up the DagBag from /home/airflow/.local/lib/python3.7/site-packages/airflow/example_dags/example_short_circuit_operator.py
[2023-07-14T19:33:23.914+0000] {processor.py:836} INFO - DAG(s) dict_keys(['example_short_circuit_operator']) retrieved from /home/airflow/.local/lib/python3.7/site-packages/airflow/example_dags/example_short_circuit_operator.py
[2023-07-14T19:33:23.947+0000] {logging_mixin.py:150} INFO - [2023-07-14T19:33:23.947+0000] {dag.py:2742} INFO - Sync 1 DAGs
[2023-07-14T19:33:23.975+0000] {logging_mixin.py:150} INFO - [2023-07-14T19:33:23.975+0000] {dag.py:3508} INFO - Setting next_dagrun for example_short_circuit_operator to 2023-07-13T19:33:23.975412+00:00, run_after=2023-07-14T19:33:23.975412+00:00
[2023-07-14T19:33:24.003+0000] {processor.py:179} INFO - Processing /home/airflow/.local/lib/python3.7/site-packages/airflow/example_dags/example_short_circuit_operator.py took 0.106 seconds
[2023-07-14T19:33:54.878+0000] {processor.py:157} INFO - Started process (PID=537) to work on /home/airflow/.local/lib/python3.7/site-packages/airflow/example_dags/example_short_circuit_operator.py
[2023-07-14T19:33:54.881+0000] {processor.py:826} INFO - Processing file /home/airflow/.local/lib/python3.7/site-packages/airflow/example_dags/example_short_circuit_operator.py for tasks to queue
[2023-07-14T19:33:54.884+0000] {logging_mixin.py:150} INFO - [2023-07-14T19:33:54.884+0000] {dagbag.py:541} INFO - Filling up the DagBag from /home/airflow/.local/lib/python3.7/site-packages/airflow/example_dags/example_short_circuit_operator.py
[2023-07-14T19:33:54.906+0000] {processor.py:836} INFO - DAG(s) dict_keys(['example_short_circuit_operator']) retrieved from /home/airflow/.local/lib/python3.7/site-packages/airflow/example_dags/example_short_circuit_operator.py
[2023-07-14T19:33:54.982+0000] {logging_mixin.py:150} INFO - [2023-07-14T19:33:54.981+0000] {dag.py:2742} INFO - Sync 1 DAGs
[2023-07-14T19:33:55.101+0000] {logging_mixin.py:150} INFO - [2023-07-14T19:33:55.099+0000] {dag.py:3508} INFO - Setting next_dagrun for example_short_circuit_operator to 2023-07-13T19:33:55.098510+00:00, run_after=2023-07-14T19:33:55.098510+00:00
[2023-07-14T19:33:55.171+0000] {processor.py:179} INFO - Processing /home/airflow/.local/lib/python3.7/site-packages/airflow/example_dags/example_short_circuit_operator.py took 0.299 seconds
[2023-07-14T19:34:25.363+0000] {processor.py:157} INFO - Started process (PID=607) to work on /home/airflow/.local/lib/python3.7/site-packages/airflow/example_dags/example_short_circuit_operator.py
[2023-07-14T19:34:25.364+0000] {processor.py:826} INFO - Processing file /home/airflow/.local/lib/python3.7/site-packages/airflow/example_dags/example_short_circuit_operator.py for tasks to queue
[2023-07-14T19:34:25.366+0000] {logging_mixin.py:150} INFO - [2023-07-14T19:34:25.366+0000] {dagbag.py:541} INFO - Filling up the DagBag from /home/airflow/.local/lib/python3.7/site-packages/airflow/example_dags/example_short_circuit_operator.py
[2023-07-14T19:34:25.378+0000] {processor.py:836} INFO - DAG(s) dict_keys(['example_short_circuit_operator']) retrieved from /home/airflow/.local/lib/python3.7/site-packages/airflow/example_dags/example_short_circuit_operator.py
[2023-07-14T19:34:25.412+0000] {logging_mixin.py:150} INFO - [2023-07-14T19:34:25.411+0000] {dag.py:2742} INFO - Sync 1 DAGs
[2023-07-14T19:34:25.437+0000] {logging_mixin.py:150} INFO - [2023-07-14T19:34:25.437+0000] {dag.py:3508} INFO - Setting next_dagrun for example_short_circuit_operator to 2023-07-13T19:34:25.437534+00:00, run_after=2023-07-14T19:34:25.437534+00:00
[2023-07-14T19:34:25.463+0000] {processor.py:179} INFO - Processing /home/airflow/.local/lib/python3.7/site-packages/airflow/example_dags/example_short_circuit_operator.py took 0.106 seconds
[2023-07-14T19:34:55.650+0000] {processor.py:157} INFO - Started process (PID=677) to work on /home/airflow/.local/lib/python3.7/site-packages/airflow/example_dags/example_short_circuit_operator.py
[2023-07-14T19:34:55.652+0000] {processor.py:826} INFO - Processing file /home/airflow/.local/lib/python3.7/site-packages/airflow/example_dags/example_short_circuit_operator.py for tasks to queue
[2023-07-14T19:34:55.654+0000] {logging_mixin.py:150} INFO - [2023-07-14T19:34:55.654+0000] {dagbag.py:541} INFO - Filling up the DagBag from /home/airflow/.local/lib/python3.7/site-packages/airflow/example_dags/example_short_circuit_operator.py
[2023-07-14T19:34:55.665+0000] {processor.py:836} INFO - DAG(s) dict_keys(['example_short_circuit_operator']) retrieved from /home/airflow/.local/lib/python3.7/site-packages/airflow/example_dags/example_short_circuit_operator.py
[2023-07-14T19:34:55.698+0000] {logging_mixin.py:150} INFO - [2023-07-14T19:34:55.697+0000] {dag.py:2742} INFO - Sync 1 DAGs
[2023-07-14T19:34:55.726+0000] {logging_mixin.py:150} INFO - [2023-07-14T19:34:55.726+0000] {dag.py:3508} INFO - Setting next_dagrun for example_short_circuit_operator to 2023-07-13T19:34:55.726305+00:00, run_after=2023-07-14T19:34:55.726305+00:00
[2023-07-14T19:34:55.756+0000] {processor.py:179} INFO - Processing /home/airflow/.local/lib/python3.7/site-packages/airflow/example_dags/example_short_circuit_operator.py took 0.110 seconds
[2023-07-14T19:35:25.971+0000] {processor.py:157} INFO - Started process (PID=747) to work on /home/airflow/.local/lib/python3.7/site-packages/airflow/example_dags/example_short_circuit_operator.py
[2023-07-14T19:35:25.972+0000] {processor.py:826} INFO - Processing file /home/airflow/.local/lib/python3.7/site-packages/airflow/example_dags/example_short_circuit_operator.py for tasks to queue
[2023-07-14T19:35:25.974+0000] {logging_mixin.py:150} INFO - [2023-07-14T19:35:25.973+0000] {dagbag.py:541} INFO - Filling up the DagBag from /home/airflow/.local/lib/python3.7/site-packages/airflow/example_dags/example_short_circuit_operator.py
[2023-07-14T19:35:25.984+0000] {processor.py:836} INFO - DAG(s) dict_keys(['example_short_circuit_operator']) retrieved from /home/airflow/.local/lib/python3.7/site-packages/airflow/example_dags/example_short_circuit_operator.py
[2023-07-14T19:35:26.017+0000] {logging_mixin.py:150} INFO - [2023-07-14T19:35:26.016+0000] {dag.py:2742} INFO - Sync 1 DAGs
[2023-07-14T19:35:26.050+0000] {logging_mixin.py:150} INFO - [2023-07-14T19:35:26.050+0000] {dag.py:3508} INFO - Setting next_dagrun for example_short_circuit_operator to 2023-07-13T19:35:26.050395+00:00, run_after=2023-07-14T19:35:26.050395+00:00
[2023-07-14T19:35:26.080+0000] {processor.py:179} INFO - Processing /home/airflow/.local/lib/python3.7/site-packages/airflow/example_dags/example_short_circuit_operator.py took 0.113 seconds
[2023-07-14T19:35:56.206+0000] {processor.py:157} INFO - Started process (PID=817) to work on /home/airflow/.local/lib/python3.7/site-packages/airflow/example_dags/example_short_circuit_operator.py
[2023-07-14T19:35:56.208+0000] {processor.py:826} INFO - Processing file /home/airflow/.local/lib/python3.7/site-packages/airflow/example_dags/example_short_circuit_operator.py for tasks to queue
[2023-07-14T19:35:56.210+0000] {logging_mixin.py:150} INFO - [2023-07-14T19:35:56.209+0000] {dagbag.py:541} INFO - Filling up the DagBag from /home/airflow/.local/lib/python3.7/site-packages/airflow/example_dags/example_short_circuit_operator.py
[2023-07-14T19:35:56.220+0000] {processor.py:836} INFO - DAG(s) dict_keys(['example_short_circuit_operator']) retrieved from /home/airflow/.local/lib/python3.7/site-packages/airflow/example_dags/example_short_circuit_operator.py
[2023-07-14T19:35:56.249+0000] {logging_mixin.py:150} INFO - [2023-07-14T19:35:56.249+0000] {dag.py:2742} INFO - Sync 1 DAGs
[2023-07-14T19:35:56.278+0000] {logging_mixin.py:150} INFO - [2023-07-14T19:35:56.278+0000] {dag.py:3508} INFO - Setting next_dagrun for example_short_circuit_operator to 2023-07-13T19:35:56.278132+00:00, run_after=2023-07-14T19:35:56.278132+00:00
[2023-07-14T19:35:56.303+0000] {processor.py:179} INFO - Processing /home/airflow/.local/lib/python3.7/site-packages/airflow/example_dags/example_short_circuit_operator.py took 0.101 seconds
[2023-07-14T19:36:26.497+0000] {processor.py:157} INFO - Started process (PID=888) to work on /home/airflow/.local/lib/python3.7/site-packages/airflow/example_dags/example_short_circuit_operator.py
[2023-07-14T19:36:26.499+0000] {processor.py:826} INFO - Processing file /home/airflow/.local/lib/python3.7/site-packages/airflow/example_dags/example_short_circuit_operator.py for tasks to queue
[2023-07-14T19:36:26.501+0000] {logging_mixin.py:150} INFO - [2023-07-14T19:36:26.500+0000] {dagbag.py:541} INFO - Filling up the DagBag from /home/airflow/.local/lib/python3.7/site-packages/airflow/example_dags/example_short_circuit_operator.py
[2023-07-14T19:36:26.513+0000] {processor.py:836} INFO - DAG(s) dict_keys(['example_short_circuit_operator']) retrieved from /home/airflow/.local/lib/python3.7/site-packages/airflow/example_dags/example_short_circuit_operator.py
[2023-07-14T19:36:26.559+0000] {logging_mixin.py:150} INFO - [2023-07-14T19:36:26.559+0000] {dag.py:2742} INFO - Sync 1 DAGs
[2023-07-14T19:36:26.594+0000] {logging_mixin.py:150} INFO - [2023-07-14T19:36:26.593+0000] {dag.py:3508} INFO - Setting next_dagrun for example_short_circuit_operator to 2023-07-13T19:36:26.593218+00:00, run_after=2023-07-14T19:36:26.593218+00:00
[2023-07-14T19:36:26.620+0000] {processor.py:179} INFO - Processing /home/airflow/.local/lib/python3.7/site-packages/airflow/example_dags/example_short_circuit_operator.py took 0.128 seconds
[2023-07-14T19:36:57.084+0000] {processor.py:157} INFO - Started process (PID=958) to work on /home/airflow/.local/lib/python3.7/site-packages/airflow/example_dags/example_short_circuit_operator.py
[2023-07-14T19:36:57.085+0000] {processor.py:826} INFO - Processing file /home/airflow/.local/lib/python3.7/site-packages/airflow/example_dags/example_short_circuit_operator.py for tasks to queue
[2023-07-14T19:36:57.087+0000] {logging_mixin.py:150} INFO - [2023-07-14T19:36:57.086+0000] {dagbag.py:541} INFO - Filling up the DagBag from /home/airflow/.local/lib/python3.7/site-packages/airflow/example_dags/example_short_circuit_operator.py
[2023-07-14T19:36:57.096+0000] {processor.py:836} INFO - DAG(s) dict_keys(['example_short_circuit_operator']) retrieved from /home/airflow/.local/lib/python3.7/site-packages/airflow/example_dags/example_short_circuit_operator.py
[2023-07-14T19:36:57.126+0000] {logging_mixin.py:150} INFO - [2023-07-14T19:36:57.125+0000] {dag.py:2742} INFO - Sync 1 DAGs
[2023-07-14T19:36:57.153+0000] {logging_mixin.py:150} INFO - [2023-07-14T19:36:57.152+0000] {dag.py:3508} INFO - Setting next_dagrun for example_short_circuit_operator to 2023-07-13T19:36:57.152441+00:00, run_after=2023-07-14T19:36:57.152441+00:00
[2023-07-14T19:36:57.177+0000] {processor.py:179} INFO - Processing /home/airflow/.local/lib/python3.7/site-packages/airflow/example_dags/example_short_circuit_operator.py took 0.096 seconds
[2023-07-14T19:37:27.887+0000] {processor.py:157} INFO - Started process (PID=1028) to work on /home/airflow/.local/lib/python3.7/site-packages/airflow/example_dags/example_short_circuit_operator.py
[2023-07-14T19:37:27.889+0000] {processor.py:826} INFO - Processing file /home/airflow/.local/lib/python3.7/site-packages/airflow/example_dags/example_short_circuit_operator.py for tasks to queue
[2023-07-14T19:37:27.890+0000] {logging_mixin.py:150} INFO - [2023-07-14T19:37:27.890+0000] {dagbag.py:541} INFO - Filling up the DagBag from /home/airflow/.local/lib/python3.7/site-packages/airflow/example_dags/example_short_circuit_operator.py
[2023-07-14T19:37:27.900+0000] {processor.py:836} INFO - DAG(s) dict_keys(['example_short_circuit_operator']) retrieved from /home/airflow/.local/lib/python3.7/site-packages/airflow/example_dags/example_short_circuit_operator.py
[2023-07-14T19:37:27.932+0000] {logging_mixin.py:150} INFO - [2023-07-14T19:37:27.931+0000] {dag.py:2742} INFO - Sync 1 DAGs
[2023-07-14T19:37:27.961+0000] {logging_mixin.py:150} INFO - [2023-07-14T19:37:27.960+0000] {dag.py:3508} INFO - Setting next_dagrun for example_short_circuit_operator to 2023-07-13T19:37:27.960514+00:00, run_after=2023-07-14T19:37:27.960514+00:00
[2023-07-14T19:37:27.988+0000] {processor.py:179} INFO - Processing /home/airflow/.local/lib/python3.7/site-packages/airflow/example_dags/example_short_circuit_operator.py took 0.104 seconds
[2023-07-14T19:37:58.829+0000] {processor.py:157} INFO - Started process (PID=1098) to work on /home/airflow/.local/lib/python3.7/site-packages/airflow/example_dags/example_short_circuit_operator.py
[2023-07-14T19:37:58.830+0000] {processor.py:826} INFO - Processing file /home/airflow/.local/lib/python3.7/site-packages/airflow/example_dags/example_short_circuit_operator.py for tasks to queue
[2023-07-14T19:37:58.832+0000] {logging_mixin.py:150} INFO - [2023-07-14T19:37:58.831+0000] {dagbag.py:541} INFO - Filling up the DagBag from /home/airflow/.local/lib/python3.7/site-packages/airflow/example_dags/example_short_circuit_operator.py
[2023-07-14T19:37:58.845+0000] {processor.py:836} INFO - DAG(s) dict_keys(['example_short_circuit_operator']) retrieved from /home/airflow/.local/lib/python3.7/site-packages/airflow/example_dags/example_short_circuit_operator.py
[2023-07-14T19:37:58.886+0000] {logging_mixin.py:150} INFO - [2023-07-14T19:37:58.886+0000] {dag.py:2742} INFO - Sync 1 DAGs
[2023-07-14T19:37:58.925+0000] {logging_mixin.py:150} INFO - [2023-07-14T19:37:58.925+0000] {dag.py:3508} INFO - Setting next_dagrun for example_short_circuit_operator to 2023-07-13T19:37:58.925452+00:00, run_after=2023-07-14T19:37:58.925452+00:00
[2023-07-14T19:37:58.961+0000] {processor.py:179} INFO - Processing /home/airflow/.local/lib/python3.7/site-packages/airflow/example_dags/example_short_circuit_operator.py took 0.136 seconds
[2023-07-14T19:38:29.074+0000] {processor.py:157} INFO - Started process (PID=1169) to work on /home/airflow/.local/lib/python3.7/site-packages/airflow/example_dags/example_short_circuit_operator.py
[2023-07-14T19:38:29.075+0000] {processor.py:826} INFO - Processing file /home/airflow/.local/lib/python3.7/site-packages/airflow/example_dags/example_short_circuit_operator.py for tasks to queue
[2023-07-14T19:38:29.076+0000] {logging_mixin.py:150} INFO - [2023-07-14T19:38:29.076+0000] {dagbag.py:541} INFO - Filling up the DagBag from /home/airflow/.local/lib/python3.7/site-packages/airflow/example_dags/example_short_circuit_operator.py
[2023-07-14T19:38:29.086+0000] {processor.py:836} INFO - DAG(s) dict_keys(['example_short_circuit_operator']) retrieved from /home/airflow/.local/lib/python3.7/site-packages/airflow/example_dags/example_short_circuit_operator.py
[2023-07-14T19:38:29.114+0000] {logging_mixin.py:150} INFO - [2023-07-14T19:38:29.114+0000] {dag.py:2742} INFO - Sync 1 DAGs
[2023-07-14T19:38:29.140+0000] {logging_mixin.py:150} INFO - [2023-07-14T19:38:29.140+0000] {dag.py:3508} INFO - Setting next_dagrun for example_short_circuit_operator to 2023-07-13T19:38:29.140025+00:00, run_after=2023-07-14T19:38:29.140025+00:00
[2023-07-14T19:38:29.165+0000] {processor.py:179} INFO - Processing /home/airflow/.local/lib/python3.7/site-packages/airflow/example_dags/example_short_circuit_operator.py took 0.094 seconds
[2023-07-14T19:38:59.620+0000] {processor.py:157} INFO - Started process (PID=1239) to work on /home/airflow/.local/lib/python3.7/site-packages/airflow/example_dags/example_short_circuit_operator.py
[2023-07-14T19:38:59.622+0000] {processor.py:826} INFO - Processing file /home/airflow/.local/lib/python3.7/site-packages/airflow/example_dags/example_short_circuit_operator.py for tasks to queue
[2023-07-14T19:38:59.624+0000] {logging_mixin.py:150} INFO - [2023-07-14T19:38:59.623+0000] {dagbag.py:541} INFO - Filling up the DagBag from /home/airflow/.local/lib/python3.7/site-packages/airflow/example_dags/example_short_circuit_operator.py
[2023-07-14T19:38:59.635+0000] {processor.py:836} INFO - DAG(s) dict_keys(['example_short_circuit_operator']) retrieved from /home/airflow/.local/lib/python3.7/site-packages/airflow/example_dags/example_short_circuit_operator.py
[2023-07-14T19:38:59.665+0000] {logging_mixin.py:150} INFO - [2023-07-14T19:38:59.665+0000] {dag.py:2742} INFO - Sync 1 DAGs
[2023-07-14T19:38:59.696+0000] {logging_mixin.py:150} INFO - [2023-07-14T19:38:59.696+0000] {dag.py:3508} INFO - Setting next_dagrun for example_short_circuit_operator to 2023-07-13T19:38:59.696482+00:00, run_after=2023-07-14T19:38:59.696482+00:00
[2023-07-14T19:38:59.724+0000] {processor.py:179} INFO - Processing /home/airflow/.local/lib/python3.7/site-packages/airflow/example_dags/example_short_circuit_operator.py took 0.107 seconds
